Oct 04, 2022 11:01:33 AM edu.yu.cs.com3800.LoggingServer fileHandler
INFO: Logging to file begins:
Oct 04, 2022 11:01:33 AM edu.yu.cs.com3800.stage5.LeaderClusterCommunication run
INFO: sending requestID 12 to localhost/127.0.0.130002
Oct 04, 2022 11:01:33 AM edu.yu.cs.com3800.stage5.LeaderClusterCommunication run
FINEST: Attempting to open socket
Oct 04, 2022 11:01:33 AM edu.yu.cs.com3800.stage5.LeaderClusterCommunication run
FINEST: Opened Socket successfully, getting output stream
Oct 04, 2022 11:01:33 AM edu.yu.cs.com3800.stage5.LeaderClusterCommunication run
FINEST: Got output stream successfully, writing
Oct 04, 2022 11:01:33 AM edu.yu.cs.com3800.stage5.LeaderClusterCommunication run
FINEST: Sent work successfully, awaiting response from follower
Oct 04, 2022 11:02:27 AM edu.yu.cs.com3800.stage5.LeaderClusterCommunication run
INFO: sending requestID 22 to localhost/127.0.0.130052
Oct 04, 2022 11:02:27 AM edu.yu.cs.com3800.stage5.LeaderClusterCommunication run
FINEST: Attempting to open socket
Oct 04, 2022 11:02:27 AM edu.yu.cs.com3800.stage5.LeaderClusterCommunication run
FINEST: Opened Socket successfully, getting output stream
Oct 04, 2022 11:02:27 AM edu.yu.cs.com3800.stage5.LeaderClusterCommunication run
FINEST: Got output stream successfully, writing
Oct 04, 2022 11:02:27 AM edu.yu.cs.com3800.stage5.LeaderClusterCommunication run
FINEST: Sent work successfully, awaiting response from follower
Oct 04, 2022 11:02:28 AM edu.yu.cs.com3800.stage5.LeaderClusterCommunication run
FINEST: received response for 22, sending to gateway
Oct 04, 2022 11:02:28 AM edu.yu.cs.com3800.stage5.LeaderClusterCommunication run
FINEST: Got output stream successfully, writing
Oct 04, 2022 11:02:28 AM edu.yu.cs.com3800.stage5.LeaderClusterCommunication run
INFO: Sent response for requestID 22
Oct 04, 2022 11:02:28 AM edu.yu.cs.com3800.stage5.LeaderClusterCommunication run
INFO: sending requestID 30 to localhost/127.0.0.130022
Oct 04, 2022 11:02:28 AM edu.yu.cs.com3800.stage5.LeaderClusterCommunication run
FINEST: Attempting to open socket
Oct 04, 2022 11:02:28 AM edu.yu.cs.com3800.stage5.LeaderClusterCommunication run
FINEST: Opened Socket successfully, getting output stream
Oct 04, 2022 11:02:28 AM edu.yu.cs.com3800.stage5.LeaderClusterCommunication run
FINEST: Got output stream successfully, writing
Oct 04, 2022 11:02:28 AM edu.yu.cs.com3800.stage5.LeaderClusterCommunication run
FINEST: Sent work successfully, awaiting response from follower
Oct 04, 2022 11:02:28 AM edu.yu.cs.com3800.stage5.LeaderClusterCommunication run
FINEST: received response for 30, sending to gateway
Oct 04, 2022 11:02:28 AM edu.yu.cs.com3800.stage5.LeaderClusterCommunication run
FINEST: Got output stream successfully, writing
Oct 04, 2022 11:02:28 AM edu.yu.cs.com3800.stage5.LeaderClusterCommunication run
INFO: Sent response for requestID 30
Oct 04, 2022 11:02:31 AM edu.yu.cs.com3800.stage5.LeaderClusterCommunication run
INFO: sending requestID 37 to localhost/127.0.0.130022
Oct 04, 2022 11:02:31 AM edu.yu.cs.com3800.stage5.LeaderClusterCommunication run
FINEST: Attempting to open socket
Oct 04, 2022 11:02:31 AM edu.yu.cs.com3800.stage5.LeaderClusterCommunication run
FINEST: Opened Socket successfully, getting output stream
Oct 04, 2022 11:02:31 AM edu.yu.cs.com3800.stage5.LeaderClusterCommunication run
FINEST: Got output stream successfully, writing
Oct 04, 2022 11:02:31 AM edu.yu.cs.com3800.stage5.LeaderClusterCommunication run
FINEST: Sent work successfully, awaiting response from follower
Oct 04, 2022 11:02:32 AM edu.yu.cs.com3800.stage5.LeaderClusterCommunication run
FINEST: received response for 37, sending to gateway
Oct 04, 2022 11:02:32 AM edu.yu.cs.com3800.stage5.LeaderClusterCommunication run
FINEST: Got output stream successfully, writing
Oct 04, 2022 11:02:32 AM edu.yu.cs.com3800.stage5.LeaderClusterCommunication run
INFO: Sent response for requestID 37
Oct 04, 2022 11:02:32 AM edu.yu.cs.com3800.stage5.LeaderClusterCommunication run
INFO: sending requestID 44 to localhost/127.0.0.130022
Oct 04, 2022 11:02:32 AM edu.yu.cs.com3800.stage5.LeaderClusterCommunication run
FINEST: Attempting to open socket
Oct 04, 2022 11:02:32 AM edu.yu.cs.com3800.stage5.LeaderClusterCommunication run
FINEST: Opened Socket successfully, getting output stream
Oct 04, 2022 11:02:32 AM edu.yu.cs.com3800.stage5.LeaderClusterCommunication run
FINEST: Got output stream successfully, writing
Oct 04, 2022 11:02:32 AM edu.yu.cs.com3800.stage5.LeaderClusterCommunication run
FINEST: Sent work successfully, awaiting response from follower
Oct 04, 2022 11:02:33 AM edu.yu.cs.com3800.stage5.LeaderClusterCommunication run
FINEST: received response for 44, sending to gateway
Oct 04, 2022 11:02:33 AM edu.yu.cs.com3800.stage5.LeaderClusterCommunication run
FINEST: Got output stream successfully, writing
Oct 04, 2022 11:02:33 AM edu.yu.cs.com3800.stage5.LeaderClusterCommunication run
INFO: Sent response for requestID 44
Oct 04, 2022 11:02:40 AM edu.yu.cs.com3800.stage5.LeaderClusterCommunication run
INFO: sending requestID 54 to localhost/127.0.0.130012
Oct 04, 2022 11:02:40 AM edu.yu.cs.com3800.stage5.LeaderClusterCommunication run
FINEST: Attempting to open socket
Oct 04, 2022 11:02:40 AM edu.yu.cs.com3800.stage5.LeaderClusterCommunication run
FINEST: Opened Socket successfully, getting output stream
Oct 04, 2022 11:02:40 AM edu.yu.cs.com3800.stage5.LeaderClusterCommunication run
FINEST: Got output stream successfully, writing
Oct 04, 2022 11:02:40 AM edu.yu.cs.com3800.stage5.LeaderClusterCommunication run
FINEST: Sent work successfully, awaiting response from follower
Oct 04, 2022 11:02:41 AM edu.yu.cs.com3800.stage5.LeaderClusterCommunication run
FINEST: received response for 54, sending to gateway
Oct 04, 2022 11:02:41 AM edu.yu.cs.com3800.stage5.LeaderClusterCommunication run
FINEST: Got output stream successfully, writing
Oct 04, 2022 11:02:41 AM edu.yu.cs.com3800.stage5.LeaderClusterCommunication run
INFO: Sent response for requestID 54
