Oct 04, 2022 11:05:48 AM edu.yu.cs.com3800.LoggingServer fileHandler
INFO: Logging to file begins:
Oct 04, 2022 11:05:48 AM edu.yu.cs.com3800.stage5.LeaderClusterCommunication run
INFO: sending requestID 3 to localhost/127.0.0.130052
Oct 04, 2022 11:05:48 AM edu.yu.cs.com3800.stage5.LeaderClusterCommunication run
FINEST: Attempting to open socket
Oct 04, 2022 11:05:48 AM edu.yu.cs.com3800.stage5.LeaderClusterCommunication run
FINEST: Opened Socket successfully, getting output stream
Oct 04, 2022 11:05:48 AM edu.yu.cs.com3800.stage5.LeaderClusterCommunication run
FINEST: Got output stream successfully, writing
Oct 04, 2022 11:05:48 AM edu.yu.cs.com3800.stage5.LeaderClusterCommunication run
FINEST: Sent work successfully, awaiting response from follower
Oct 04, 2022 11:05:51 AM edu.yu.cs.com3800.stage5.LeaderClusterCommunication run
FINEST: received response for 3, sending to gateway
Oct 04, 2022 11:05:51 AM edu.yu.cs.com3800.stage5.LeaderClusterCommunication run
FINEST: Got output stream successfully, writing
Oct 04, 2022 11:05:51 AM edu.yu.cs.com3800.stage5.LeaderClusterCommunication run
INFO: Sent response for requestID 3
Oct 04, 2022 11:05:51 AM edu.yu.cs.com3800.stage5.LeaderClusterCommunication run
INFO: sending requestID 15 to localhost/127.0.0.130062
Oct 04, 2022 11:05:51 AM edu.yu.cs.com3800.stage5.LeaderClusterCommunication run
FINEST: Attempting to open socket
Oct 04, 2022 11:05:51 AM edu.yu.cs.com3800.stage5.LeaderClusterCommunication run
FINEST: Opened Socket successfully, getting output stream
Oct 04, 2022 11:05:51 AM edu.yu.cs.com3800.stage5.LeaderClusterCommunication run
FINEST: Got output stream successfully, writing
Oct 04, 2022 11:05:51 AM edu.yu.cs.com3800.stage5.LeaderClusterCommunication run
FINEST: Sent work successfully, awaiting response from follower
Oct 04, 2022 11:05:52 AM edu.yu.cs.com3800.stage5.LeaderClusterCommunication run
FINEST: received response for 15, sending to gateway
Oct 04, 2022 11:05:52 AM edu.yu.cs.com3800.stage5.LeaderClusterCommunication run
FINEST: Got output stream successfully, writing
Oct 04, 2022 11:05:52 AM edu.yu.cs.com3800.stage5.LeaderClusterCommunication run
INFO: Sent response for requestID 15
Oct 04, 2022 11:06:51 AM edu.yu.cs.com3800.stage5.LeaderClusterCommunication run
INFO: sending requestID 21 to localhost/127.0.0.130032
Oct 04, 2022 11:06:51 AM edu.yu.cs.com3800.stage5.LeaderClusterCommunication run
FINEST: Attempting to open socket
Oct 04, 2022 11:06:51 AM edu.yu.cs.com3800.stage5.LeaderClusterCommunication run
FINEST: Opened Socket successfully, getting output stream
Oct 04, 2022 11:06:51 AM edu.yu.cs.com3800.stage5.LeaderClusterCommunication run
FINEST: Got output stream successfully, writing
Oct 04, 2022 11:06:51 AM edu.yu.cs.com3800.stage5.LeaderClusterCommunication run
FINEST: Sent work successfully, awaiting response from follower
Oct 04, 2022 11:06:52 AM edu.yu.cs.com3800.stage5.LeaderClusterCommunication run
FINEST: received response for 21, sending to gateway
Oct 04, 2022 11:06:52 AM edu.yu.cs.com3800.stage5.LeaderClusterCommunication run
FINEST: Got output stream successfully, writing
Oct 04, 2022 11:06:52 AM edu.yu.cs.com3800.stage5.LeaderClusterCommunication run
INFO: Sent response for requestID 21
Oct 04, 2022 11:06:56 AM edu.yu.cs.com3800.stage5.LeaderClusterCommunication run
INFO: sending requestID 36 to localhost/127.0.0.130032
Oct 04, 2022 11:06:56 AM edu.yu.cs.com3800.stage5.LeaderClusterCommunication run
FINEST: Attempting to open socket
Oct 04, 2022 11:06:56 AM edu.yu.cs.com3800.stage5.LeaderClusterCommunication run
FINEST: Opened Socket successfully, getting output stream
Oct 04, 2022 11:06:56 AM edu.yu.cs.com3800.stage5.LeaderClusterCommunication run
FINEST: Got output stream successfully, writing
Oct 04, 2022 11:06:56 AM edu.yu.cs.com3800.stage5.LeaderClusterCommunication run
FINEST: Sent work successfully, awaiting response from follower
Oct 04, 2022 11:06:57 AM edu.yu.cs.com3800.stage5.LeaderClusterCommunication run
FINEST: received response for 36, sending to gateway
Oct 04, 2022 11:06:57 AM edu.yu.cs.com3800.stage5.LeaderClusterCommunication run
FINEST: Got output stream successfully, writing
Oct 04, 2022 11:06:57 AM edu.yu.cs.com3800.stage5.LeaderClusterCommunication run
INFO: Sent response for requestID 36
Oct 04, 2022 11:06:57 AM edu.yu.cs.com3800.stage5.LeaderClusterCommunication run
INFO: sending requestID 45 to localhost/127.0.0.130072
Oct 04, 2022 11:06:57 AM edu.yu.cs.com3800.stage5.LeaderClusterCommunication run
FINEST: Attempting to open socket
Oct 04, 2022 11:06:57 AM edu.yu.cs.com3800.stage5.LeaderClusterCommunication run
FINEST: Opened Socket successfully, getting output stream
Oct 04, 2022 11:06:57 AM edu.yu.cs.com3800.stage5.LeaderClusterCommunication run
FINEST: Got output stream successfully, writing
Oct 04, 2022 11:06:57 AM edu.yu.cs.com3800.stage5.LeaderClusterCommunication run
FINEST: Sent work successfully, awaiting response from follower
Oct 04, 2022 11:06:57 AM edu.yu.cs.com3800.stage5.LeaderClusterCommunication run
FINEST: received response for 45, sending to gateway
Oct 04, 2022 11:06:57 AM edu.yu.cs.com3800.stage5.LeaderClusterCommunication run
FINEST: Got output stream successfully, writing
Oct 04, 2022 11:06:57 AM edu.yu.cs.com3800.stage5.LeaderClusterCommunication run
INFO: Sent response for requestID 45
Oct 04, 2022 11:07:05 AM edu.yu.cs.com3800.stage5.LeaderClusterCommunication run
INFO: sending requestID 53 to localhost/127.0.0.130042
Oct 04, 2022 11:07:05 AM edu.yu.cs.com3800.stage5.LeaderClusterCommunication run
FINEST: Attempting to open socket
Oct 04, 2022 11:07:05 AM edu.yu.cs.com3800.stage5.LeaderClusterCommunication run
FINEST: Opened Socket successfully, getting output stream
Oct 04, 2022 11:07:05 AM edu.yu.cs.com3800.stage5.LeaderClusterCommunication run
FINEST: Got output stream successfully, writing
Oct 04, 2022 11:07:05 AM edu.yu.cs.com3800.stage5.LeaderClusterCommunication run
FINEST: Sent work successfully, awaiting response from follower
Oct 04, 2022 11:07:06 AM edu.yu.cs.com3800.stage5.LeaderClusterCommunication run
FINEST: received response for 53, sending to gateway
Oct 04, 2022 11:07:06 AM edu.yu.cs.com3800.stage5.LeaderClusterCommunication run
FINEST: Got output stream successfully, writing
Oct 04, 2022 11:07:06 AM edu.yu.cs.com3800.stage5.LeaderClusterCommunication run
INFO: Sent response for requestID 53
