Oct 04, 2022 11:01:31 AM edu.yu.cs.com3800.LoggingServer fileHandler
INFO: Logging to file begins:
Oct 04, 2022 11:01:40 AM edu.yu.cs.com3800.stage5.GossipThread run
INFO: Received at: Oct 04, 2022 11:01:40
Message Type: GOSSIP
Sender Host: localhost
Sender port: 30060
Receiver Host: localhost
Receiver port: 30070
Request ID: -1
Error Occurred: false
Message Contents: 
Gossip Payload:
	ID:-1 Heartbeat:3
	ID:1 Heartbeat:-1
	ID:2 Heartbeat:-1
	ID:3 Heartbeat:1
	ID:4 Heartbeat:2
	ID:5 Heartbeat:2
	ID:6 Heartbeat:-1
	ID:7 Heartbeat:3
	ID:8 Heartbeat:1
	ID:9 Heartbeat:-1
Oct 04, 2022 11:01:43 AM edu.yu.cs.com3800.stage5.GossipThread run
INFO: Received at: Oct 04, 2022 11:01:43
Message Type: GOSSIP
Sender Host: localhost
Sender port: 30020
Receiver Host: localhost
Receiver port: 30070
Request ID: -1
Error Occurred: false
Message Contents: 
Gossip Payload:
	ID:-1 Heartbeat:-1
	ID:1 Heartbeat:1
	ID:2 Heartbeat:-1
	ID:3 Heartbeat:3
	ID:4 Heartbeat:-1
	ID:5 Heartbeat:-1
	ID:6 Heartbeat:3
	ID:7 Heartbeat:-1
	ID:8 Heartbeat:-1
	ID:9 Heartbeat:1
Oct 04, 2022 11:01:46 AM edu.yu.cs.com3800.stage5.GossipThread run
INFO: Received at: Oct 04, 2022 11:01:46
Message Type: GOSSIP
Sender Host: localhost
Sender port: 30010
Receiver Host: localhost
Receiver port: 30070
Request ID: -1
Error Occurred: false
Message Contents: 
Gossip Payload:
	ID:-1 Heartbeat:4
	ID:1 Heartbeat:-1
	ID:2 Heartbeat:5
	ID:3 Heartbeat:1
	ID:4 Heartbeat:2
	ID:5 Heartbeat:2
	ID:6 Heartbeat:1
	ID:7 Heartbeat:-1
	ID:8 Heartbeat:2
	ID:9 Heartbeat:3
Oct 04, 2022 11:01:52 AM edu.yu.cs.com3800.stage5.GossipThread run
INFO: Received at: Oct 04, 2022 11:01:52
Message Type: GOSSIP
Sender Host: localhost
Sender port: 30020
Receiver Host: localhost
Receiver port: 30070
Request ID: -1
Error Occurred: false
Message Contents: 
Gossip Payload:
	ID:-1 Heartbeat:6
	ID:1 Heartbeat:1
	ID:2 Heartbeat:2
	ID:3 Heartbeat:5
	ID:4 Heartbeat:2
	ID:5 Heartbeat:6
	ID:6 Heartbeat:3
	ID:7 Heartbeat:4
	ID:8 Heartbeat:1
	ID:9 Heartbeat:4
Oct 04, 2022 11:01:58 AM edu.yu.cs.com3800.stage5.GossipThread run
INFO: Received at: Oct 04, 2022 11:01:58
Message Type: GOSSIP
Sender Host: localhost
Sender port: 30080
Receiver Host: localhost
Receiver port: 30070
Request ID: -1
Error Occurred: false
Message Contents: 
Gossip Payload:
	ID:-1 Heartbeat:2
	ID:1 Heartbeat:1
	ID:2 Heartbeat:4
	ID:3 Heartbeat:2
	ID:4 Heartbeat:5
	ID:5 Heartbeat:7
	ID:6 Heartbeat:4
	ID:7 Heartbeat:1
	ID:8 Heartbeat:2
	ID:9 Heartbeat:10
Oct 04, 2022 11:02:01 AM edu.yu.cs.com3800.stage5.GossipThread run
INFO: Received at: Oct 04, 2022 11:02:01
Message Type: GOSSIP
Sender Host: localhost
Sender port: 30060
Receiver Host: localhost
Receiver port: 30070
Request ID: -1
Error Occurred: false
Message Contents: 
Gossip Payload:
	ID:-1 Heartbeat:5
	ID:1 Heartbeat:1
	ID:2 Heartbeat:7
	ID:3 Heartbeat:3
	ID:4 Heartbeat:7
	ID:5 Heartbeat:5
	ID:6 Heartbeat:8
	ID:7 Heartbeat:7
	ID:8 Heartbeat:2
	ID:9 Heartbeat:4
Oct 04, 2022 11:02:07 AM edu.yu.cs.com3800.stage5.GossipThread run
INFO: Received at: Oct 04, 2022 11:02:07
Message Type: GOSSIP
Sender Host: localhost
Sender port: 8890
Receiver Host: localhost
Receiver port: 30070
Request ID: -1
Error Occurred: false
Message Contents: 
Gossip Payload:
	ID:-1 Heartbeat:11
	ID:1 Heartbeat:1
	ID:2 Heartbeat:6
	ID:3 Heartbeat:4
	ID:4 Heartbeat:5
	ID:5 Heartbeat:10
	ID:6 Heartbeat:4
	ID:7 Heartbeat:5
	ID:8 Heartbeat:4
	ID:9 Heartbeat:12
Oct 04, 2022 11:02:19 AM edu.yu.cs.com3800.stage5.GossipThread run
INFO: Received at: Oct 04, 2022 11:02:19
Message Type: GOSSIP
Sender Host: localhost
Sender port: 8890
Receiver Host: localhost
Receiver port: 30070
Request ID: -1
Error Occurred: false
Message Contents: 
Gossip Payload:
	ID:-1 Heartbeat:15
	ID:1 Heartbeat:1
	ID:2 Heartbeat:8
	ID:3 Heartbeat:11
	ID:4 Heartbeat:11
	ID:5 Heartbeat:13
	ID:6 Heartbeat:10
	ID:7 Heartbeat:8
	ID:8 Heartbeat:4
	ID:9 Heartbeat:12
Oct 04, 2022 11:02:22 AM edu.yu.cs.com3800.stage5.GossipThread run
INFO: Received at: Oct 04, 2022 11:02:22
Message Type: GOSSIP
Sender Host: localhost
Sender port: 30050
Receiver Host: localhost
Receiver port: 30070
Request ID: -1
Error Occurred: false
Message Contents: 
Gossip Payload:
	ID:-1 Heartbeat:9
	ID:2 Heartbeat:8
	ID:3 Heartbeat:10
	ID:4 Heartbeat:12
	ID:5 Heartbeat:14
	ID:6 Heartbeat:14
	ID:7 Heartbeat:8
	ID:8 Heartbeat:5
	ID:9 Heartbeat:15
Oct 04, 2022 11:02:25 AM edu.yu.cs.com3800.stage5.GossipThread run
INFO: Received at: Oct 04, 2022 11:02:25
Message Type: GOSSIP
Sender Host: localhost
Sender port: 30060
Receiver Host: localhost
Receiver port: 30070
Request ID: -1
Error Occurred: false
Message Contents: 
Gossip Payload:
	ID:-1 Heartbeat:9
	ID:1 Heartbeat:1
	ID:2 Heartbeat:8
	ID:3 Heartbeat:10
	ID:4 Heartbeat:12
	ID:5 Heartbeat:15
	ID:6 Heartbeat:13
	ID:7 Heartbeat:12
	ID:8 Heartbeat:5
	ID:9 Heartbeat:18
Oct 04, 2022 11:02:37 AM edu.yu.cs.com3800.stage5.GossipThread run
INFO: Received at: Oct 04, 2022 11:02:37
Message Type: GOSSIP
Sender Host: localhost
Sender port: 8890
Receiver Host: localhost
Receiver port: 30070
Request ID: -1
Error Occurred: false
Message Contents: 
Gossip Payload:
	ID:-1 Heartbeat:21
	ID:2 Heartbeat:13
	ID:3 Heartbeat:18
	ID:4 Heartbeat:14
	ID:5 Heartbeat:17
	ID:6 Heartbeat:15
	ID:7 Heartbeat:12
	ID:8 Heartbeat:11
	ID:9 Heartbeat:20
Oct 04, 2022 11:02:43 AM edu.yu.cs.com3800.stage5.GossipThread run
INFO: Received at: Oct 04, 2022 11:02:43
Message Type: GOSSIP
Sender Host: localhost
Sender port: 30060
Receiver Host: localhost
Receiver port: 30070
Request ID: -1
Error Occurred: false
Message Contents: 
Gossip Payload:
	ID:-1 Heartbeat:17
	ID:2 Heartbeat:13
	ID:3 Heartbeat:17
	ID:4 Heartbeat:17
	ID:5 Heartbeat:20
	ID:6 Heartbeat:13
	ID:7 Heartbeat:18
	ID:8 Heartbeat:9
	ID:9 Heartbeat:23
Oct 04, 2022 11:02:46 AM edu.yu.cs.com3800.stage5.GossipThread run
INFO: Received at: Oct 04, 2022 11:02:46
Message Type: GOSSIP
Sender Host: localhost
Sender port: 30030
Receiver Host: localhost
Receiver port: 30070
Request ID: -1
Error Occurred: false
Message Contents: 
Gossip Payload:
	ID:-1 Heartbeat:22
	ID:2 Heartbeat:18
	ID:3 Heartbeat:18
	ID:4 Heartbeat:22
	ID:5 Heartbeat:18
	ID:6 Heartbeat:18
	ID:7 Heartbeat:15
	ID:8 Heartbeat:11
	ID:9 Heartbeat:20
Oct 04, 2022 11:02:52 AM edu.yu.cs.com3800.stage5.GossipThread run
INFO: Received at: Oct 04, 2022 11:02:52
Message Type: GOSSIP
Sender Host: localhost
Sender port: 30010
Receiver Host: localhost
Receiver port: 30070
Request ID: -1
Error Occurred: false
Message Contents: 
Gossip Payload:
	ID:-1 Heartbeat:22
	ID:2 Heartbeat:21
	ID:3 Heartbeat:20
	ID:4 Heartbeat:15
	ID:5 Heartbeat:21
	ID:6 Heartbeat:18
	ID:7 Heartbeat:12
	ID:8 Heartbeat:12
	ID:9 Heartbeat:20
Oct 04, 2022 11:02:55 AM edu.yu.cs.com3800.stage5.GossipThread run
INFO: Received at: Oct 04, 2022 11:02:55
Message Type: GOSSIP
Sender Host: localhost
Sender port: 30060
Receiver Host: localhost
Receiver port: 30070
Request ID: -1
Error Occurred: false
Message Contents: 
Gossip Payload:
	ID:-1 Heartbeat:18
	ID:2 Heartbeat:16
	ID:3 Heartbeat:19
	ID:4 Heartbeat:22
	ID:5 Heartbeat:20
	ID:6 Heartbeat:21
	ID:7 Heartbeat:22
	ID:8 Heartbeat:12
	ID:9 Heartbeat:23
Oct 04, 2022 11:03:01 AM edu.yu.cs.com3800.stage5.GossipThread run
INFO: Received at: Oct 04, 2022 11:03:01
Message Type: GOSSIP
Sender Host: localhost
Sender port: 30010
Receiver Host: localhost
Receiver port: 30070
Request ID: -1
Error Occurred: false
Message Contents: 
Gossip Payload:
	ID:-1 Heartbeat:22
	ID:2 Heartbeat:24
	ID:3 Heartbeat:20
	ID:4 Heartbeat:23
	ID:5 Heartbeat:23
	ID:6 Heartbeat:20
	ID:7 Heartbeat:21
	ID:8 Heartbeat:12
	ID:9 Heartbeat:23
Oct 04, 2022 11:03:04 AM edu.yu.cs.com3800.stage5.GossipThread run
INFO: Received at: Oct 04, 2022 11:03:04
Message Type: GOSSIP
Sender Host: localhost
Sender port: 30060
Receiver Host: localhost
Receiver port: 30070
Request ID: -1
Error Occurred: false
Message Contents: 
Gossip Payload:
	ID:-1 Heartbeat:24
	ID:2 Heartbeat:18
	ID:3 Heartbeat:21
	ID:4 Heartbeat:22
	ID:5 Heartbeat:25
	ID:6 Heartbeat:22
	ID:7 Heartbeat:24
	ID:8 Heartbeat:12
	ID:9 Heartbeat:26
Oct 04, 2022 11:03:07 AM edu.yu.cs.com3800.stage5.GossipThread run
INFO: Received at: Oct 04, 2022 11:03:07
Message Type: GOSSIP
Sender Host: localhost
Sender port: 30020
Receiver Host: localhost
Receiver port: 30070
Request ID: -1
Error Occurred: false
Message Contents: 
Gossip Payload:
	ID:-1 Heartbeat:24
	ID:2 Heartbeat:18
	ID:3 Heartbeat:22
	ID:4 Heartbeat:17
	ID:5 Heartbeat:25
	ID:6 Heartbeat:20
	ID:7 Heartbeat:17
	ID:8 Heartbeat:12
	ID:9 Heartbeat:26
Oct 04, 2022 11:03:10 AM edu.yu.cs.com3800.stage5.GossipThread run
INFO: Received at: Oct 04, 2022 11:03:10
Message Type: GOSSIP
Sender Host: localhost
Sender port: 30040
Receiver Host: localhost
Receiver port: 30070
Request ID: -1
Error Occurred: false
Message Contents: 
Gossip Payload:
	ID:-1 Heartbeat:27
	ID:2 Heartbeat:18
	ID:3 Heartbeat:20
	ID:4 Heartbeat:17
	ID:5 Heartbeat:29
	ID:6 Heartbeat:26
	ID:7 Heartbeat:18
	ID:8 Heartbeat:13
	ID:9 Heartbeat:26
Oct 04, 2022 11:03:13 AM edu.yu.cs.com3800.stage5.GossipThread run
INFO: Received at: Oct 04, 2022 11:03:13
Message Type: GOSSIP
Sender Host: localhost
Sender port: 8890
Receiver Host: localhost
Receiver port: 30070
Request ID: -1
Error Occurred: false
Message Contents: 
Gossip Payload:
	ID:-1 Heartbeat:32
	ID:2 Heartbeat:23
	ID:3 Heartbeat:20
	ID:4 Heartbeat:23
	ID:5 Heartbeat:23
	ID:6 Heartbeat:24
	ID:7 Heartbeat:20
	ID:8 Heartbeat:14
	ID:9 Heartbeat:24
Oct 04, 2022 11:03:16 AM edu.yu.cs.com3800.stage5.GossipThread run
INFO: Received at: Oct 04, 2022 11:03:16
Message Type: GOSSIP
Sender Host: localhost
Sender port: 8890
Receiver Host: localhost
Receiver port: 30070
Request ID: -1
Error Occurred: false
Message Contents: 
Gossip Payload:
	ID:-1 Heartbeat:33
	ID:2 Heartbeat:23
	ID:3 Heartbeat:20
	ID:4 Heartbeat:24
	ID:5 Heartbeat:26
	ID:6 Heartbeat:24
	ID:7 Heartbeat:20
	ID:8 Heartbeat:14
	ID:9 Heartbeat:26
Oct 04, 2022 11:03:19 AM edu.yu.cs.com3800.stage5.GossipThread run
INFO: Received at: Oct 04, 2022 11:03:19
Message Type: GOSSIP
Sender Host: localhost
Sender port: 30020
Receiver Host: localhost
Receiver port: 30070
Request ID: -1
Error Occurred: false
Message Contents: 
Gossip Payload:
	ID:-1 Heartbeat:26
	ID:2 Heartbeat:28
	ID:3 Heartbeat:22
	ID:4 Heartbeat:23
	ID:5 Heartbeat:25
	ID:6 Heartbeat:27
	ID:7 Heartbeat:25
	ID:8 Heartbeat:17
	ID:9 Heartbeat:26
Oct 04, 2022 11:03:22 AM edu.yu.cs.com3800.stage5.GossipThread run
INFO: Received at: Oct 04, 2022 11:03:22
Message Type: GOSSIP
Sender Host: localhost
Sender port: 30010
Receiver Host: localhost
Receiver port: 30070
Request ID: -1
Error Occurred: false
Message Contents: 
Gossip Payload:
	ID:-1 Heartbeat:26
	ID:2 Heartbeat:30
	ID:3 Heartbeat:22
	ID:4 Heartbeat:24
	ID:5 Heartbeat:25
	ID:6 Heartbeat:31
	ID:7 Heartbeat:25
	ID:8 Heartbeat:19
	ID:9 Heartbeat:26
Oct 04, 2022 11:03:25 AM edu.yu.cs.com3800.stage5.GossipThread run
INFO: Received at: Oct 04, 2022 11:03:25
Message Type: GOSSIP
Sender Host: localhost
Sender port: 30010
Receiver Host: localhost
Receiver port: 30070
Request ID: -1
Error Occurred: false
Message Contents: 
Gossip Payload:
	ID:-1 Heartbeat:27
	ID:2 Heartbeat:31
	ID:3 Heartbeat:23
	ID:4 Heartbeat:24
	ID:5 Heartbeat:29
	ID:6 Heartbeat:31
	ID:7 Heartbeat:25
	ID:8 Heartbeat:20
	ID:9 Heartbeat:26
Oct 04, 2022 11:03:31 AM edu.yu.cs.com3800.stage5.GossipThread run
INFO: Received at: Oct 04, 2022 11:03:31
Message Type: GOSSIP
Sender Host: localhost
Sender port: 30010
Receiver Host: localhost
Receiver port: 30070
Request ID: -1
Error Occurred: false
Message Contents: 
Gossip Payload:
	ID:-1 Heartbeat:33
	ID:2 Heartbeat:33
	ID:3 Heartbeat:23
	ID:4 Heartbeat:24
	ID:5 Heartbeat:29
	ID:6 Heartbeat:31
	ID:7 Heartbeat:25
	ID:8 Heartbeat:25
	ID:9 Heartbeat:26
Oct 04, 2022 11:03:40 AM edu.yu.cs.com3800.stage5.GossipThread run
INFO: Received at: Oct 04, 2022 11:03:40
Message Type: GOSSIP
Sender Host: localhost
Sender port: 30060
Receiver Host: localhost
Receiver port: 30070
Request ID: -1
Error Occurred: false
Message Contents: 
Gossip Payload:
	ID:-1 Heartbeat:38
	ID:2 Heartbeat:31
	ID:3 Heartbeat:28
	ID:4 Heartbeat:31
	ID:5 Heartbeat:31
	ID:6 Heartbeat:36
	ID:7 Heartbeat:34
	ID:8 Heartbeat:26
	ID:9 Heartbeat:26
Oct 04, 2022 11:03:43 AM edu.yu.cs.com3800.stage5.GossipThread run
INFO: Received at: Oct 04, 2022 11:03:43
Message Type: GOSSIP
Sender Host: localhost
Sender port: 30040
Receiver Host: localhost
Receiver port: 30070
Request ID: -1
Error Occurred: false
Message Contents: 
Gossip Payload:
	ID:-1 Heartbeat:39
	ID:2 Heartbeat:33
	ID:3 Heartbeat:23
	ID:4 Heartbeat:35
	ID:5 Heartbeat:33
	ID:6 Heartbeat:37
	ID:7 Heartbeat:32
	ID:8 Heartbeat:26
Oct 04, 2022 11:03:49 AM edu.yu.cs.com3800.stage5.GossipThread run
INFO: Received at: Oct 04, 2022 11:03:49
Message Type: GOSSIP
Sender Host: localhost
Sender port: 30010
Receiver Host: localhost
Receiver port: 30070
Request ID: -1
Error Occurred: false
Message Contents: 
Gossip Payload:
	ID:-1 Heartbeat:42
	ID:2 Heartbeat:38
	ID:3 Heartbeat:29
	ID:4 Heartbeat:34
	ID:5 Heartbeat:29
	ID:6 Heartbeat:38
	ID:7 Heartbeat:31
	ID:8 Heartbeat:27
	ID:9 Heartbeat:26
Oct 04, 2022 11:03:52 AM edu.yu.cs.com3800.stage5.GossipThread run
INFO: Received at: Oct 04, 2022 11:03:52
Message Type: GOSSIP
Sender Host: localhost
Sender port: 30060
Receiver Host: localhost
Receiver port: 30070
Request ID: -1
Error Occurred: false
Message Contents: 
Gossip Payload:
	ID:-1 Heartbeat:39
	ID:2 Heartbeat:35
	ID:3 Heartbeat:28
	ID:4 Heartbeat:34
	ID:5 Heartbeat:32
	ID:6 Heartbeat:40
	ID:7 Heartbeat:37
	ID:8 Heartbeat:26
Oct 04, 2022 11:03:55 AM edu.yu.cs.com3800.stage5.GossipThread run
INFO: Received at: Oct 04, 2022 11:03:55
Message Type: GOSSIP
Sender Host: localhost
Sender port: 30030
Receiver Host: localhost
Receiver port: 30070
Request ID: -1
Error Occurred: false
Message Contents: 
Gossip Payload:
	ID:-1 Heartbeat:39
	ID:2 Heartbeat:33
	ID:3 Heartbeat:28
	ID:4 Heartbeat:38
	ID:5 Heartbeat:31
	ID:6 Heartbeat:39
	ID:7 Heartbeat:34
	ID:8 Heartbeat:27
Oct 04, 2022 11:03:58 AM edu.yu.cs.com3800.stage5.GossipThread run
INFO: Received at: Oct 04, 2022 11:03:58
Message Type: GOSSIP
Sender Host: localhost
Sender port: 30020
Receiver Host: localhost
Receiver port: 30070
Request ID: -1
Error Occurred: false
Message Contents: 
Gossip Payload:
	ID:-1 Heartbeat:45
	ID:2 Heartbeat:33
	ID:3 Heartbeat:33
	ID:4 Heartbeat:36
	ID:5 Heartbeat:35
	ID:6 Heartbeat:41
	ID:7 Heartbeat:35
	ID:8 Heartbeat:26
Oct 04, 2022 11:04:01 AM edu.yu.cs.com3800.stage5.GossipThread run
INFO: Received at: Oct 04, 2022 11:04:01
Message Type: GOSSIP
Sender Host: localhost
Sender port: 30030
Receiver Host: localhost
Receiver port: 30070
Request ID: -1
Error Occurred: false
Message Contents: 
Gossip Payload:
	ID:-1 Heartbeat:42
	ID:2 Heartbeat:38
	ID:3 Heartbeat:32
	ID:4 Heartbeat:39
	ID:5 Heartbeat:35
	ID:6 Heartbeat:41
	ID:7 Heartbeat:35
	ID:8 Heartbeat:29
Oct 04, 2022 11:04:04 AM edu.yu.cs.com3800.stage5.GossipThread run
INFO: Received at: Oct 04, 2022 11:04:04
Message Type: GOSSIP
Sender Host: localhost
Sender port: 30040
Receiver Host: localhost
Receiver port: 30070
Request ID: -1
Error Occurred: false
Message Contents: 
Gossip Payload:
	ID:-1 Heartbeat:42
	ID:2 Heartbeat:39
	ID:3 Heartbeat:32
	ID:4 Heartbeat:36
	ID:5 Heartbeat:40
	ID:6 Heartbeat:41
	ID:7 Heartbeat:36
	ID:8 Heartbeat:27
Oct 04, 2022 11:04:07 AM edu.yu.cs.com3800.stage5.GossipThread run
INFO: Received at: Oct 04, 2022 11:04:07
Message Type: GOSSIP
Sender Host: localhost
Sender port: 30010
Receiver Host: localhost
Receiver port: 30070
Request ID: -1
Error Occurred: false
Message Contents: 
Gossip Payload:
	ID:-1 Heartbeat:42
	ID:2 Heartbeat:43
	ID:3 Heartbeat:31
	ID:4 Heartbeat:37
	ID:5 Heartbeat:34
	ID:6 Heartbeat:42
	ID:7 Heartbeat:34
	ID:8 Heartbeat:28
Oct 04, 2022 11:04:10 AM edu.yu.cs.com3800.stage5.GossipThread run
INFO: Received at: Oct 04, 2022 11:04:10
Message Type: GOSSIP
Sender Host: localhost
Sender port: 30060
Receiver Host: localhost
Receiver port: 30070
Request ID: -1
Error Occurred: false
Message Contents: 
Gossip Payload:
	ID:-1 Heartbeat:49
	ID:2 Heartbeat:40
	ID:3 Heartbeat:31
	ID:4 Heartbeat:35
	ID:5 Heartbeat:34
	ID:6 Heartbeat:43
	ID:7 Heartbeat:41
	ID:8 Heartbeat:29
Oct 04, 2022 11:04:13 AM edu.yu.cs.com3800.stage5.GossipThread run
INFO: Received at: Oct 04, 2022 11:04:13
Message Type: GOSSIP
Sender Host: localhost
Sender port: 30060
Receiver Host: localhost
Receiver port: 30070
Request ID: -1
Error Occurred: false
Message Contents: 
Gossip Payload:
	ID:-1 Heartbeat:49
	ID:2 Heartbeat:41
	ID:3 Heartbeat:31
	ID:4 Heartbeat:38
	ID:5 Heartbeat:37
	ID:6 Heartbeat:48
	ID:7 Heartbeat:42
	ID:8 Heartbeat:29
Oct 04, 2022 11:04:16 AM edu.yu.cs.com3800.stage5.GossipThread run
INFO: Received at: Oct 04, 2022 11:04:16
Message Type: GOSSIP
Sender Host: localhost
Sender port: 30020
Receiver Host: localhost
Receiver port: 30070
Request ID: -1
Error Occurred: false
Message Contents: 
Gossip Payload:
	ID:-1 Heartbeat:50
	ID:2 Heartbeat:39
	ID:3 Heartbeat:36
	ID:4 Heartbeat:36
	ID:5 Heartbeat:41
	ID:6 Heartbeat:41
	ID:7 Heartbeat:37
	ID:8 Heartbeat:30
Oct 04, 2022 11:04:19 AM edu.yu.cs.com3800.stage5.GossipThread run
INFO: Received at: Oct 04, 2022 11:04:19
Message Type: GOSSIP
Sender Host: localhost
Sender port: 30040
Receiver Host: localhost
Receiver port: 30070
Request ID: -1
Error Occurred: false
Message Contents: 
Gossip Payload:
	ID:-1 Heartbeat:48
	ID:2 Heartbeat:42
	ID:3 Heartbeat:32
	ID:4 Heartbeat:37
	ID:5 Heartbeat:43
	ID:6 Heartbeat:42
	ID:7 Heartbeat:37
	ID:8 Heartbeat:30
Oct 04, 2022 11:04:22 AM edu.yu.cs.com3800.stage5.GossipThread run
INFO: Received at: Oct 04, 2022 11:04:22
Message Type: GOSSIP
Sender Host: localhost
Sender port: 30050
Receiver Host: localhost
Receiver port: 30070
Request ID: -1
Error Occurred: false
Message Contents: 
Gossip Payload:
	ID:-1 Heartbeat:43
	ID:2 Heartbeat:41
	ID:3 Heartbeat:32
	ID:4 Heartbeat:40
	ID:5 Heartbeat:39
	ID:6 Heartbeat:51
	ID:7 Heartbeat:40
	ID:8 Heartbeat:29
Oct 04, 2022 11:04:25 AM edu.yu.cs.com3800.stage5.GossipThread run
INFO: Received at: Oct 04, 2022 11:04:25
Message Type: GOSSIP
Sender Host: localhost
Sender port: 30030
Receiver Host: localhost
Receiver port: 30070
Request ID: -1
Error Occurred: false
Message Contents: 
Gossip Payload:
	ID:-1 Heartbeat:45
	ID:2 Heartbeat:40
	ID:3 Heartbeat:33
	ID:4 Heartbeat:44
	ID:5 Heartbeat:37
	ID:6 Heartbeat:46
	ID:7 Heartbeat:41
	ID:8 Heartbeat:32
Oct 04, 2022 11:04:28 AM edu.yu.cs.com3800.stage5.GossipThread run
INFO: Received at: Oct 04, 2022 11:04:28
Message Type: GOSSIP
Sender Host: localhost
Sender port: 30010
Receiver Host: localhost
Receiver port: 30070
Request ID: -1
Error Occurred: false
Message Contents: 
Gossip Payload:
	ID:-1 Heartbeat:44
	ID:2 Heartbeat:47
	ID:3 Heartbeat:31
	ID:4 Heartbeat:37
	ID:5 Heartbeat:36
	ID:6 Heartbeat:44
	ID:7 Heartbeat:38
	ID:8 Heartbeat:28
Oct 04, 2022 11:04:31 AM edu.yu.cs.com3800.stage5.GossipThread run
INFO: Received at: Oct 04, 2022 11:04:31
Message Type: GOSSIP
Sender Host: localhost
Sender port: 30050
Receiver Host: localhost
Receiver port: 30070
Request ID: -1
Error Occurred: false
Message Contents: 
Gossip Payload:
	ID:-1 Heartbeat:45
	ID:2 Heartbeat:41
	ID:3 Heartbeat:33
	ID:4 Heartbeat:40
	ID:5 Heartbeat:39
	ID:6 Heartbeat:52
	ID:7 Heartbeat:40
	ID:8 Heartbeat:33
Oct 04, 2022 11:04:34 AM edu.yu.cs.com3800.stage5.GossipThread run
INFO: Received at: Oct 04, 2022 11:04:34
Message Type: GOSSIP
Sender Host: localhost
Sender port: 30050
Receiver Host: localhost
Receiver port: 30070
Request ID: -1
Error Occurred: false
Message Contents: 
Gossip Payload:
	ID:-1 Heartbeat:45
	ID:2 Heartbeat:45
	ID:3 Heartbeat:33
	ID:4 Heartbeat:40
	ID:5 Heartbeat:39
	ID:6 Heartbeat:53
	ID:7 Heartbeat:40
	ID:8 Heartbeat:33
Oct 04, 2022 11:04:37 AM edu.yu.cs.com3800.stage5.GossipThread run
INFO: Received at: Oct 04, 2022 11:04:37
Message Type: GOSSIP
Sender Host: localhost
Sender port: 30020
Receiver Host: localhost
Receiver port: 30070
Request ID: -1
Error Occurred: false
Message Contents: 
Gossip Payload:
	ID:-1 Heartbeat:51
	ID:2 Heartbeat:44
	ID:3 Heartbeat:40
	ID:4 Heartbeat:42
	ID:5 Heartbeat:41
	ID:6 Heartbeat:48
	ID:7 Heartbeat:43
	ID:8 Heartbeat:34
Oct 04, 2022 11:04:40 AM edu.yu.cs.com3800.stage5.GossipThread run
INFO: Received at: Oct 04, 2022 11:04:40
Message Type: GOSSIP
Sender Host: localhost
Sender port: 30020
Receiver Host: localhost
Receiver port: 30070
Request ID: -1
Error Occurred: false
Message Contents: 
Gossip Payload:
	ID:-1 Heartbeat:51
	ID:2 Heartbeat:44
	ID:3 Heartbeat:41
	ID:4 Heartbeat:45
	ID:5 Heartbeat:41
	ID:6 Heartbeat:48
	ID:7 Heartbeat:43
	ID:8 Heartbeat:34
Oct 04, 2022 11:04:43 AM edu.yu.cs.com3800.stage5.GossipThread run
INFO: Received at: Oct 04, 2022 11:04:43
Message Type: GOSSIP
Sender Host: localhost
Sender port: 30040
Receiver Host: localhost
Receiver port: 30070
Request ID: -1
Error Occurred: false
Message Contents: 
Gossip Payload:
	ID:-1 Heartbeat:54
	ID:2 Heartbeat:46
	ID:3 Heartbeat:35
	ID:4 Heartbeat:42
	ID:5 Heartbeat:48
	ID:6 Heartbeat:50
	ID:7 Heartbeat:45
	ID:8 Heartbeat:30
Oct 04, 2022 11:04:46 AM edu.yu.cs.com3800.stage5.GossipThread run
INFO: Received at: Oct 04, 2022 11:04:46
Message Type: GOSSIP
Sender Host: localhost
Sender port: 30010
Receiver Host: localhost
Receiver port: 30070
Request ID: -1
Error Occurred: false
Message Contents: 
Gossip Payload:
	ID:-1 Heartbeat:47
	ID:2 Heartbeat:51
	ID:3 Heartbeat:35
	ID:4 Heartbeat:38
	ID:5 Heartbeat:38
	ID:6 Heartbeat:44
	ID:7 Heartbeat:38
	ID:8 Heartbeat:31
Oct 04, 2022 11:04:49 AM edu.yu.cs.com3800.stage5.GossipThread run
INFO: Received at: Oct 04, 2022 11:04:49
Message Type: GOSSIP
Sender Host: localhost
Sender port: 30040
Receiver Host: localhost
Receiver port: 30070
Request ID: -1
Error Occurred: false
Message Contents: 
Gossip Payload:
	ID:-1 Heartbeat:54
	ID:2 Heartbeat:48
	ID:3 Heartbeat:35
	ID:4 Heartbeat:42
	ID:5 Heartbeat:49
	ID:6 Heartbeat:50
	ID:7 Heartbeat:45
	ID:8 Heartbeat:30
Oct 04, 2022 11:04:52 AM edu.yu.cs.com3800.stage5.GossipThread run
INFO: Received at: Oct 04, 2022 11:04:52
Message Type: GOSSIP
Sender Host: localhost
Sender port: 30020
Receiver Host: localhost
Receiver port: 30070
Request ID: -1
Error Occurred: false
Message Contents: 
Gossip Payload:
	ID:-1 Heartbeat:55
	ID:2 Heartbeat:44
	ID:3 Heartbeat:43
	ID:4 Heartbeat:45
	ID:5 Heartbeat:41
	ID:6 Heartbeat:48
	ID:7 Heartbeat:43
	ID:8 Heartbeat:37
Oct 04, 2022 11:04:55 AM edu.yu.cs.com3800.stage5.GossipThread run
INFO: Received at: Oct 04, 2022 11:04:55
Message Type: GOSSIP
Sender Host: localhost
Sender port: 30060
Receiver Host: localhost
Receiver port: 30070
Request ID: -1
Error Occurred: false
Message Contents: 
Gossip Payload:
	ID:-1 Heartbeat:56
	ID:2 Heartbeat:49
	ID:3 Heartbeat:36
	ID:4 Heartbeat:47
	ID:5 Heartbeat:46
	ID:6 Heartbeat:55
	ID:7 Heartbeat:51
	ID:8 Heartbeat:43
Oct 04, 2022 11:04:58 AM edu.yu.cs.com3800.stage5.GossipThread run
INFO: Received at: Oct 04, 2022 11:04:58
Message Type: GOSSIP
Sender Host: localhost
Sender port: 8890
Receiver Host: localhost
Receiver port: 30070
Request ID: -1
Error Occurred: false
Message Contents: 
Gossip Payload:
	ID:-1 Heartbeat:61
	ID:2 Heartbeat:54
	ID:3 Heartbeat:39
	ID:4 Heartbeat:45
	ID:5 Heartbeat:45
	ID:6 Heartbeat:59
	ID:7 Heartbeat:46
	ID:8 Heartbeat:39
Oct 04, 2022 11:05:01 AM edu.yu.cs.com3800.stage5.GossipThread run
INFO: Received at: Oct 04, 2022 11:05:01
Message Type: GOSSIP
Sender Host: localhost
Sender port: 8890
Receiver Host: localhost
Receiver port: 30070
Request ID: -1
Error Occurred: false
Message Contents: 
Gossip Payload:
	ID:-1 Heartbeat:62
	ID:2 Heartbeat:54
	ID:3 Heartbeat:39
	ID:4 Heartbeat:45
	ID:5 Heartbeat:52
	ID:6 Heartbeat:59
	ID:7 Heartbeat:46
	ID:8 Heartbeat:39
Oct 04, 2022 11:05:04 AM edu.yu.cs.com3800.stage5.GossipThread run
INFO: Received at: Oct 04, 2022 11:05:04
Message Type: GOSSIP
Sender Host: localhost
Sender port: 30040
Receiver Host: localhost
Receiver port: 30070
Request ID: -1
Error Occurred: false
Message Contents: 
Gossip Payload:
	ID:-1 Heartbeat:60
	ID:2 Heartbeat:52
	ID:3 Heartbeat:36
	ID:4 Heartbeat:45
	ID:5 Heartbeat:56
	ID:6 Heartbeat:54
	ID:7 Heartbeat:46
	ID:8 Heartbeat:40
Oct 04, 2022 11:05:07 AM edu.yu.cs.com3800.stage5.GossipThread run
INFO: Received at: Oct 04, 2022 11:05:07
Message Type: GOSSIP
Sender Host: localhost
Sender port: 30050
Receiver Host: localhost
Receiver port: 30070
Request ID: -1
Error Occurred: false
Message Contents: 
Gossip Payload:
	ID:-1 Heartbeat:59
	ID:2 Heartbeat:55
	ID:3 Heartbeat:41
	ID:4 Heartbeat:52
	ID:5 Heartbeat:50
	ID:6 Heartbeat:62
	ID:7 Heartbeat:47
	ID:8 Heartbeat:46
Oct 04, 2022 11:05:10 AM edu.yu.cs.com3800.stage5.GossipThread run
INFO: Received at: Oct 04, 2022 11:05:10
Message Type: GOSSIP
Sender Host: localhost
Sender port: 30030
Receiver Host: localhost
Receiver port: 30070
Request ID: -1
Error Occurred: false
Message Contents: 
Gossip Payload:
	ID:-1 Heartbeat:59
	ID:2 Heartbeat:57
	ID:3 Heartbeat:40
	ID:4 Heartbeat:54
	ID:5 Heartbeat:50
	ID:6 Heartbeat:59
	ID:7 Heartbeat:47
	ID:8 Heartbeat:45
Oct 04, 2022 11:05:13 AM edu.yu.cs.com3800.stage5.GossipThread run
INFO: Received at: Oct 04, 2022 11:05:13
Message Type: GOSSIP
Sender Host: localhost
Sender port: 30020
Receiver Host: localhost
Receiver port: 30070
Request ID: -1
Error Occurred: false
Message Contents: 
Gossip Payload:
	ID:-1 Heartbeat:58
	ID:2 Heartbeat:58
	ID:3 Heartbeat:50
	ID:4 Heartbeat:48
	ID:5 Heartbeat:51
	ID:6 Heartbeat:56
	ID:7 Heartbeat:49
	ID:8 Heartbeat:41
Oct 04, 2022 11:05:16 AM edu.yu.cs.com3800.stage5.GossipThread run
INFO: Received at: Oct 04, 2022 11:05:16
Message Type: GOSSIP
Sender Host: localhost
Sender port: 30020
Receiver Host: localhost
Receiver port: 30070
Request ID: -1
Error Occurred: false
Message Contents: 
Gossip Payload:
	ID:-1 Heartbeat:59
	ID:2 Heartbeat:58
	ID:3 Heartbeat:51
	ID:4 Heartbeat:53
	ID:5 Heartbeat:51
	ID:6 Heartbeat:59
	ID:7 Heartbeat:49
	ID:8 Heartbeat:45
Oct 04, 2022 11:05:19 AM edu.yu.cs.com3800.stage5.GossipThread run
INFO: Received at: Oct 04, 2022 11:05:19
Message Type: GOSSIP
Sender Host: localhost
Sender port: 30050
Receiver Host: localhost
Receiver port: 30070
Request ID: -1
Error Occurred: false
Message Contents: 
Gossip Payload:
	ID:-1 Heartbeat:60
	ID:2 Heartbeat:55
	ID:3 Heartbeat:44
	ID:4 Heartbeat:52
	ID:5 Heartbeat:57
	ID:6 Heartbeat:62
	ID:7 Heartbeat:47
	ID:8 Heartbeat:46
Oct 04, 2022 11:05:22 AM edu.yu.cs.com3800.stage5.GossipThread run
INFO: Received at: Oct 04, 2022 11:05:22
Message Type: GOSSIP
Sender Host: localhost
Sender port: 30020
Receiver Host: localhost
Receiver port: 30070
Request ID: -1
Error Occurred: false
Message Contents: 
Gossip Payload:
	ID:-1 Heartbeat:59
	ID:2 Heartbeat:59
	ID:3 Heartbeat:52
	ID:4 Heartbeat:53
	ID:5 Heartbeat:51
	ID:6 Heartbeat:59
	ID:7 Heartbeat:49
	ID:8 Heartbeat:45
Oct 04, 2022 11:05:25 AM edu.yu.cs.com3800.stage5.GossipThread run
INFO: Received at: Oct 04, 2022 11:05:25
Message Type: GOSSIP
Sender Host: localhost
Sender port: 30040
Receiver Host: localhost
Receiver port: 30070
Request ID: -1
Error Occurred: false
Message Contents: 
Gossip Payload:
	ID:-1 Heartbeat:60
	ID:2 Heartbeat:56
	ID:3 Heartbeat:44
	ID:4 Heartbeat:50
	ID:5 Heartbeat:59
	ID:6 Heartbeat:56
	ID:7 Heartbeat:47
	ID:8 Heartbeat:40
Oct 04, 2022 11:05:28 AM edu.yu.cs.com3800.stage5.GossipThread run
INFO: Received at: Oct 04, 2022 11:05:28
Message Type: GOSSIP
Sender Host: localhost
Sender port: 30010
Receiver Host: localhost
Receiver port: 30070
Request ID: -1
Error Occurred: false
Message Contents: 
Gossip Payload:
	ID:-1 Heartbeat:53
	ID:2 Heartbeat:62
	ID:3 Heartbeat:42
	ID:4 Heartbeat:45
	ID:5 Heartbeat:47
	ID:6 Heartbeat:58
	ID:7 Heartbeat:45
	ID:8 Heartbeat:42
Oct 04, 2022 11:05:31 AM edu.yu.cs.com3800.stage5.GossipThread run
INFO: Received at: Oct 04, 2022 11:05:31
Message Type: GOSSIP
Sender Host: localhost
Sender port: 30030
Receiver Host: localhost
Receiver port: 30070
Request ID: -1
Error Occurred: false
Message Contents: 
Gossip Payload:
	ID:-1 Heartbeat:59
	ID:2 Heartbeat:57
	ID:3 Heartbeat:49
	ID:4 Heartbeat:58
	ID:5 Heartbeat:51
	ID:6 Heartbeat:60
	ID:7 Heartbeat:54
	ID:8 Heartbeat:47
