Oct 04, 2022 11:05:48 AM edu.yu.cs.com3800.LoggingServer fileHandler
INFO: Logging to file begins:
Oct 04, 2022 11:05:48 AM edu.yu.cs.com3800.stage5.GatewayServer$ServerHttpHandler handle
INFO: Server received request on /compileandrun from port 33890
Oct 04, 2022 11:05:48 AM edu.yu.cs.com3800.stage5.GatewayServer$ServerHttpHandler handle
INFO: Request body: package edu.yu.cs.fall2019.com3800.stage1;

public class HelloWorld
{
    public String run()
    {
        return Thread.currentThread().getName();
    }
}

Oct 04, 2022 11:05:48 AM edu.yu.cs.com3800.stage5.GatewayServer$ServerHttpHandler handle
INFO: leader is localhost/127.0.0.1:30080
Oct 04, 2022 11:05:48 AM edu.yu.cs.com3800.stage5.GatewayServer$ServerHttpHandler sendAndGetResponse
INFO: Waiting for leader
Oct 04, 2022 11:05:48 AM edu.yu.cs.com3800.stage5.GatewayServer$ServerHttpHandler sendAndGetResponse
INFO: Leader found localhost/127.0.0.1:30080
Oct 04, 2022 11:05:48 AM edu.yu.cs.com3800.stage5.GatewayServer$ServerHttpHandler sendAndGetResponse
INFO: assigned request ID of 5
Oct 04, 2022 11:05:48 AM edu.yu.cs.com3800.stage5.GatewayServer$ServerHttpHandler sendAndGetResponse
INFO: Attempting to read leader response for requestID 5
Oct 04, 2022 11:05:52 AM edu.yu.cs.com3800.stage5.GatewayServer$ServerHttpHandler handle
INFO: Got response for 5
Oct 04, 2022 11:05:52 AM edu.yu.cs.com3800.stage5.GatewayServer$ServerHttpHandler handle
INFO: Attempting to send response headers for requestID 5
Oct 04, 2022 11:05:52 AM edu.yu.cs.com3800.stage5.GatewayServer$ServerHttpHandler handle
INFO: Response headers should be: 200 10
Oct 04, 2022 11:05:52 AM edu.yu.cs.com3800.stage5.GatewayServer$ServerHttpHandler handle
INFO: Attempting to write response body for requestID: 5
Oct 04, 2022 11:05:52 AM edu.yu.cs.com3800.stage5.GatewayServer$ServerHttpHandler handle
INFO: Response headers should be: 5 Follower
Oct 04, 2022 11:05:52 AM edu.yu.cs.com3800.stage5.GatewayServer$ServerHttpHandler handle
INFO: Finished processing requestId: 5
Oct 04, 2022 11:06:51 AM edu.yu.cs.com3800.stage5.GatewayServer$ServerHttpHandler handle
INFO: Server received request on /compileandrun from port 34000
Oct 04, 2022 11:06:51 AM edu.yu.cs.com3800.stage5.GatewayServer$ServerHttpHandler handle
INFO: Request body: package edu.yu.cs.fall2019.com3800.stage1;

public class HelloWorld
{
    public String run()
    {
        return Thread.currentThread().getName();
    }
}

Oct 04, 2022 11:06:51 AM edu.yu.cs.com3800.stage5.GatewayServer$ServerHttpHandler handle
INFO: leader is localhost/127.0.0.1:30080
Oct 04, 2022 11:06:51 AM edu.yu.cs.com3800.stage5.GatewayServer$ServerHttpHandler sendAndGetResponse
INFO: Waiting for leader
Oct 04, 2022 11:06:51 AM edu.yu.cs.com3800.stage5.GatewayServer$ServerHttpHandler sendAndGetResponse
INFO: Leader found localhost/127.0.0.1:30080
Oct 04, 2022 11:06:51 AM edu.yu.cs.com3800.stage5.GatewayServer$ServerHttpHandler sendAndGetResponse
INFO: assigned request ID of 25
Oct 04, 2022 11:06:51 AM edu.yu.cs.com3800.stage5.GatewayServer$ServerHttpHandler sendAndGetResponse
INFO: Attempting to read leader response for requestID 25
Oct 04, 2022 11:06:52 AM edu.yu.cs.com3800.stage5.GatewayServer$ServerHttpHandler handle
INFO: Got response for 25
Oct 04, 2022 11:06:52 AM edu.yu.cs.com3800.stage5.GatewayServer$ServerHttpHandler handle
INFO: Attempting to send response headers for requestID 25
Oct 04, 2022 11:06:52 AM edu.yu.cs.com3800.stage5.GatewayServer$ServerHttpHandler handle
INFO: Response headers should be: 200 10
Oct 04, 2022 11:06:52 AM edu.yu.cs.com3800.stage5.GatewayServer$ServerHttpHandler handle
INFO: Attempting to write response body for requestID: 25
Oct 04, 2022 11:06:52 AM edu.yu.cs.com3800.stage5.GatewayServer$ServerHttpHandler handle
INFO: Response headers should be: 5 Follower
Oct 04, 2022 11:06:52 AM edu.yu.cs.com3800.stage5.GatewayServer$ServerHttpHandler handle
INFO: Finished processing requestId: 25
Oct 04, 2022 11:06:56 AM edu.yu.cs.com3800.stage5.GatewayServer$ServerHttpHandler handle
INFO: Server received request on /compileandrun from port 34098
Oct 04, 2022 11:06:56 AM edu.yu.cs.com3800.stage5.GatewayServer$ServerHttpHandler handle
INFO: Request body: package edu.yu.cs.fall2019.com3800.stage1;

public class HelloWorld
{
    public String run()
    {
        return "9";
    }
}

Oct 04, 2022 11:06:56 AM edu.yu.cs.com3800.stage5.GatewayServer$ServerHttpHandler handle
INFO: leader is localhost/127.0.0.1:30080
Oct 04, 2022 11:06:56 AM edu.yu.cs.com3800.stage5.GatewayServer$ServerHttpHandler sendAndGetResponse
INFO: Waiting for leader
Oct 04, 2022 11:06:56 AM edu.yu.cs.com3800.stage5.GatewayServer$ServerHttpHandler sendAndGetResponse
INFO: Leader found localhost/127.0.0.1:30080
Oct 04, 2022 11:06:56 AM edu.yu.cs.com3800.stage5.GatewayServer$ServerHttpHandler sendAndGetResponse
INFO: assigned request ID of 43
Oct 04, 2022 11:06:56 AM edu.yu.cs.com3800.stage5.GatewayServer$ServerHttpHandler sendAndGetResponse
INFO: Attempting to read leader response for requestID 43
Oct 04, 2022 11:06:57 AM edu.yu.cs.com3800.stage5.GatewayServer$ServerHttpHandler handle
INFO: Got response for 43
Oct 04, 2022 11:06:57 AM edu.yu.cs.com3800.stage5.GatewayServer$ServerHttpHandler handle
INFO: Attempting to send response headers for requestID 43
Oct 04, 2022 11:06:57 AM edu.yu.cs.com3800.stage5.GatewayServer$ServerHttpHandler handle
INFO: Response headers should be: 200 1
Oct 04, 2022 11:06:57 AM edu.yu.cs.com3800.stage5.GatewayServer$ServerHttpHandler handle
INFO: Attempting to write response body for requestID: 43
Oct 04, 2022 11:06:57 AM edu.yu.cs.com3800.stage5.GatewayServer$ServerHttpHandler handle
INFO: Response headers should be: 9
Oct 04, 2022 11:06:57 AM edu.yu.cs.com3800.stage5.GatewayServer$ServerHttpHandler handle
INFO: Finished processing requestId: 43
