Oct 04, 2022 11:10:06 AM edu.yu.cs.com3800.LoggingServer fileHandler
INFO: Logging to file begins:
Oct 04, 2022 11:10:06 AM edu.yu.cs.com3800.stage5.GossipThread run
INFO: Received at: Oct 04, 2022 11:10:06
Message Type: GOSSIP
Sender Host: localhost
Sender port: 30050
Receiver Host: localhost
Receiver port: 30040
Request ID: -1
Error Occurred: false
Message Contents: 
Gossip Payload:
	ID:-1 Heartbeat:-1
	ID:1 Heartbeat:-1
	ID:2 Heartbeat:-1
	ID:3 Heartbeat:-1
	ID:4 Heartbeat:-1
	ID:5 Heartbeat:-1
	ID:6 Heartbeat:1
	ID:7 Heartbeat:-1
	ID:8 Heartbeat:-1
	ID:9 Heartbeat:-1
Oct 04, 2022 11:10:09 AM edu.yu.cs.com3800.stage5.GossipThread run
INFO: Received at: Oct 04, 2022 11:10:09
Message Type: GOSSIP
Sender Host: localhost
Sender port: 30080
Receiver Host: localhost
Receiver port: 30040
Request ID: -1
Error Occurred: false
Message Contents: 
Gossip Payload:
	ID:-1 Heartbeat:-1
	ID:1 Heartbeat:-1
	ID:2 Heartbeat:-1
	ID:3 Heartbeat:-1
	ID:4 Heartbeat:-1
	ID:5 Heartbeat:-1
	ID:6 Heartbeat:-1
	ID:7 Heartbeat:-1
	ID:8 Heartbeat:-1
	ID:9 Heartbeat:1
Oct 04, 2022 11:10:12 AM edu.yu.cs.com3800.stage5.GossipThread run
INFO: Received at: Oct 04, 2022 11:10:12
Message Type: GOSSIP
Sender Host: localhost
Sender port: 8890
Receiver Host: localhost
Receiver port: 30040
Request ID: -1
Error Occurred: false
Message Contents: 
Gossip Payload:
	ID:-1 Heartbeat:2
	ID:1 Heartbeat:1
	ID:2 Heartbeat:-1
	ID:3 Heartbeat:-1
	ID:4 Heartbeat:-1
	ID:5 Heartbeat:-1
	ID:6 Heartbeat:-1
	ID:7 Heartbeat:-1
	ID:8 Heartbeat:-1
	ID:9 Heartbeat:-1
Oct 04, 2022 11:10:15 AM edu.yu.cs.com3800.stage5.GossipThread run
INFO: Received at: Oct 04, 2022 11:10:15
Message Type: GOSSIP
Sender Host: localhost
Sender port: 30030
Receiver Host: localhost
Receiver port: 30040
Request ID: -1
Error Occurred: false
Message Contents: 
Gossip Payload:
	ID:-1 Heartbeat:-1
	ID:1 Heartbeat:-1
	ID:2 Heartbeat:-1
	ID:3 Heartbeat:-1
	ID:4 Heartbeat:3
	ID:5 Heartbeat:1
	ID:6 Heartbeat:-1
	ID:7 Heartbeat:2
	ID:8 Heartbeat:-1
	ID:9 Heartbeat:-1
Oct 04, 2022 11:10:18 AM edu.yu.cs.com3800.stage5.GossipThread run
INFO: Received at: Oct 04, 2022 11:10:18
Message Type: GOSSIP
Sender Host: localhost
Sender port: 30010
Receiver Host: localhost
Receiver port: 30040
Request ID: -1
Error Occurred: false
Message Contents: 
Gossip Payload:
	ID:-1 Heartbeat:-1
	ID:1 Heartbeat:-1
	ID:2 Heartbeat:2
	ID:3 Heartbeat:-1
	ID:4 Heartbeat:-1
	ID:5 Heartbeat:-1
	ID:6 Heartbeat:-1
	ID:7 Heartbeat:-1
	ID:8 Heartbeat:-1
	ID:9 Heartbeat:-1
Oct 04, 2022 11:10:27 AM edu.yu.cs.com3800.stage5.GossipThread run
INFO: Received at: Oct 04, 2022 11:10:27
Message Type: GOSSIP
Sender Host: localhost
Sender port: 30020
Receiver Host: localhost
Receiver port: 30040
Request ID: -1
Error Occurred: false
Message Contents: 
Gossip Payload:
	ID:-1 Heartbeat:5
	ID:1 Heartbeat:3
	ID:2 Heartbeat:2
	ID:3 Heartbeat:5
	ID:4 Heartbeat:2
	ID:5 Heartbeat:3
	ID:6 Heartbeat:2
	ID:7 Heartbeat:3
	ID:8 Heartbeat:5
	ID:9 Heartbeat:2
Oct 04, 2022 11:10:30 AM edu.yu.cs.com3800.stage5.GossipThread run
INFO: Received at: Oct 04, 2022 11:10:30
Message Type: GOSSIP
Sender Host: localhost
Sender port: 8890
Receiver Host: localhost
Receiver port: 30040
Request ID: -1
Error Occurred: false
Message Contents: 
Gossip Payload:
	ID:-1 Heartbeat:9
	ID:1 Heartbeat:3
	ID:2 Heartbeat:2
	ID:3 Heartbeat:3
	ID:4 Heartbeat:2
	ID:5 Heartbeat:1
	ID:6 Heartbeat:5
	ID:7 Heartbeat:1
	ID:8 Heartbeat:2
	ID:9 Heartbeat:-1
