Oct 04, 2022 11:03:56 AM edu.yu.cs.com3800.LoggingServer fileHandler
INFO: Logging to file begins:
Oct 04, 2022 11:03:56 AM edu.yu.cs.com3800.stage5.RoundRobinLeader getOldWork
INFO: Getting Old Work
Oct 04, 2022 11:04:13 AM edu.yu.cs.com3800.stage5.RoundRobinLeader getOldWork
FINE: There was old work
Oct 04, 2022 11:04:13 AM edu.yu.cs.com3800.stage5.RoundRobinLeader getOldWork
FINE: Got 58 already completed
Oct 04, 2022 11:04:14 AM edu.yu.cs.com3800.stage5.RoundRobinLeader getOldWork
FINE: There was old work
Oct 04, 2022 11:04:14 AM edu.yu.cs.com3800.stage5.RoundRobinLeader getOldWork
FINE: Got 59 already completed
Oct 04, 2022 11:04:14 AM edu.yu.cs.com3800.stage5.RoundRobinLeader getOldWork
FINE: There was old work
Oct 04, 2022 11:04:14 AM edu.yu.cs.com3800.stage5.RoundRobinLeader getOldWork
FINE: Got 60 already completed
Oct 04, 2022 11:04:16 AM edu.yu.cs.com3800.stage5.RoundRobinLeader getOldWork
FINE: There was old work
Oct 04, 2022 11:04:16 AM edu.yu.cs.com3800.stage5.RoundRobinLeader getOldWork
FINE: Got 56 already completed
Oct 04, 2022 11:04:16 AM edu.yu.cs.com3800.stage5.RoundRobinLeader getOldWork
INFO: Finished getting completed work
Oct 04, 2022 11:04:16 AM edu.yu.cs.com3800.stage5.RoundRobinLeader run
INFO: Got a message from Queue
Oct 04, 2022 11:04:16 AM edu.yu.cs.com3800.stage5.RoundRobinLeader run
INFO: Received WORK from Gateway at localhost/127.0.0.1:8888
Oct 04, 2022 11:04:16 AM edu.yu.cs.com3800.stage5.RoundRobinLeader sendWorkToCluster
INFO: Sending 58 to follower at: localhost/127.0.0.1:30050
Oct 04, 2022 11:04:16 AM edu.yu.cs.com3800.stage5.RoundRobinLeader run
INFO: Got a message from Queue
Oct 04, 2022 11:04:16 AM edu.yu.cs.com3800.stage5.RoundRobinLeader run
INFO: Received WORK from Gateway at localhost/127.0.0.1:8888
Oct 04, 2022 11:04:16 AM edu.yu.cs.com3800.stage5.RoundRobinLeader sendWorkToCluster
INFO: Sending 56 to follower at: localhost/127.0.0.1:30020
Oct 04, 2022 11:04:16 AM edu.yu.cs.com3800.stage5.RoundRobinLeader run
INFO: Got a message from Queue
Oct 04, 2022 11:04:16 AM edu.yu.cs.com3800.stage5.RoundRobinLeader run
INFO: Received WORK from Gateway at localhost/127.0.0.1:8888
Oct 04, 2022 11:04:16 AM edu.yu.cs.com3800.stage5.RoundRobinLeader sendWorkToCluster
INFO: Sending 59 to follower at: localhost/127.0.0.1:30040
Oct 04, 2022 11:04:16 AM edu.yu.cs.com3800.stage5.RoundRobinLeader run
INFO: Got a message from Queue
Oct 04, 2022 11:04:16 AM edu.yu.cs.com3800.stage5.RoundRobinLeader run
INFO: Received WORK from Gateway at localhost/127.0.0.1:8888
Oct 04, 2022 11:04:16 AM edu.yu.cs.com3800.stage5.RoundRobinLeader sendWorkToCluster
INFO: Sending 57 to follower at: localhost/127.0.0.1:30010
Oct 04, 2022 11:04:16 AM edu.yu.cs.com3800.stage5.RoundRobinLeader run
INFO: Got a message from Queue
Oct 04, 2022 11:04:16 AM edu.yu.cs.com3800.stage5.RoundRobinLeader run
INFO: Received WORK from Gateway at localhost/127.0.0.1:8888
Oct 04, 2022 11:04:16 AM edu.yu.cs.com3800.stage5.RoundRobinLeader sendWorkToCluster
INFO: Sending 60 to follower at: localhost/127.0.0.1:30060
Oct 04, 2022 11:04:16 AM edu.yu.cs.com3800.stage5.RoundRobinLeader run
FINEST: No message received, waiting
Oct 04, 2022 11:04:17 AM edu.yu.cs.com3800.stage5.RoundRobinLeader run
FINEST: No message received, waiting
Oct 04, 2022 11:04:17 AM edu.yu.cs.com3800.stage5.RoundRobinLeader run
FINEST: No message received, waiting
Oct 04, 2022 11:04:18 AM edu.yu.cs.com3800.stage5.RoundRobinLeader run
FINEST: No message received, waiting
Oct 04, 2022 11:04:18 AM edu.yu.cs.com3800.stage5.RoundRobinLeader run
FINEST: No message received, waiting
Oct 04, 2022 11:04:18 AM edu.yu.cs.com3800.stage5.RoundRobinLeader run
FINEST: No message received, waiting
Oct 04, 2022 11:04:19 AM edu.yu.cs.com3800.stage5.RoundRobinLeader run
FINEST: No message received, waiting
Oct 04, 2022 11:04:19 AM edu.yu.cs.com3800.stage5.RoundRobinLeader run
FINEST: No message received, waiting
Oct 04, 2022 11:04:20 AM edu.yu.cs.com3800.stage5.RoundRobinLeader run
FINEST: No message received, waiting
Oct 04, 2022 11:04:20 AM edu.yu.cs.com3800.stage5.RoundRobinLeader run
FINEST: No message received, waiting
Oct 04, 2022 11:04:20 AM edu.yu.cs.com3800.stage5.RoundRobinLeader run
FINEST: No message received, waiting
Oct 04, 2022 11:04:21 AM edu.yu.cs.com3800.stage5.RoundRobinLeader run
FINEST: No message received, waiting
Oct 04, 2022 11:04:21 AM edu.yu.cs.com3800.stage5.RoundRobinLeader run
FINEST: No message received, waiting
Oct 04, 2022 11:04:22 AM edu.yu.cs.com3800.stage5.RoundRobinLeader run
FINEST: No message received, waiting
Oct 04, 2022 11:04:22 AM edu.yu.cs.com3800.stage5.RoundRobinLeader run
FINEST: No message received, waiting
Oct 04, 2022 11:04:22 AM edu.yu.cs.com3800.stage5.RoundRobinLeader run
FINEST: No message received, waiting
Oct 04, 2022 11:04:23 AM edu.yu.cs.com3800.stage5.RoundRobinLeader run
FINEST: No message received, waiting
Oct 04, 2022 11:04:23 AM edu.yu.cs.com3800.stage5.RoundRobinLeader run
FINEST: No message received, waiting
Oct 04, 2022 11:04:24 AM edu.yu.cs.com3800.stage5.RoundRobinLeader run
FINEST: No message received, waiting
Oct 04, 2022 11:04:24 AM edu.yu.cs.com3800.stage5.RoundRobinLeader run
FINEST: No message received, waiting
Oct 04, 2022 11:04:24 AM edu.yu.cs.com3800.stage5.RoundRobinLeader run
FINEST: No message received, waiting
Oct 04, 2022 11:04:25 AM edu.yu.cs.com3800.stage5.RoundRobinLeader run
FINEST: No message received, waiting
Oct 04, 2022 11:04:25 AM edu.yu.cs.com3800.stage5.RoundRobinLeader run
FINEST: No message received, waiting
Oct 04, 2022 11:04:26 AM edu.yu.cs.com3800.stage5.RoundRobinLeader run
FINEST: No message received, waiting
Oct 04, 2022 11:04:26 AM edu.yu.cs.com3800.stage5.RoundRobinLeader run
FINEST: No message received, waiting
Oct 04, 2022 11:04:26 AM edu.yu.cs.com3800.stage5.RoundRobinLeader run
FINEST: No message received, waiting
Oct 04, 2022 11:04:27 AM edu.yu.cs.com3800.stage5.RoundRobinLeader run
FINEST: No message received, waiting
Oct 04, 2022 11:04:27 AM edu.yu.cs.com3800.stage5.RoundRobinLeader run
FINEST: No message received, waiting
Oct 04, 2022 11:04:28 AM edu.yu.cs.com3800.stage5.RoundRobinLeader run
FINEST: No message received, waiting
Oct 04, 2022 11:04:28 AM edu.yu.cs.com3800.stage5.RoundRobinLeader run
FINEST: No message received, waiting
Oct 04, 2022 11:04:28 AM edu.yu.cs.com3800.stage5.RoundRobinLeader run
FINEST: No message received, waiting
Oct 04, 2022 11:04:29 AM edu.yu.cs.com3800.stage5.RoundRobinLeader run
FINEST: No message received, waiting
Oct 04, 2022 11:04:29 AM edu.yu.cs.com3800.stage5.RoundRobinLeader run
FINEST: No message received, waiting
Oct 04, 2022 11:04:30 AM edu.yu.cs.com3800.stage5.RoundRobinLeader run
FINEST: No message received, waiting
Oct 04, 2022 11:04:30 AM edu.yu.cs.com3800.stage5.RoundRobinLeader run
FINEST: No message received, waiting
Oct 04, 2022 11:04:30 AM edu.yu.cs.com3800.stage5.RoundRobinLeader run
FINEST: No message received, waiting
Oct 04, 2022 11:04:31 AM edu.yu.cs.com3800.stage5.RoundRobinLeader run
FINEST: No message received, waiting
Oct 04, 2022 11:04:31 AM edu.yu.cs.com3800.stage5.RoundRobinLeader run
FINEST: No message received, waiting
Oct 04, 2022 11:04:32 AM edu.yu.cs.com3800.stage5.RoundRobinLeader run
FINEST: No message received, waiting
Oct 04, 2022 11:04:32 AM edu.yu.cs.com3800.stage5.RoundRobinLeader run
FINEST: No message received, waiting
Oct 04, 2022 11:04:32 AM edu.yu.cs.com3800.stage5.RoundRobinLeader run
FINEST: No message received, waiting
Oct 04, 2022 11:04:33 AM edu.yu.cs.com3800.stage5.RoundRobinLeader run
FINEST: No message received, waiting
Oct 04, 2022 11:04:33 AM edu.yu.cs.com3800.stage5.RoundRobinLeader run
FINEST: No message received, waiting
Oct 04, 2022 11:04:34 AM edu.yu.cs.com3800.stage5.RoundRobinLeader run
FINEST: No message received, waiting
Oct 04, 2022 11:04:34 AM edu.yu.cs.com3800.stage5.RoundRobinLeader run
FINEST: No message received, waiting
Oct 04, 2022 11:04:34 AM edu.yu.cs.com3800.stage5.RoundRobinLeader run
FINEST: No message received, waiting
Oct 04, 2022 11:04:35 AM edu.yu.cs.com3800.stage5.RoundRobinLeader run
FINEST: No message received, waiting
Oct 04, 2022 11:04:35 AM edu.yu.cs.com3800.stage5.RoundRobinLeader run
FINEST: No message received, waiting
Oct 04, 2022 11:04:36 AM edu.yu.cs.com3800.stage5.RoundRobinLeader run
FINEST: No message received, waiting
Oct 04, 2022 11:04:36 AM edu.yu.cs.com3800.stage5.RoundRobinLeader run
FINEST: No message received, waiting
Oct 04, 2022 11:04:36 AM edu.yu.cs.com3800.stage5.RoundRobinLeader run
FINEST: No message received, waiting
Oct 04, 2022 11:04:37 AM edu.yu.cs.com3800.stage5.RoundRobinLeader run
FINEST: No message received, waiting
Oct 04, 2022 11:04:37 AM edu.yu.cs.com3800.stage5.RoundRobinLeader run
FINEST: No message received, waiting
Oct 04, 2022 11:04:38 AM edu.yu.cs.com3800.stage5.RoundRobinLeader run
FINEST: No message received, waiting
Oct 04, 2022 11:04:38 AM edu.yu.cs.com3800.stage5.RoundRobinLeader run
FINEST: No message received, waiting
Oct 04, 2022 11:04:38 AM edu.yu.cs.com3800.stage5.RoundRobinLeader run
FINEST: No message received, waiting
Oct 04, 2022 11:04:39 AM edu.yu.cs.com3800.stage5.RoundRobinLeader run
FINEST: No message received, waiting
Oct 04, 2022 11:04:39 AM edu.yu.cs.com3800.stage5.RoundRobinLeader run
FINEST: No message received, waiting
Oct 04, 2022 11:04:40 AM edu.yu.cs.com3800.stage5.RoundRobinLeader run
FINEST: No message received, waiting
Oct 04, 2022 11:04:40 AM edu.yu.cs.com3800.stage5.RoundRobinLeader run
FINEST: No message received, waiting
Oct 04, 2022 11:04:40 AM edu.yu.cs.com3800.stage5.RoundRobinLeader run
FINEST: No message received, waiting
Oct 04, 2022 11:04:41 AM edu.yu.cs.com3800.stage5.RoundRobinLeader run
FINEST: No message received, waiting
Oct 04, 2022 11:04:41 AM edu.yu.cs.com3800.stage5.RoundRobinLeader run
FINEST: No message received, waiting
Oct 04, 2022 11:04:42 AM edu.yu.cs.com3800.stage5.RoundRobinLeader run
FINEST: No message received, waiting
Oct 04, 2022 11:04:42 AM edu.yu.cs.com3800.stage5.RoundRobinLeader run
FINEST: No message received, waiting
Oct 04, 2022 11:04:42 AM edu.yu.cs.com3800.stage5.RoundRobinLeader run
FINEST: No message received, waiting
Oct 04, 2022 11:04:43 AM edu.yu.cs.com3800.stage5.RoundRobinLeader run
FINEST: No message received, waiting
Oct 04, 2022 11:04:43 AM edu.yu.cs.com3800.stage5.RoundRobinLeader run
FINEST: No message received, waiting
Oct 04, 2022 11:04:44 AM edu.yu.cs.com3800.stage5.RoundRobinLeader run
FINEST: No message received, waiting
Oct 04, 2022 11:04:44 AM edu.yu.cs.com3800.stage5.RoundRobinLeader run
FINEST: No message received, waiting
Oct 04, 2022 11:04:44 AM edu.yu.cs.com3800.stage5.RoundRobinLeader run
FINEST: No message received, waiting
Oct 04, 2022 11:04:45 AM edu.yu.cs.com3800.stage5.RoundRobinLeader run
FINEST: No message received, waiting
Oct 04, 2022 11:04:45 AM edu.yu.cs.com3800.stage5.RoundRobinLeader run
FINEST: No message received, waiting
Oct 04, 2022 11:04:46 AM edu.yu.cs.com3800.stage5.RoundRobinLeader run
FINEST: No message received, waiting
Oct 04, 2022 11:04:46 AM edu.yu.cs.com3800.stage5.RoundRobinLeader run
FINEST: No message received, waiting
Oct 04, 2022 11:04:46 AM edu.yu.cs.com3800.stage5.RoundRobinLeader run
FINEST: No message received, waiting
Oct 04, 2022 11:04:47 AM edu.yu.cs.com3800.stage5.RoundRobinLeader run
FINEST: No message received, waiting
Oct 04, 2022 11:04:47 AM edu.yu.cs.com3800.stage5.RoundRobinLeader run
FINEST: No message received, waiting
Oct 04, 2022 11:04:48 AM edu.yu.cs.com3800.stage5.RoundRobinLeader run
FINEST: No message received, waiting
Oct 04, 2022 11:04:48 AM edu.yu.cs.com3800.stage5.RoundRobinLeader run
FINEST: No message received, waiting
Oct 04, 2022 11:04:48 AM edu.yu.cs.com3800.stage5.RoundRobinLeader run
FINEST: No message received, waiting
Oct 04, 2022 11:04:49 AM edu.yu.cs.com3800.stage5.RoundRobinLeader run
FINEST: No message received, waiting
Oct 04, 2022 11:04:49 AM edu.yu.cs.com3800.stage5.RoundRobinLeader run
FINEST: No message received, waiting
Oct 04, 2022 11:04:50 AM edu.yu.cs.com3800.stage5.RoundRobinLeader run
FINEST: No message received, waiting
Oct 04, 2022 11:04:50 AM edu.yu.cs.com3800.stage5.RoundRobinLeader run
FINEST: No message received, waiting
Oct 04, 2022 11:04:50 AM edu.yu.cs.com3800.stage5.RoundRobinLeader run
FINEST: No message received, waiting
Oct 04, 2022 11:04:51 AM edu.yu.cs.com3800.stage5.RoundRobinLeader run
FINEST: No message received, waiting
Oct 04, 2022 11:04:51 AM edu.yu.cs.com3800.stage5.RoundRobinLeader run
FINEST: No message received, waiting
Oct 04, 2022 11:04:52 AM edu.yu.cs.com3800.stage5.RoundRobinLeader run
FINEST: No message received, waiting
Oct 04, 2022 11:04:52 AM edu.yu.cs.com3800.stage5.RoundRobinLeader run
FINEST: No message received, waiting
Oct 04, 2022 11:04:52 AM edu.yu.cs.com3800.stage5.RoundRobinLeader run
FINEST: No message received, waiting
Oct 04, 2022 11:04:53 AM edu.yu.cs.com3800.stage5.RoundRobinLeader run
FINEST: No message received, waiting
Oct 04, 2022 11:04:53 AM edu.yu.cs.com3800.stage5.RoundRobinLeader run
FINEST: No message received, waiting
Oct 04, 2022 11:04:54 AM edu.yu.cs.com3800.stage5.RoundRobinLeader run
FINEST: No message received, waiting
Oct 04, 2022 11:04:54 AM edu.yu.cs.com3800.stage5.RoundRobinLeader run
FINEST: No message received, waiting
Oct 04, 2022 11:04:54 AM edu.yu.cs.com3800.stage5.RoundRobinLeader run
FINEST: No message received, waiting
Oct 04, 2022 11:04:55 AM edu.yu.cs.com3800.stage5.RoundRobinLeader run
FINEST: No message received, waiting
Oct 04, 2022 11:04:55 AM edu.yu.cs.com3800.stage5.RoundRobinLeader run
FINEST: No message received, waiting
Oct 04, 2022 11:04:56 AM edu.yu.cs.com3800.stage5.RoundRobinLeader run
FINEST: No message received, waiting
Oct 04, 2022 11:04:56 AM edu.yu.cs.com3800.stage5.RoundRobinLeader run
FINEST: No message received, waiting
Oct 04, 2022 11:04:56 AM edu.yu.cs.com3800.stage5.RoundRobinLeader run
FINEST: No message received, waiting
Oct 04, 2022 11:04:57 AM edu.yu.cs.com3800.stage5.RoundRobinLeader run
FINEST: No message received, waiting
Oct 04, 2022 11:04:57 AM edu.yu.cs.com3800.stage5.RoundRobinLeader run
FINEST: No message received, waiting
Oct 04, 2022 11:04:58 AM edu.yu.cs.com3800.stage5.RoundRobinLeader run
FINEST: No message received, waiting
Oct 04, 2022 11:04:58 AM edu.yu.cs.com3800.stage5.RoundRobinLeader run
FINEST: No message received, waiting
Oct 04, 2022 11:04:58 AM edu.yu.cs.com3800.stage5.RoundRobinLeader run
FINEST: No message received, waiting
Oct 04, 2022 11:04:59 AM edu.yu.cs.com3800.stage5.RoundRobinLeader run
FINEST: No message received, waiting
Oct 04, 2022 11:04:59 AM edu.yu.cs.com3800.stage5.RoundRobinLeader run
FINEST: No message received, waiting
Oct 04, 2022 11:05:00 AM edu.yu.cs.com3800.stage5.RoundRobinLeader run
FINEST: No message received, waiting
Oct 04, 2022 11:05:00 AM edu.yu.cs.com3800.stage5.RoundRobinLeader run
FINEST: No message received, waiting
Oct 04, 2022 11:05:00 AM edu.yu.cs.com3800.stage5.RoundRobinLeader run
FINEST: No message received, waiting
Oct 04, 2022 11:05:01 AM edu.yu.cs.com3800.stage5.RoundRobinLeader run
FINEST: No message received, waiting
Oct 04, 2022 11:05:01 AM edu.yu.cs.com3800.stage5.RoundRobinLeader run
FINEST: No message received, waiting
Oct 04, 2022 11:05:02 AM edu.yu.cs.com3800.stage5.RoundRobinLeader run
FINEST: No message received, waiting
Oct 04, 2022 11:05:02 AM edu.yu.cs.com3800.stage5.RoundRobinLeader run
FINEST: No message received, waiting
Oct 04, 2022 11:05:02 AM edu.yu.cs.com3800.stage5.RoundRobinLeader run
FINEST: No message received, waiting
Oct 04, 2022 11:05:03 AM edu.yu.cs.com3800.stage5.RoundRobinLeader run
FINEST: No message received, waiting
Oct 04, 2022 11:05:03 AM edu.yu.cs.com3800.stage5.RoundRobinLeader run
FINEST: No message received, waiting
Oct 04, 2022 11:05:04 AM edu.yu.cs.com3800.stage5.RoundRobinLeader run
FINEST: No message received, waiting
Oct 04, 2022 11:05:04 AM edu.yu.cs.com3800.stage5.RoundRobinLeader run
FINEST: No message received, waiting
Oct 04, 2022 11:05:04 AM edu.yu.cs.com3800.stage5.RoundRobinLeader run
FINEST: No message received, waiting
Oct 04, 2022 11:05:05 AM edu.yu.cs.com3800.stage5.RoundRobinLeader run
FINEST: No message received, waiting
Oct 04, 2022 11:05:05 AM edu.yu.cs.com3800.stage5.RoundRobinLeader run
FINEST: No message received, waiting
Oct 04, 2022 11:05:06 AM edu.yu.cs.com3800.stage5.RoundRobinLeader run
FINEST: No message received, waiting
Oct 04, 2022 11:05:06 AM edu.yu.cs.com3800.stage5.RoundRobinLeader run
FINEST: No message received, waiting
Oct 04, 2022 11:05:06 AM edu.yu.cs.com3800.stage5.RoundRobinLeader run
FINEST: No message received, waiting
Oct 04, 2022 11:05:07 AM edu.yu.cs.com3800.stage5.RoundRobinLeader run
FINEST: No message received, waiting
Oct 04, 2022 11:05:07 AM edu.yu.cs.com3800.stage5.RoundRobinLeader run
FINEST: No message received, waiting
Oct 04, 2022 11:05:08 AM edu.yu.cs.com3800.stage5.RoundRobinLeader run
FINEST: No message received, waiting
Oct 04, 2022 11:05:08 AM edu.yu.cs.com3800.stage5.RoundRobinLeader run
FINEST: No message received, waiting
Oct 04, 2022 11:05:08 AM edu.yu.cs.com3800.stage5.RoundRobinLeader run
FINEST: No message received, waiting
Oct 04, 2022 11:05:09 AM edu.yu.cs.com3800.stage5.RoundRobinLeader run
FINEST: No message received, waiting
Oct 04, 2022 11:05:09 AM edu.yu.cs.com3800.stage5.RoundRobinLeader run
FINEST: No message received, waiting
Oct 04, 2022 11:05:10 AM edu.yu.cs.com3800.stage5.RoundRobinLeader run
FINEST: No message received, waiting
Oct 04, 2022 11:05:10 AM edu.yu.cs.com3800.stage5.RoundRobinLeader run
FINEST: No message received, waiting
Oct 04, 2022 11:05:10 AM edu.yu.cs.com3800.stage5.RoundRobinLeader run
FINEST: No message received, waiting
Oct 04, 2022 11:05:11 AM edu.yu.cs.com3800.stage5.RoundRobinLeader run
FINEST: No message received, waiting
Oct 04, 2022 11:05:11 AM edu.yu.cs.com3800.stage5.RoundRobinLeader run
FINEST: No message received, waiting
Oct 04, 2022 11:05:12 AM edu.yu.cs.com3800.stage5.RoundRobinLeader run
FINEST: No message received, waiting
Oct 04, 2022 11:05:12 AM edu.yu.cs.com3800.stage5.RoundRobinLeader run
FINEST: No message received, waiting
Oct 04, 2022 11:05:12 AM edu.yu.cs.com3800.stage5.RoundRobinLeader run
FINEST: No message received, waiting
Oct 04, 2022 11:05:13 AM edu.yu.cs.com3800.stage5.RoundRobinLeader run
FINEST: No message received, waiting
Oct 04, 2022 11:05:13 AM edu.yu.cs.com3800.stage5.RoundRobinLeader run
FINEST: No message received, waiting
Oct 04, 2022 11:05:14 AM edu.yu.cs.com3800.stage5.RoundRobinLeader run
FINEST: No message received, waiting
Oct 04, 2022 11:05:14 AM edu.yu.cs.com3800.stage5.RoundRobinLeader run
FINEST: No message received, waiting
Oct 04, 2022 11:05:14 AM edu.yu.cs.com3800.stage5.RoundRobinLeader run
FINEST: No message received, waiting
Oct 04, 2022 11:05:15 AM edu.yu.cs.com3800.stage5.RoundRobinLeader run
FINEST: No message received, waiting
Oct 04, 2022 11:05:15 AM edu.yu.cs.com3800.stage5.RoundRobinLeader run
FINEST: No message received, waiting
Oct 04, 2022 11:05:16 AM edu.yu.cs.com3800.stage5.RoundRobinLeader run
FINEST: No message received, waiting
Oct 04, 2022 11:05:16 AM edu.yu.cs.com3800.stage5.RoundRobinLeader run
FINEST: No message received, waiting
Oct 04, 2022 11:05:16 AM edu.yu.cs.com3800.stage5.RoundRobinLeader run
FINEST: No message received, waiting
Oct 04, 2022 11:05:17 AM edu.yu.cs.com3800.stage5.RoundRobinLeader run
FINEST: No message received, waiting
Oct 04, 2022 11:05:17 AM edu.yu.cs.com3800.stage5.RoundRobinLeader run
FINEST: No message received, waiting
Oct 04, 2022 11:05:18 AM edu.yu.cs.com3800.stage5.RoundRobinLeader run
FINEST: No message received, waiting
Oct 04, 2022 11:05:18 AM edu.yu.cs.com3800.stage5.RoundRobinLeader run
FINEST: No message received, waiting
Oct 04, 2022 11:05:18 AM edu.yu.cs.com3800.stage5.RoundRobinLeader run
FINEST: No message received, waiting
Oct 04, 2022 11:05:19 AM edu.yu.cs.com3800.stage5.RoundRobinLeader run
FINEST: No message received, waiting
Oct 04, 2022 11:05:19 AM edu.yu.cs.com3800.stage5.RoundRobinLeader run
FINEST: No message received, waiting
Oct 04, 2022 11:05:20 AM edu.yu.cs.com3800.stage5.RoundRobinLeader run
FINEST: No message received, waiting
Oct 04, 2022 11:05:20 AM edu.yu.cs.com3800.stage5.RoundRobinLeader run
FINEST: No message received, waiting
Oct 04, 2022 11:05:20 AM edu.yu.cs.com3800.stage5.RoundRobinLeader run
FINEST: No message received, waiting
Oct 04, 2022 11:05:21 AM edu.yu.cs.com3800.stage5.RoundRobinLeader run
FINEST: No message received, waiting
Oct 04, 2022 11:05:21 AM edu.yu.cs.com3800.stage5.RoundRobinLeader run
FINEST: No message received, waiting
Oct 04, 2022 11:05:22 AM edu.yu.cs.com3800.stage5.RoundRobinLeader run
FINEST: No message received, waiting
Oct 04, 2022 11:05:22 AM edu.yu.cs.com3800.stage5.RoundRobinLeader run
FINEST: No message received, waiting
Oct 04, 2022 11:05:22 AM edu.yu.cs.com3800.stage5.RoundRobinLeader run
FINEST: No message received, waiting
Oct 04, 2022 11:05:23 AM edu.yu.cs.com3800.stage5.RoundRobinLeader run
FINEST: No message received, waiting
Oct 04, 2022 11:05:23 AM edu.yu.cs.com3800.stage5.RoundRobinLeader run
FINEST: No message received, waiting
Oct 04, 2022 11:05:24 AM edu.yu.cs.com3800.stage5.RoundRobinLeader run
FINEST: No message received, waiting
Oct 04, 2022 11:05:24 AM edu.yu.cs.com3800.stage5.RoundRobinLeader run
FINEST: No message received, waiting
Oct 04, 2022 11:05:24 AM edu.yu.cs.com3800.stage5.RoundRobinLeader run
FINEST: No message received, waiting
Oct 04, 2022 11:05:25 AM edu.yu.cs.com3800.stage5.RoundRobinLeader run
FINEST: No message received, waiting
Oct 04, 2022 11:05:25 AM edu.yu.cs.com3800.stage5.RoundRobinLeader run
FINEST: No message received, waiting
Oct 04, 2022 11:05:26 AM edu.yu.cs.com3800.stage5.RoundRobinLeader run
FINEST: No message received, waiting
Oct 04, 2022 11:05:26 AM edu.yu.cs.com3800.stage5.RoundRobinLeader run
FINEST: No message received, waiting
Oct 04, 2022 11:05:26 AM edu.yu.cs.com3800.stage5.RoundRobinLeader run
FINEST: No message received, waiting
Oct 04, 2022 11:05:27 AM edu.yu.cs.com3800.stage5.RoundRobinLeader run
FINEST: No message received, waiting
Oct 04, 2022 11:05:27 AM edu.yu.cs.com3800.stage5.RoundRobinLeader run
FINEST: No message received, waiting
Oct 04, 2022 11:05:28 AM edu.yu.cs.com3800.stage5.RoundRobinLeader run
FINEST: No message received, waiting
Oct 04, 2022 11:05:28 AM edu.yu.cs.com3800.stage5.RoundRobinLeader run
FINEST: No message received, waiting
Oct 04, 2022 11:05:28 AM edu.yu.cs.com3800.stage5.RoundRobinLeader run
FINEST: No message received, waiting
Oct 04, 2022 11:05:29 AM edu.yu.cs.com3800.stage5.RoundRobinLeader run
FINEST: No message received, waiting
Oct 04, 2022 11:05:29 AM edu.yu.cs.com3800.stage5.RoundRobinLeader run
FINEST: No message received, waiting
Oct 04, 2022 11:05:30 AM edu.yu.cs.com3800.stage5.RoundRobinLeader run
FINEST: No message received, waiting
Oct 04, 2022 11:05:30 AM edu.yu.cs.com3800.stage5.RoundRobinLeader run
FINEST: No message received, waiting
Oct 04, 2022 11:05:30 AM edu.yu.cs.com3800.stage5.RoundRobinLeader run
FINEST: No message received, waiting
Oct 04, 2022 11:05:31 AM edu.yu.cs.com3800.stage5.RoundRobinLeader run
FINEST: No message received, waiting
Oct 04, 2022 11:05:31 AM edu.yu.cs.com3800.stage5.RoundRobinLeader run
FINEST: No message received, waiting
Oct 04, 2022 11:05:32 AM edu.yu.cs.com3800.stage5.RoundRobinLeader run
FINEST: No message received, waiting
Oct 04, 2022 11:05:32 AM edu.yu.cs.com3800.stage5.RoundRobinLeader run
FINEST: No message received, waiting
Oct 04, 2022 11:05:32 AM edu.yu.cs.com3800.stage5.RoundRobinLeader run
FINEST: No message received, waiting
Oct 04, 2022 11:05:33 AM edu.yu.cs.com3800.stage5.RoundRobinLeader run
FINEST: No message received, waiting
