Oct 04, 2022 11:05:48 AM edu.yu.cs.com3800.LoggingServer fileHandler
INFO: Logging to file begins:
Oct 04, 2022 11:05:48 AM edu.yu.cs.com3800.stage5.GatewayServer$ServerHttpHandler handle
INFO: Server received request on /compileandrun from port 33862
Oct 04, 2022 11:05:48 AM edu.yu.cs.com3800.stage5.GatewayServer$ServerHttpHandler handle
INFO: Request body: package edu.yu.cs.fall2019.com3800.stage1;

public class HelloWorld
{
    public String run()
    {
        return Thread.currentThread().getName();
    }
}

Oct 04, 2022 11:05:48 AM edu.yu.cs.com3800.stage5.GatewayServer$ServerHttpHandler handle
INFO: leader is localhost/127.0.0.1:30080
Oct 04, 2022 11:05:48 AM edu.yu.cs.com3800.stage5.GatewayServer$ServerHttpHandler sendAndGetResponse
INFO: Waiting for leader
Oct 04, 2022 11:05:48 AM edu.yu.cs.com3800.stage5.GatewayServer$ServerHttpHandler sendAndGetResponse
INFO: Leader found localhost/127.0.0.1:30080
Oct 04, 2022 11:05:48 AM edu.yu.cs.com3800.stage5.GatewayServer$ServerHttpHandler sendAndGetResponse
INFO: assigned request ID of 1
Oct 04, 2022 11:05:48 AM edu.yu.cs.com3800.stage5.GatewayServer$ServerHttpHandler sendAndGetResponse
INFO: Attempting to read leader response for requestID 1
Oct 04, 2022 11:06:50 AM edu.yu.cs.com3800.stage5.GatewayServer$ServerHttpHandler handle
INFO: Got response for 1
Oct 04, 2022 11:06:50 AM edu.yu.cs.com3800.stage5.GatewayServer$ServerHttpHandler handle
INFO: Attempting to send response headers for requestID 1
Oct 04, 2022 11:06:50 AM edu.yu.cs.com3800.stage5.GatewayServer$ServerHttpHandler handle
INFO: Response headers should be: 200 10
Oct 04, 2022 11:06:50 AM edu.yu.cs.com3800.stage5.GatewayServer$ServerHttpHandler handle
INFO: Attempting to write response body for requestID: 1
Oct 04, 2022 11:06:50 AM edu.yu.cs.com3800.stage5.GatewayServer$ServerHttpHandler handle
INFO: Response headers should be: 4 Follower
Oct 04, 2022 11:06:50 AM edu.yu.cs.com3800.stage5.GatewayServer$ServerHttpHandler handle
INFO: Finished processing requestId: 1
Oct 04, 2022 11:06:51 AM edu.yu.cs.com3800.stage5.GatewayServer$ServerHttpHandler handle
INFO: Server received request on /compileandrun from port 33986
Oct 04, 2022 11:06:51 AM edu.yu.cs.com3800.stage5.GatewayServer$ServerHttpHandler handle
INFO: Request body: package edu.yu.cs.fall2019.com3800.stage1;

public class HelloWorld
{
    public String run()
    {
        return Thread.currentThread().getName();
    }
}

Oct 04, 2022 11:06:51 AM edu.yu.cs.com3800.stage5.GatewayServer$ServerHttpHandler handle
INFO: leader is localhost/127.0.0.1:30080
Oct 04, 2022 11:06:51 AM edu.yu.cs.com3800.stage5.GatewayServer$ServerHttpHandler sendAndGetResponse
INFO: Waiting for leader
Oct 04, 2022 11:06:51 AM edu.yu.cs.com3800.stage5.GatewayServer$ServerHttpHandler sendAndGetResponse
INFO: Leader found localhost/127.0.0.1:30080
Oct 04, 2022 11:06:51 AM edu.yu.cs.com3800.stage5.GatewayServer$ServerHttpHandler sendAndGetResponse
INFO: assigned request ID of 17
Oct 04, 2022 11:06:51 AM edu.yu.cs.com3800.stage5.GatewayServer$ServerHttpHandler sendAndGetResponse
INFO: Attempting to read leader response for requestID 17
Oct 04, 2022 11:06:52 AM edu.yu.cs.com3800.stage5.GatewayServer$ServerHttpHandler handle
INFO: Got response for 17
Oct 04, 2022 11:06:52 AM edu.yu.cs.com3800.stage5.GatewayServer$ServerHttpHandler handle
INFO: Attempting to send response headers for requestID 17
Oct 04, 2022 11:06:52 AM edu.yu.cs.com3800.stage5.GatewayServer$ServerHttpHandler handle
INFO: Response headers should be: 200 10
Oct 04, 2022 11:06:52 AM edu.yu.cs.com3800.stage5.GatewayServer$ServerHttpHandler handle
INFO: Attempting to write response body for requestID: 17
Oct 04, 2022 11:06:52 AM edu.yu.cs.com3800.stage5.GatewayServer$ServerHttpHandler handle
INFO: Response headers should be: 8 Follower
Oct 04, 2022 11:06:52 AM edu.yu.cs.com3800.stage5.GatewayServer$ServerHttpHandler handle
INFO: Finished processing requestId: 17
Oct 04, 2022 11:06:56 AM edu.yu.cs.com3800.stage5.GatewayServer$ServerHttpHandler handle
INFO: Server received request on /compileandrun from port 34114
Oct 04, 2022 11:06:56 AM edu.yu.cs.com3800.stage5.GatewayServer$ServerHttpHandler handle
INFO: Request body: package edu.yu.cs.fall2019.com3800.stage1;

public class HelloWorld
{
    public String run()
    {
        return "14";
    }
}

Oct 04, 2022 11:06:56 AM edu.yu.cs.com3800.stage5.GatewayServer$ServerHttpHandler handle
INFO: leader is localhost/127.0.0.1:30080
Oct 04, 2022 11:06:56 AM edu.yu.cs.com3800.stage5.GatewayServer$ServerHttpHandler sendAndGetResponse
INFO: Waiting for leader
Oct 04, 2022 11:06:56 AM edu.yu.cs.com3800.stage5.GatewayServer$ServerHttpHandler sendAndGetResponse
INFO: Leader found localhost/127.0.0.1:30080
Oct 04, 2022 11:06:56 AM edu.yu.cs.com3800.stage5.GatewayServer$ServerHttpHandler sendAndGetResponse
INFO: assigned request ID of 47
Oct 04, 2022 11:06:56 AM edu.yu.cs.com3800.stage5.GatewayServer$ServerHttpHandler sendAndGetResponse
INFO: Attempting to read leader response for requestID 47
Oct 04, 2022 11:06:58 AM edu.yu.cs.com3800.stage5.GatewayServer$ServerHttpHandler handle
INFO: Got response for 47
Oct 04, 2022 11:06:58 AM edu.yu.cs.com3800.stage5.GatewayServer$ServerHttpHandler handle
INFO: Attempting to send response headers for requestID 47
Oct 04, 2022 11:06:58 AM edu.yu.cs.com3800.stage5.GatewayServer$ServerHttpHandler handle
INFO: Response headers should be: 200 2
Oct 04, 2022 11:06:58 AM edu.yu.cs.com3800.stage5.GatewayServer$ServerHttpHandler handle
INFO: Attempting to write response body for requestID: 47
Oct 04, 2022 11:06:58 AM edu.yu.cs.com3800.stage5.GatewayServer$ServerHttpHandler handle
INFO: Response headers should be: 14
Oct 04, 2022 11:06:58 AM edu.yu.cs.com3800.stage5.GatewayServer$ServerHttpHandler handle
INFO: Finished processing requestId: 47
Oct 04, 2022 11:06:58 AM edu.yu.cs.com3800.stage5.GatewayServer$ServerHttpHandler handle
INFO: Server received request on /compileandrun from port 34066
Oct 04, 2022 11:06:58 AM edu.yu.cs.com3800.stage5.GatewayServer$ServerHttpHandler handle
INFO: Request body: public class HelloWorld { 
 public HelloWorld(){
}
public String run(){
return "happyShortMultiLine"
}
}
Oct 04, 2022 11:06:58 AM edu.yu.cs.com3800.stage5.GatewayServer$ServerHttpHandler handle
INFO: leader is localhost/127.0.0.1:30080
Oct 04, 2022 11:06:58 AM edu.yu.cs.com3800.stage5.GatewayServer$ServerHttpHandler sendAndGetResponse
INFO: Waiting for leader
Oct 04, 2022 11:06:58 AM edu.yu.cs.com3800.stage5.GatewayServer$ServerHttpHandler sendAndGetResponse
INFO: Leader found localhost/127.0.0.1:30080
Oct 04, 2022 11:06:58 AM edu.yu.cs.com3800.stage5.GatewayServer$ServerHttpHandler sendAndGetResponse
INFO: assigned request ID of 48
Oct 04, 2022 11:06:58 AM edu.yu.cs.com3800.stage5.GatewayServer$ServerHttpHandler sendAndGetResponse
INFO: Attempting to read leader response for requestID 48
Oct 04, 2022 11:06:59 AM edu.yu.cs.com3800.stage5.GatewayServer$ServerHttpHandler handle
INFO: Got response for 48
Oct 04, 2022 11:06:59 AM edu.yu.cs.com3800.stage5.GatewayServer$ServerHttpHandler handle
INFO: Attempting to send response headers for requestID 48
Oct 04, 2022 11:06:59 AM edu.yu.cs.com3800.stage5.GatewayServer$ServerHttpHandler handle
INFO: Response headers should be: 400 466
Oct 04, 2022 11:06:59 AM edu.yu.cs.com3800.stage5.GatewayServer$ServerHttpHandler handle
INFO: Attempting to write response body for requestID: 48
Oct 04, 2022 11:06:59 AM edu.yu.cs.com3800.stage5.GatewayServer$ServerHttpHandler handle
INFO: Response headers should be: Code did not compile:
Error on line 5, column 29 in string:///HelloWorld.java

java.lang.IllegalArgumentException: Code did not compile:
Error on line 5, column 29 in string:///HelloWorld.java

	at edu.yu.cs.com3800.JavaRunner.compileFromString(JavaRunner.java:104)
	at edu.yu.cs.com3800.JavaRunner.compileAndRun(JavaRunner.java:78)
	at edu.yu.cs.com3800.stage5.JavaRunnerFollower.run(JavaRunnerFollower.java:103)
	at java.base/java.lang.Thread.run(Thread.java:829)

Oct 04, 2022 11:06:59 AM edu.yu.cs.com3800.stage5.GatewayServer$ServerHttpHandler handle
INFO: Finished processing requestId: 48
Oct 04, 2022 11:07:00 AM edu.yu.cs.com3800.stage5.GatewayServer$ServerHttpHandler handle
INFO: Server received request on /compileandrun from port 34066
Oct 04, 2022 11:07:00 AM edu.yu.cs.com3800.stage5.GatewayServer$ServerHttpHandler handle
INFO: Request body: public class HelloWorld { 
 public HelloWorld(){
}
public String run(){
return "happyShortMultiLine";
}
}
Oct 04, 2022 11:07:00 AM edu.yu.cs.com3800.stage5.GatewayServer$ServerHttpHandler handle
INFO: leader is localhost/127.0.0.1:30080
Oct 04, 2022 11:07:00 AM edu.yu.cs.com3800.stage5.GatewayServer$ServerHttpHandler sendAndGetResponse
INFO: Waiting for leader
Oct 04, 2022 11:07:00 AM edu.yu.cs.com3800.stage5.GatewayServer$ServerHttpHandler sendAndGetResponse
INFO: Leader found localhost/127.0.0.1:30080
Oct 04, 2022 11:07:00 AM edu.yu.cs.com3800.stage5.GatewayServer$ServerHttpHandler sendAndGetResponse
INFO: assigned request ID of 49
Oct 04, 2022 11:07:00 AM edu.yu.cs.com3800.stage5.GatewayServer$ServerHttpHandler sendAndGetResponse
INFO: Attempting to read leader response for requestID 49
Oct 04, 2022 11:07:01 AM edu.yu.cs.com3800.stage5.GatewayServer$ServerHttpHandler handle
INFO: Got response for 49
Oct 04, 2022 11:07:01 AM edu.yu.cs.com3800.stage5.GatewayServer$ServerHttpHandler handle
INFO: Attempting to send response headers for requestID 49
Oct 04, 2022 11:07:01 AM edu.yu.cs.com3800.stage5.GatewayServer$ServerHttpHandler handle
INFO: Response headers should be: 200 19
Oct 04, 2022 11:07:01 AM edu.yu.cs.com3800.stage5.GatewayServer$ServerHttpHandler handle
INFO: Attempting to write response body for requestID: 49
Oct 04, 2022 11:07:01 AM edu.yu.cs.com3800.stage5.GatewayServer$ServerHttpHandler handle
INFO: Response headers should be: happyShortMultiLine
Oct 04, 2022 11:07:01 AM edu.yu.cs.com3800.stage5.GatewayServer$ServerHttpHandler handle
INFO: Finished processing requestId: 49
Oct 04, 2022 11:07:01 AM edu.yu.cs.com3800.stage5.GatewayServer$ServerHttpHandler handle
INFO: Server received request on /compileandrun from port 34066
Oct 04, 2022 11:07:01 AM edu.yu.cs.com3800.stage5.GatewayServer$ServerHttpHandler handle
INFO: Request body: public class HelloWorld { 
 public HelloWorld(){
}
public String run(){
return "happyShortMultiLine";
}
}
//1234567890
//1234567890
//1234567890
//1234567890
//1234567890
//1234567890
//1234567890
//1234567890
//1234567890
//1234567890
//1234567890
//1234567890
//1234567890
//1234567890
//1234567890
//1234567890
//1234567890
//1234567890
//1234567890
//1234567890
//1234567890
//1234567890
//1234567890
//1234567890
//1234567890
//1234567890
//1234567890
//1234567890
//1234567890
//1234567890
//1234567890
//1234567890
//1234567890
//1234567890
//1234567890
//1234567890
//1234567890
//1234567890
//1234567890
//1234567890
//1234567890
//1234567890
//1234567890
//1234567890
//1234567890
//1234567890
//1234567890
//1234567890
//1234567890
//1234567890
//1234567890
//1234567890
//1234567890
//1234567890
//1234567890
//1234567890
//1234567890
//1234567890
//1234567890
//1234567890
//1234567890
//1234567890
//1234567890
//1234567890
//1234567890
//1234567890
//1234567890
//1234567890
//1234567890
//1234567890
//1234567890
//1234567890
//1234567890
//1234567890
//1234567890
//1234567890
//1234567890
//1234567890
//1234567890
//1234567890
//1234567890
//1234567890
//1234567890
//1234567890
//1234567890
//1234567890
//1234567890
//1234567890
//1234567890
//1234567890
//1234567890
//1234567890
//1234567890
//1234567890
//1234567890
//1234567890
//1234567890
//1234567890
//1234567890
//1234567890
//1234567890
//1234567890
//1234567890
//1234567890
//1234567890
//1234567890
//1234567890
//1234567890
//1234567890
//1234567890
//1234567890
//1234567890
//1234567890
//1234567890
//1234567890
//1234567890
//1234567890
//1234567890
//1234567890
//1234567890
//1234567890
//1234567890
//1234567890
//1234567890
//1234567890
//1234567890
//1234567890
//1234567890
//1234567890
//1234567890
//1234567890
//1234567890
//1234567890
//1234567890
//1234567890
//1234567890
//1234567890
//1234567890
//1234567890
//1234567890
//1234567890
//1234567890
//1234567890
//1234567890
//1234567890
//1234567890
//1234567890
//1234567890
//1234567890
//1234567890
//1234567890
//1234567890
//1234567890
//1234567890
//1234567890
//1234567890
//1234567890
//1234567890
//1234567890
//1234567890
//1234567890
//1234567890
//1234567890
//1234567890
//1234567890
//1234567890
//1234567890
//1234567890
//1234567890
//1234567890
//1234567890
//1234567890
//1234567890
//1234567890
//1234567890
//1234567890
//1234567890
//1234567890
//1234567890
//1234567890
//1234567890
//1234567890
//1234567890
//1234567890
//1234567890
//1234567890
//1234567890
//1234567890
//1234567890
//1234567890
//1234567890
//1234567890
//1234567890
//1234567890
//1234567890
//1234567890
//1234567890
//1234567890
//1234567890
//1234567890
//1234567890
//1234567890
//1234567890
//1234567890
//1234567890
//1234567890
//1234567890
//1234567890
//1234567890
//1234567890
//1234567890
//1234567890
//1234567890
//1234567890
//1234567890
//1234567890
//1234567890
//1234567890
//1234567890
//1234567890
//1234567890
//1234567890
//1234567890
//1234567890
//1234567890
//1234567890
//1234567890
//1234567890
//1234567890
//1234567890
//1234567890
//1234567890
//1234567890
//1234567890
//1234567890
//1234567890
//1234567890
//1234567890
//1234567890
//1234567890
//1234567890
//1234567890
//1234567890
//1234567890
//1234567890
//1234567890
//1234567890
//1234567890
//1234567890
//1234567890
//1234567890
//1234567890
//1234567890
//1234567890
//1234567890
//1234567890
//1234567890
//1234567890
//1234567890
//1234567890
//1234567890
//1234567890
//1234567890
//1234567890
//1234567890
//1234567890
//1234567890
//1234567890
//1234567890
//1234567890
//1234567890
//1234567890
//1234567890
//1234567890
//1234567890
//1234567890
//1234567890
//1234567890
//1234567890
//1234567890
//1234567890
//1234567890
//1234567890
//1234567890
//1234567890
//1234567890
//1234567890
//1234567890
//1234567890
//1234567890
//1234567890
//1234567890
//1234567890
//1234567890
//1234567890
//1234567890
//1234567890
//1234567890
//1234567890
//1234567890
//1234567890
//1234567890
//1234567890
//1234567890
//1234567890
//1234567890
//1234567890
//1234567890
//1234567890
//1234567890
//1234567890
//1234567890
//1234567890
//1234567890
//1234567890
//1234567890
//1234567890
//1234567890
//1234567890
//1234567890
//1234567890
//1234567890
//1234567890
//1234567890
//1234567890
//1234567890
//1234567890
//1234567890
//1234567890
//1234567890
//1234567890
//1234567890
//1234567890
//1234567890
//1234567890
//1234567890
//1234567890
//1234567890
//1234567890
//1234567890
//1234567890
//1234567890
//1234567890
//1234567890
//1234567890
//1234567890
//1234567890
//1234567890
//1234567890
//1234567890
//1234567890
//1234567890
//1234567890
//1234567890
//1234567890
//1234567890
//1234567890
//1234567890
//1234567890
//1234567890
//1234567890
//1234567890
//1234567890
//1234567890
//1234567890
//1234567890
//1234567890
//1234567890
//1234567890
//1234567890
//1234567890
//1234567890
//1234567890
//1234567890
//1234567890
//1234567890
//1234567890
//1234567890
//1234567890
//1234567890
//1234567890
//1234567890
//1234567890
//1234567890
//1234567890
//1234567890
//1234567890
//1234567890
//1234567890
//1234567890
//1234567890
//1234567890
//1234567890
//1234567890
//1234567890
//1234567890
//1234567890
//1234567890
//1234567890
//1234567890
//1234567890
//1234567890
//1234567890
//1234567890
//1234567890
//1234567890
//1234567890
//1234567890
//1234567890
//1234567890
//1234567890
//1234567890
//1234567890
//1234567890
//1234567890
//1234567890
//1234567890
//1234567890
//1234567890
//1234567890
//1234567890
//1234567890
//1234567890
//1234567890
//1234567890
//1234567890
//1234567890
//1234567890
//1234567890
//1234567890
//1234567890
//1234567890
//1234567890
//1234567890
//1234567890
//1234567890
//1234567890
//1234567890
//1234567890
//1234567890
//1234567890
//1234567890
//1234567890
//1234567890
//1234567890
//1234567890
//1234567890
//1234567890
//1234567890
//1234567890
//1234567890
//1234567890
//1234567890
//1234567890
//1234567890
//1234567890
//1234567890
//1234567890
//1234567890
//1234567890
//1234567890
//1234567890
//1234567890
//1234567890
//1234567890
//1234567890
//1234567890
//1234567890
//1234567890
//1234567890
//1234567890
//1234567890
//1234567890
//1234567890
//1234567890
//1234567890
//1234567890
//1234567890
//1234567890
//1234567890
//1234567890
//1234567890
//1234567890
//1234567890
//1234567890
//1234567890
//1234567890
//1234567890
//1234567890
//1234567890
//1234567890
//1234567890
//1234567890
//1234567890
//1234567890
//1234567890
//1234567890
//1234567890
//1234567890
//1234567890
//1234567890
//1234567890
//1234567890
//1234567890
//1234567890
//1234567890
//1234567890
//1234567890
//1234567890
//1234567890
//1234567890
//1234567890
//1234567890
//1234567890
//1234567890
//1234567890
//1234567890
//1234567890
//1234567890
//1234567890
//1234567890
//1234567890
//1234567890
//1234567890
//1234567890
//1234567890
//1234567890
//1234567890
//1234567890
//1234567890
//1234567890
//1234567890
//1234567890
//1234567890
//1234567890
//1234567890
//1234567890
//1234567890
//1234567890
//1234567890
//1234567890
//1234567890
//1234567890
//1234567890
//1234567890
//1234567890
//1234567890
//1234567890
//1234567890
//1234567890
//1234567890
//1234567890
//1234567890
//1234567890
//1234567890
//1234567890
//1234567890
//1234567890
//1234567890
//1234567890
//1234567890
//1234567890
//1234567890
//1234567890
//1234567890
//1234567890
//1234567890
//1234567890
//1234567890
//1234567890
//1234567890
//1234567890
//1234567890
//1234567890
//1234567890
//1234567890
//1234567890
//1234567890
//1234567890
//1234567890
//1234567890
//1234567890
//1234567890
//1234567890
//1234567890
//1234567890
//1234567890
//1234567890
//1234567890
//1234567890
//1234567890
//1234567890
//1234567890
//1234567890
//1234567890
//1234567890
//1234567890
//1234567890
//1234567890
//1234567890
//1234567890
//1234567890
//1234567890
//1234567890
//1234567890
//1234567890
//1234567890
//1234567890
//1234567890
//1234567890
//1234567890
//1234567890
//1234567890
//1234567890
//1234567890
//1234567890
//1234567890
//1234567890
//1234567890
//1234567890
//1234567890
//1234567890
//1234567890
//1234567890
//1234567890
//1234567890
//1234567890
//1234567890
//1234567890
//1234567890
//1234567890
//1234567890
//1234567890
//1234567890
//1234567890
//1234567890
//1234567890
//1234567890
//1234567890
//1234567890
//1234567890
//1234567890
//1234567890
//1234567890
//1234567890
//1234567890
//1234567890
//1234567890
//1234567890
//1234567890
//1234567890
//1234567890
//1234567890
//1234567890
//1234567890
//1234567890
//1234567890
//1234567890
//1234567890
//1234567890
//1234567890
//1234567890
//1234567890
//1234567890
//1234567890
//1234567890
//1234567890
//1234567890
//1234567890
//1234567890
//1234567890
//1234567890
//1234567890
//1234567890
//1234567890
//1234567890
//1234567890
//1234567890
//1234567890
//1234567890
//1234567890
//1234567890
//1234567890
//1234567890
//1234567890
//1234567890
//1234567890
//1234567890
//1234567890
//1234567890
//1234567890
//1234567890
//1234567890
//1234567890
//1234567890
//1234567890
//1234567890
//1234567890
//1234567890
//1234567890
//1234567890
//1234567890
//1234567890
//1234567890
//1234567890
//1234567890
//1234567890
//1234567890
//1234567890
//1234567890
//1234567890
//1234567890
//1234567890
//1234567890
//1234567890
//1234567890
//1234567890
//1234567890
//1234567890
//1234567890
//1234567890
//1234567890
//1234567890
//1234567890
//1234567890
//1234567890
//1234567890
//1234567890
//1234567890
//1234567890
//1234567890
//1234567890
//1234567890
//1234567890
//1234567890
//1234567890
//1234567890
//1234567890
//1234567890
//1234567890
//1234567890
//1234567890
//1234567890
//1234567890
//1234567890
//1234567890
//1234567890
//1234567890
//1234567890
//1234567890
//1234567890
//1234567890
//1234567890
//1234567890
//1234567890
//1234567890
//1234567890
//1234567890
//1234567890
//1234567890
//1234567890
//1234567890
//1234567890
//1234567890
//1234567890
//1234567890
//1234567890
//1234567890
//1234567890
//1234567890
//1234567890
//1234567890
//1234567890
//1234567890
//1234567890
//1234567890
//1234567890
//1234567890
//1234567890
//1234567890
//1234567890
//1234567890
//1234567890
//1234567890
//1234567890
//1234567890
//1234567890
//1234567890
//1234567890
//1234567890
//1234567890
//1234567890
//1234567890
//1234567890
//1234567890
//1234567890
//1234567890
//1234567890
//1234567890
//1234567890
//1234567890
//1234567890
//1234567890
//1234567890
//1234567890
//1234567890
//1234567890
//1234567890
//1234567890
//1234567890
//1234567890
//1234567890
//1234567890
//1234567890
//1234567890
//1234567890
//1234567890
//1234567890
//1234567890
//1234567890
//1234567890
//1234567890
//1234567890
//1234567890
//1234567890
//1234567890
//1234567890
//1234567890
//1234567890
//1234567890
//1234567890
//1234567890
//1234567890
//1234567890
//1234567890
//1234567890
//1234567890
//1234567890
//1234567890
//1234567890
//1234567890
//1234567890
//1234567890
//1234567890
//1234567890
//1234567890
//1234567890
//1234567890
//1234567890
//1234567890
//1234567890
//1234567890
//1234567890
//1234567890
//1234567890
//1234567890
//1234567890
//1234567890
//1234567890
//1234567890
//1234567890
//1234567890
//1234567890
//1234567890
//1234567890
//1234567890
//1234567890
//1234567890
//1234567890
//1234567890
//1234567890
//1234567890
//1234567890
//1234567890
//1234567890
//1234567890
//1234567890
//1234567890
//1234567890
//1234567890
//1234567890
//1234567890
//1234567890
//1234567890
//1234567890
//1234567890
//1234567890
//1234567890
//1234567890
//1234567890
//1234567890
//1234567890
//1234567890
//1234567890
//1234567890
//1234567890
//1234567890
//1234567890
//1234567890
//1234567890
//1234567890
//1234567890
//1234567890
//1234567890
//1234567890
//1234567890
//1234567890
//1234567890
//1234567890
//1234567890
//1234567890
//1234567890
//1234567890
//1234567890
//1234567890
//1234567890
//1234567890
//1234567890
//1234567890
//1234567890
//1234567890
//1234567890
//1234567890
//1234567890
//1234567890
//1234567890
//1234567890
//1234567890
//1234567890
//1234567890
//1234567890
//1234567890
//1234567890
//1234567890
//1234567890
//1234567890
//1234567890
//1234567890
//1234567890
//1234567890
//1234567890
//1234567890
//1234567890
//1234567890
//1234567890
//1234567890
//1234567890
//1234567890
//1234567890
//1234567890
//1234567890
//1234567890
//1234567890
//1234567890
//1234567890
//1234567890
//1234567890
//1234567890
//1234567890
//1234567890
//1234567890
//1234567890
//1234567890
//1234567890
//1234567890
//1234567890
//1234567890
//1234567890
//1234567890
//1234567890
//1234567890
//1234567890
//1234567890
//1234567890
//1234567890
//1234567890
//1234567890
//1234567890
//1234567890
//1234567890
//1234567890
//1234567890
//1234567890
//1234567890
//1234567890
//1234567890
//1234567890
//1234567890
//1234567890
//1234567890
//1234567890
//1234567890
//1234567890
//1234567890
//1234567890
//1234567890
//1234567890
//1234567890
//1234567890
//1234567890
//1234567890
//1234567890
//1234567890
//1234567890
//1234567890
//1234567890
//1234567890
//1234567890
//1234567890
//1234567890
//1234567890
//1234567890
//1234567890
//1234567890
//1234567890
//1234567890
//1234567890
//1234567890
//1234567890
//1234567890
//1234567890
//1234567890
//1234567890
//1234567890
//1234567890
//1234567890
//1234567890
//1234567890
//1234567890
//1234567890
//1234567890
//1234567890
//1234567890
//1234567890
//1234567890
//1234567890
//1234567890
//1234567890
//1234567890
//1234567890
//1234567890
//1234567890
//1234567890
//1234567890
//1234567890
//1234567890
//1234567890
//1234567890
//1234567890
//1234567890
//1234567890
//1234567890
//1234567890
//1234567890
//1234567890
//1234567890
//1234567890
//1234567890
//1234567890
//1234567890
//1234567890
//1234567890
//1234567890
//1234567890
//1234567890
//1234567890
//1234567890
//1234567890
//1234567890
//1234567890
//1234567890
//1234567890
//1234567890
//1234567890
//1234567890
//1234567890
//1234567890
//1234567890
//1234567890
//1234567890
//1234567890
//1234567890
//1234567890
//1234567890
//1234567890
//1234567890
//1234567890
//1234567890
//1234567890
//1234567890
//1234567890
//1234567890
//1234567890
//1234567890
//1234567890
//1234567890
//1234567890
//1234567890
//1234567890
//1234567890
//1234567890
//1234567890
//1234567890
//1234567890
//1234567890
//1234567890
//1234567890
//1234567890
//1234567890
//1234567890
//1234567890
//1234567890
//1234567890
//1234567890
//1234567890
//1234567890
//1234567890
//1234567890
//1234567890
//1234567890
//1234567890
//1234567890
//1234567890
//1234567890
//1234567890
//1234567890
//1234567890
//1234567890
//1234567890
//1234567890
//1234567890
//1234567890
//1234567890
//1234567890
//1234567890
//1234567890
//1234567890
//1234567890
//1234567890
//1234567890
//1234567890
//1234567890
//1234567890
//1234567890
//1234567890
//1234567890
//1234567890
//1234567890
//1234567890
//1234567890
//1234567890
//1234567890
//1234567890
//1234567890
//1234567890
//1234567890
//1234567890
//1234567890
//1234567890
//1234567890
//1234567890
//1234567890
//1234567890
//1234567890
//1234567890
//1234567890
//1234567890
//1234567890
//1234567890
//1234567890
//1234567890
//1234567890
//1234567890
//1234567890
//1234567890
//1234567890
//1234567890
//1234567890
//1234567890
//1234567890
//1234567890
//1234567890
//1234567890
//1234567890
//1234567890
//1234567890
//1234567890
//1234567890
//1234567890
//1234567890
//1234567890
//1234567890
//1234567890
//1234567890
//1234567890
//1234567890
//1234567890
//1234567890
//1234567890
//1234567890
//1234567890
//1234567890
//1234567890
//1234567890
//1234567890
//1234567890
//1234567890
//1234567890
//1234567890
//1234567890
//1234567890
//1234567890
//1234567890
//1234567890
//1234567890
//1234567890
//1234567890
//1234567890
//1234567890
//1234567890
//1234567890
//1234567890
//1234567890
//1234567890
//1234567890
//1234567890
//1234567890
//1234567890
//1234567890
//1234567890
//1234567890
//1234567890
//1234567890
//1234567890
//1234567890
//1234567890
//1234567890
//1234567890
//1234567890
//1234567890
//1234567890
//1234567890
//1234567890
//1234567890
//1234567890
//1234567890
//1234567890
//1234567890
//1234567890
//1234567890
//1234567890
//1234567890
//1234567890
//1234567890
//1234567890
//1234567890
//1234567890
//1234567890
//1234567890
//1234567890
//1234567890
//1234567890
//1234567890
//1234567890
//1234567890
//1234567890
//1234567890
//1234567890
//1234567890
//1234567890
//1234567890
//1234567890
//1234567890
//1234567890
//1234567890
//1234567890
//1234567890
//1234567890
//1234567890
//1234567890
//1234567890
//1234567890
//1234567890
//1234567890
//1234567890
//1234567890
//1234567890
//1234567890
//1234567890
//1234567890
//1234567890
//1234567890
//1234567890
//1234567890
//1234567890
//1234567890
//1234567890
//1234567890
//1234567890
//1234567890
//1234567890
//1234567890
//1234567890
//1234567890
//1234567890
//1234567890
//1234567890
//1234567890
//1234567890
//1234567890
//1234567890
//1234567890
//1234567890
//1234567890
//1234567890
//1234567890
//1234567890
//1234567890
//1234567890
//1234567890
//1234567890
//1234567890
//1234567890
//1234567890
//1234567890
//1234567890
//1234567890
//1234567890
//1234567890
//1234567890
//1234567890
//1234567890
//1234567890
//1234567890
//1234567890
//1234567890
//1234567890
//1234567890
//1234567890
//1234567890
//1234567890
//1234567890
//1234567890
//1234567890
//1234567890
//1234567890
//1234567890
//1234567890
//1234567890
//1234567890
//1234567890
//1234567890
//1234567890
//1234567890
//1234567890
//1234567890
//1234567890
//1234567890
//1234567890
//1234567890
//1234567890
//1234567890
//1234567890
//1234567890
//1234567890
//1234567890
//1234567890
//1234567890
//1234567890
//1234567890
//1234567890
//1234567890
//1234567890
//1234567890
//1234567890
//1234567890
//1234567890
//1234567890
//1234567890
//1234567890
//1234567890
//1234567890
//1234567890
//1234567890
//1234567890
//1234567890
//1234567890
//1234567890
//1234567890
//1234567890
//1234567890
//1234567890
//1234567890
//1234567890
//1234567890
//1234567890
//1234567890
//1234567890
//1234567890
//1234567890
//1234567890
//1234567890
//1234567890
//1234567890
//1234567890
//1234567890
//1234567890
//1234567890
//1234567890
//1234567890
//1234567890
//1234567890
//1234567890
//1234567890
//1234567890
//1234567890
//1234567890
//1234567890
//1234567890
//1234567890
//1234567890
//1234567890
//1234567890
//1234567890
//1234567890
//1234567890
//1234567890
//1234567890
//1234567890
//1234567890
//1234567890
//1234567890
//1234567890
//1234567890
//1234567890
//1234567890
//1234567890
//1234567890
//1234567890
//1234567890
//1234567890
//1234567890
//1234567890
//1234567890
//1234567890
//1234567890
//1234567890
//1234567890
//1234567890
//1234567890
//1234567890
//1234567890
//1234567890
//1234567890
//1234567890
//1234567890
//1234567890
//1234567890
//1234567890
//1234567890
//1234567890
//1234567890
//1234567890
//1234567890
//1234567890
//1234567890
//1234567890
//1234567890
//1234567890
//1234567890
//1234567890
//1234567890
//1234567890
//1234567890
//1234567890
//1234567890
//1234567890
//1234567890
//1234567890
//1234567890
//1234567890
//1234567890
//1234567890
//1234567890
//1234567890
//1234567890
//1234567890
//1234567890
//1234567890
//1234567890
//1234567890
//1234567890
//1234567890
//1234567890
//1234567890
//1234567890
//1234567890
//1234567890
//1234567890
//1234567890
//1234567890
//1234567890
//1234567890
//1234567890
//1234567890
//1234567890
//1234567890
//1234567890
//1234567890
//1234567890
//1234567890
//1234567890
//1234567890
//1234567890
//1234567890
//1234567890
//1234567890
//1234567890
//1234567890
//1234567890
//1234567890
//1234567890
//1234567890
//1234567890
//1234567890
//1234567890
//1234567890
//1234567890
//1234567890
//1234567890
//1234567890
//1234567890
//1234567890
//1234567890
//1234567890
//1234567890
//1234567890
//1234567890
//1234567890
//1234567890
//1234567890
//1234567890
//1234567890
//1234567890
//1234567890
//1234567890
//1234567890
//1234567890
//1234567890
//1234567890
//1234567890
//1234567890
//1234567890
//1234567890
//1234567890
//1234567890
//1234567890
//1234567890
//1234567890
//1234567890
//1234567890
//1234567890
//1234567890
//1234567890
//1234567890
//1234567890
//1234567890
//1234567890
//1234567890
//1234567890
//1234567890
//1234567890
//1234567890
//1234567890
//1234567890
//1234567890
//1234567890
//1234567890
//1234567890
//1234567890
//1234567890
//1234567890
//1234567890
//1234567890
//1234567890
//1234567890
//1234567890
//1234567890
//1234567890
//1234567890
//1234567890
//1234567890
//1234567890
//1234567890
//1234567890
//1234567890
//1234567890
//1234567890
//1234567890
//1234567890
//1234567890
//1234567890
//1234567890
//1234567890
//1234567890
//1234567890
//1234567890
//1234567890
//1234567890
//1234567890
//1234567890
//1234567890
//1234567890
//1234567890
//1234567890
//1234567890
//1234567890
//1234567890
//1234567890
//1234567890
//1234567890
//1234567890
//1234567890
//1234567890
//1234567890
//1234567890
//1234567890
//1234567890
//1234567890
//1234567890
//1234567890
//1234567890
//1234567890
//1234567890
//1234567890
//1234567890
//1234567890
//1234567890
//1234567890
//1234567890
//1234567890
//1234567890
//1234567890
//1234567890
//1234567890
//1234567890
//1234567890
//1234567890
//1234567890
//1234567890
//1234567890
//1234567890
//1234567890
//1234567890
//1234567890
//1234567890
//1234567890
//1234567890
//1234567890
//1234567890
//1234567890
//1234567890
//1234567890
//1234567890
//1234567890
//1234567890
//1234567890
//1234567890
//1234567890
//1234567890
//1234567890
//1234567890
//1234567890
//1234567890
//1234567890
//1234567890
//1234567890
//1234567890
//1234567890
//1234567890
//1234567890
//1234567890
//1234567890
//1234567890
//1234567890
//1234567890
//1234567890
//1234567890
//1234567890
//1234567890
//1234567890
//1234567890
//1234567890
//1234567890
//1234567890
//1234567890
//1234567890
//1234567890
//1234567890
//1234567890
//1234567890
//1234567890
//1234567890
//1234567890
//1234567890
//1234567890
//1234567890
//1234567890
//1234567890
//1234567890
//1234567890
//1234567890
//1234567890
//1234567890
//1234567890
//1234567890
//1234567890
//1234567890
//1234567890
//1234567890
//1234567890
//1234567890
//1234567890
//1234567890
//1234567890
//1234567890
//1234567890
//1234567890
//1234567890
//1234567890
//1234567890
//1234567890
//1234567890
//1234567890
//1234567890
//1234567890
//1234567890
//1234567890
//1234567890
//1234567890
//1234567890
//1234567890
//1234567890
//1234567890
//1234567890
//1234567890
//1234567890
//1234567890
//1234567890
//1234567890
//1234567890
//1234567890
//1234567890
//1234567890
//1234567890
//1234567890
//1234567890
//1234567890
//1234567890
//1234567890
//1234567890
//1234567890
//1234567890
//1234567890
//1234567890
//1234567890
//1234567890
//1234567890
//1234567890
//1234567890
//1234567890
//1234567890
//1234567890
//1234567890
//1234567890
//1234567890
//1234567890
//1234567890
//1234567890
//1234567890
//1234567890
//1234567890
//1234567890
//1234567890
//1234567890
//1234567890
//1234567890
//1234567890
//1234567890
//1234567890
//1234567890
//1234567890
//1234567890
//1234567890
//1234567890
//1234567890
//1234567890
//1234567890
//1234567890
//1234567890
//1234567890
//1234567890
//1234567890
//1234567890
//1234567890
//1234567890
//1234567890
//1234567890
//1234567890
//1234567890
//1234567890
//1234567890
//1234567890
//1234567890
//1234567890
//1234567890
//1234567890
//1234567890
//1234567890
//1234567890
//1234567890
//1234567890
//1234567890
//1234567890
//1234567890
//1234567890
//1234567890
//1234567890
//1234567890
//1234567890
//1234567890
//1234567890
//1234567890
//1234567890
//1234567890
//1234567890
//1234567890
//1234567890
//1234567890
//1234567890
//1234567890
//1234567890
//1234567890
//1234567890
//1234567890
//1234567890
//1234567890
//1234567890
//1234567890
//1234567890
//1234567890
//1234567890
//1234567890
//1234567890
//1234567890
//1234567890
//1234567890
//1234567890
//1234567890
//1234567890
//1234567890
//1234567890
//1234567890
//1234567890
//1234567890
//1234567890
//1234567890
//1234567890
//1234567890
//1234567890
//1234567890
//1234567890
//1234567890
//1234567890
//1234567890
//1234567890
//1234567890
//1234567890
//1234567890
//1234567890
//1234567890
//1234567890
//1234567890
//1234567890
//1234567890
//1234567890
//1234567890
//1234567890
//1234567890
//1234567890
//1234567890
//1234567890
//1234567890
//1234567890
//1234567890
//1234567890
//1234567890
//1234567890
//1234567890
//1234567890
//1234567890
//1234567890
//1234567890
//1234567890
//1234567890
//1234567890
//1234567890
//1234567890
//1234567890
//1234567890
//1234567890
//1234567890
//1234567890
//1234567890
//1234567890
//1234567890
//1234567890
//1234567890
//1234567890
//1234567890
//1234567890
//1234567890
//1234567890
//1234567890
//1234567890
//1234567890
//1234567890
//1234567890
//1234567890
//1234567890
//1234567890
//1234567890
//1234567890
//1234567890
//1234567890
//1234567890
//1234567890
//1234567890
//1234567890
//1234567890
//1234567890
//1234567890
//1234567890
//1234567890
//1234567890
//1234567890
//1234567890
//1234567890
//1234567890
//1234567890
//1234567890
//1234567890
//1234567890
//1234567890
//1234567890
//1234567890
//1234567890
//1234567890
//1234567890
//1234567890
//1234567890
//1234567890
//1234567890
//1234567890
//1234567890
//1234567890
//1234567890
//1234567890
//1234567890
//1234567890
//1234567890
//1234567890
//1234567890
//1234567890
//1234567890
//1234567890
//1234567890
//1234567890
//1234567890
//1234567890
//1234567890
//1234567890
//1234567890
//1234567890
//1234567890
//1234567890
//1234567890
//1234567890
//1234567890
//1234567890
//1234567890
//1234567890
//1234567890
//1234567890
//1234567890
//1234567890
//1234567890
//1234567890
//1234567890
//1234567890
//1234567890
//1234567890
//1234567890
//1234567890
//1234567890
//1234567890
//1234567890
//1234567890
//1234567890
//1234567890
//1234567890
//1234567890
//1234567890
//1234567890
//1234567890
//1234567890
//1234567890
//1234567890
//1234567890
//1234567890
//1234567890
//1234567890
//1234567890
//1234567890
//1234567890
//1234567890
//1234567890
//1234567890
//1234567890
//1234567890
//1234567890
//1234567890
//1234567890
//1234567890
//1234567890
//1234567890
//1234567890
//1234567890
//1234567890
//1234567890
//1234567890
//1234567890
//1234567890
//1234567890
//1234567890
//1234567890
//1234567890
//1234567890
//1234567890
//1234567890
//1234567890
//1234567890
//1234567890
//1234567890
//1234567890
//1234567890
//1234567890
//1234567890
//1234567890
//1234567890
//1234567890
//1234567890
//1234567890
//1234567890
//1234567890
//1234567890
//1234567890
//1234567890
//1234567890
//1234567890
//1234567890
//1234567890
//1234567890
//1234567890
//1234567890
//1234567890
//1234567890
//1234567890
//1234567890
//1234567890
//1234567890
//1234567890
//1234567890
//1234567890
//1234567890
//1234567890
//1234567890
//1234567890
//1234567890
//1234567890
//1234567890
//1234567890
//1234567890
//1234567890
//1234567890
//1234567890
//1234567890
//1234567890
//1234567890
//1234567890
//1234567890
//1234567890
//1234567890
//1234567890
//1234567890
//1234567890
//1234567890
//1234567890
//1234567890
//1234567890
//1234567890
//1234567890
//1234567890
//1234567890
//1234567890
//1234567890
//1234567890
//1234567890
//1234567890
//1234567890
//1234567890
//1234567890
//1234567890
//1234567890
//1234567890
//1234567890
//1234567890
//1234567890
//1234567890
//1234567890
//1234567890
//1234567890
//1234567890
//1234567890
//1234567890
//1234567890
//1234567890
//1234567890
//1234567890
//1234567890
//1234567890
//1234567890
//1234567890
//1234567890
//1234567890
//1234567890
//1234567890
//1234567890
//1234567890
//1234567890
//1234567890
//1234567890
//1234567890
//1234567890
//1234567890
//1234567890
//1234567890
//1234567890
//1234567890
//1234567890
//1234567890
//1234567890
//1234567890
//1234567890
//1234567890
//1234567890
//1234567890
//1234567890
//1234567890
//1234567890
//1234567890
//1234567890
//1234567890
//1234567890
//1234567890
//1234567890
//1234567890
//1234567890
//1234567890
//1234567890
//1234567890
//1234567890
//1234567890
//1234567890
//1234567890
//1234567890
//1234567890
//1234567890
//1234567890
//1234567890
//1234567890
//1234567890
//1234567890
//1234567890
//1234567890
//1234567890
//1234567890
//1234567890
//1234567890
//1234567890
//1234567890
//1234567890
//1234567890
//1234567890
//1234567890
//1234567890
//1234567890
//1234567890
//1234567890
//1234567890
//1234567890
//1234567890
//1234567890
//1234567890
//1234567890
//1234567890
//1234567890
//1234567890
//1234567890
//1234567890
//1234567890
//1234567890
//1234567890
//1234567890
//1234567890
//1234567890
//1234567890
//1234567890
//1234567890
//1234567890
//1234567890
//1234567890
//1234567890
//1234567890
//1234567890
//1234567890
//1234567890
//1234567890
//1234567890
//1234567890
//1234567890
//1234567890
//1234567890
//1234567890
//1234567890
//1234567890
//1234567890
//1234567890
//1234567890
//1234567890
//1234567890
//1234567890
//1234567890
//1234567890
//1234567890
//1234567890
//1234567890
//1234567890
//1234567890
//1234567890
//1234567890
//1234567890
//1234567890
//1234567890
//1234567890
//1234567890
//1234567890
//1234567890
//1234567890
//1234567890
//1234567890
//1234567890
//1234567890
//1234567890
//1234567890
//1234567890
//1234567890
//1234567890
//1234567890
//1234567890
//1234567890
//1234567890
//1234567890
//1234567890
//1234567890
//1234567890
//1234567890
//1234567890
//1234567890
//1234567890
//1234567890
//1234567890
//1234567890
//1234567890
//1234567890
//1234567890
//1234567890
//1234567890
//1234567890
//1234567890
//1234567890
//1234567890
//1234567890
//1234567890
//1234567890
//1234567890
//1234567890
//1234567890
//1234567890
//1234567890
//1234567890
//1234567890
//1234567890
//1234567890
//1234567890
//1234567890
//1234567890
//1234567890
//1234567890
//1234567890
//1234567890
//1234567890
//1234567890
//1234567890
//1234567890
//1234567890
//1234567890
//1234567890
//1234567890
//1234567890
//1234567890
//1234567890
//1234567890
//1234567890
//1234567890
//1234567890
//1234567890
//1234567890
//1234567890
//1234567890
//1234567890
//1234567890
//1234567890
//1234567890
//1234567890
//1234567890
//1234567890
//1234567890
//1234567890
//1234567890
//1234567890
//1234567890
//1234567890
//1234567890
//1234567890
//1234567890
//1234567890
//1234567890
//1234567890
//1234567890
//1234567890
//1234567890
//1234567890
//1234567890
//1234567890
//1234567890
//1234567890
//1234567890
//1234567890
//1234567890
//1234567890
//1234567890
//1234567890
//1234567890
//1234567890
//1234567890
//1234567890
//1234567890
//1234567890
//1234567890
//1234567890
//1234567890
//1234567890
//1234567890
//1234567890
//1234567890
//1234567890
//1234567890
//1234567890
//1234567890
//1234567890
//1234567890
//1234567890
//1234567890
//1234567890
//1234567890
//1234567890
//1234567890
//1234567890
//1234567890
//1234567890
//1234567890
//1234567890
//1234567890
//1234567890
//1234567890
//1234567890
//1234567890
//1234567890
//1234567890
//1234567890
//1234567890
//1234567890
//1234567890
//1234567890
//1234567890
//1234567890
//1234567890
//1234567890
//1234567890
//1234567890
//1234567890
//1234567890
//1234567890
//1234567890
//1234567890
//1234567890
//1234567890
//1234567890
//1234567890
//1234567890
//1234567890
//1234567890
//1234567890
//1234567890
//1234567890
//1234567890
//1234567890
//1234567890
//1234567890
//1234567890
//1234567890
//1234567890
//1234567890
//1234567890
//1234567890
//1234567890
//1234567890
//1234567890
//1234567890
//1234567890
//1234567890
//1234567890
//1234567890
//1234567890
//1234567890
//1234567890
//1234567890
//1234567890
//1234567890
//1234567890
//1234567890
//1234567890
//1234567890
//1234567890
//1234567890
//1234567890
//1234567890
//1234567890
//1234567890
//1234567890
//1234567890
//1234567890
//1234567890
//1234567890
//1234567890
//1234567890
//1234567890
//1234567890
//1234567890
//1234567890
//1234567890
//1234567890
//1234567890
//1234567890
//1234567890
//1234567890
//1234567890
//1234567890
//1234567890
//1234567890
//1234567890
//1234567890
//1234567890
//1234567890
//1234567890
//1234567890
//1234567890
//1234567890
//1234567890
//1234567890
//1234567890
//1234567890
//1234567890
//1234567890
//1234567890
//1234567890
//1234567890
//1234567890
//1234567890
//1234567890
//1234567890
//1234567890
//1234567890
//1234567890
//1234567890
//1234567890
//1234567890
//1234567890
//1234567890
//1234567890
//1234567890
//1234567890
//1234567890
//1234567890
//1234567890
//1234567890
//1234567890
//1234567890
//1234567890
//1234567890
//1234567890
//1234567890
//1234567890
//1234567890
//1234567890
//1234567890
//1234567890
//1234567890
//1234567890
//1234567890
//1234567890
//1234567890
//1234567890
//1234567890
//1234567890
//1234567890
//1234567890
//1234567890
//1234567890
//1234567890
//1234567890
//1234567890
//1234567890
//1234567890
//1234567890
//1234567890
//1234567890
//1234567890
//1234567890
//1234567890
//1234567890
//1234567890
//1234567890
//1234567890
//1234567890
//1234567890
//1234567890
//1234567890
//1234567890
//1234567890
//1234567890
//1234567890
//1234567890
//1234567890
//1234567890
//1234567890
//1234567890
//1234567890
//1234567890
//1234567890
//1234567890
//1234567890
//1234567890
//1234567890
//1234567890
//1234567890
//1234567890
//1234567890
//1234567890
//1234567890
//1234567890
//1234567890
//1234567890
//1234567890
//1234567890
//1234567890
//1234567890
//1234567890
//1234567890
//1234567890
//1234567890
//1234567890
//1234567890
//1234567890
//1234567890
//1234567890
//1234567890
//1234567890
//1234567890
//1234567890
//1234567890
//1234567890
//1234567890
//1234567890
//1234567890
//1234567890
//1234567890
//1234567890
//1234567890
//1234567890
//1234567890
//1234567890
//1234567890
//1234567890
//1234567890
//1234567890
//1234567890
//1234567890
//1234567890
//1234567890
//1234567890
//1234567890
//1234567890
//1234567890
//1234567890
//1234567890
//1234567890
//1234567890
//1234567890
//1234567890
//1234567890
//1234567890
//1234567890
//1234567890
//1234567890
//1234567890
//1234567890
//1234567890
//1234567890
//1234567890
//1234567890
//1234567890
//1234567890
//1234567890
//1234567890
//1234567890
//1234567890
//1234567890
//1234567890
//1234567890
//1234567890
//1234567890
//1234567890
//1234567890
//1234567890
//1234567890
//1234567890
//1234567890
//1234567890
//1234567890
//1234567890
//1234567890
//1234567890
//1234567890
//1234567890
//1234567890
//1234567890
//1234567890
//1234567890
//1234567890
//1234567890
//1234567890
//1234567890
//1234567890
//1234567890
//1234567890
//1234567890
//1234567890
//1234567890
//1234567890
//1234567890
//1234567890
//1234567890
//1234567890
//1234567890
//1234567890
//1234567890
//1234567890
//1234567890
//1234567890
//1234567890
//1234567890
//1234567890
//1234567890
//1234567890
//1234567890
//1234567890
//1234567890
//1234567890
//1234567890
//1234567890
//1234567890
//1234567890
//1234567890
//1234567890
//1234567890
//1234567890
//1234567890
//1234567890
//1234567890
//1234567890
//1234567890
//1234567890
//1234567890
//1234567890
//1234567890
//1234567890
//1234567890
//1234567890
//1234567890

Oct 04, 2022 11:07:01 AM edu.yu.cs.com3800.stage5.GatewayServer$ServerHttpHandler handle
INFO: leader is localhost/127.0.0.1:30080
Oct 04, 2022 11:07:01 AM edu.yu.cs.com3800.stage5.GatewayServer$ServerHttpHandler sendAndGetResponse
INFO: Waiting for leader
Oct 04, 2022 11:07:01 AM edu.yu.cs.com3800.stage5.GatewayServer$ServerHttpHandler sendAndGetResponse
INFO: Leader found localhost/127.0.0.1:30080
Oct 04, 2022 11:07:01 AM edu.yu.cs.com3800.stage5.GatewayServer$ServerHttpHandler sendAndGetResponse
INFO: assigned request ID of 50
Oct 04, 2022 11:07:01 AM edu.yu.cs.com3800.stage5.GatewayServer$ServerHttpHandler sendAndGetResponse
INFO: Attempting to read leader response for requestID 50
Oct 04, 2022 11:07:02 AM edu.yu.cs.com3800.stage5.GatewayServer$ServerHttpHandler handle
INFO: Got response for 50
Oct 04, 2022 11:07:02 AM edu.yu.cs.com3800.stage5.GatewayServer$ServerHttpHandler handle
INFO: Attempting to send response headers for requestID 50
Oct 04, 2022 11:07:02 AM edu.yu.cs.com3800.stage5.GatewayServer$ServerHttpHandler handle
INFO: Response headers should be: 200 19
Oct 04, 2022 11:07:02 AM edu.yu.cs.com3800.stage5.GatewayServer$ServerHttpHandler handle
INFO: Attempting to write response body for requestID: 50
Oct 04, 2022 11:07:02 AM edu.yu.cs.com3800.stage5.GatewayServer$ServerHttpHandler handle
INFO: Response headers should be: happyShortMultiLine
Oct 04, 2022 11:07:02 AM edu.yu.cs.com3800.stage5.GatewayServer$ServerHttpHandler handle
INFO: Finished processing requestId: 50
Oct 04, 2022 11:07:02 AM edu.yu.cs.com3800.stage5.GatewayServer$ServerHttpHandler handle
INFO: Server received request on /compileandrun from port 34066
Oct 04, 2022 11:07:02 AM edu.yu.cs.com3800.stage5.GatewayServer$ServerHttpHandler handle
INFO: Request body: public class HelloWorld { 
 public HelloWorld(){
}
public String run(){
return "happyShortMultiLine";
}
}
//1234567890
//1234567890
//1234567890
//1234567890
//1234567890
//1234567890
//1234567890
//1234567890
//1234567890
//1234567890
//1234567890
//1234567890
//1234567890
//1234567890
//1234567890
//1234567890
//1234567890
//1234567890
//1234567890
//1234567890
//1234567890
//1234567890
//1234567890
//1234567890
//1234567890
//1234567890
//1234567890
//1234567890
//1234567890
//1234567890
//1234567890
//1234567890
//1234567890
//1234567890
//1234567890
//1234567890
//1234567890
//1234567890
//1234567890
//1234567890
//1234567890
//1234567890
//1234567890
//1234567890
//1234567890
//1234567890
//1234567890
//1234567890
//1234567890
//1234567890
//1234567890
//1234567890
//1234567890
//1234567890
//1234567890
//1234567890
//1234567890
//1234567890
//1234567890
//1234567890
//1234567890
//1234567890
//1234567890
//1234567890
//1234567890
//1234567890
//1234567890
//1234567890
//1234567890
//1234567890
//1234567890
//1234567890
//1234567890
//1234567890
//1234567890
//1234567890
//1234567890
//1234567890
//1234567890
//1234567890
//1234567890
//1234567890
//1234567890
//1234567890
//1234567890
//1234567890
//1234567890
//1234567890
//1234567890
//1234567890
//1234567890
//1234567890
//1234567890
//1234567890
//1234567890
//1234567890
//1234567890
//1234567890
//1234567890
//1234567890
//1234567890
//1234567890
//1234567890
//1234567890
//1234567890
//1234567890
//1234567890
//1234567890
//1234567890
//1234567890
//1234567890
//1234567890
//1234567890
//1234567890
//1234567890
//1234567890
//1234567890
//1234567890
//1234567890
//1234567890
//1234567890
//1234567890
//1234567890
//1234567890
//1234567890
//1234567890
//1234567890
//1234567890
//1234567890
//1234567890
//1234567890
//1234567890
//1234567890
//1234567890
//1234567890
//1234567890
//1234567890
//1234567890
//1234567890
//1234567890
//1234567890
//1234567890
//1234567890
//1234567890
//1234567890
//1234567890
//1234567890
//1234567890
//1234567890
//1234567890
//1234567890
//1234567890
//1234567890
//1234567890
//1234567890
//1234567890
//1234567890
//1234567890
//1234567890
//1234567890
//1234567890
//1234567890
//1234567890
//1234567890
//1234567890
//1234567890
//1234567890
//1234567890
//1234567890
//1234567890
//1234567890
//1234567890
//1234567890
//1234567890
//1234567890
//1234567890
//1234567890
//1234567890
//1234567890
//1234567890
//1234567890
//1234567890
//1234567890
//1234567890
//1234567890
//1234567890
//1234567890
//1234567890
//1234567890
//1234567890
//1234567890
//1234567890
//1234567890
//1234567890
//1234567890
//1234567890
//1234567890
//1234567890
//1234567890
//1234567890
//1234567890
//1234567890
//1234567890
//1234567890
//1234567890
//1234567890
//1234567890
//1234567890
//1234567890
//1234567890
//1234567890
//1234567890
//1234567890
//1234567890
//1234567890
//1234567890
//1234567890
//1234567890
//1234567890
//1234567890
//1234567890
//1234567890
//1234567890
//1234567890
//1234567890
//1234567890
//1234567890
//1234567890
//1234567890
//1234567890
//1234567890
//1234567890
//1234567890
//1234567890
//1234567890
//1234567890
//1234567890
//1234567890
//1234567890
//1234567890
//1234567890
//1234567890
//1234567890
//1234567890
//1234567890
//1234567890
//1234567890
//1234567890
//1234567890
//1234567890
//1234567890
//1234567890
//1234567890
//1234567890
//1234567890
//1234567890
//1234567890
//1234567890
//1234567890
//1234567890
//1234567890
//1234567890
//1234567890
//1234567890
//1234567890
//1234567890
//1234567890
//1234567890
//1234567890
//1234567890
//1234567890
//1234567890
//1234567890
//1234567890
//1234567890
//1234567890
//1234567890
//1234567890
//1234567890
//1234567890
//1234567890
//1234567890
//1234567890
//1234567890
//1234567890
//1234567890
//1234567890
//1234567890
//1234567890
//1234567890
//1234567890
//1234567890
//1234567890
//1234567890
//1234567890
//1234567890
//1234567890
//1234567890
//1234567890
//1234567890
//1234567890
//1234567890
//1234567890
//1234567890
//1234567890
//1234567890
//1234567890
//1234567890
//1234567890
//1234567890
//1234567890
//1234567890
//1234567890
//1234567890
//1234567890
//1234567890
//1234567890
//1234567890
//1234567890
//1234567890
//1234567890
//1234567890
//1234567890
//1234567890
//1234567890
//1234567890
//1234567890
//1234567890
//1234567890
//1234567890
//1234567890
//1234567890
//1234567890
//1234567890
//1234567890
//1234567890
//1234567890
//1234567890
//1234567890
//1234567890
//1234567890
//1234567890
//1234567890
//1234567890
//1234567890
//1234567890
//1234567890
//1234567890
//1234567890
//1234567890
//1234567890
//1234567890
//1234567890
//1234567890
//1234567890
//1234567890
//1234567890
//1234567890
//1234567890
//1234567890
//1234567890
//1234567890
//1234567890
//1234567890
//1234567890
//1234567890
//1234567890
//1234567890
//1234567890
//1234567890
//1234567890
//1234567890
//1234567890
//1234567890
//1234567890
//1234567890
//1234567890
//1234567890
//1234567890
//1234567890
//1234567890
//1234567890
//1234567890
//1234567890
//1234567890
//1234567890
//1234567890
//1234567890
//1234567890
//1234567890
//1234567890
//1234567890
//1234567890
//1234567890
//1234567890
//1234567890
//1234567890
//1234567890
//1234567890
//1234567890
//1234567890
//1234567890
//1234567890
//1234567890
//1234567890
//1234567890
//1234567890
//1234567890
//1234567890
//1234567890
//1234567890
//1234567890
//1234567890
//1234567890
//1234567890
//1234567890
//1234567890
//1234567890
//1234567890
//1234567890
//1234567890
//1234567890
//1234567890
//1234567890
//1234567890
//1234567890
//1234567890
//1234567890
//1234567890
//1234567890
//1234567890
//1234567890
//1234567890
//1234567890
//1234567890
//1234567890
//1234567890
//1234567890
//1234567890
//1234567890
//1234567890
//1234567890
//1234567890
//1234567890
//1234567890
//1234567890
//1234567890
//1234567890
//1234567890
//1234567890
//1234567890
//1234567890
//1234567890
//1234567890
//1234567890
//1234567890
//1234567890
//1234567890
//1234567890
//1234567890
//1234567890
//1234567890
//1234567890
//1234567890
//1234567890
//1234567890
//1234567890
//1234567890
//1234567890
//1234567890
//1234567890
//1234567890
//1234567890
//1234567890
//1234567890
//1234567890
//1234567890
//1234567890
//1234567890
//1234567890
//1234567890
//1234567890
//1234567890
//1234567890
//1234567890
//1234567890
//1234567890
//1234567890
//1234567890
//1234567890
//1234567890
//1234567890
//1234567890
//1234567890
//1234567890
//1234567890
//1234567890
//1234567890
//1234567890
//1234567890
//1234567890
//1234567890
//1234567890
//1234567890
//1234567890
//1234567890
//1234567890
//1234567890
//1234567890
//1234567890
//1234567890
//1234567890
//1234567890
//1234567890
//1234567890
//1234567890
//1234567890
//1234567890
//1234567890
//1234567890
//1234567890
//1234567890
//1234567890
//1234567890
//1234567890
//1234567890
//1234567890
//1234567890
//1234567890
//1234567890
//1234567890
//1234567890
//1234567890
//1234567890
//1234567890
//1234567890
//1234567890
//1234567890
//1234567890
//1234567890
//1234567890
//1234567890
//1234567890
//1234567890
//1234567890
//1234567890
//1234567890
//1234567890
//1234567890
//1234567890
//1234567890
//1234567890
//1234567890
//1234567890
//1234567890
//1234567890
//1234567890
//1234567890
//1234567890
//1234567890
//1234567890
//1234567890
//1234567890
//1234567890
//1234567890
//1234567890
//1234567890
//1234567890
//1234567890
//1234567890
//1234567890
//1234567890
//1234567890
//1234567890
//1234567890
//1234567890
//1234567890
//1234567890
//1234567890
//1234567890
//1234567890
//1234567890
//1234567890
//1234567890
//1234567890
//1234567890
//1234567890
//1234567890
//1234567890
//1234567890
//1234567890
//1234567890
//1234567890
//1234567890
//1234567890
//1234567890
//1234567890
//1234567890
//1234567890
//1234567890
//1234567890
//1234567890
//1234567890
//1234567890
//1234567890
//1234567890
//1234567890
//1234567890
//1234567890
//1234567890
//1234567890
//1234567890
//1234567890
//1234567890
//1234567890
//1234567890
//1234567890
//1234567890
//1234567890
//1234567890
//1234567890
//1234567890
//1234567890
//1234567890
//1234567890
//1234567890
//1234567890
//1234567890
//1234567890
//1234567890
//1234567890
//1234567890
//1234567890
//1234567890
//1234567890
//1234567890
//1234567890
//1234567890
//1234567890
//1234567890
//1234567890
//1234567890
//1234567890
//1234567890
//1234567890
//1234567890
//1234567890
//1234567890
//1234567890
//1234567890
//1234567890
//1234567890
//1234567890
//1234567890
//1234567890
//1234567890
//1234567890
//1234567890
//1234567890
//1234567890
//1234567890
//1234567890
//1234567890
//1234567890
//1234567890
//1234567890
//1234567890
//1234567890
//1234567890
//1234567890
//1234567890
//1234567890
//1234567890
//1234567890
//1234567890
//1234567890
//1234567890
//1234567890
//1234567890
//1234567890
//1234567890
//1234567890
//1234567890
//1234567890
//1234567890
//1234567890
//1234567890
//1234567890
//1234567890
//1234567890
//1234567890
//1234567890
//1234567890
//1234567890
//1234567890
//1234567890
//1234567890
//1234567890
//1234567890
//1234567890
//1234567890
//1234567890
//1234567890
//1234567890
//1234567890
//1234567890
//1234567890
//1234567890
//1234567890
//1234567890
//1234567890
//1234567890
//1234567890
//1234567890
//1234567890
//1234567890
//1234567890
//1234567890
//1234567890
//1234567890
//1234567890
//1234567890
//1234567890
//1234567890
//1234567890
//1234567890
//1234567890
//1234567890
//1234567890
//1234567890
//1234567890
//1234567890
//1234567890
//1234567890
//1234567890
//1234567890
//1234567890
//1234567890
//1234567890
//1234567890
//1234567890
//1234567890
//1234567890
//1234567890
//1234567890
//1234567890
//1234567890
//1234567890
//1234567890
//1234567890
//1234567890
//1234567890
//1234567890
//1234567890
//1234567890
//1234567890
//1234567890
//1234567890
//1234567890
//1234567890
//1234567890
//1234567890
//1234567890
//1234567890
//1234567890
//1234567890
//1234567890
//1234567890
//1234567890
//1234567890
//1234567890
//1234567890
//1234567890
//1234567890
//1234567890
//1234567890
//1234567890
//1234567890
//1234567890
//1234567890
//1234567890
//1234567890
//1234567890
//1234567890
//1234567890
//1234567890
//1234567890
//1234567890
//1234567890
//1234567890
//1234567890
//1234567890
//1234567890
//1234567890
//1234567890
//1234567890
//1234567890
//1234567890
//1234567890
//1234567890
//1234567890
//1234567890
//1234567890
//1234567890
//1234567890
//1234567890
//1234567890
//1234567890
//1234567890
//1234567890
//1234567890
//1234567890
//1234567890
//1234567890
//1234567890
//1234567890
//1234567890
//1234567890
//1234567890
//1234567890
//1234567890
//1234567890
//1234567890
//1234567890
//1234567890
//1234567890
//1234567890
//1234567890
//1234567890
//1234567890
//1234567890
//1234567890
//1234567890
//1234567890
//1234567890
//1234567890
//1234567890
//1234567890
//1234567890
//1234567890
//1234567890
//1234567890
//1234567890
//1234567890
//1234567890
//1234567890
//1234567890
//1234567890
//1234567890
//1234567890
//1234567890
//1234567890
//1234567890
//1234567890
//1234567890
//1234567890
//1234567890
//1234567890
//1234567890
//1234567890
//1234567890
//1234567890
//1234567890
//1234567890
//1234567890
//1234567890
//1234567890
//1234567890
//1234567890
//1234567890
//1234567890
//1234567890
//1234567890
//1234567890
//1234567890
//1234567890
//1234567890
//1234567890
//1234567890
//1234567890
//1234567890
//1234567890
//1234567890
//1234567890
//1234567890
//1234567890
//1234567890
//1234567890
//1234567890
//1234567890
//1234567890
//1234567890
//1234567890
//1234567890
//1234567890
//1234567890
//1234567890
//1234567890
//1234567890
//1234567890
//1234567890
//1234567890
//1234567890
//1234567890
//1234567890
//1234567890
//1234567890
//1234567890
//1234567890
//1234567890
//1234567890
//1234567890
//1234567890
//1234567890
//1234567890
//1234567890
//1234567890
//1234567890
//1234567890
//1234567890
//1234567890
//1234567890
//1234567890
//1234567890
//1234567890
//1234567890
//1234567890
//1234567890
//1234567890
//1234567890
//1234567890
//1234567890
//1234567890
//1234567890
//1234567890
//1234567890
//1234567890
//1234567890
//1234567890
//1234567890
//1234567890
//1234567890
//1234567890
//1234567890
//1234567890
//1234567890
//1234567890
//1234567890
//1234567890
//1234567890
//1234567890
//1234567890
//1234567890
//1234567890
//1234567890
//1234567890
//1234567890
//1234567890
//1234567890
//1234567890
//1234567890
//1234567890
//1234567890
//1234567890
//1234567890
//1234567890
//1234567890
//1234567890
//1234567890
//1234567890
//1234567890
//1234567890
//1234567890
//1234567890
//1234567890
//1234567890
//1234567890
//1234567890
//1234567890
//1234567890
//1234567890
//1234567890
//1234567890
//1234567890
//1234567890
//1234567890
//1234567890
//1234567890
//1234567890
//1234567890
//1234567890
//1234567890
//1234567890
//1234567890
//1234567890
//1234567890
//1234567890
//1234567890
//1234567890
//1234567890
//1234567890
//1234567890
//1234567890
//1234567890
//1234567890
//1234567890
//1234567890
//1234567890
//1234567890
//1234567890
//1234567890
//1234567890
//1234567890
//1234567890
//1234567890
//1234567890
//1234567890
//1234567890
//1234567890
//1234567890
//1234567890
//1234567890
//1234567890
//1234567890
//1234567890
//1234567890
//1234567890
//1234567890
//1234567890
//1234567890
//1234567890
//1234567890
//1234567890
//1234567890
//1234567890
//1234567890
//1234567890
//1234567890
//1234567890
//1234567890
//1234567890
//1234567890
//1234567890
//1234567890
//1234567890
//1234567890
//1234567890
//1234567890
//1234567890
//1234567890
//1234567890
//1234567890
//1234567890
//1234567890
//1234567890
//1234567890
//1234567890
//1234567890
//1234567890
//1234567890
//1234567890
//1234567890
//1234567890
//1234567890
//1234567890
//1234567890
//1234567890
//1234567890
//1234567890
//1234567890
//1234567890
//1234567890
//1234567890
//1234567890
//1234567890
//1234567890
//1234567890
//1234567890
//1234567890
//1234567890
//1234567890
//1234567890
//1234567890
//1234567890
//1234567890
//1234567890
//1234567890
//1234567890
//1234567890
//1234567890
//1234567890
//1234567890
//1234567890
//1234567890
//1234567890
//1234567890
//1234567890
//1234567890
//1234567890
//1234567890
//1234567890
//1234567890
//1234567890
//1234567890
//1234567890
//1234567890
//1234567890
//1234567890
//1234567890
//1234567890
//1234567890
//1234567890
//1234567890
//1234567890
//1234567890
//1234567890
//1234567890
//1234567890
//1234567890
//1234567890
//1234567890
//1234567890
//1234567890
//1234567890
//1234567890
//1234567890
//1234567890
//1234567890
//1234567890
//1234567890
//1234567890
//1234567890
//1234567890
//1234567890
//1234567890
//1234567890
//1234567890
//1234567890
//1234567890
//1234567890
//1234567890
//1234567890
//1234567890
//1234567890
//1234567890
//1234567890
//1234567890
//1234567890
//1234567890
//1234567890
//1234567890
//1234567890
//1234567890
//1234567890
//1234567890
//1234567890
//1234567890
//1234567890
//1234567890
//1234567890
//1234567890
//1234567890
//1234567890
//1234567890
//1234567890
//1234567890
//1234567890
//1234567890
//1234567890
//1234567890
//1234567890
//1234567890
//1234567890
//1234567890
//1234567890
//1234567890
//1234567890
//1234567890
//1234567890
//1234567890
//1234567890
//1234567890
//1234567890
//1234567890
//1234567890
//1234567890
//1234567890
//1234567890
//1234567890
//1234567890
//1234567890
//1234567890
//1234567890
//1234567890
//1234567890
//1234567890
//1234567890
//1234567890
//1234567890
//1234567890
//1234567890
//1234567890
//1234567890
//1234567890
//1234567890
//1234567890
//1234567890
//1234567890
//1234567890
//1234567890
//1234567890
//1234567890
//1234567890
//1234567890
//1234567890
//1234567890
//1234567890
//1234567890
//1234567890
//1234567890
//1234567890
//1234567890
//1234567890
//1234567890
//1234567890
//1234567890
//1234567890
//1234567890
//1234567890
//1234567890
//1234567890
//1234567890
//1234567890
//1234567890
//1234567890
//1234567890
//1234567890
//1234567890
//1234567890
//1234567890
//1234567890
//1234567890
//1234567890
//1234567890
//1234567890
//1234567890
//1234567890
//1234567890
//1234567890
//1234567890
//1234567890
//1234567890
//1234567890
//1234567890
//1234567890
//1234567890
//1234567890
//1234567890
//1234567890
//1234567890
//1234567890
//1234567890
//1234567890
//1234567890
//1234567890
//1234567890
//1234567890
//1234567890
//1234567890
//1234567890
//1234567890
//1234567890
//1234567890
//1234567890
//1234567890
//1234567890
//1234567890
//1234567890
//1234567890
//1234567890
//1234567890
//1234567890
//1234567890
//1234567890
//1234567890
//1234567890
//1234567890
//1234567890
//1234567890
//1234567890
//1234567890
//1234567890
//1234567890
//1234567890
//1234567890
//1234567890
//1234567890
//1234567890
//1234567890
//1234567890
//1234567890
//1234567890
//1234567890
//1234567890
//1234567890
//1234567890
//1234567890
//1234567890
//1234567890
//1234567890
//1234567890
//1234567890
//1234567890
//1234567890
//1234567890
//1234567890
//1234567890
//1234567890
//1234567890
//1234567890
//1234567890
//1234567890
//1234567890
//1234567890
//1234567890
//1234567890
//1234567890
//1234567890
//1234567890
//1234567890
//1234567890
//1234567890
//1234567890
//1234567890
//1234567890
//1234567890
//1234567890
//1234567890
//1234567890
//1234567890
//1234567890
//1234567890
//1234567890
//1234567890
//1234567890
//1234567890
//1234567890
//1234567890
//1234567890
//1234567890
//1234567890
//1234567890
//1234567890
//1234567890
//1234567890
//1234567890
//1234567890
//1234567890
//1234567890
//1234567890
//1234567890
//1234567890
//1234567890
//1234567890
//1234567890
//1234567890
//1234567890
//1234567890
//1234567890
//1234567890
//1234567890
//1234567890
//1234567890
//1234567890
//1234567890
//1234567890
//1234567890
//1234567890
//1234567890
//1234567890
//1234567890
//1234567890
//1234567890
//1234567890
//1234567890
//1234567890
//1234567890
//1234567890
//1234567890
//1234567890
//1234567890
//1234567890
//1234567890
//1234567890
//1234567890
//1234567890
//1234567890
//1234567890
//1234567890
//1234567890
//1234567890
//1234567890
//1234567890
//1234567890
//1234567890
//1234567890
//1234567890
//1234567890
//1234567890
//1234567890
//1234567890
//1234567890
//1234567890
//1234567890
//1234567890
//1234567890
//1234567890
//1234567890
//1234567890
//1234567890
//1234567890
//1234567890
//1234567890
//1234567890
//1234567890
//1234567890
//1234567890
//1234567890
//1234567890
//1234567890
//1234567890
//1234567890
//1234567890
//1234567890
//1234567890
//1234567890
//1234567890
//1234567890
//1234567890
//1234567890
//1234567890
//1234567890
//1234567890
//1234567890
//1234567890
//1234567890
//1234567890
//1234567890
//1234567890
//1234567890
//1234567890
//1234567890
//1234567890
//1234567890
//1234567890
//1234567890
//1234567890
//1234567890
//1234567890
//1234567890
//1234567890
//1234567890
//1234567890
//1234567890
//1234567890
//1234567890
//1234567890
//1234567890
//1234567890
//1234567890
//1234567890
//1234567890
//1234567890
//1234567890
//1234567890
//1234567890
//1234567890
//1234567890
//1234567890
//1234567890
//1234567890
//1234567890
//1234567890
//1234567890
//1234567890
//1234567890
//1234567890
//1234567890
//1234567890
//1234567890
//1234567890
//1234567890
//1234567890
//1234567890
//1234567890
//1234567890
//1234567890
//1234567890
//1234567890
//1234567890
//1234567890
//1234567890
//1234567890
//1234567890
//1234567890
//1234567890
//1234567890
//1234567890
//1234567890
//1234567890
//1234567890
//1234567890
//1234567890
//1234567890
//1234567890
//1234567890
//1234567890
//1234567890
//1234567890
//1234567890
//1234567890
//1234567890
//1234567890
//1234567890
//1234567890
//1234567890
//1234567890
//1234567890
//1234567890
//1234567890
//1234567890
//1234567890
//1234567890
//1234567890
//1234567890
//1234567890
//1234567890
//1234567890
//1234567890
//1234567890
//1234567890
//1234567890
//1234567890
//1234567890
//1234567890
//1234567890
//1234567890
//1234567890
//1234567890
//1234567890
//1234567890
//1234567890
//1234567890
//1234567890
//1234567890
//1234567890
//1234567890
//1234567890
//1234567890
//1234567890
//1234567890
//1234567890
//1234567890
//1234567890
//1234567890
//1234567890
//1234567890
//1234567890
//1234567890
//1234567890
//1234567890
//1234567890
//1234567890
//1234567890
//1234567890
//1234567890
//1234567890
//1234567890
//1234567890
//1234567890
//1234567890
//1234567890
//1234567890
//1234567890
//1234567890
//1234567890
//1234567890
//1234567890
//1234567890
//1234567890
//1234567890
//1234567890
//1234567890
//1234567890
//1234567890
//1234567890
//1234567890
//1234567890
//1234567890
//1234567890
//1234567890
//1234567890
//1234567890
//1234567890
//1234567890
//1234567890
//1234567890
//1234567890
//1234567890
//1234567890
//1234567890
//1234567890
//1234567890
//1234567890
//1234567890
//1234567890
//1234567890
//1234567890
//1234567890
//1234567890
//1234567890
//1234567890
//1234567890
//1234567890
//1234567890
//1234567890
//1234567890
//1234567890
//1234567890
//1234567890
//1234567890
//1234567890
//1234567890
//1234567890
//1234567890
//1234567890
//1234567890
//1234567890
//1234567890
//1234567890
//1234567890
//1234567890
//1234567890
//1234567890
//1234567890
//1234567890
//1234567890
//1234567890
//1234567890
//1234567890
//1234567890
//1234567890
//1234567890
//1234567890
//1234567890
//1234567890
//1234567890
//1234567890
//1234567890
//1234567890
//1234567890
//1234567890
//1234567890
//1234567890
//1234567890
//1234567890
//1234567890
//1234567890
//1234567890
//1234567890
//1234567890
//1234567890
//1234567890
//1234567890
//1234567890
//1234567890
//1234567890
//1234567890
//1234567890
//1234567890
//1234567890
//1234567890
//1234567890
//1234567890
//1234567890
//1234567890
//1234567890
//1234567890
//1234567890
//1234567890
//1234567890
//1234567890
//1234567890
//1234567890
//1234567890
//1234567890
//1234567890
//1234567890
//1234567890
//1234567890
//1234567890
//1234567890
//1234567890
//1234567890
//1234567890
//1234567890
//1234567890
//1234567890
//1234567890
//1234567890
//1234567890
//1234567890
//1234567890
//1234567890
//1234567890
//1234567890
//1234567890
//1234567890
//1234567890
//1234567890
//1234567890
//1234567890
//1234567890
//1234567890
//1234567890
//1234567890
//1234567890
//1234567890
//1234567890
//1234567890
//1234567890
//1234567890
//1234567890
//1234567890
//1234567890
//1234567890
//1234567890
//1234567890
//1234567890
//1234567890
//1234567890
//1234567890
//1234567890
//1234567890
//1234567890
//1234567890
//1234567890
//1234567890
//1234567890
//1234567890
//1234567890
//1234567890
//1234567890
//1234567890
//1234567890
//1234567890
//1234567890
//1234567890
//1234567890
//1234567890
//1234567890
//1234567890
//1234567890
//1234567890
//1234567890
//1234567890
//1234567890
//1234567890
//1234567890
//1234567890
//1234567890
//1234567890
//1234567890
//1234567890
//1234567890
//1234567890
//1234567890
//1234567890
//1234567890
//1234567890
//1234567890
//1234567890
//1234567890
//1234567890
//1234567890
//1234567890
//1234567890
//1234567890
//1234567890
//1234567890
//1234567890
//1234567890
//1234567890
//1234567890
//1234567890
//1234567890
//1234567890
//1234567890
//1234567890
//1234567890
//1234567890
//1234567890
//1234567890
//1234567890
//1234567890
//1234567890
//1234567890
//1234567890
//1234567890
//1234567890
//1234567890
//1234567890
//1234567890
//1234567890
//1234567890
//1234567890
//1234567890
//1234567890
//1234567890
//1234567890
//1234567890
//1234567890
//1234567890
//1234567890
//1234567890
//1234567890
//1234567890
//1234567890
//1234567890
//1234567890
//1234567890
//1234567890
//1234567890
//1234567890
//1234567890
//1234567890
//1234567890
//1234567890
//1234567890
//1234567890
//1234567890
//1234567890
//1234567890
//1234567890
//1234567890
//1234567890
//1234567890
//1234567890
//1234567890
//1234567890
//1234567890
//1234567890
//1234567890
//1234567890
//1234567890
//1234567890
//1234567890
//1234567890
//1234567890
//1234567890
//1234567890
//1234567890
//1234567890
//1234567890
//1234567890
//1234567890
//1234567890
//1234567890
//1234567890
//1234567890
//1234567890
//1234567890
//1234567890
//1234567890
//1234567890
//1234567890
//1234567890
//1234567890
//1234567890
//1234567890
//1234567890
//1234567890
//1234567890
//1234567890
//1234567890
//1234567890
//1234567890
//1234567890
//1234567890
//1234567890
//1234567890
//1234567890
//1234567890
//1234567890
//1234567890
//1234567890
//1234567890
//1234567890
//1234567890
//1234567890
//1234567890
//1234567890
//1234567890
//1234567890
//1234567890
//1234567890
//1234567890
//1234567890
//1234567890
//1234567890
//1234567890
//1234567890
//1234567890
//1234567890
//1234567890
//1234567890
//1234567890
//1234567890
//1234567890
//1234567890
//1234567890
//1234567890
//1234567890
//1234567890
//1234567890
//1234567890
//1234567890
//1234567890
//1234567890
//1234567890
//1234567890
//1234567890
//1234567890
//1234567890
//1234567890
//1234567890
//1234567890
//1234567890
//1234567890
//1234567890
//1234567890
//1234567890
//1234567890
//1234567890
//1234567890
//1234567890
//1234567890
//1234567890
//1234567890
//1234567890
//1234567890
//1234567890
//1234567890
//1234567890
//1234567890
//1234567890
//1234567890
//1234567890
//1234567890
//1234567890
//1234567890
//1234567890
//1234567890
//1234567890
//1234567890
//1234567890
//1234567890
//1234567890
//1234567890
//1234567890
//1234567890
//1234567890
//1234567890
//1234567890
//1234567890
//1234567890
//1234567890
//1234567890
//1234567890
//1234567890
//1234567890
//1234567890
//1234567890
//1234567890
//1234567890
//1234567890
//1234567890
//1234567890
//1234567890
//1234567890
//1234567890
//1234567890
//1234567890
//1234567890
//1234567890
//1234567890
//1234567890
//1234567890
//1234567890
//1234567890
//1234567890
//1234567890
//1234567890
//1234567890
//1234567890
//1234567890
//1234567890
//1234567890
//1234567890
//1234567890
//1234567890
//1234567890
//1234567890
//1234567890
//1234567890
//1234567890
//1234567890
//1234567890
//1234567890
//1234567890
//1234567890
//1234567890
//1234567890
//1234567890
//1234567890
//1234567890
//1234567890
//1234567890
//1234567890
//1234567890
//1234567890
//1234567890
//1234567890
//1234567890
//1234567890
//1234567890
//1234567890
//1234567890
//1234567890
//1234567890
//1234567890
//1234567890
//1234567890
//1234567890
//1234567890
//1234567890
//1234567890
//1234567890
//1234567890
//1234567890
//1234567890
//1234567890
//1234567890
//1234567890
//1234567890
//1234567890
//1234567890
//1234567890
//1234567890
//1234567890
//1234567890
//1234567890
//1234567890
//1234567890
//1234567890
//1234567890
//1234567890
//1234567890
//1234567890
//1234567890
//1234567890
//1234567890
//1234567890
//1234567890
//1234567890
//1234567890
//1234567890
//1234567890
//1234567890
//1234567890
//1234567890
//1234567890
//1234567890
//1234567890
//1234567890
//1234567890
//1234567890
//1234567890
//1234567890
//1234567890
//1234567890
//1234567890
//1234567890
//1234567890
//1234567890
//1234567890
//1234567890
//1234567890
//1234567890
//1234567890
//1234567890
//1234567890
//1234567890
//1234567890
//1234567890
//1234567890
//1234567890
//1234567890
//1234567890
//1234567890
//1234567890
//1234567890
//1234567890
//1234567890
//1234567890
//1234567890
//1234567890
//1234567890
//1234567890
//1234567890
//1234567890
//1234567890
//1234567890
//1234567890
//1234567890
//1234567890
//1234567890
//1234567890
//1234567890
//1234567890
//1234567890
//1234567890
//1234567890
//1234567890
//1234567890
//1234567890
//1234567890
//1234567890
//1234567890
//1234567890
//1234567890
//1234567890
//1234567890
//1234567890
//1234567890
//1234567890
//1234567890
//1234567890
//1234567890
//1234567890
//1234567890
//1234567890
//1234567890
//1234567890
//1234567890
//1234567890
//1234567890
//1234567890
//1234567890
//1234567890
//1234567890
//1234567890
//1234567890
//1234567890
//1234567890
//1234567890
//1234567890
//1234567890
//1234567890
//1234567890
//1234567890
//1234567890
//1234567890
//1234567890
//1234567890
//1234567890
//1234567890
//1234567890
//1234567890
//1234567890
//1234567890
//1234567890
//1234567890
//1234567890
//1234567890
//1234567890
//1234567890
//1234567890
//1234567890
//1234567890
//1234567890
//1234567890
//1234567890
//1234567890
//1234567890
//1234567890
//1234567890
//1234567890
//1234567890
//1234567890
//1234567890
//1234567890
//1234567890
//1234567890
//1234567890
//1234567890
//1234567890
//1234567890
//1234567890
//1234567890
//1234567890
//1234567890
//1234567890
//1234567890
//1234567890
//1234567890
//1234567890
//1234567890
//1234567890
//1234567890
//1234567890
//1234567890
//1234567890
//1234567890
//1234567890
//1234567890
//1234567890
//1234567890
//1234567890
//1234567890
//1234567890
//1234567890
//1234567890
//1234567890
//1234567890
//1234567890
//1234567890
//1234567890
//1234567890
//1234567890
//1234567890
//1234567890
//1234567890
//1234567890
//1234567890
//1234567890
//1234567890
//1234567890
//1234567890
//1234567890
//1234567890
//1234567890
//1234567890
//1234567890
//1234567890
//1234567890
//1234567890
//1234567890
//1234567890
//1234567890
//1234567890
//1234567890
//1234567890
//1234567890
//1234567890
//1234567890
//1234567890
//1234567890
//1234567890
//1234567890
//1234567890
//1234567890
//1234567890
//1234567890
//1234567890
//1234567890
//1234567890
//1234567890
//1234567890
//1234567890
//1234567890
//1234567890
//1234567890
//1234567890
//1234567890
//1234567890
//1234567890
//1234567890
//1234567890
//1234567890
//1234567890
//1234567890
//1234567890
//1234567890
//1234567890
//1234567890
//1234567890
//1234567890
//1234567890
//1234567890
//1234567890
//1234567890
//1234567890
//1234567890
//1234567890
//1234567890
//1234567890
//1234567890
//1234567890
//1234567890
//1234567890
//1234567890
//1234567890
//1234567890
//1234567890
//1234567890
//1234567890
//1234567890
//1234567890
//1234567890
//1234567890
//1234567890
//1234567890
//1234567890
//1234567890
//1234567890
//1234567890
//1234567890
//1234567890
//1234567890
//1234567890
//1234567890
//1234567890
//1234567890
//1234567890
//1234567890
//1234567890
//1234567890
//1234567890
//1234567890
//1234567890
//1234567890
//1234567890
//1234567890
//1234567890
//1234567890
//1234567890
//1234567890
//1234567890
//1234567890
//1234567890
//1234567890
//1234567890
//1234567890
//1234567890
//1234567890
//1234567890
//1234567890
//1234567890
//1234567890
//1234567890
//1234567890
//1234567890
//1234567890
//1234567890
//1234567890
//1234567890
//1234567890
//1234567890
//1234567890
//1234567890
//1234567890
//1234567890
//1234567890
//1234567890
//1234567890
//1234567890
//1234567890
//1234567890
//1234567890
//1234567890
//1234567890
//1234567890
//1234567890
//1234567890
//1234567890
//1234567890
//1234567890
//1234567890
//1234567890
//1234567890
//1234567890
//1234567890
//1234567890
//1234567890
//1234567890
//1234567890
//1234567890
//1234567890
//1234567890
//1234567890
//1234567890
//1234567890
//1234567890
//1234567890
//1234567890
//1234567890
//1234567890
//1234567890
//1234567890
//1234567890
//1234567890
//1234567890
//1234567890
//1234567890
//1234567890
//1234567890
//1234567890
//1234567890
//1234567890
//1234567890
//1234567890
//1234567890
//1234567890
//1234567890
//1234567890
//1234567890
//1234567890
//1234567890
//1234567890
//1234567890
//1234567890
//1234567890
//1234567890
//1234567890
//1234567890
//1234567890
//1234567890
//1234567890
//1234567890
//1234567890
//1234567890
//1234567890
//1234567890
//1234567890
//1234567890
//1234567890
//1234567890
//1234567890
//1234567890
//1234567890
//1234567890
//1234567890
//1234567890
//1234567890
//1234567890
//1234567890
//1234567890
//1234567890
//1234567890
//1234567890
//1234567890
//1234567890
//1234567890
//1234567890
//1234567890
//1234567890
//1234567890
//1234567890
//1234567890
//1234567890
//1234567890
//1234567890
//1234567890
//1234567890
//1234567890
//1234567890
//1234567890
//1234567890
//1234567890
//1234567890
//1234567890
//1234567890
//1234567890
//1234567890
//1234567890
//1234567890
//1234567890
//1234567890
//1234567890
//1234567890
//1234567890
//1234567890
//1234567890
//1234567890
//1234567890
//1234567890
//1234567890
//1234567890
//1234567890
//1234567890
//1234567890
//1234567890
//1234567890
//1234567890
//1234567890
//1234567890
//1234567890
//1234567890
//1234567890
//1234567890
//1234567890
//1234567890
//1234567890
//1234567890
//1234567890
//1234567890
//1234567890
//1234567890
//1234567890
//1234567890
//1234567890
//1234567890
//1234567890
//1234567890
//1234567890
//1234567890
//1234567890
//1234567890
//1234567890
//1234567890
//1234567890
//1234567890
//1234567890
//1234567890
//1234567890
//1234567890
//1234567890
//1234567890
//1234567890
//1234567890
//1234567890
//1234567890
//1234567890
//1234567890
//1234567890
//1234567890
//1234567890
//1234567890
//1234567890
//1234567890
//1234567890
//1234567890
//1234567890
//1234567890
//1234567890
//1234567890
//1234567890
//1234567890
//1234567890
//1234567890
//1234567890
//1234567890
//1234567890
//1234567890
//1234567890
//1234567890
//1234567890
//1234567890
//1234567890
//1234567890
//1234567890
//1234567890
//1234567890
//1234567890
//1234567890
//1234567890
//1234567890
//1234567890
//1234567890
//1234567890
//1234567890
//1234567890
//1234567890
//1234567890
//1234567890
//1234567890
//1234567890
//1234567890
//1234567890
//1234567890
//1234567890
//1234567890
//1234567890
//1234567890
//1234567890
//1234567890
//1234567890
//1234567890
//1234567890
//1234567890
//1234567890
//1234567890
//1234567890
//1234567890
//1234567890
//1234567890
//1234567890
//1234567890
//1234567890
//1234567890
//1234567890
//1234567890
//1234567890
//1234567890
//1234567890
//1234567890
//1234567890
//1234567890
//1234567890
//1234567890
//1234567890
//1234567890
//1234567890
//1234567890
//1234567890
//1234567890
//1234567890
//1234567890
//1234567890
//1234567890
//1234567890
//1234567890
//1234567890
//1234567890
//1234567890
//1234567890
//1234567890
//1234567890
//1234567890
//1234567890
//1234567890
//1234567890
//1234567890
//1234567890
//1234567890
//1234567890
//1234567890
//1234567890
//1234567890
//1234567890
//1234567890
//1234567890
//1234567890
//1234567890
//1234567890
//1234567890
//1234567890
//1234567890
//1234567890
//1234567890
//1234567890
//1234567890
//1234567890
//1234567890
//1234567890
//1234567890
//1234567890
//1234567890
//1234567890
//1234567890
//1234567890
//1234567890
//1234567890
//1234567890
//1234567890
//1234567890
//1234567890
//1234567890
//1234567890
//1234567890
//1234567890
//1234567890
//1234567890
//1234567890
//1234567890
//1234567890
//1234567890
//1234567890
//1234567890
//1234567890
//1234567890
//1234567890
//1234567890
//1234567890
//1234567890
//1234567890
//1234567890
//1234567890
//1234567890
//1234567890
//1234567890
//1234567890
//1234567890
//1234567890
//1234567890
//1234567890
//1234567890
//1234567890
//1234567890
//1234567890
//1234567890
//1234567890
//1234567890
//1234567890
//1234567890
//1234567890
//1234567890
//1234567890
//1234567890
//1234567890
//1234567890
//1234567890
//1234567890
//1234567890
//1234567890
//1234567890
//1234567890
//1234567890
//1234567890
//1234567890

Oct 04, 2022 11:07:02 AM edu.yu.cs.com3800.stage5.GatewayServer$ServerHttpHandler handle
INFO: leader is localhost/127.0.0.1:30080
Oct 04, 2022 11:07:02 AM edu.yu.cs.com3800.stage5.GatewayServer$ServerHttpHandler sendAndGetResponse
INFO: Waiting for leader
Oct 04, 2022 11:07:02 AM edu.yu.cs.com3800.stage5.GatewayServer$ServerHttpHandler sendAndGetResponse
INFO: Leader found localhost/127.0.0.1:30080
Oct 04, 2022 11:07:02 AM edu.yu.cs.com3800.stage5.GatewayServer$ServerHttpHandler sendAndGetResponse
INFO: assigned request ID of 51
Oct 04, 2022 11:07:02 AM edu.yu.cs.com3800.stage5.GatewayServer$ServerHttpHandler sendAndGetResponse
INFO: Attempting to read leader response for requestID 51
Oct 04, 2022 11:07:03 AM edu.yu.cs.com3800.stage5.GatewayServer$ServerHttpHandler handle
INFO: Got response for 51
Oct 04, 2022 11:07:03 AM edu.yu.cs.com3800.stage5.GatewayServer$ServerHttpHandler handle
INFO: Attempting to send response headers for requestID 51
Oct 04, 2022 11:07:03 AM edu.yu.cs.com3800.stage5.GatewayServer$ServerHttpHandler handle
INFO: Response headers should be: 200 19
Oct 04, 2022 11:07:03 AM edu.yu.cs.com3800.stage5.GatewayServer$ServerHttpHandler handle
INFO: Attempting to write response body for requestID: 51
Oct 04, 2022 11:07:03 AM edu.yu.cs.com3800.stage5.GatewayServer$ServerHttpHandler handle
INFO: Response headers should be: happyShortMultiLine
Oct 04, 2022 11:07:03 AM edu.yu.cs.com3800.stage5.GatewayServer$ServerHttpHandler handle
INFO: Finished processing requestId: 51
Oct 04, 2022 11:07:03 AM edu.yu.cs.com3800.stage5.GatewayServer$ServerHttpHandler handle
INFO: Server received request on /compileandrun from port 34066
Oct 04, 2022 11:07:03 AM edu.yu.cs.com3800.stage5.GatewayServer$ServerHttpHandler handle
INFO: Request body: public class HelloWorld {public HelloWorld(){}public String run(){return "happyShortSingleLine";}}
Oct 04, 2022 11:07:03 AM edu.yu.cs.com3800.stage5.GatewayServer$ServerHttpHandler handle
INFO: leader is localhost/127.0.0.1:30080
Oct 04, 2022 11:07:03 AM edu.yu.cs.com3800.stage5.GatewayServer$ServerHttpHandler sendAndGetResponse
INFO: Waiting for leader
Oct 04, 2022 11:07:03 AM edu.yu.cs.com3800.stage5.GatewayServer$ServerHttpHandler sendAndGetResponse
INFO: Leader found localhost/127.0.0.1:30080
Oct 04, 2022 11:07:03 AM edu.yu.cs.com3800.stage5.GatewayServer$ServerHttpHandler sendAndGetResponse
INFO: assigned request ID of 52
Oct 04, 2022 11:07:03 AM edu.yu.cs.com3800.stage5.GatewayServer$ServerHttpHandler sendAndGetResponse
INFO: Attempting to read leader response for requestID 52
Oct 04, 2022 11:07:04 AM edu.yu.cs.com3800.stage5.GatewayServer$ServerHttpHandler handle
INFO: Got response for 52
Oct 04, 2022 11:07:04 AM edu.yu.cs.com3800.stage5.GatewayServer$ServerHttpHandler handle
INFO: Attempting to send response headers for requestID 52
Oct 04, 2022 11:07:04 AM edu.yu.cs.com3800.stage5.GatewayServer$ServerHttpHandler handle
INFO: Response headers should be: 200 20
Oct 04, 2022 11:07:04 AM edu.yu.cs.com3800.stage5.GatewayServer$ServerHttpHandler handle
INFO: Attempting to write response body for requestID: 52
Oct 04, 2022 11:07:04 AM edu.yu.cs.com3800.stage5.GatewayServer$ServerHttpHandler handle
INFO: Response headers should be: happyShortSingleLine
Oct 04, 2022 11:07:04 AM edu.yu.cs.com3800.stage5.GatewayServer$ServerHttpHandler handle
INFO: Finished processing requestId: 52
Oct 04, 2022 11:07:04 AM edu.yu.cs.com3800.stage5.GatewayServer$ServerHttpHandler handle
INFO: Server received request on /compileandrun from port 34066
Oct 04, 2022 11:07:04 AM edu.yu.cs.com3800.stage5.GatewayServer$ServerHttpHandler handle
INFO: Request body: public class HelloWorld { 
 public HelloWorld(){
}
public String run(){
return "happyShortMultiLine";
}
}
Oct 04, 2022 11:07:04 AM edu.yu.cs.com3800.stage5.GatewayServer$ServerHttpHandler handle
INFO: leader is localhost/127.0.0.1:30080
Oct 04, 2022 11:07:04 AM edu.yu.cs.com3800.stage5.GatewayServer$ServerHttpHandler sendAndGetResponse
INFO: Waiting for leader
Oct 04, 2022 11:07:04 AM edu.yu.cs.com3800.stage5.GatewayServer$ServerHttpHandler sendAndGetResponse
INFO: Leader found localhost/127.0.0.1:30080
Oct 04, 2022 11:07:04 AM edu.yu.cs.com3800.stage5.GatewayServer$ServerHttpHandler sendAndGetResponse
INFO: assigned request ID of 53
Oct 04, 2022 11:07:04 AM edu.yu.cs.com3800.stage5.GatewayServer$ServerHttpHandler sendAndGetResponse
INFO: Attempting to read leader response for requestID 53
Oct 04, 2022 11:07:06 AM edu.yu.cs.com3800.stage5.GatewayServer$ServerHttpHandler handle
INFO: Got response for 53
Oct 04, 2022 11:07:06 AM edu.yu.cs.com3800.stage5.GatewayServer$ServerHttpHandler handle
INFO: Attempting to send response headers for requestID 53
Oct 04, 2022 11:07:06 AM edu.yu.cs.com3800.stage5.GatewayServer$ServerHttpHandler handle
INFO: Response headers should be: 200 19
Oct 04, 2022 11:07:06 AM edu.yu.cs.com3800.stage5.GatewayServer$ServerHttpHandler handle
INFO: Attempting to write response body for requestID: 53
Oct 04, 2022 11:07:06 AM edu.yu.cs.com3800.stage5.GatewayServer$ServerHttpHandler handle
INFO: Response headers should be: happyShortMultiLine
Oct 04, 2022 11:07:06 AM edu.yu.cs.com3800.stage5.GatewayServer$ServerHttpHandler handle
INFO: Finished processing requestId: 53
Oct 04, 2022 11:07:06 AM edu.yu.cs.com3800.stage5.GatewayServer$ServerHttpHandler handle
INFO: Server received request on /compileandrun from port 34066
Oct 04, 2022 11:07:06 AM edu.yu.cs.com3800.stage5.GatewayServer$ServerHttpHandler handle
INFO: Request body: public class HelloWorld {public HelloWorld(){}public String run(){return "happyShortSingleLine"}}
Oct 04, 2022 11:07:06 AM edu.yu.cs.com3800.stage5.GatewayServer$ServerHttpHandler handle
INFO: leader is localhost/127.0.0.1:30080
Oct 04, 2022 11:07:06 AM edu.yu.cs.com3800.stage5.GatewayServer$ServerHttpHandler sendAndGetResponse
INFO: Waiting for leader
Oct 04, 2022 11:07:06 AM edu.yu.cs.com3800.stage5.GatewayServer$ServerHttpHandler sendAndGetResponse
INFO: Leader found localhost/127.0.0.1:30080
Oct 04, 2022 11:07:06 AM edu.yu.cs.com3800.stage5.GatewayServer$ServerHttpHandler sendAndGetResponse
INFO: assigned request ID of 54
Oct 04, 2022 11:07:06 AM edu.yu.cs.com3800.stage5.GatewayServer$ServerHttpHandler sendAndGetResponse
INFO: Attempting to read leader response for requestID 54
Oct 04, 2022 11:07:08 AM edu.yu.cs.com3800.stage5.GatewayServer$ServerHttpHandler handle
INFO: Got response for 54
Oct 04, 2022 11:07:08 AM edu.yu.cs.com3800.stage5.GatewayServer$ServerHttpHandler handle
INFO: Attempting to send response headers for requestID 54
Oct 04, 2022 11:07:08 AM edu.yu.cs.com3800.stage5.GatewayServer$ServerHttpHandler handle
INFO: Response headers should be: 400 466
Oct 04, 2022 11:07:08 AM edu.yu.cs.com3800.stage5.GatewayServer$ServerHttpHandler handle
INFO: Attempting to write response body for requestID: 54
Oct 04, 2022 11:07:08 AM edu.yu.cs.com3800.stage5.GatewayServer$ServerHttpHandler handle
INFO: Response headers should be: Code did not compile:
Error on line 1, column 96 in string:///HelloWorld.java

java.lang.IllegalArgumentException: Code did not compile:
Error on line 1, column 96 in string:///HelloWorld.java

	at edu.yu.cs.com3800.JavaRunner.compileFromString(JavaRunner.java:104)
	at edu.yu.cs.com3800.JavaRunner.compileAndRun(JavaRunner.java:78)
	at edu.yu.cs.com3800.stage5.JavaRunnerFollower.run(JavaRunnerFollower.java:103)
	at java.base/java.lang.Thread.run(Thread.java:829)

Oct 04, 2022 11:07:08 AM edu.yu.cs.com3800.stage5.GatewayServer$ServerHttpHandler handle
INFO: Finished processing requestId: 54
Oct 04, 2022 11:07:08 AM edu.yu.cs.com3800.stage5.GatewayServer$ServerHttpHandler handle
INFO: Server received request on /compileandrun from port 34066
Oct 04, 2022 11:07:08 AM edu.yu.cs.com3800.stage5.GatewayServer$ServerHttpHandler handle
INFO: Request body: public class HelloWorld { 
 public HelloWorld(){
}
public String run(){
return "happyShortMultiLine"
}
}
Oct 04, 2022 11:07:08 AM edu.yu.cs.com3800.stage5.GatewayServer$ServerHttpHandler handle
INFO: leader is localhost/127.0.0.1:30080
Oct 04, 2022 11:07:08 AM edu.yu.cs.com3800.stage5.GatewayServer$ServerHttpHandler sendAndGetResponse
INFO: Waiting for leader
Oct 04, 2022 11:07:08 AM edu.yu.cs.com3800.stage5.GatewayServer$ServerHttpHandler sendAndGetResponse
INFO: Leader found localhost/127.0.0.1:30080
Oct 04, 2022 11:07:08 AM edu.yu.cs.com3800.stage5.GatewayServer$ServerHttpHandler sendAndGetResponse
INFO: assigned request ID of 55
Oct 04, 2022 11:07:08 AM edu.yu.cs.com3800.stage5.GatewayServer$ServerHttpHandler sendAndGetResponse
INFO: Attempting to read leader response for requestID 55
Oct 04, 2022 11:07:09 AM edu.yu.cs.com3800.stage5.GatewayServer$ServerHttpHandler handle
INFO: Got response for 55
Oct 04, 2022 11:07:09 AM edu.yu.cs.com3800.stage5.GatewayServer$ServerHttpHandler handle
INFO: Attempting to send response headers for requestID 55
Oct 04, 2022 11:07:09 AM edu.yu.cs.com3800.stage5.GatewayServer$ServerHttpHandler handle
INFO: Response headers should be: 400 466
Oct 04, 2022 11:07:09 AM edu.yu.cs.com3800.stage5.GatewayServer$ServerHttpHandler handle
INFO: Attempting to write response body for requestID: 55
Oct 04, 2022 11:07:09 AM edu.yu.cs.com3800.stage5.GatewayServer$ServerHttpHandler handle
INFO: Response headers should be: Code did not compile:
Error on line 5, column 29 in string:///HelloWorld.java

java.lang.IllegalArgumentException: Code did not compile:
Error on line 5, column 29 in string:///HelloWorld.java

	at edu.yu.cs.com3800.JavaRunner.compileFromString(JavaRunner.java:104)
	at edu.yu.cs.com3800.JavaRunner.compileAndRun(JavaRunner.java:78)
	at edu.yu.cs.com3800.stage5.JavaRunnerFollower.run(JavaRunnerFollower.java:103)
	at java.base/java.lang.Thread.run(Thread.java:829)

Oct 04, 2022 11:07:09 AM edu.yu.cs.com3800.stage5.GatewayServer$ServerHttpHandler handle
INFO: Finished processing requestId: 55
Oct 04, 2022 11:07:09 AM edu.yu.cs.com3800.stage5.GatewayServer$ServerHttpHandler handle
INFO: Server received request on /compileandrun from port 34202
Oct 04, 2022 11:07:09 AM edu.yu.cs.com3800.stage5.GatewayServer$ServerHttpHandler handle
INFO: Request body: package edu.yu.cs.fall2019.com3800.stage1;

public class HelloWorld
{
    public String run()
    {
   try{Thread.sleep(90000);}catch(Exception e){}    
 return Thread.currentThread().getName();
    }
}

Oct 04, 2022 11:07:09 AM edu.yu.cs.com3800.stage5.GatewayServer$ServerHttpHandler handle
INFO: leader is localhost/127.0.0.1:30080
Oct 04, 2022 11:07:09 AM edu.yu.cs.com3800.stage5.GatewayServer$ServerHttpHandler sendAndGetResponse
INFO: Waiting for leader
Oct 04, 2022 11:07:09 AM edu.yu.cs.com3800.stage5.GatewayServer$ServerHttpHandler sendAndGetResponse
INFO: Leader found localhost/127.0.0.1:30080
Oct 04, 2022 11:07:09 AM edu.yu.cs.com3800.stage5.GatewayServer$ServerHttpHandler sendAndGetResponse
INFO: assigned request ID of 56
Oct 04, 2022 11:07:09 AM edu.yu.cs.com3800.stage5.GatewayServer$ServerHttpHandler sendAndGetResponse
INFO: Attempting to read leader response for requestID 56
Oct 04, 2022 11:08:29 AM edu.yu.cs.com3800.stage5.GatewayServer$ServerHttpHandler sendAndGetResponse
INFO: Waiting for leader
Oct 04, 2022 11:08:29 AM edu.yu.cs.com3800.stage5.GatewayServer$ServerHttpHandler sendAndGetResponse
INFO: Leader found localhost/127.0.0.1:30070
Oct 04, 2022 11:08:29 AM edu.yu.cs.com3800.stage5.GatewayServer$ServerHttpHandler sendAndGetResponse
INFO: assigned request ID of 56
Oct 04, 2022 11:08:29 AM edu.yu.cs.com3800.stage5.GatewayServer$ServerHttpHandler sendAndGetResponse
INFO: Attempting to read leader response for requestID 56
Oct 04, 2022 11:08:42 AM edu.yu.cs.com3800.stage5.GatewayServer$ServerHttpHandler handle
INFO: Got response for 56
Oct 04, 2022 11:08:42 AM edu.yu.cs.com3800.stage5.GatewayServer$ServerHttpHandler handle
INFO: Attempting to send response headers for requestID 56
Oct 04, 2022 11:08:42 AM edu.yu.cs.com3800.stage5.GatewayServer$ServerHttpHandler handle
INFO: Response headers should be: 200 10
Oct 04, 2022 11:08:42 AM edu.yu.cs.com3800.stage5.GatewayServer$ServerHttpHandler handle
INFO: Attempting to write response body for requestID: 56
Oct 04, 2022 11:08:42 AM edu.yu.cs.com3800.stage5.GatewayServer$ServerHttpHandler handle
INFO: Response headers should be: 4 Follower
Oct 04, 2022 11:08:42 AM edu.yu.cs.com3800.stage5.GatewayServer$ServerHttpHandler handle
INFO: Finished processing requestId: 56
