Oct 04, 2022 11:10:06 AM edu.yu.cs.com3800.LoggingServer fileHandler
INFO: Logging to file begins:
Oct 04, 2022 11:10:06 AM edu.yu.cs.com3800.stage5.GossipThread initialGossipMapLoad
INFO: Performing initial Gossip Map Load
Oct 04, 2022 11:10:06 AM edu.yu.cs.com3800.stage5.GossipThread run
INFO: Got gossip message from queue
Oct 04, 2022 11:10:06 AM edu.yu.cs.com3800.stage5.GossipThread run
INFO: Updating Map
Oct 04, 2022 11:10:06 AM edu.yu.cs.com3800.stage5.GossipThread updateGossipMap
FINE: updated server 4 with heartbeat 1
Oct 04, 2022 11:10:06 AM edu.yu.cs.com3800.stage5.GossipThread run
INFO: Marking failed nodes
Oct 04, 2022 11:10:06 AM edu.yu.cs.com3800.stage5.GossipThread run
INFO: Cleaning failed nodes
Oct 04, 2022 11:10:09 AM edu.yu.cs.com3800.stage5.GossipThread run
INFO: Got gossip message from queue
Oct 04, 2022 11:10:09 AM edu.yu.cs.com3800.stage5.GossipThread run
INFO: Updating Map
Oct 04, 2022 11:10:09 AM edu.yu.cs.com3800.stage5.GossipThread updateGossipMap
FINE: updated server 8 with heartbeat 1
Oct 04, 2022 11:10:09 AM edu.yu.cs.com3800.stage5.GossipThread run
INFO: Marking failed nodes
Oct 04, 2022 11:10:09 AM edu.yu.cs.com3800.stage5.GossipThread run
INFO: Cleaning failed nodes
Oct 04, 2022 11:10:12 AM edu.yu.cs.com3800.stage5.GossipThread run
SEVERE: Shutting Down
