Oct 04, 2022 11:08:23 AM edu.yu.cs.com3800.LoggingServer fileHandler
INFO: Logging to file begins:
Oct 04, 2022 11:08:23 AM edu.yu.cs.com3800.stage5.RoundRobinLeader getOldWork
INFO: Getting Old Work
Oct 04, 2022 11:08:39 AM edu.yu.cs.com3800.stage5.RoundRobinLeader getOldWork
FINE: There was old work
Oct 04, 2022 11:08:39 AM edu.yu.cs.com3800.stage5.RoundRobinLeader getOldWork
FINE: Got 57 already completed
Oct 04, 2022 11:08:40 AM edu.yu.cs.com3800.stage5.RoundRobinLeader getOldWork
FINE: There was old work
Oct 04, 2022 11:08:40 AM edu.yu.cs.com3800.stage5.RoundRobinLeader getOldWork
FINE: Got 58 already completed
Oct 04, 2022 11:08:40 AM edu.yu.cs.com3800.stage5.RoundRobinLeader getOldWork
FINE: There was old work
Oct 04, 2022 11:08:40 AM edu.yu.cs.com3800.stage5.RoundRobinLeader getOldWork
FINE: Got 60 already completed
Oct 04, 2022 11:08:42 AM edu.yu.cs.com3800.stage5.RoundRobinLeader getOldWork
FINE: There was old work
Oct 04, 2022 11:08:42 AM edu.yu.cs.com3800.stage5.RoundRobinLeader getOldWork
FINE: Got 56 already completed
Oct 04, 2022 11:08:42 AM edu.yu.cs.com3800.stage5.RoundRobinLeader getOldWork
INFO: Finished getting completed work
Oct 04, 2022 11:08:42 AM edu.yu.cs.com3800.stage5.RoundRobinLeader run
INFO: Got a message from Queue
Oct 04, 2022 11:08:42 AM edu.yu.cs.com3800.stage5.RoundRobinLeader run
INFO: Received WORK from Gateway at localhost/127.0.0.1:8888
Oct 04, 2022 11:08:42 AM edu.yu.cs.com3800.stage5.RoundRobinLeader sendWorkToCluster
INFO: Sending 59 to follower at: localhost/127.0.0.1:30050
Oct 04, 2022 11:08:42 AM edu.yu.cs.com3800.stage5.RoundRobinLeader run
INFO: Got a message from Queue
Oct 04, 2022 11:08:42 AM edu.yu.cs.com3800.stage5.RoundRobinLeader run
INFO: Received WORK from Gateway at localhost/127.0.0.1:8888
Oct 04, 2022 11:08:42 AM edu.yu.cs.com3800.stage5.RoundRobinLeader sendWorkToCluster
INFO: Sending 57 to follower at: localhost/127.0.0.1:30020
Oct 04, 2022 11:08:42 AM edu.yu.cs.com3800.stage5.RoundRobinLeader run
INFO: Got a message from Queue
Oct 04, 2022 11:08:42 AM edu.yu.cs.com3800.stage5.RoundRobinLeader run
INFO: Received WORK from Gateway at localhost/127.0.0.1:8888
Oct 04, 2022 11:08:42 AM edu.yu.cs.com3800.stage5.RoundRobinLeader sendWorkToCluster
INFO: Sending 56 to follower at: localhost/127.0.0.1:30040
Oct 04, 2022 11:08:42 AM edu.yu.cs.com3800.stage5.RoundRobinLeader run
INFO: Got a message from Queue
Oct 04, 2022 11:08:42 AM edu.yu.cs.com3800.stage5.RoundRobinLeader run
INFO: Received WORK from Gateway at localhost/127.0.0.1:8888
Oct 04, 2022 11:08:42 AM edu.yu.cs.com3800.stage5.RoundRobinLeader sendWorkToCluster
INFO: Sending 58 to follower at: localhost/127.0.0.1:30010
Oct 04, 2022 11:08:42 AM edu.yu.cs.com3800.stage5.RoundRobinLeader run
INFO: Got a message from Queue
Oct 04, 2022 11:08:42 AM edu.yu.cs.com3800.stage5.RoundRobinLeader run
INFO: Received WORK from Gateway at localhost/127.0.0.1:8888
Oct 04, 2022 11:08:42 AM edu.yu.cs.com3800.stage5.RoundRobinLeader sendWorkToCluster
INFO: Sending 60 to follower at: localhost/127.0.0.1:30060
Oct 04, 2022 11:08:42 AM edu.yu.cs.com3800.stage5.RoundRobinLeader run
FINEST: No message received, waiting
Oct 04, 2022 11:08:43 AM edu.yu.cs.com3800.stage5.RoundRobinLeader run
FINEST: No message received, waiting
Oct 04, 2022 11:08:43 AM edu.yu.cs.com3800.stage5.RoundRobinLeader run
FINEST: No message received, waiting
Oct 04, 2022 11:08:44 AM edu.yu.cs.com3800.stage5.RoundRobinLeader run
FINEST: No message received, waiting
Oct 04, 2022 11:08:44 AM edu.yu.cs.com3800.stage5.RoundRobinLeader run
FINEST: No message received, waiting
Oct 04, 2022 11:08:44 AM edu.yu.cs.com3800.stage5.RoundRobinLeader run
FINEST: No message received, waiting
Oct 04, 2022 11:08:45 AM edu.yu.cs.com3800.stage5.RoundRobinLeader run
FINEST: No message received, waiting
Oct 04, 2022 11:08:45 AM edu.yu.cs.com3800.stage5.RoundRobinLeader run
FINEST: No message received, waiting
Oct 04, 2022 11:08:46 AM edu.yu.cs.com3800.stage5.RoundRobinLeader run
FINEST: No message received, waiting
Oct 04, 2022 11:08:46 AM edu.yu.cs.com3800.stage5.RoundRobinLeader run
FINEST: No message received, waiting
Oct 04, 2022 11:08:46 AM edu.yu.cs.com3800.stage5.RoundRobinLeader run
FINEST: No message received, waiting
Oct 04, 2022 11:08:47 AM edu.yu.cs.com3800.stage5.RoundRobinLeader run
FINEST: No message received, waiting
Oct 04, 2022 11:08:47 AM edu.yu.cs.com3800.stage5.RoundRobinLeader run
FINEST: No message received, waiting
Oct 04, 2022 11:08:48 AM edu.yu.cs.com3800.stage5.RoundRobinLeader run
FINEST: No message received, waiting
Oct 04, 2022 11:08:48 AM edu.yu.cs.com3800.stage5.RoundRobinLeader run
FINEST: No message received, waiting
Oct 04, 2022 11:08:48 AM edu.yu.cs.com3800.stage5.RoundRobinLeader run
FINEST: No message received, waiting
Oct 04, 2022 11:08:49 AM edu.yu.cs.com3800.stage5.RoundRobinLeader run
FINEST: No message received, waiting
Oct 04, 2022 11:08:49 AM edu.yu.cs.com3800.stage5.RoundRobinLeader run
FINEST: No message received, waiting
Oct 04, 2022 11:08:50 AM edu.yu.cs.com3800.stage5.RoundRobinLeader run
FINEST: No message received, waiting
Oct 04, 2022 11:08:50 AM edu.yu.cs.com3800.stage5.RoundRobinLeader run
FINEST: No message received, waiting
Oct 04, 2022 11:08:50 AM edu.yu.cs.com3800.stage5.RoundRobinLeader run
FINEST: No message received, waiting
Oct 04, 2022 11:08:51 AM edu.yu.cs.com3800.stage5.RoundRobinLeader run
FINEST: No message received, waiting
Oct 04, 2022 11:08:51 AM edu.yu.cs.com3800.stage5.RoundRobinLeader run
FINEST: No message received, waiting
Oct 04, 2022 11:08:52 AM edu.yu.cs.com3800.stage5.RoundRobinLeader run
FINEST: No message received, waiting
Oct 04, 2022 11:08:52 AM edu.yu.cs.com3800.stage5.RoundRobinLeader run
FINEST: No message received, waiting
Oct 04, 2022 11:08:52 AM edu.yu.cs.com3800.stage5.RoundRobinLeader run
FINEST: No message received, waiting
Oct 04, 2022 11:08:53 AM edu.yu.cs.com3800.stage5.RoundRobinLeader run
FINEST: No message received, waiting
Oct 04, 2022 11:08:53 AM edu.yu.cs.com3800.stage5.RoundRobinLeader run
FINEST: No message received, waiting
Oct 04, 2022 11:08:54 AM edu.yu.cs.com3800.stage5.RoundRobinLeader run
FINEST: No message received, waiting
Oct 04, 2022 11:08:54 AM edu.yu.cs.com3800.stage5.RoundRobinLeader run
FINEST: No message received, waiting
Oct 04, 2022 11:08:54 AM edu.yu.cs.com3800.stage5.RoundRobinLeader run
FINEST: No message received, waiting
Oct 04, 2022 11:08:55 AM edu.yu.cs.com3800.stage5.RoundRobinLeader run
FINEST: No message received, waiting
Oct 04, 2022 11:08:55 AM edu.yu.cs.com3800.stage5.RoundRobinLeader run
FINEST: No message received, waiting
Oct 04, 2022 11:08:56 AM edu.yu.cs.com3800.stage5.RoundRobinLeader run
FINEST: No message received, waiting
Oct 04, 2022 11:08:56 AM edu.yu.cs.com3800.stage5.RoundRobinLeader run
FINEST: No message received, waiting
Oct 04, 2022 11:08:56 AM edu.yu.cs.com3800.stage5.RoundRobinLeader run
FINEST: No message received, waiting
Oct 04, 2022 11:08:57 AM edu.yu.cs.com3800.stage5.RoundRobinLeader run
FINEST: No message received, waiting
Oct 04, 2022 11:08:57 AM edu.yu.cs.com3800.stage5.RoundRobinLeader run
FINEST: No message received, waiting
Oct 04, 2022 11:08:58 AM edu.yu.cs.com3800.stage5.RoundRobinLeader run
FINEST: No message received, waiting
Oct 04, 2022 11:08:58 AM edu.yu.cs.com3800.stage5.RoundRobinLeader run
FINEST: No message received, waiting
Oct 04, 2022 11:08:58 AM edu.yu.cs.com3800.stage5.RoundRobinLeader run
FINEST: No message received, waiting
Oct 04, 2022 11:08:59 AM edu.yu.cs.com3800.stage5.RoundRobinLeader run
FINEST: No message received, waiting
Oct 04, 2022 11:08:59 AM edu.yu.cs.com3800.stage5.RoundRobinLeader run
FINEST: No message received, waiting
Oct 04, 2022 11:09:00 AM edu.yu.cs.com3800.stage5.RoundRobinLeader run
FINEST: No message received, waiting
Oct 04, 2022 11:09:00 AM edu.yu.cs.com3800.stage5.RoundRobinLeader run
FINEST: No message received, waiting
Oct 04, 2022 11:09:00 AM edu.yu.cs.com3800.stage5.RoundRobinLeader run
FINEST: No message received, waiting
Oct 04, 2022 11:09:01 AM edu.yu.cs.com3800.stage5.RoundRobinLeader run
FINEST: No message received, waiting
Oct 04, 2022 11:09:01 AM edu.yu.cs.com3800.stage5.RoundRobinLeader run
FINEST: No message received, waiting
Oct 04, 2022 11:09:02 AM edu.yu.cs.com3800.stage5.RoundRobinLeader run
FINEST: No message received, waiting
Oct 04, 2022 11:09:02 AM edu.yu.cs.com3800.stage5.RoundRobinLeader run
FINEST: No message received, waiting
Oct 04, 2022 11:09:02 AM edu.yu.cs.com3800.stage5.RoundRobinLeader run
FINEST: No message received, waiting
Oct 04, 2022 11:09:03 AM edu.yu.cs.com3800.stage5.RoundRobinLeader run
FINEST: No message received, waiting
Oct 04, 2022 11:09:03 AM edu.yu.cs.com3800.stage5.RoundRobinLeader run
FINEST: No message received, waiting
Oct 04, 2022 11:09:04 AM edu.yu.cs.com3800.stage5.RoundRobinLeader run
FINEST: No message received, waiting
Oct 04, 2022 11:09:04 AM edu.yu.cs.com3800.stage5.RoundRobinLeader run
FINEST: No message received, waiting
Oct 04, 2022 11:09:04 AM edu.yu.cs.com3800.stage5.RoundRobinLeader run
FINEST: No message received, waiting
Oct 04, 2022 11:09:05 AM edu.yu.cs.com3800.stage5.RoundRobinLeader run
FINEST: No message received, waiting
Oct 04, 2022 11:09:05 AM edu.yu.cs.com3800.stage5.RoundRobinLeader run
FINEST: No message received, waiting
Oct 04, 2022 11:09:06 AM edu.yu.cs.com3800.stage5.RoundRobinLeader run
FINEST: No message received, waiting
Oct 04, 2022 11:09:06 AM edu.yu.cs.com3800.stage5.RoundRobinLeader run
FINEST: No message received, waiting
Oct 04, 2022 11:09:06 AM edu.yu.cs.com3800.stage5.RoundRobinLeader run
FINEST: No message received, waiting
Oct 04, 2022 11:09:07 AM edu.yu.cs.com3800.stage5.RoundRobinLeader run
FINEST: No message received, waiting
Oct 04, 2022 11:09:07 AM edu.yu.cs.com3800.stage5.RoundRobinLeader run
FINEST: No message received, waiting
Oct 04, 2022 11:09:08 AM edu.yu.cs.com3800.stage5.RoundRobinLeader run
FINEST: No message received, waiting
Oct 04, 2022 11:09:08 AM edu.yu.cs.com3800.stage5.RoundRobinLeader run
FINEST: No message received, waiting
Oct 04, 2022 11:09:08 AM edu.yu.cs.com3800.stage5.RoundRobinLeader run
FINEST: No message received, waiting
Oct 04, 2022 11:09:09 AM edu.yu.cs.com3800.stage5.RoundRobinLeader run
FINEST: No message received, waiting
Oct 04, 2022 11:09:09 AM edu.yu.cs.com3800.stage5.RoundRobinLeader run
FINEST: No message received, waiting
Oct 04, 2022 11:09:10 AM edu.yu.cs.com3800.stage5.RoundRobinLeader run
FINEST: No message received, waiting
Oct 04, 2022 11:09:10 AM edu.yu.cs.com3800.stage5.RoundRobinLeader run
FINEST: No message received, waiting
Oct 04, 2022 11:09:10 AM edu.yu.cs.com3800.stage5.RoundRobinLeader run
FINEST: No message received, waiting
Oct 04, 2022 11:09:11 AM edu.yu.cs.com3800.stage5.RoundRobinLeader run
FINEST: No message received, waiting
Oct 04, 2022 11:09:11 AM edu.yu.cs.com3800.stage5.RoundRobinLeader run
FINEST: No message received, waiting
Oct 04, 2022 11:09:12 AM edu.yu.cs.com3800.stage5.RoundRobinLeader run
FINEST: No message received, waiting
Oct 04, 2022 11:09:12 AM edu.yu.cs.com3800.stage5.RoundRobinLeader run
FINEST: No message received, waiting
Oct 04, 2022 11:09:12 AM edu.yu.cs.com3800.stage5.RoundRobinLeader run
FINEST: No message received, waiting
Oct 04, 2022 11:09:13 AM edu.yu.cs.com3800.stage5.RoundRobinLeader run
FINEST: No message received, waiting
Oct 04, 2022 11:09:13 AM edu.yu.cs.com3800.stage5.RoundRobinLeader run
FINEST: No message received, waiting
Oct 04, 2022 11:09:14 AM edu.yu.cs.com3800.stage5.RoundRobinLeader run
FINEST: No message received, waiting
Oct 04, 2022 11:09:14 AM edu.yu.cs.com3800.stage5.RoundRobinLeader run
FINEST: No message received, waiting
Oct 04, 2022 11:09:14 AM edu.yu.cs.com3800.stage5.RoundRobinLeader run
FINEST: No message received, waiting
Oct 04, 2022 11:09:15 AM edu.yu.cs.com3800.stage5.RoundRobinLeader run
FINEST: No message received, waiting
Oct 04, 2022 11:09:15 AM edu.yu.cs.com3800.stage5.RoundRobinLeader run
FINEST: No message received, waiting
Oct 04, 2022 11:09:16 AM edu.yu.cs.com3800.stage5.RoundRobinLeader run
FINEST: No message received, waiting
Oct 04, 2022 11:09:16 AM edu.yu.cs.com3800.stage5.RoundRobinLeader run
FINEST: No message received, waiting
Oct 04, 2022 11:09:17 AM edu.yu.cs.com3800.stage5.RoundRobinLeader run
FINEST: No message received, waiting
Oct 04, 2022 11:09:17 AM edu.yu.cs.com3800.stage5.RoundRobinLeader run
FINEST: No message received, waiting
Oct 04, 2022 11:09:17 AM edu.yu.cs.com3800.stage5.RoundRobinLeader run
FINEST: No message received, waiting
Oct 04, 2022 11:09:18 AM edu.yu.cs.com3800.stage5.RoundRobinLeader run
FINEST: No message received, waiting
Oct 04, 2022 11:09:18 AM edu.yu.cs.com3800.stage5.RoundRobinLeader run
FINEST: No message received, waiting
Oct 04, 2022 11:09:19 AM edu.yu.cs.com3800.stage5.RoundRobinLeader run
FINEST: No message received, waiting
Oct 04, 2022 11:09:19 AM edu.yu.cs.com3800.stage5.RoundRobinLeader run
FINEST: No message received, waiting
Oct 04, 2022 11:09:19 AM edu.yu.cs.com3800.stage5.RoundRobinLeader run
FINEST: No message received, waiting
Oct 04, 2022 11:09:20 AM edu.yu.cs.com3800.stage5.RoundRobinLeader run
FINEST: No message received, waiting
Oct 04, 2022 11:09:20 AM edu.yu.cs.com3800.stage5.RoundRobinLeader run
FINEST: No message received, waiting
Oct 04, 2022 11:09:21 AM edu.yu.cs.com3800.stage5.RoundRobinLeader run
FINEST: No message received, waiting
Oct 04, 2022 11:09:21 AM edu.yu.cs.com3800.stage5.RoundRobinLeader run
FINEST: No message received, waiting
Oct 04, 2022 11:09:21 AM edu.yu.cs.com3800.stage5.RoundRobinLeader run
FINEST: No message received, waiting
Oct 04, 2022 11:09:22 AM edu.yu.cs.com3800.stage5.RoundRobinLeader run
FINEST: No message received, waiting
Oct 04, 2022 11:09:22 AM edu.yu.cs.com3800.stage5.RoundRobinLeader run
FINEST: No message received, waiting
Oct 04, 2022 11:09:23 AM edu.yu.cs.com3800.stage5.RoundRobinLeader run
FINEST: No message received, waiting
Oct 04, 2022 11:09:23 AM edu.yu.cs.com3800.stage5.RoundRobinLeader run
FINEST: No message received, waiting
Oct 04, 2022 11:09:23 AM edu.yu.cs.com3800.stage5.RoundRobinLeader run
FINEST: No message received, waiting
Oct 04, 2022 11:09:24 AM edu.yu.cs.com3800.stage5.RoundRobinLeader run
FINEST: No message received, waiting
Oct 04, 2022 11:09:24 AM edu.yu.cs.com3800.stage5.RoundRobinLeader run
FINEST: No message received, waiting
Oct 04, 2022 11:09:25 AM edu.yu.cs.com3800.stage5.RoundRobinLeader run
FINEST: No message received, waiting
Oct 04, 2022 11:09:25 AM edu.yu.cs.com3800.stage5.RoundRobinLeader run
FINEST: No message received, waiting
Oct 04, 2022 11:09:25 AM edu.yu.cs.com3800.stage5.RoundRobinLeader run
FINEST: No message received, waiting
Oct 04, 2022 11:09:26 AM edu.yu.cs.com3800.stage5.RoundRobinLeader run
FINEST: No message received, waiting
Oct 04, 2022 11:09:26 AM edu.yu.cs.com3800.stage5.RoundRobinLeader run
FINEST: No message received, waiting
Oct 04, 2022 11:09:27 AM edu.yu.cs.com3800.stage5.RoundRobinLeader run
FINEST: No message received, waiting
Oct 04, 2022 11:09:27 AM edu.yu.cs.com3800.stage5.RoundRobinLeader run
FINEST: No message received, waiting
Oct 04, 2022 11:09:27 AM edu.yu.cs.com3800.stage5.RoundRobinLeader run
FINEST: No message received, waiting
Oct 04, 2022 11:09:28 AM edu.yu.cs.com3800.stage5.RoundRobinLeader run
FINEST: No message received, waiting
Oct 04, 2022 11:09:28 AM edu.yu.cs.com3800.stage5.RoundRobinLeader run
FINEST: No message received, waiting
Oct 04, 2022 11:09:29 AM edu.yu.cs.com3800.stage5.RoundRobinLeader run
FINEST: No message received, waiting
Oct 04, 2022 11:09:29 AM edu.yu.cs.com3800.stage5.RoundRobinLeader run
FINEST: No message received, waiting
Oct 04, 2022 11:09:29 AM edu.yu.cs.com3800.stage5.RoundRobinLeader run
FINEST: No message received, waiting
Oct 04, 2022 11:09:30 AM edu.yu.cs.com3800.stage5.RoundRobinLeader run
FINEST: No message received, waiting
Oct 04, 2022 11:09:30 AM edu.yu.cs.com3800.stage5.RoundRobinLeader run
FINEST: No message received, waiting
Oct 04, 2022 11:09:31 AM edu.yu.cs.com3800.stage5.RoundRobinLeader run
FINEST: No message received, waiting
Oct 04, 2022 11:09:31 AM edu.yu.cs.com3800.stage5.RoundRobinLeader run
FINEST: No message received, waiting
Oct 04, 2022 11:09:31 AM edu.yu.cs.com3800.stage5.RoundRobinLeader run
FINEST: No message received, waiting
Oct 04, 2022 11:09:32 AM edu.yu.cs.com3800.stage5.RoundRobinLeader run
FINEST: No message received, waiting
Oct 04, 2022 11:09:32 AM edu.yu.cs.com3800.stage5.RoundRobinLeader run
FINEST: No message received, waiting
Oct 04, 2022 11:09:33 AM edu.yu.cs.com3800.stage5.RoundRobinLeader run
FINEST: No message received, waiting
Oct 04, 2022 11:09:33 AM edu.yu.cs.com3800.stage5.RoundRobinLeader run
FINEST: No message received, waiting
Oct 04, 2022 11:09:33 AM edu.yu.cs.com3800.stage5.RoundRobinLeader run
FINEST: No message received, waiting
Oct 04, 2022 11:09:34 AM edu.yu.cs.com3800.stage5.RoundRobinLeader run
FINEST: No message received, waiting
Oct 04, 2022 11:09:34 AM edu.yu.cs.com3800.stage5.RoundRobinLeader run
FINEST: No message received, waiting
Oct 04, 2022 11:09:35 AM edu.yu.cs.com3800.stage5.RoundRobinLeader run
FINEST: No message received, waiting
Oct 04, 2022 11:09:35 AM edu.yu.cs.com3800.stage5.RoundRobinLeader run
FINEST: No message received, waiting
Oct 04, 2022 11:09:35 AM edu.yu.cs.com3800.stage5.RoundRobinLeader run
FINEST: No message received, waiting
Oct 04, 2022 11:09:36 AM edu.yu.cs.com3800.stage5.RoundRobinLeader run
FINEST: No message received, waiting
Oct 04, 2022 11:09:36 AM edu.yu.cs.com3800.stage5.RoundRobinLeader run
FINEST: No message received, waiting
Oct 04, 2022 11:09:37 AM edu.yu.cs.com3800.stage5.RoundRobinLeader run
FINEST: No message received, waiting
Oct 04, 2022 11:09:37 AM edu.yu.cs.com3800.stage5.RoundRobinLeader run
FINEST: No message received, waiting
Oct 04, 2022 11:09:37 AM edu.yu.cs.com3800.stage5.RoundRobinLeader run
FINEST: No message received, waiting
Oct 04, 2022 11:09:38 AM edu.yu.cs.com3800.stage5.RoundRobinLeader run
FINEST: No message received, waiting
Oct 04, 2022 11:09:38 AM edu.yu.cs.com3800.stage5.RoundRobinLeader run
FINEST: No message received, waiting
Oct 04, 2022 11:09:39 AM edu.yu.cs.com3800.stage5.RoundRobinLeader run
FINEST: No message received, waiting
Oct 04, 2022 11:09:39 AM edu.yu.cs.com3800.stage5.RoundRobinLeader run
FINEST: No message received, waiting
Oct 04, 2022 11:09:39 AM edu.yu.cs.com3800.stage5.RoundRobinLeader run
FINEST: No message received, waiting
Oct 04, 2022 11:09:40 AM edu.yu.cs.com3800.stage5.RoundRobinLeader run
FINEST: No message received, waiting
Oct 04, 2022 11:09:40 AM edu.yu.cs.com3800.stage5.RoundRobinLeader run
FINEST: No message received, waiting
Oct 04, 2022 11:09:41 AM edu.yu.cs.com3800.stage5.RoundRobinLeader run
FINEST: No message received, waiting
Oct 04, 2022 11:09:41 AM edu.yu.cs.com3800.stage5.RoundRobinLeader run
FINEST: No message received, waiting
Oct 04, 2022 11:09:41 AM edu.yu.cs.com3800.stage5.RoundRobinLeader run
FINEST: No message received, waiting
Oct 04, 2022 11:09:42 AM edu.yu.cs.com3800.stage5.RoundRobinLeader run
FINEST: No message received, waiting
Oct 04, 2022 11:09:42 AM edu.yu.cs.com3800.stage5.RoundRobinLeader run
FINEST: No message received, waiting
Oct 04, 2022 11:09:43 AM edu.yu.cs.com3800.stage5.RoundRobinLeader run
FINEST: No message received, waiting
Oct 04, 2022 11:09:43 AM edu.yu.cs.com3800.stage5.RoundRobinLeader run
FINEST: No message received, waiting
Oct 04, 2022 11:09:43 AM edu.yu.cs.com3800.stage5.RoundRobinLeader run
FINEST: No message received, waiting
Oct 04, 2022 11:09:44 AM edu.yu.cs.com3800.stage5.RoundRobinLeader run
FINEST: No message received, waiting
Oct 04, 2022 11:09:44 AM edu.yu.cs.com3800.stage5.RoundRobinLeader run
FINEST: No message received, waiting
Oct 04, 2022 11:09:45 AM edu.yu.cs.com3800.stage5.RoundRobinLeader run
FINEST: No message received, waiting
Oct 04, 2022 11:09:45 AM edu.yu.cs.com3800.stage5.RoundRobinLeader run
FINEST: No message received, waiting
Oct 04, 2022 11:09:45 AM edu.yu.cs.com3800.stage5.RoundRobinLeader run
FINEST: No message received, waiting
Oct 04, 2022 11:09:46 AM edu.yu.cs.com3800.stage5.RoundRobinLeader run
FINEST: No message received, waiting
Oct 04, 2022 11:09:46 AM edu.yu.cs.com3800.stage5.RoundRobinLeader run
FINEST: No message received, waiting
Oct 04, 2022 11:09:47 AM edu.yu.cs.com3800.stage5.RoundRobinLeader run
FINEST: No message received, waiting
Oct 04, 2022 11:09:47 AM edu.yu.cs.com3800.stage5.RoundRobinLeader run
FINEST: No message received, waiting
Oct 04, 2022 11:09:47 AM edu.yu.cs.com3800.stage5.RoundRobinLeader run
FINEST: No message received, waiting
Oct 04, 2022 11:09:48 AM edu.yu.cs.com3800.stage5.RoundRobinLeader run
FINEST: No message received, waiting
Oct 04, 2022 11:09:48 AM edu.yu.cs.com3800.stage5.RoundRobinLeader run
FINEST: No message received, waiting
Oct 04, 2022 11:09:49 AM edu.yu.cs.com3800.stage5.RoundRobinLeader run
FINEST: No message received, waiting
Oct 04, 2022 11:09:49 AM edu.yu.cs.com3800.stage5.RoundRobinLeader run
FINEST: No message received, waiting
Oct 04, 2022 11:09:49 AM edu.yu.cs.com3800.stage5.RoundRobinLeader run
FINEST: No message received, waiting
Oct 04, 2022 11:09:50 AM edu.yu.cs.com3800.stage5.RoundRobinLeader run
FINEST: No message received, waiting
Oct 04, 2022 11:09:50 AM edu.yu.cs.com3800.stage5.RoundRobinLeader run
FINEST: No message received, waiting
Oct 04, 2022 11:09:51 AM edu.yu.cs.com3800.stage5.RoundRobinLeader run
FINEST: No message received, waiting
Oct 04, 2022 11:09:51 AM edu.yu.cs.com3800.stage5.RoundRobinLeader run
FINEST: No message received, waiting
Oct 04, 2022 11:09:51 AM edu.yu.cs.com3800.stage5.RoundRobinLeader run
FINEST: No message received, waiting
Oct 04, 2022 11:09:52 AM edu.yu.cs.com3800.stage5.RoundRobinLeader run
FINEST: No message received, waiting
Oct 04, 2022 11:09:52 AM edu.yu.cs.com3800.stage5.RoundRobinLeader run
FINEST: No message received, waiting
Oct 04, 2022 11:09:53 AM edu.yu.cs.com3800.stage5.RoundRobinLeader run
FINEST: No message received, waiting
Oct 04, 2022 11:09:53 AM edu.yu.cs.com3800.stage5.RoundRobinLeader run
FINEST: No message received, waiting
Oct 04, 2022 11:09:53 AM edu.yu.cs.com3800.stage5.RoundRobinLeader run
FINEST: No message received, waiting
Oct 04, 2022 11:09:54 AM edu.yu.cs.com3800.stage5.RoundRobinLeader run
FINEST: No message received, waiting
Oct 04, 2022 11:09:54 AM edu.yu.cs.com3800.stage5.RoundRobinLeader run
FINEST: No message received, waiting
Oct 04, 2022 11:09:55 AM edu.yu.cs.com3800.stage5.RoundRobinLeader run
FINEST: No message received, waiting
Oct 04, 2022 11:09:55 AM edu.yu.cs.com3800.stage5.RoundRobinLeader run
FINEST: No message received, waiting
Oct 04, 2022 11:09:55 AM edu.yu.cs.com3800.stage5.RoundRobinLeader run
FINEST: No message received, waiting
Oct 04, 2022 11:09:56 AM edu.yu.cs.com3800.stage5.RoundRobinLeader run
FINEST: No message received, waiting
Oct 04, 2022 11:09:56 AM edu.yu.cs.com3800.stage5.RoundRobinLeader run
FINEST: No message received, waiting
Oct 04, 2022 11:09:57 AM edu.yu.cs.com3800.stage5.RoundRobinLeader run
FINEST: No message received, waiting
Oct 04, 2022 11:09:57 AM edu.yu.cs.com3800.stage5.RoundRobinLeader run
FINEST: No message received, waiting
Oct 04, 2022 11:09:57 AM edu.yu.cs.com3800.stage5.RoundRobinLeader run
FINEST: No message received, waiting
Oct 04, 2022 11:09:58 AM edu.yu.cs.com3800.stage5.RoundRobinLeader run
FINEST: No message received, waiting
Oct 04, 2022 11:09:58 AM edu.yu.cs.com3800.stage5.RoundRobinLeader run
FINEST: No message received, waiting
Oct 04, 2022 11:09:59 AM edu.yu.cs.com3800.stage5.RoundRobinLeader run
FINEST: No message received, waiting
Oct 04, 2022 11:09:59 AM edu.yu.cs.com3800.stage5.RoundRobinLeader run
FINEST: No message received, waiting
Oct 04, 2022 11:09:59 AM edu.yu.cs.com3800.stage5.RoundRobinLeader run
FINEST: No message received, waiting
Oct 04, 2022 11:10:00 AM edu.yu.cs.com3800.stage5.RoundRobinLeader run
FINEST: No message received, waiting
Oct 04, 2022 11:10:00 AM edu.yu.cs.com3800.stage5.RoundRobinLeader run
FINEST: No message received, waiting
Oct 04, 2022 11:10:01 AM edu.yu.cs.com3800.stage5.RoundRobinLeader run
FINEST: No message received, waiting
Oct 04, 2022 11:10:01 AM edu.yu.cs.com3800.stage5.RoundRobinLeader run
FINEST: No message received, waiting
Oct 04, 2022 11:10:01 AM edu.yu.cs.com3800.stage5.RoundRobinLeader run
FINEST: No message received, waiting
Oct 04, 2022 11:10:02 AM edu.yu.cs.com3800.stage5.RoundRobinLeader run
FINEST: No message received, waiting
