Oct 04, 2022 11:01:33 AM edu.yu.cs.com3800.LoggingServer fileHandler
INFO: Logging to file begins:
Oct 04, 2022 11:01:33 AM edu.yu.cs.com3800.stage5.GatewayServer$ServerHttpHandler handle
INFO: Server received request on /compileandrun from port 33502
Oct 04, 2022 11:01:33 AM edu.yu.cs.com3800.stage5.GatewayServer$ServerHttpHandler handle
INFO: Request body: package edu.yu.cs.fall2019.com3800.stage1;

public class HelloWorld
{
    public String run()
    {
        return Thread.currentThread().getName();
    }
}

Oct 04, 2022 11:01:33 AM edu.yu.cs.com3800.stage5.GatewayServer$ServerHttpHandler handle
INFO: leader is localhost/127.0.0.1:30080
Oct 04, 2022 11:01:33 AM edu.yu.cs.com3800.stage5.GatewayServer$ServerHttpHandler sendAndGetResponse
INFO: Waiting for leader
Oct 04, 2022 11:01:33 AM edu.yu.cs.com3800.stage5.GatewayServer$ServerHttpHandler sendAndGetResponse
INFO: Leader found localhost/127.0.0.1:30080
Oct 04, 2022 11:01:33 AM edu.yu.cs.com3800.stage5.GatewayServer$ServerHttpHandler sendAndGetResponse
INFO: assigned request ID of 11
Oct 04, 2022 11:01:33 AM edu.yu.cs.com3800.stage5.GatewayServer$ServerHttpHandler sendAndGetResponse
INFO: Attempting to read leader response for requestID 11
Oct 04, 2022 11:01:36 AM edu.yu.cs.com3800.stage5.GatewayServer$ServerHttpHandler handle
INFO: Got response for 11
Oct 04, 2022 11:01:36 AM edu.yu.cs.com3800.stage5.GatewayServer$ServerHttpHandler handle
INFO: Attempting to send response headers for requestID 11
Oct 04, 2022 11:01:36 AM edu.yu.cs.com3800.stage5.GatewayServer$ServerHttpHandler handle
INFO: Response headers should be: 200 10
Oct 04, 2022 11:01:37 AM edu.yu.cs.com3800.stage5.GatewayServer$ServerHttpHandler handle
INFO: Attempting to write response body for requestID: 11
Oct 04, 2022 11:01:37 AM edu.yu.cs.com3800.stage5.GatewayServer$ServerHttpHandler handle
INFO: Response headers should be: 4 Follower
Oct 04, 2022 11:01:37 AM edu.yu.cs.com3800.stage5.GatewayServer$ServerHttpHandler handle
INFO: Finished processing requestId: 11
Oct 04, 2022 11:02:27 AM edu.yu.cs.com3800.stage5.GatewayServer$ServerHttpHandler handle
INFO: Server received request on /compileandrun from port 33600
Oct 04, 2022 11:02:27 AM edu.yu.cs.com3800.stage5.GatewayServer$ServerHttpHandler handle
INFO: Request body: package edu.yu.cs.fall2019.com3800.stage1;

public class HelloWorld
{
    public String run()
    {
        return Thread.currentThread().getName();
    }
}

Oct 04, 2022 11:02:27 AM edu.yu.cs.com3800.stage5.GatewayServer$ServerHttpHandler handle
INFO: leader is localhost/127.0.0.1:30080
Oct 04, 2022 11:02:27 AM edu.yu.cs.com3800.stage5.GatewayServer$ServerHttpHandler sendAndGetResponse
INFO: Waiting for leader
Oct 04, 2022 11:02:27 AM edu.yu.cs.com3800.stage5.GatewayServer$ServerHttpHandler sendAndGetResponse
INFO: Leader found localhost/127.0.0.1:30080
Oct 04, 2022 11:02:27 AM edu.yu.cs.com3800.stage5.GatewayServer$ServerHttpHandler sendAndGetResponse
INFO: assigned request ID of 23
Oct 04, 2022 11:02:27 AM edu.yu.cs.com3800.stage5.GatewayServer$ServerHttpHandler sendAndGetResponse
INFO: Attempting to read leader response for requestID 23
Oct 04, 2022 11:02:28 AM edu.yu.cs.com3800.stage5.GatewayServer$ServerHttpHandler handle
INFO: Got response for 23
Oct 04, 2022 11:02:28 AM edu.yu.cs.com3800.stage5.GatewayServer$ServerHttpHandler handle
INFO: Attempting to send response headers for requestID 23
Oct 04, 2022 11:02:28 AM edu.yu.cs.com3800.stage5.GatewayServer$ServerHttpHandler handle
INFO: Response headers should be: 200 10
Oct 04, 2022 11:02:28 AM edu.yu.cs.com3800.stage5.GatewayServer$ServerHttpHandler handle
INFO: Attempting to write response body for requestID: 23
Oct 04, 2022 11:02:28 AM edu.yu.cs.com3800.stage5.GatewayServer$ServerHttpHandler handle
INFO: Response headers should be: 3 Follower
Oct 04, 2022 11:02:28 AM edu.yu.cs.com3800.stage5.GatewayServer$ServerHttpHandler handle
INFO: Finished processing requestId: 23
Oct 04, 2022 11:02:32 AM edu.yu.cs.com3800.stage5.GatewayServer$ServerHttpHandler handle
INFO: Server received request on /compileandrun from port 33688
Oct 04, 2022 11:02:32 AM edu.yu.cs.com3800.stage5.GatewayServer$ServerHttpHandler handle
INFO: Request body: package edu.yu.cs.fall2019.com3800.stage1;

public class HelloWorld
{
    public String run()
    {
        return "7";
    }
}

Oct 04, 2022 11:02:32 AM edu.yu.cs.com3800.stage5.GatewayServer$ServerHttpHandler handle
INFO: leader is localhost/127.0.0.1:30080
Oct 04, 2022 11:02:32 AM edu.yu.cs.com3800.stage5.GatewayServer$ServerHttpHandler sendAndGetResponse
INFO: Waiting for leader
Oct 04, 2022 11:02:32 AM edu.yu.cs.com3800.stage5.GatewayServer$ServerHttpHandler sendAndGetResponse
INFO: Leader found localhost/127.0.0.1:30080
Oct 04, 2022 11:02:32 AM edu.yu.cs.com3800.stage5.GatewayServer$ServerHttpHandler sendAndGetResponse
INFO: assigned request ID of 40
Oct 04, 2022 11:02:32 AM edu.yu.cs.com3800.stage5.GatewayServer$ServerHttpHandler sendAndGetResponse
INFO: Attempting to read leader response for requestID 40
Oct 04, 2022 11:02:33 AM edu.yu.cs.com3800.stage5.GatewayServer$ServerHttpHandler handle
INFO: Got response for 40
Oct 04, 2022 11:02:33 AM edu.yu.cs.com3800.stage5.GatewayServer$ServerHttpHandler handle
INFO: Attempting to send response headers for requestID 40
Oct 04, 2022 11:02:33 AM edu.yu.cs.com3800.stage5.GatewayServer$ServerHttpHandler handle
INFO: Response headers should be: 200 1
Oct 04, 2022 11:02:33 AM edu.yu.cs.com3800.stage5.GatewayServer$ServerHttpHandler handle
INFO: Attempting to write response body for requestID: 40
Oct 04, 2022 11:02:33 AM edu.yu.cs.com3800.stage5.GatewayServer$ServerHttpHandler handle
INFO: Response headers should be: 7
Oct 04, 2022 11:02:33 AM edu.yu.cs.com3800.stage5.GatewayServer$ServerHttpHandler handle
INFO: Finished processing requestId: 40
Oct 04, 2022 11:02:33 AM edu.yu.cs.com3800.stage5.GatewayServer$ServerHttpHandler handle
INFO: Server received request on /compileandrun from port 33662
Oct 04, 2022 11:02:33 AM edu.yu.cs.com3800.stage5.GatewayServer$ServerHttpHandler handle
INFO: Request body: public class HelloWorld { 
 public HelloWorld(){
}
public String run(){
return "happyShortMultiLine"
}
}
Oct 04, 2022 11:02:33 AM edu.yu.cs.com3800.stage5.GatewayServer$ServerHttpHandler handle
INFO: leader is localhost/127.0.0.1:30080
Oct 04, 2022 11:02:33 AM edu.yu.cs.com3800.stage5.GatewayServer$ServerHttpHandler sendAndGetResponse
INFO: Waiting for leader
Oct 04, 2022 11:02:33 AM edu.yu.cs.com3800.stage5.GatewayServer$ServerHttpHandler sendAndGetResponse
INFO: Leader found localhost/127.0.0.1:30080
Oct 04, 2022 11:02:33 AM edu.yu.cs.com3800.stage5.GatewayServer$ServerHttpHandler sendAndGetResponse
INFO: assigned request ID of 48
Oct 04, 2022 11:02:33 AM edu.yu.cs.com3800.stage5.GatewayServer$ServerHttpHandler sendAndGetResponse
INFO: Attempting to read leader response for requestID 48
Oct 04, 2022 11:02:34 AM edu.yu.cs.com3800.stage5.GatewayServer$ServerHttpHandler handle
INFO: Got response for 48
Oct 04, 2022 11:02:34 AM edu.yu.cs.com3800.stage5.GatewayServer$ServerHttpHandler handle
INFO: Attempting to send response headers for requestID 48
Oct 04, 2022 11:02:34 AM edu.yu.cs.com3800.stage5.GatewayServer$ServerHttpHandler handle
INFO: Response headers should be: 400 466
Oct 04, 2022 11:02:34 AM edu.yu.cs.com3800.stage5.GatewayServer$ServerHttpHandler handle
INFO: Attempting to write response body for requestID: 48
Oct 04, 2022 11:02:34 AM edu.yu.cs.com3800.stage5.GatewayServer$ServerHttpHandler handle
INFO: Response headers should be: Code did not compile:
Error on line 5, column 29 in string:///HelloWorld.java

java.lang.IllegalArgumentException: Code did not compile:
Error on line 5, column 29 in string:///HelloWorld.java

	at edu.yu.cs.com3800.JavaRunner.compileFromString(JavaRunner.java:104)
	at edu.yu.cs.com3800.JavaRunner.compileAndRun(JavaRunner.java:78)
	at edu.yu.cs.com3800.stage5.JavaRunnerFollower.run(JavaRunnerFollower.java:103)
	at java.base/java.lang.Thread.run(Thread.java:829)

Oct 04, 2022 11:02:34 AM edu.yu.cs.com3800.stage5.GatewayServer$ServerHttpHandler handle
INFO: Finished processing requestId: 48
Oct 04, 2022 11:02:34 AM edu.yu.cs.com3800.stage5.GatewayServer$ServerHttpHandler handle
INFO: Server received request on /compileandrun from port 33662
Oct 04, 2022 11:02:34 AM edu.yu.cs.com3800.stage5.GatewayServer$ServerHttpHandler handle
INFO: Request body: public class HelloWorld { 
 public HelloWorld(){
}
public String run(){
return "happyShortMultiLine";
}
}
Oct 04, 2022 11:02:34 AM edu.yu.cs.com3800.stage5.GatewayServer$ServerHttpHandler handle
INFO: leader is localhost/127.0.0.1:30080
Oct 04, 2022 11:02:34 AM edu.yu.cs.com3800.stage5.GatewayServer$ServerHttpHandler sendAndGetResponse
INFO: Waiting for leader
Oct 04, 2022 11:02:34 AM edu.yu.cs.com3800.stage5.GatewayServer$ServerHttpHandler sendAndGetResponse
INFO: Leader found localhost/127.0.0.1:30080
Oct 04, 2022 11:02:34 AM edu.yu.cs.com3800.stage5.GatewayServer$ServerHttpHandler sendAndGetResponse
INFO: assigned request ID of 49
Oct 04, 2022 11:02:34 AM edu.yu.cs.com3800.stage5.GatewayServer$ServerHttpHandler sendAndGetResponse
INFO: Attempting to read leader response for requestID 49
Oct 04, 2022 11:02:36 AM edu.yu.cs.com3800.stage5.GatewayServer$ServerHttpHandler handle
INFO: Got response for 49
Oct 04, 2022 11:02:36 AM edu.yu.cs.com3800.stage5.GatewayServer$ServerHttpHandler handle
INFO: Attempting to send response headers for requestID 49
Oct 04, 2022 11:02:36 AM edu.yu.cs.com3800.stage5.GatewayServer$ServerHttpHandler handle
INFO: Response headers should be: 200 19
Oct 04, 2022 11:02:36 AM edu.yu.cs.com3800.stage5.GatewayServer$ServerHttpHandler handle
INFO: Attempting to write response body for requestID: 49
Oct 04, 2022 11:02:36 AM edu.yu.cs.com3800.stage5.GatewayServer$ServerHttpHandler handle
INFO: Response headers should be: happyShortMultiLine
Oct 04, 2022 11:02:36 AM edu.yu.cs.com3800.stage5.GatewayServer$ServerHttpHandler handle
INFO: Finished processing requestId: 49
Oct 04, 2022 11:02:36 AM edu.yu.cs.com3800.stage5.GatewayServer$ServerHttpHandler handle
INFO: Server received request on /compileandrun from port 33662
Oct 04, 2022 11:02:36 AM edu.yu.cs.com3800.stage5.GatewayServer$ServerHttpHandler handle
INFO: Request body: public class HelloWorld { 
 public HelloWorld(){
}
public String run(){
return "happyShortMultiLine";
}
}
//1234567890
//1234567890
//1234567890
//1234567890
//1234567890
//1234567890
//1234567890
//1234567890
//1234567890
//1234567890
//1234567890
//1234567890
//1234567890
//1234567890
//1234567890
//1234567890
//1234567890
//1234567890
//1234567890
//1234567890
//1234567890
//1234567890
//1234567890
//1234567890
//1234567890
//1234567890
//1234567890
//1234567890
//1234567890
//1234567890
//1234567890
//1234567890
//1234567890
//1234567890
//1234567890
//1234567890
//1234567890
//1234567890
//1234567890
//1234567890
//1234567890
//1234567890
//1234567890
//1234567890
//1234567890
//1234567890
//1234567890
//1234567890
//1234567890
//1234567890
//1234567890
//1234567890
//1234567890
//1234567890
//1234567890
//1234567890
//1234567890
//1234567890
//1234567890
//1234567890
//1234567890
//1234567890
//1234567890
//1234567890
//1234567890
//1234567890
//1234567890
//1234567890
//1234567890
//1234567890
//1234567890
//1234567890
//1234567890
//1234567890
//1234567890
//1234567890
//1234567890
//1234567890
//1234567890
//1234567890
//1234567890
//1234567890
//1234567890
//1234567890
//1234567890
//1234567890
//1234567890
//1234567890
//1234567890
//1234567890
//1234567890
//1234567890
//1234567890
//1234567890
//1234567890
//1234567890
//1234567890
//1234567890
//1234567890
//1234567890
//1234567890
//1234567890
//1234567890
//1234567890
//1234567890
//1234567890
//1234567890
//1234567890
//1234567890
//1234567890
//1234567890
//1234567890
//1234567890
//1234567890
//1234567890
//1234567890
//1234567890
//1234567890
//1234567890
//1234567890
//1234567890
//1234567890
//1234567890
//1234567890
//1234567890
//1234567890
//1234567890
//1234567890
//1234567890
//1234567890
//1234567890
//1234567890
//1234567890
//1234567890
//1234567890
//1234567890
//1234567890
//1234567890
//1234567890
//1234567890
//1234567890
//1234567890
//1234567890
//1234567890
//1234567890
//1234567890
//1234567890
//1234567890
//1234567890
//1234567890
//1234567890
//1234567890
//1234567890
//1234567890
//1234567890
//1234567890
//1234567890
//1234567890
//1234567890
//1234567890
//1234567890
//1234567890
//1234567890
//1234567890
//1234567890
//1234567890
//1234567890
//1234567890
//1234567890
//1234567890
//1234567890
//1234567890
//1234567890
//1234567890
//1234567890
//1234567890
//1234567890
//1234567890
//1234567890
//1234567890
//1234567890
//1234567890
//1234567890
//1234567890
//1234567890
//1234567890
//1234567890
//1234567890
//1234567890
//1234567890
//1234567890
//1234567890
//1234567890
//1234567890
//1234567890
//1234567890
//1234567890
//1234567890
//1234567890
//1234567890
//1234567890
//1234567890
//1234567890
//1234567890
//1234567890
//1234567890
//1234567890
//1234567890
//1234567890
//1234567890
//1234567890
//1234567890
//1234567890
//1234567890
//1234567890
//1234567890
//1234567890
//1234567890
//1234567890
//1234567890
//1234567890
//1234567890
//1234567890
//1234567890
//1234567890
//1234567890
//1234567890
//1234567890
//1234567890
//1234567890
//1234567890
//1234567890
//1234567890
//1234567890
//1234567890
//1234567890
//1234567890
//1234567890
//1234567890
//1234567890
//1234567890
//1234567890
//1234567890
//1234567890
//1234567890
//1234567890
//1234567890
//1234567890
//1234567890
//1234567890
//1234567890
//1234567890
//1234567890
//1234567890
//1234567890
//1234567890
//1234567890
//1234567890
//1234567890
//1234567890
//1234567890
//1234567890
//1234567890
//1234567890
//1234567890
//1234567890
//1234567890
//1234567890
//1234567890
//1234567890
//1234567890
//1234567890
//1234567890
//1234567890
//1234567890
//1234567890
//1234567890
//1234567890
//1234567890
//1234567890
//1234567890
//1234567890
//1234567890
//1234567890
//1234567890
//1234567890
//1234567890
//1234567890
//1234567890
//1234567890
//1234567890
//1234567890
//1234567890
//1234567890
//1234567890
//1234567890
//1234567890
//1234567890
//1234567890
//1234567890
//1234567890
//1234567890
//1234567890
//1234567890
//1234567890
//1234567890
//1234567890
//1234567890
//1234567890
//1234567890
//1234567890
//1234567890
//1234567890
//1234567890
//1234567890
//1234567890
//1234567890
//1234567890
//1234567890
//1234567890
//1234567890
//1234567890
//1234567890
//1234567890
//1234567890
//1234567890
//1234567890
//1234567890
//1234567890
//1234567890
//1234567890
//1234567890
//1234567890
//1234567890
//1234567890
//1234567890
//1234567890
//1234567890
//1234567890
//1234567890
//1234567890
//1234567890
//1234567890
//1234567890
//1234567890
//1234567890
//1234567890
//1234567890
//1234567890
//1234567890
//1234567890
//1234567890
//1234567890
//1234567890
//1234567890
//1234567890
//1234567890
//1234567890
//1234567890
//1234567890
//1234567890
//1234567890
//1234567890
//1234567890
//1234567890
//1234567890
//1234567890
//1234567890
//1234567890
//1234567890
//1234567890
//1234567890
//1234567890
//1234567890
//1234567890
//1234567890
//1234567890
//1234567890
//1234567890
//1234567890
//1234567890
//1234567890
//1234567890
//1234567890
//1234567890
//1234567890
//1234567890
//1234567890
//1234567890
//1234567890
//1234567890
//1234567890
//1234567890
//1234567890
//1234567890
//1234567890
//1234567890
//1234567890
//1234567890
//1234567890
//1234567890
//1234567890
//1234567890
//1234567890
//1234567890
//1234567890
//1234567890
//1234567890
//1234567890
//1234567890
//1234567890
//1234567890
//1234567890
//1234567890
//1234567890
//1234567890
//1234567890
//1234567890
//1234567890
//1234567890
//1234567890
//1234567890
//1234567890
//1234567890
//1234567890
//1234567890
//1234567890
//1234567890
//1234567890
//1234567890
//1234567890
//1234567890
//1234567890
//1234567890
//1234567890
//1234567890
//1234567890
//1234567890
//1234567890
//1234567890
//1234567890
//1234567890
//1234567890
//1234567890
//1234567890
//1234567890
//1234567890
//1234567890
//1234567890
//1234567890
//1234567890
//1234567890
//1234567890
//1234567890
//1234567890
//1234567890
//1234567890
//1234567890
//1234567890
//1234567890
//1234567890
//1234567890
//1234567890
//1234567890
//1234567890
//1234567890
//1234567890
//1234567890
//1234567890
//1234567890
//1234567890
//1234567890
//1234567890
//1234567890
//1234567890
//1234567890
//1234567890
//1234567890
//1234567890
//1234567890
//1234567890
//1234567890
//1234567890
//1234567890
//1234567890
//1234567890
//1234567890
//1234567890
//1234567890
//1234567890
//1234567890
//1234567890
//1234567890
//1234567890
//1234567890
//1234567890
//1234567890
//1234567890
//1234567890
//1234567890
//1234567890
//1234567890
//1234567890
//1234567890
//1234567890
//1234567890
//1234567890
//1234567890
//1234567890
//1234567890
//1234567890
//1234567890
//1234567890
//1234567890
//1234567890
//1234567890
//1234567890
//1234567890
//1234567890
//1234567890
//1234567890
//1234567890
//1234567890
//1234567890
//1234567890
//1234567890
//1234567890
//1234567890
//1234567890
//1234567890
//1234567890
//1234567890
//1234567890
//1234567890
//1234567890
//1234567890
//1234567890
//1234567890
//1234567890
//1234567890
//1234567890
//1234567890
//1234567890
//1234567890
//1234567890
//1234567890
//1234567890
//1234567890
//1234567890
//1234567890
//1234567890
//1234567890
//1234567890
//1234567890
//1234567890
//1234567890
//1234567890
//1234567890
//1234567890
//1234567890
//1234567890
//1234567890
//1234567890
//1234567890
//1234567890
//1234567890
//1234567890
//1234567890
//1234567890
//1234567890
//1234567890
//1234567890
//1234567890
//1234567890
//1234567890
//1234567890
//1234567890
//1234567890
//1234567890
//1234567890
//1234567890
//1234567890
//1234567890
//1234567890
//1234567890
//1234567890
//1234567890
//1234567890
//1234567890
//1234567890
//1234567890
//1234567890
//1234567890
//1234567890
//1234567890
//1234567890
//1234567890
//1234567890
//1234567890
//1234567890
//1234567890
//1234567890
//1234567890
//1234567890
//1234567890
//1234567890
//1234567890
//1234567890
//1234567890
//1234567890
//1234567890
//1234567890
//1234567890
//1234567890
//1234567890
//1234567890
//1234567890
//1234567890
//1234567890
//1234567890
//1234567890
//1234567890
//1234567890
//1234567890
//1234567890
//1234567890
//1234567890
//1234567890
//1234567890
//1234567890
//1234567890
//1234567890
//1234567890
//1234567890
//1234567890
//1234567890
//1234567890
//1234567890
//1234567890
//1234567890
//1234567890
//1234567890
//1234567890
//1234567890
//1234567890
//1234567890
//1234567890
//1234567890
//1234567890
//1234567890
//1234567890
//1234567890
//1234567890
//1234567890
//1234567890
//1234567890
//1234567890
//1234567890
//1234567890
//1234567890
//1234567890
//1234567890
//1234567890
//1234567890
//1234567890
//1234567890
//1234567890
//1234567890
//1234567890
//1234567890
//1234567890
//1234567890
//1234567890
//1234567890
//1234567890
//1234567890
//1234567890
//1234567890
//1234567890
//1234567890
//1234567890
//1234567890
//1234567890
//1234567890
//1234567890
//1234567890
//1234567890
//1234567890
//1234567890
//1234567890
//1234567890
//1234567890
//1234567890
//1234567890
//1234567890
//1234567890
//1234567890
//1234567890
//1234567890
//1234567890
//1234567890
//1234567890
//1234567890
//1234567890
//1234567890
//1234567890
//1234567890
//1234567890
//1234567890
//1234567890
//1234567890
//1234567890
//1234567890
//1234567890
//1234567890
//1234567890
//1234567890
//1234567890
//1234567890
//1234567890
//1234567890
//1234567890
//1234567890
//1234567890
//1234567890
//1234567890
//1234567890
//1234567890
//1234567890
//1234567890
//1234567890
//1234567890
//1234567890
//1234567890
//1234567890
//1234567890
//1234567890
//1234567890
//1234567890
//1234567890
//1234567890
//1234567890
//1234567890
//1234567890
//1234567890
//1234567890
//1234567890
//1234567890
//1234567890
//1234567890
//1234567890
//1234567890
//1234567890
//1234567890
//1234567890
//1234567890
//1234567890
//1234567890
//1234567890
//1234567890
//1234567890
//1234567890
//1234567890
//1234567890
//1234567890
//1234567890
//1234567890
//1234567890
//1234567890
//1234567890
//1234567890
//1234567890
//1234567890
//1234567890
//1234567890
//1234567890
//1234567890
//1234567890
//1234567890
//1234567890
//1234567890
//1234567890
//1234567890
//1234567890
//1234567890
//1234567890
//1234567890
//1234567890
//1234567890
//1234567890
//1234567890
//1234567890
//1234567890
//1234567890
//1234567890
//1234567890
//1234567890
//1234567890
//1234567890
//1234567890
//1234567890
//1234567890
//1234567890
//1234567890
//1234567890
//1234567890
//1234567890
//1234567890
//1234567890
//1234567890
//1234567890
//1234567890
//1234567890
//1234567890
//1234567890
//1234567890
//1234567890
//1234567890
//1234567890
//1234567890
//1234567890
//1234567890
//1234567890
//1234567890
//1234567890
//1234567890
//1234567890
//1234567890
//1234567890
//1234567890
//1234567890
//1234567890
//1234567890
//1234567890
//1234567890
//1234567890
//1234567890
//1234567890
//1234567890
//1234567890
//1234567890
//1234567890
//1234567890
//1234567890
//1234567890
//1234567890
//1234567890
//1234567890
//1234567890
//1234567890
//1234567890
//1234567890
//1234567890
//1234567890
//1234567890
//1234567890
//1234567890
//1234567890
//1234567890
//1234567890
//1234567890
//1234567890
//1234567890
//1234567890
//1234567890
//1234567890
//1234567890
//1234567890
//1234567890
//1234567890
//1234567890
//1234567890
//1234567890
//1234567890
//1234567890
//1234567890
//1234567890
//1234567890
//1234567890
//1234567890
//1234567890
//1234567890
//1234567890
//1234567890
//1234567890
//1234567890
//1234567890
//1234567890
//1234567890
//1234567890
//1234567890
//1234567890
//1234567890
//1234567890
//1234567890
//1234567890
//1234567890
//1234567890
//1234567890
//1234567890
//1234567890
//1234567890
//1234567890
//1234567890
//1234567890
//1234567890
//1234567890
//1234567890
//1234567890
//1234567890
//1234567890
//1234567890
//1234567890
//1234567890
//1234567890
//1234567890
//1234567890
//1234567890
//1234567890
//1234567890
//1234567890
//1234567890
//1234567890
//1234567890
//1234567890
//1234567890
//1234567890
//1234567890
//1234567890
//1234567890
//1234567890
//1234567890
//1234567890
//1234567890
//1234567890
//1234567890
//1234567890
//1234567890
//1234567890
//1234567890
//1234567890
//1234567890
//1234567890
//1234567890
//1234567890
//1234567890
//1234567890
//1234567890
//1234567890
//1234567890
//1234567890
//1234567890
//1234567890
//1234567890
//1234567890
//1234567890
//1234567890
//1234567890
//1234567890
//1234567890
//1234567890
//1234567890
//1234567890
//1234567890
//1234567890
//1234567890
//1234567890
//1234567890
//1234567890
//1234567890
//1234567890
//1234567890
//1234567890
//1234567890
//1234567890
//1234567890
//1234567890
//1234567890
//1234567890
//1234567890
//1234567890
//1234567890
//1234567890
//1234567890
//1234567890
//1234567890
//1234567890
//1234567890
//1234567890
//1234567890
//1234567890
//1234567890
//1234567890
//1234567890
//1234567890
//1234567890
//1234567890
//1234567890
//1234567890
//1234567890
//1234567890
//1234567890
//1234567890
//1234567890
//1234567890
//1234567890
//1234567890
//1234567890
//1234567890
//1234567890
//1234567890
//1234567890
//1234567890
//1234567890
//1234567890
//1234567890
//1234567890
//1234567890
//1234567890
//1234567890
//1234567890
//1234567890
//1234567890
//1234567890
//1234567890
//1234567890
//1234567890
//1234567890
//1234567890
//1234567890
//1234567890
//1234567890
//1234567890
//1234567890
//1234567890
//1234567890
//1234567890
//1234567890
//1234567890
//1234567890
//1234567890
//1234567890
//1234567890
//1234567890
//1234567890
//1234567890
//1234567890
//1234567890
//1234567890
//1234567890
//1234567890
//1234567890
//1234567890
//1234567890
//1234567890
//1234567890
//1234567890
//1234567890
//1234567890
//1234567890
//1234567890
//1234567890
//1234567890
//1234567890
//1234567890
//1234567890
//1234567890
//1234567890
//1234567890
//1234567890
//1234567890
//1234567890
//1234567890
//1234567890
//1234567890
//1234567890
//1234567890
//1234567890
//1234567890
//1234567890
//1234567890
//1234567890
//1234567890
//1234567890
//1234567890
//1234567890
//1234567890
//1234567890
//1234567890
//1234567890
//1234567890
//1234567890
//1234567890
//1234567890
//1234567890
//1234567890
//1234567890
//1234567890
//1234567890
//1234567890
//1234567890
//1234567890
//1234567890
//1234567890
//1234567890
//1234567890
//1234567890
//1234567890
//1234567890
//1234567890
//1234567890
//1234567890
//1234567890
//1234567890
//1234567890
//1234567890
//1234567890
//1234567890
//1234567890
//1234567890
//1234567890
//1234567890
//1234567890
//1234567890
//1234567890
//1234567890
//1234567890
//1234567890
//1234567890
//1234567890
//1234567890
//1234567890
//1234567890
//1234567890
//1234567890
//1234567890
//1234567890
//1234567890
//1234567890
//1234567890
//1234567890
//1234567890
//1234567890
//1234567890
//1234567890
//1234567890
//1234567890
//1234567890
//1234567890
//1234567890
//1234567890
//1234567890
//1234567890
//1234567890
//1234567890
//1234567890
//1234567890
//1234567890
//1234567890
//1234567890
//1234567890
//1234567890
//1234567890
//1234567890
//1234567890
//1234567890
//1234567890
//1234567890
//1234567890
//1234567890
//1234567890
//1234567890
//1234567890
//1234567890
//1234567890
//1234567890
//1234567890
//1234567890
//1234567890
//1234567890
//1234567890
//1234567890
//1234567890
//1234567890
//1234567890
//1234567890
//1234567890
//1234567890
//1234567890
//1234567890
//1234567890
//1234567890
//1234567890
//1234567890
//1234567890
//1234567890
//1234567890
//1234567890
//1234567890
//1234567890
//1234567890
//1234567890
//1234567890
//1234567890
//1234567890
//1234567890
//1234567890
//1234567890
//1234567890
//1234567890
//1234567890
//1234567890
//1234567890
//1234567890
//1234567890
//1234567890
//1234567890
//1234567890
//1234567890
//1234567890
//1234567890
//1234567890
//1234567890
//1234567890
//1234567890
//1234567890
//1234567890
//1234567890
//1234567890
//1234567890
//1234567890
//1234567890
//1234567890
//1234567890
//1234567890
//1234567890
//1234567890
//1234567890
//1234567890
//1234567890
//1234567890
//1234567890
//1234567890
//1234567890
//1234567890
//1234567890
//1234567890
//1234567890
//1234567890
//1234567890
//1234567890
//1234567890
//1234567890
//1234567890
//1234567890
//1234567890
//1234567890
//1234567890
//1234567890
//1234567890
//1234567890
//1234567890
//1234567890
//1234567890
//1234567890
//1234567890
//1234567890
//1234567890
//1234567890
//1234567890
//1234567890
//1234567890
//1234567890
//1234567890
//1234567890
//1234567890
//1234567890
//1234567890
//1234567890
//1234567890
//1234567890
//1234567890
//1234567890
//1234567890
//1234567890
//1234567890
//1234567890
//1234567890
//1234567890
//1234567890
//1234567890
//1234567890
//1234567890
//1234567890
//1234567890
//1234567890
//1234567890
//1234567890
//1234567890
//1234567890
//1234567890
//1234567890
//1234567890
//1234567890
//1234567890
//1234567890
//1234567890
//1234567890
//1234567890
//1234567890
//1234567890
//1234567890
//1234567890
//1234567890
//1234567890
//1234567890
//1234567890
//1234567890
//1234567890
//1234567890
//1234567890
//1234567890
//1234567890
//1234567890
//1234567890
//1234567890
//1234567890
//1234567890
//1234567890
//1234567890
//1234567890
//1234567890
//1234567890
//1234567890
//1234567890
//1234567890
//1234567890
//1234567890
//1234567890
//1234567890
//1234567890
//1234567890
//1234567890
//1234567890
//1234567890
//1234567890
//1234567890
//1234567890
//1234567890
//1234567890
//1234567890
//1234567890
//1234567890
//1234567890
//1234567890
//1234567890
//1234567890
//1234567890
//1234567890
//1234567890
//1234567890
//1234567890
//1234567890
//1234567890
//1234567890
//1234567890
//1234567890
//1234567890
//1234567890
//1234567890
//1234567890
//1234567890
//1234567890
//1234567890
//1234567890
//1234567890
//1234567890
//1234567890
//1234567890
//1234567890
//1234567890
//1234567890
//1234567890
//1234567890
//1234567890
//1234567890
//1234567890
//1234567890
//1234567890
//1234567890
//1234567890
//1234567890
//1234567890
//1234567890
//1234567890
//1234567890
//1234567890
//1234567890
//1234567890
//1234567890
//1234567890
//1234567890
//1234567890
//1234567890
//1234567890
//1234567890
//1234567890
//1234567890
//1234567890
//1234567890
//1234567890
//1234567890
//1234567890
//1234567890
//1234567890
//1234567890
//1234567890
//1234567890
//1234567890
//1234567890
//1234567890
//1234567890
//1234567890
//1234567890
//1234567890
//1234567890
//1234567890
//1234567890
//1234567890
//1234567890
//1234567890
//1234567890
//1234567890
//1234567890
//1234567890
//1234567890
//1234567890
//1234567890
//1234567890
//1234567890
//1234567890
//1234567890
//1234567890
//1234567890
//1234567890
//1234567890
//1234567890
//1234567890
//1234567890
//1234567890
//1234567890
//1234567890
//1234567890
//1234567890
//1234567890
//1234567890
//1234567890
//1234567890
//1234567890
//1234567890
//1234567890
//1234567890
//1234567890
//1234567890
//1234567890
//1234567890
//1234567890
//1234567890
//1234567890
//1234567890
//1234567890
//1234567890
//1234567890
//1234567890
//1234567890
//1234567890
//1234567890
//1234567890
//1234567890
//1234567890
//1234567890
//1234567890
//1234567890
//1234567890
//1234567890
//1234567890
//1234567890
//1234567890
//1234567890
//1234567890
//1234567890
//1234567890
//1234567890
//1234567890
//1234567890
//1234567890
//1234567890
//1234567890
//1234567890
//1234567890
//1234567890
//1234567890
//1234567890
//1234567890
//1234567890
//1234567890
//1234567890
//1234567890
//1234567890
//1234567890
//1234567890
//1234567890
//1234567890
//1234567890
//1234567890
//1234567890
//1234567890
//1234567890
//1234567890
//1234567890
//1234567890
//1234567890
//1234567890
//1234567890
//1234567890
//1234567890
//1234567890
//1234567890
//1234567890
//1234567890
//1234567890
//1234567890
//1234567890
//1234567890
//1234567890
//1234567890
//1234567890
//1234567890
//1234567890
//1234567890
//1234567890
//1234567890
//1234567890
//1234567890
//1234567890
//1234567890
//1234567890
//1234567890
//1234567890
//1234567890
//1234567890
//1234567890
//1234567890
//1234567890
//1234567890
//1234567890
//1234567890
//1234567890
//1234567890
//1234567890
//1234567890
//1234567890
//1234567890
//1234567890
//1234567890
//1234567890
//1234567890
//1234567890
//1234567890
//1234567890
//1234567890
//1234567890
//1234567890
//1234567890
//1234567890
//1234567890
//1234567890
//1234567890
//1234567890
//1234567890
//1234567890
//1234567890
//1234567890
//1234567890
//1234567890
//1234567890
//1234567890
//1234567890
//1234567890
//1234567890
//1234567890
//1234567890
//1234567890
//1234567890
//1234567890
//1234567890
//1234567890
//1234567890
//1234567890
//1234567890
//1234567890
//1234567890
//1234567890
//1234567890
//1234567890
//1234567890
//1234567890
//1234567890
//1234567890
//1234567890
//1234567890
//1234567890
//1234567890
//1234567890
//1234567890
//1234567890
//1234567890
//1234567890
//1234567890
//1234567890
//1234567890
//1234567890
//1234567890
//1234567890
//1234567890
//1234567890
//1234567890
//1234567890
//1234567890
//1234567890
//1234567890
//1234567890
//1234567890
//1234567890
//1234567890
//1234567890
//1234567890
//1234567890
//1234567890
//1234567890
//1234567890
//1234567890
//1234567890
//1234567890
//1234567890
//1234567890
//1234567890
//1234567890
//1234567890
//1234567890
//1234567890
//1234567890
//1234567890
//1234567890
//1234567890
//1234567890
//1234567890
//1234567890
//1234567890
//1234567890
//1234567890
//1234567890
//1234567890
//1234567890
//1234567890
//1234567890
//1234567890
//1234567890
//1234567890
//1234567890
//1234567890
//1234567890
//1234567890
//1234567890
//1234567890
//1234567890
//1234567890
//1234567890
//1234567890
//1234567890
//1234567890
//1234567890
//1234567890
//1234567890
//1234567890
//1234567890
//1234567890
//1234567890
//1234567890
//1234567890
//1234567890
//1234567890
//1234567890
//1234567890
//1234567890
//1234567890
//1234567890
//1234567890
//1234567890
//1234567890
//1234567890
//1234567890
//1234567890
//1234567890
//1234567890
//1234567890
//1234567890
//1234567890
//1234567890
//1234567890
//1234567890
//1234567890
//1234567890
//1234567890
//1234567890
//1234567890
//1234567890
//1234567890
//1234567890
//1234567890
//1234567890
//1234567890
//1234567890
//1234567890
//1234567890
//1234567890
//1234567890
//1234567890
//1234567890
//1234567890
//1234567890
//1234567890
//1234567890
//1234567890
//1234567890
//1234567890
//1234567890
//1234567890
//1234567890
//1234567890
//1234567890
//1234567890
//1234567890
//1234567890
//1234567890
//1234567890
//1234567890
//1234567890
//1234567890
//1234567890
//1234567890
//1234567890
//1234567890
//1234567890
//1234567890
//1234567890
//1234567890
//1234567890
//1234567890
//1234567890
//1234567890
//1234567890
//1234567890
//1234567890
//1234567890
//1234567890
//1234567890
//1234567890
//1234567890
//1234567890
//1234567890
//1234567890
//1234567890
//1234567890
//1234567890
//1234567890
//1234567890
//1234567890
//1234567890
//1234567890
//1234567890
//1234567890
//1234567890
//1234567890
//1234567890
//1234567890
//1234567890
//1234567890
//1234567890
//1234567890
//1234567890
//1234567890
//1234567890
//1234567890
//1234567890
//1234567890
//1234567890
//1234567890
//1234567890
//1234567890
//1234567890
//1234567890
//1234567890
//1234567890
//1234567890
//1234567890
//1234567890
//1234567890
//1234567890
//1234567890
//1234567890
//1234567890
//1234567890
//1234567890
//1234567890
//1234567890
//1234567890
//1234567890
//1234567890
//1234567890
//1234567890
//1234567890
//1234567890
//1234567890
//1234567890
//1234567890
//1234567890
//1234567890
//1234567890
//1234567890
//1234567890
//1234567890
//1234567890
//1234567890
//1234567890
//1234567890
//1234567890
//1234567890
//1234567890
//1234567890
//1234567890
//1234567890
//1234567890
//1234567890
//1234567890
//1234567890
//1234567890
//1234567890
//1234567890
//1234567890
//1234567890
//1234567890
//1234567890
//1234567890
//1234567890
//1234567890
//1234567890
//1234567890
//1234567890
//1234567890
//1234567890
//1234567890
//1234567890
//1234567890
//1234567890
//1234567890
//1234567890
//1234567890
//1234567890
//1234567890
//1234567890
//1234567890
//1234567890
//1234567890
//1234567890
//1234567890
//1234567890
//1234567890
//1234567890
//1234567890
//1234567890
//1234567890
//1234567890
//1234567890
//1234567890
//1234567890
//1234567890
//1234567890
//1234567890
//1234567890
//1234567890
//1234567890
//1234567890
//1234567890
//1234567890
//1234567890
//1234567890
//1234567890
//1234567890
//1234567890
//1234567890
//1234567890
//1234567890
//1234567890
//1234567890
//1234567890
//1234567890
//1234567890
//1234567890
//1234567890
//1234567890
//1234567890
//1234567890
//1234567890
//1234567890
//1234567890
//1234567890
//1234567890
//1234567890
//1234567890
//1234567890
//1234567890
//1234567890
//1234567890
//1234567890
//1234567890
//1234567890
//1234567890
//1234567890
//1234567890
//1234567890
//1234567890
//1234567890
//1234567890
//1234567890
//1234567890
//1234567890
//1234567890
//1234567890
//1234567890
//1234567890
//1234567890
//1234567890
//1234567890
//1234567890
//1234567890
//1234567890
//1234567890
//1234567890
//1234567890
//1234567890
//1234567890
//1234567890
//1234567890
//1234567890
//1234567890
//1234567890
//1234567890
//1234567890
//1234567890
//1234567890
//1234567890
//1234567890
//1234567890
//1234567890
//1234567890
//1234567890
//1234567890
//1234567890
//1234567890
//1234567890
//1234567890
//1234567890
//1234567890
//1234567890
//1234567890
//1234567890
//1234567890
//1234567890
//1234567890
//1234567890
//1234567890
//1234567890
//1234567890
//1234567890
//1234567890
//1234567890
//1234567890
//1234567890
//1234567890
//1234567890
//1234567890
//1234567890
//1234567890
//1234567890
//1234567890
//1234567890
//1234567890
//1234567890
//1234567890
//1234567890
//1234567890
//1234567890
//1234567890
//1234567890
//1234567890
//1234567890
//1234567890
//1234567890
//1234567890
//1234567890
//1234567890
//1234567890
//1234567890
//1234567890
//1234567890
//1234567890
//1234567890
//1234567890
//1234567890
//1234567890
//1234567890
//1234567890
//1234567890
//1234567890
//1234567890
//1234567890
//1234567890
//1234567890
//1234567890
//1234567890
//1234567890
//1234567890
//1234567890
//1234567890
//1234567890
//1234567890
//1234567890
//1234567890
//1234567890
//1234567890
//1234567890
//1234567890
//1234567890
//1234567890
//1234567890
//1234567890
//1234567890
//1234567890
//1234567890
//1234567890
//1234567890
//1234567890
//1234567890
//1234567890
//1234567890
//1234567890
//1234567890
//1234567890
//1234567890
//1234567890
//1234567890
//1234567890
//1234567890
//1234567890
//1234567890
//1234567890
//1234567890
//1234567890
//1234567890
//1234567890
//1234567890
//1234567890
//1234567890
//1234567890
//1234567890
//1234567890
//1234567890
//1234567890
//1234567890
//1234567890
//1234567890
//1234567890
//1234567890
//1234567890
//1234567890
//1234567890
//1234567890
//1234567890
//1234567890
//1234567890
//1234567890
//1234567890
//1234567890
//1234567890
//1234567890
//1234567890
//1234567890
//1234567890
//1234567890
//1234567890
//1234567890
//1234567890
//1234567890
//1234567890
//1234567890
//1234567890
//1234567890
//1234567890
//1234567890
//1234567890
//1234567890
//1234567890
//1234567890
//1234567890
//1234567890
//1234567890
//1234567890
//1234567890
//1234567890
//1234567890
//1234567890
//1234567890
//1234567890
//1234567890
//1234567890
//1234567890
//1234567890
//1234567890
//1234567890
//1234567890
//1234567890
//1234567890
//1234567890
//1234567890
//1234567890
//1234567890
//1234567890
//1234567890
//1234567890
//1234567890
//1234567890
//1234567890
//1234567890
//1234567890
//1234567890
//1234567890
//1234567890
//1234567890
//1234567890
//1234567890
//1234567890
//1234567890
//1234567890
//1234567890
//1234567890
//1234567890
//1234567890
//1234567890
//1234567890
//1234567890
//1234567890
//1234567890
//1234567890
//1234567890
//1234567890
//1234567890
//1234567890
//1234567890
//1234567890
//1234567890
//1234567890
//1234567890
//1234567890
//1234567890
//1234567890
//1234567890
//1234567890
//1234567890
//1234567890
//1234567890
//1234567890
//1234567890
//1234567890
//1234567890
//1234567890
//1234567890
//1234567890
//1234567890
//1234567890
//1234567890
//1234567890
//1234567890
//1234567890
//1234567890
//1234567890
//1234567890
//1234567890
//1234567890
//1234567890
//1234567890
//1234567890
//1234567890
//1234567890
//1234567890
//1234567890
//1234567890
//1234567890
//1234567890
//1234567890
//1234567890
//1234567890
//1234567890
//1234567890
//1234567890
//1234567890
//1234567890
//1234567890
//1234567890
//1234567890
//1234567890
//1234567890
//1234567890
//1234567890
//1234567890
//1234567890
//1234567890
//1234567890
//1234567890
//1234567890
//1234567890
//1234567890
//1234567890
//1234567890
//1234567890
//1234567890
//1234567890
//1234567890
//1234567890
//1234567890
//1234567890
//1234567890
//1234567890
//1234567890
//1234567890
//1234567890
//1234567890
//1234567890
//1234567890
//1234567890
//1234567890
//1234567890
//1234567890
//1234567890
//1234567890
//1234567890
//1234567890
//1234567890
//1234567890
//1234567890
//1234567890
//1234567890
//1234567890
//1234567890
//1234567890
//1234567890
//1234567890
//1234567890
//1234567890
//1234567890
//1234567890
//1234567890
//1234567890
//1234567890
//1234567890
//1234567890
//1234567890
//1234567890
//1234567890
//1234567890
//1234567890
//1234567890
//1234567890
//1234567890
//1234567890
//1234567890
//1234567890
//1234567890
//1234567890
//1234567890
//1234567890
//1234567890
//1234567890
//1234567890
//1234567890
//1234567890
//1234567890
//1234567890
//1234567890
//1234567890
//1234567890
//1234567890
//1234567890
//1234567890
//1234567890
//1234567890
//1234567890
//1234567890
//1234567890
//1234567890
//1234567890
//1234567890
//1234567890
//1234567890
//1234567890
//1234567890
//1234567890
//1234567890
//1234567890
//1234567890
//1234567890
//1234567890
//1234567890
//1234567890
//1234567890
//1234567890
//1234567890
//1234567890
//1234567890
//1234567890
//1234567890
//1234567890
//1234567890
//1234567890
//1234567890
//1234567890
//1234567890
//1234567890
//1234567890
//1234567890
//1234567890
//1234567890
//1234567890
//1234567890
//1234567890
//1234567890
//1234567890
//1234567890
//1234567890
//1234567890
//1234567890
//1234567890
//1234567890
//1234567890
//1234567890
//1234567890
//1234567890
//1234567890
//1234567890
//1234567890
//1234567890
//1234567890
//1234567890
//1234567890
//1234567890
//1234567890
//1234567890
//1234567890
//1234567890
//1234567890
//1234567890
//1234567890
//1234567890
//1234567890
//1234567890
//1234567890
//1234567890
//1234567890
//1234567890
//1234567890
//1234567890
//1234567890
//1234567890
//1234567890
//1234567890
//1234567890
//1234567890
//1234567890
//1234567890
//1234567890
//1234567890
//1234567890
//1234567890
//1234567890
//1234567890
//1234567890
//1234567890
//1234567890
//1234567890
//1234567890
//1234567890
//1234567890
//1234567890
//1234567890
//1234567890
//1234567890
//1234567890
//1234567890
//1234567890
//1234567890
//1234567890
//1234567890
//1234567890
//1234567890
//1234567890
//1234567890
//1234567890
//1234567890
//1234567890
//1234567890
//1234567890
//1234567890
//1234567890
//1234567890
//1234567890
//1234567890
//1234567890
//1234567890
//1234567890
//1234567890
//1234567890
//1234567890
//1234567890
//1234567890
//1234567890
//1234567890
//1234567890
//1234567890
//1234567890
//1234567890
//1234567890
//1234567890
//1234567890
//1234567890
//1234567890
//1234567890
//1234567890
//1234567890
//1234567890
//1234567890
//1234567890
//1234567890
//1234567890
//1234567890
//1234567890
//1234567890
//1234567890
//1234567890
//1234567890
//1234567890
//1234567890
//1234567890
//1234567890
//1234567890
//1234567890
//1234567890
//1234567890
//1234567890
//1234567890
//1234567890
//1234567890
//1234567890
//1234567890
//1234567890
//1234567890
//1234567890
//1234567890
//1234567890
//1234567890
//1234567890
//1234567890
//1234567890
//1234567890
//1234567890
//1234567890
//1234567890
//1234567890
//1234567890
//1234567890
//1234567890
//1234567890
//1234567890
//1234567890
//1234567890
//1234567890
//1234567890
//1234567890
//1234567890
//1234567890
//1234567890
//1234567890
//1234567890
//1234567890
//1234567890
//1234567890
//1234567890
//1234567890
//1234567890
//1234567890
//1234567890
//1234567890
//1234567890
//1234567890
//1234567890
//1234567890
//1234567890
//1234567890
//1234567890
//1234567890
//1234567890
//1234567890
//1234567890
//1234567890
//1234567890
//1234567890
//1234567890
//1234567890
//1234567890
//1234567890
//1234567890
//1234567890
//1234567890
//1234567890
//1234567890
//1234567890
//1234567890
//1234567890
//1234567890
//1234567890
//1234567890
//1234567890
//1234567890
//1234567890
//1234567890
//1234567890
//1234567890
//1234567890
//1234567890
//1234567890
//1234567890
//1234567890
//1234567890
//1234567890
//1234567890
//1234567890
//1234567890
//1234567890
//1234567890
//1234567890
//1234567890
//1234567890
//1234567890
//1234567890
//1234567890
//1234567890
//1234567890
//1234567890
//1234567890
//1234567890
//1234567890
//1234567890
//1234567890
//1234567890
//1234567890
//1234567890
//1234567890
//1234567890
//1234567890
//1234567890
//1234567890
//1234567890
//1234567890
//1234567890
//1234567890
//1234567890
//1234567890
//1234567890
//1234567890
//1234567890
//1234567890
//1234567890
//1234567890
//1234567890
//1234567890
//1234567890
//1234567890
//1234567890
//1234567890
//1234567890
//1234567890
//1234567890
//1234567890
//1234567890
//1234567890
//1234567890
//1234567890
//1234567890
//1234567890
//1234567890
//1234567890
//1234567890
//1234567890
//1234567890
//1234567890
//1234567890
//1234567890
//1234567890
//1234567890
//1234567890
//1234567890
//1234567890
//1234567890
//1234567890
//1234567890
//1234567890
//1234567890
//1234567890
//1234567890
//1234567890
//1234567890
//1234567890
//1234567890
//1234567890
//1234567890
//1234567890
//1234567890
//1234567890
//1234567890
//1234567890
//1234567890
//1234567890
//1234567890
//1234567890
//1234567890
//1234567890
//1234567890
//1234567890
//1234567890
//1234567890
//1234567890
//1234567890
//1234567890
//1234567890
//1234567890
//1234567890
//1234567890
//1234567890
//1234567890
//1234567890
//1234567890
//1234567890
//1234567890
//1234567890
//1234567890
//1234567890
//1234567890
//1234567890
//1234567890
//1234567890
//1234567890
//1234567890
//1234567890
//1234567890
//1234567890
//1234567890
//1234567890
//1234567890
//1234567890
//1234567890
//1234567890
//1234567890
//1234567890
//1234567890
//1234567890
//1234567890
//1234567890
//1234567890
//1234567890
//1234567890
//1234567890
//1234567890
//1234567890
//1234567890
//1234567890
//1234567890
//1234567890
//1234567890
//1234567890
//1234567890
//1234567890
//1234567890
//1234567890
//1234567890
//1234567890
//1234567890
//1234567890
//1234567890
//1234567890
//1234567890
//1234567890
//1234567890
//1234567890
//1234567890
//1234567890
//1234567890
//1234567890
//1234567890
//1234567890
//1234567890
//1234567890
//1234567890
//1234567890
//1234567890
//1234567890
//1234567890
//1234567890
//1234567890
//1234567890
//1234567890
//1234567890
//1234567890

Oct 04, 2022 11:02:36 AM edu.yu.cs.com3800.stage5.GatewayServer$ServerHttpHandler handle
INFO: leader is localhost/127.0.0.1:30080
Oct 04, 2022 11:02:36 AM edu.yu.cs.com3800.stage5.GatewayServer$ServerHttpHandler sendAndGetResponse
INFO: Waiting for leader
Oct 04, 2022 11:02:36 AM edu.yu.cs.com3800.stage5.GatewayServer$ServerHttpHandler sendAndGetResponse
INFO: Leader found localhost/127.0.0.1:30080
Oct 04, 2022 11:02:36 AM edu.yu.cs.com3800.stage5.GatewayServer$ServerHttpHandler sendAndGetResponse
INFO: assigned request ID of 50
Oct 04, 2022 11:02:36 AM edu.yu.cs.com3800.stage5.GatewayServer$ServerHttpHandler sendAndGetResponse
INFO: Attempting to read leader response for requestID 50
Oct 04, 2022 11:02:37 AM edu.yu.cs.com3800.stage5.GatewayServer$ServerHttpHandler handle
INFO: Got response for 50
Oct 04, 2022 11:02:37 AM edu.yu.cs.com3800.stage5.GatewayServer$ServerHttpHandler handle
INFO: Attempting to send response headers for requestID 50
Oct 04, 2022 11:02:37 AM edu.yu.cs.com3800.stage5.GatewayServer$ServerHttpHandler handle
INFO: Response headers should be: 200 19
Oct 04, 2022 11:02:37 AM edu.yu.cs.com3800.stage5.GatewayServer$ServerHttpHandler handle
INFO: Attempting to write response body for requestID: 50
Oct 04, 2022 11:02:37 AM edu.yu.cs.com3800.stage5.GatewayServer$ServerHttpHandler handle
INFO: Response headers should be: happyShortMultiLine
Oct 04, 2022 11:02:37 AM edu.yu.cs.com3800.stage5.GatewayServer$ServerHttpHandler handle
INFO: Finished processing requestId: 50
Oct 04, 2022 11:02:37 AM edu.yu.cs.com3800.stage5.GatewayServer$ServerHttpHandler handle
INFO: Server received request on /compileandrun from port 33662
Oct 04, 2022 11:02:37 AM edu.yu.cs.com3800.stage5.GatewayServer$ServerHttpHandler handle
INFO: Request body: public class HelloWorld { 
 public HelloWorld(){
}
public String run(){
return "happyShortMultiLine";
}
}
//1234567890
//1234567890
//1234567890
//1234567890
//1234567890
//1234567890
//1234567890
//1234567890
//1234567890
//1234567890
//1234567890
//1234567890
//1234567890
//1234567890
//1234567890
//1234567890
//1234567890
//1234567890
//1234567890
//1234567890
//1234567890
//1234567890
//1234567890
//1234567890
//1234567890
//1234567890
//1234567890
//1234567890
//1234567890
//1234567890
//1234567890
//1234567890
//1234567890
//1234567890
//1234567890
//1234567890
//1234567890
//1234567890
//1234567890
//1234567890
//1234567890
//1234567890
//1234567890
//1234567890
//1234567890
//1234567890
//1234567890
//1234567890
//1234567890
//1234567890
//1234567890
//1234567890
//1234567890
//1234567890
//1234567890
//1234567890
//1234567890
//1234567890
//1234567890
//1234567890
//1234567890
//1234567890
//1234567890
//1234567890
//1234567890
//1234567890
//1234567890
//1234567890
//1234567890
//1234567890
//1234567890
//1234567890
//1234567890
//1234567890
//1234567890
//1234567890
//1234567890
//1234567890
//1234567890
//1234567890
//1234567890
//1234567890
//1234567890
//1234567890
//1234567890
//1234567890
//1234567890
//1234567890
//1234567890
//1234567890
//1234567890
//1234567890
//1234567890
//1234567890
//1234567890
//1234567890
//1234567890
//1234567890
//1234567890
//1234567890
//1234567890
//1234567890
//1234567890
//1234567890
//1234567890
//1234567890
//1234567890
//1234567890
//1234567890
//1234567890
//1234567890
//1234567890
//1234567890
//1234567890
//1234567890
//1234567890
//1234567890
//1234567890
//1234567890
//1234567890
//1234567890
//1234567890
//1234567890
//1234567890
//1234567890
//1234567890
//1234567890
//1234567890
//1234567890
//1234567890
//1234567890
//1234567890
//1234567890
//1234567890
//1234567890
//1234567890
//1234567890
//1234567890
//1234567890
//1234567890
//1234567890
//1234567890
//1234567890
//1234567890
//1234567890
//1234567890
//1234567890
//1234567890
//1234567890
//1234567890
//1234567890
//1234567890
//1234567890
//1234567890
//1234567890
//1234567890
//1234567890
//1234567890
//1234567890
//1234567890
//1234567890
//1234567890
//1234567890
//1234567890
//1234567890
//1234567890
//1234567890
//1234567890
//1234567890
//1234567890
//1234567890
//1234567890
//1234567890
//1234567890
//1234567890
//1234567890
//1234567890
//1234567890
//1234567890
//1234567890
//1234567890
//1234567890
//1234567890
//1234567890
//1234567890
//1234567890
//1234567890
//1234567890
//1234567890
//1234567890
//1234567890
//1234567890
//1234567890
//1234567890
//1234567890
//1234567890
//1234567890
//1234567890
//1234567890
//1234567890
//1234567890
//1234567890
//1234567890
//1234567890
//1234567890
//1234567890
//1234567890
//1234567890
//1234567890
//1234567890
//1234567890
//1234567890
//1234567890
//1234567890
//1234567890
//1234567890
//1234567890
//1234567890
//1234567890
//1234567890
//1234567890
//1234567890
//1234567890
//1234567890
//1234567890
//1234567890
//1234567890
//1234567890
//1234567890
//1234567890
//1234567890
//1234567890
//1234567890
//1234567890
//1234567890
//1234567890
//1234567890
//1234567890
//1234567890
//1234567890
//1234567890
//1234567890
//1234567890
//1234567890
//1234567890
//1234567890
//1234567890
//1234567890
//1234567890
//1234567890
//1234567890
//1234567890
//1234567890
//1234567890
//1234567890
//1234567890
//1234567890
//1234567890
//1234567890
//1234567890
//1234567890
//1234567890
//1234567890
//1234567890
//1234567890
//1234567890
//1234567890
//1234567890
//1234567890
//1234567890
//1234567890
//1234567890
//1234567890
//1234567890
//1234567890
//1234567890
//1234567890
//1234567890
//1234567890
//1234567890
//1234567890
//1234567890
//1234567890
//1234567890
//1234567890
//1234567890
//1234567890
//1234567890
//1234567890
//1234567890
//1234567890
//1234567890
//1234567890
//1234567890
//1234567890
//1234567890
//1234567890
//1234567890
//1234567890
//1234567890
//1234567890
//1234567890
//1234567890
//1234567890
//1234567890
//1234567890
//1234567890
//1234567890
//1234567890
//1234567890
//1234567890
//1234567890
//1234567890
//1234567890
//1234567890
//1234567890
//1234567890
//1234567890
//1234567890
//1234567890
//1234567890
//1234567890
//1234567890
//1234567890
//1234567890
//1234567890
//1234567890
//1234567890
//1234567890
//1234567890
//1234567890
//1234567890
//1234567890
//1234567890
//1234567890
//1234567890
//1234567890
//1234567890
//1234567890
//1234567890
//1234567890
//1234567890
//1234567890
//1234567890
//1234567890
//1234567890
//1234567890
//1234567890
//1234567890
//1234567890
//1234567890
//1234567890
//1234567890
//1234567890
//1234567890
//1234567890
//1234567890
//1234567890
//1234567890
//1234567890
//1234567890
//1234567890
//1234567890
//1234567890
//1234567890
//1234567890
//1234567890
//1234567890
//1234567890
//1234567890
//1234567890
//1234567890
//1234567890
//1234567890
//1234567890
//1234567890
//1234567890
//1234567890
//1234567890
//1234567890
//1234567890
//1234567890
//1234567890
//1234567890
//1234567890
//1234567890
//1234567890
//1234567890
//1234567890
//1234567890
//1234567890
//1234567890
//1234567890
//1234567890
//1234567890
//1234567890
//1234567890
//1234567890
//1234567890
//1234567890
//1234567890
//1234567890
//1234567890
//1234567890
//1234567890
//1234567890
//1234567890
//1234567890
//1234567890
//1234567890
//1234567890
//1234567890
//1234567890
//1234567890
//1234567890
//1234567890
//1234567890
//1234567890
//1234567890
//1234567890
//1234567890
//1234567890
//1234567890
//1234567890
//1234567890
//1234567890
//1234567890
//1234567890
//1234567890
//1234567890
//1234567890
//1234567890
//1234567890
//1234567890
//1234567890
//1234567890
//1234567890
//1234567890
//1234567890
//1234567890
//1234567890
//1234567890
//1234567890
//1234567890
//1234567890
//1234567890
//1234567890
//1234567890
//1234567890
//1234567890
//1234567890
//1234567890
//1234567890
//1234567890
//1234567890
//1234567890
//1234567890
//1234567890
//1234567890
//1234567890
//1234567890
//1234567890
//1234567890
//1234567890
//1234567890
//1234567890
//1234567890
//1234567890
//1234567890
//1234567890
//1234567890
//1234567890
//1234567890
//1234567890
//1234567890
//1234567890
//1234567890
//1234567890
//1234567890
//1234567890
//1234567890
//1234567890
//1234567890
//1234567890
//1234567890
//1234567890
//1234567890
//1234567890
//1234567890
//1234567890
//1234567890
//1234567890
//1234567890
//1234567890
//1234567890
//1234567890
//1234567890
//1234567890
//1234567890
//1234567890
//1234567890
//1234567890
//1234567890
//1234567890
//1234567890
//1234567890
//1234567890
//1234567890
//1234567890
//1234567890
//1234567890
//1234567890
//1234567890
//1234567890
//1234567890
//1234567890
//1234567890
//1234567890
//1234567890
//1234567890
//1234567890
//1234567890
//1234567890
//1234567890
//1234567890
//1234567890
//1234567890
//1234567890
//1234567890
//1234567890
//1234567890
//1234567890
//1234567890
//1234567890
//1234567890
//1234567890
//1234567890
//1234567890
//1234567890
//1234567890
//1234567890
//1234567890
//1234567890
//1234567890
//1234567890
//1234567890
//1234567890
//1234567890
//1234567890
//1234567890
//1234567890
//1234567890
//1234567890
//1234567890
//1234567890
//1234567890
//1234567890
//1234567890
//1234567890
//1234567890
//1234567890
//1234567890
//1234567890
//1234567890
//1234567890
//1234567890
//1234567890
//1234567890
//1234567890
//1234567890
//1234567890
//1234567890
//1234567890
//1234567890
//1234567890
//1234567890
//1234567890
//1234567890
//1234567890
//1234567890
//1234567890
//1234567890
//1234567890
//1234567890
//1234567890
//1234567890
//1234567890
//1234567890
//1234567890
//1234567890
//1234567890
//1234567890
//1234567890
//1234567890
//1234567890
//1234567890
//1234567890
//1234567890
//1234567890
//1234567890
//1234567890
//1234567890
//1234567890
//1234567890
//1234567890
//1234567890
//1234567890
//1234567890
//1234567890
//1234567890
//1234567890
//1234567890
//1234567890
//1234567890
//1234567890
//1234567890
//1234567890
//1234567890
//1234567890
//1234567890
//1234567890
//1234567890
//1234567890
//1234567890
//1234567890
//1234567890
//1234567890
//1234567890
//1234567890
//1234567890
//1234567890
//1234567890
//1234567890
//1234567890
//1234567890
//1234567890
//1234567890
//1234567890
//1234567890
//1234567890
//1234567890
//1234567890
//1234567890
//1234567890
//1234567890
//1234567890
//1234567890
//1234567890
//1234567890
//1234567890
//1234567890
//1234567890
//1234567890
//1234567890
//1234567890
//1234567890
//1234567890
//1234567890
//1234567890
//1234567890
//1234567890
//1234567890
//1234567890
//1234567890
//1234567890
//1234567890
//1234567890
//1234567890
//1234567890
//1234567890
//1234567890
//1234567890
//1234567890
//1234567890
//1234567890
//1234567890
//1234567890
//1234567890
//1234567890
//1234567890
//1234567890
//1234567890
//1234567890
//1234567890
//1234567890
//1234567890
//1234567890
//1234567890
//1234567890
//1234567890
//1234567890
//1234567890
//1234567890
//1234567890
//1234567890
//1234567890
//1234567890
//1234567890
//1234567890
//1234567890
//1234567890
//1234567890
//1234567890
//1234567890
//1234567890
//1234567890
//1234567890
//1234567890
//1234567890
//1234567890
//1234567890
//1234567890
//1234567890
//1234567890
//1234567890
//1234567890
//1234567890
//1234567890
//1234567890
//1234567890
//1234567890
//1234567890
//1234567890
//1234567890
//1234567890
//1234567890
//1234567890
//1234567890
//1234567890
//1234567890
//1234567890
//1234567890
//1234567890
//1234567890
//1234567890
//1234567890
//1234567890
//1234567890
//1234567890
//1234567890
//1234567890
//1234567890
//1234567890
//1234567890
//1234567890
//1234567890
//1234567890
//1234567890
//1234567890
//1234567890
//1234567890
//1234567890
//1234567890
//1234567890
//1234567890
//1234567890
//1234567890
//1234567890
//1234567890
//1234567890
//1234567890
//1234567890
//1234567890
//1234567890
//1234567890
//1234567890
//1234567890
//1234567890
//1234567890
//1234567890
//1234567890
//1234567890
//1234567890
//1234567890
//1234567890
//1234567890
//1234567890
//1234567890
//1234567890
//1234567890
//1234567890
//1234567890
//1234567890
//1234567890
//1234567890
//1234567890
//1234567890
//1234567890
//1234567890
//1234567890
//1234567890
//1234567890
//1234567890
//1234567890
//1234567890
//1234567890
//1234567890
//1234567890
//1234567890
//1234567890
//1234567890
//1234567890
//1234567890
//1234567890
//1234567890
//1234567890
//1234567890
//1234567890
//1234567890
//1234567890
//1234567890
//1234567890
//1234567890
//1234567890
//1234567890
//1234567890
//1234567890
//1234567890
//1234567890
//1234567890
//1234567890
//1234567890
//1234567890
//1234567890
//1234567890
//1234567890
//1234567890
//1234567890
//1234567890
//1234567890
//1234567890
//1234567890
//1234567890
//1234567890
//1234567890
//1234567890
//1234567890
//1234567890
//1234567890
//1234567890
//1234567890
//1234567890
//1234567890
//1234567890
//1234567890
//1234567890
//1234567890
//1234567890
//1234567890
//1234567890
//1234567890
//1234567890
//1234567890
//1234567890
//1234567890
//1234567890
//1234567890
//1234567890
//1234567890
//1234567890
//1234567890
//1234567890
//1234567890
//1234567890
//1234567890
//1234567890
//1234567890
//1234567890
//1234567890
//1234567890
//1234567890
//1234567890
//1234567890
//1234567890
//1234567890
//1234567890
//1234567890
//1234567890
//1234567890
//1234567890
//1234567890
//1234567890
//1234567890
//1234567890
//1234567890
//1234567890
//1234567890
//1234567890
//1234567890
//1234567890
//1234567890
//1234567890
//1234567890
//1234567890
//1234567890
//1234567890
//1234567890
//1234567890
//1234567890
//1234567890
//1234567890
//1234567890
//1234567890
//1234567890
//1234567890
//1234567890
//1234567890
//1234567890
//1234567890
//1234567890
//1234567890
//1234567890
//1234567890
//1234567890
//1234567890
//1234567890
//1234567890
//1234567890
//1234567890
//1234567890
//1234567890
//1234567890
//1234567890
//1234567890
//1234567890
//1234567890
//1234567890
//1234567890
//1234567890
//1234567890
//1234567890
//1234567890
//1234567890
//1234567890
//1234567890
//1234567890
//1234567890
//1234567890
//1234567890
//1234567890
//1234567890
//1234567890
//1234567890
//1234567890
//1234567890
//1234567890
//1234567890
//1234567890
//1234567890
//1234567890
//1234567890
//1234567890
//1234567890
//1234567890
//1234567890
//1234567890
//1234567890
//1234567890
//1234567890
//1234567890
//1234567890
//1234567890
//1234567890
//1234567890
//1234567890
//1234567890
//1234567890
//1234567890
//1234567890
//1234567890
//1234567890
//1234567890
//1234567890
//1234567890
//1234567890
//1234567890
//1234567890
//1234567890
//1234567890
//1234567890
//1234567890
//1234567890
//1234567890
//1234567890
//1234567890
//1234567890
//1234567890
//1234567890
//1234567890
//1234567890
//1234567890
//1234567890
//1234567890
//1234567890
//1234567890
//1234567890
//1234567890
//1234567890
//1234567890
//1234567890
//1234567890
//1234567890
//1234567890
//1234567890
//1234567890
//1234567890
//1234567890
//1234567890
//1234567890
//1234567890
//1234567890
//1234567890
//1234567890
//1234567890
//1234567890
//1234567890
//1234567890
//1234567890
//1234567890
//1234567890
//1234567890
//1234567890
//1234567890
//1234567890
//1234567890
//1234567890
//1234567890
//1234567890
//1234567890
//1234567890
//1234567890
//1234567890
//1234567890
//1234567890
//1234567890
//1234567890
//1234567890
//1234567890
//1234567890
//1234567890
//1234567890
//1234567890
//1234567890
//1234567890
//1234567890
//1234567890
//1234567890
//1234567890
//1234567890
//1234567890
//1234567890
//1234567890
//1234567890
//1234567890
//1234567890
//1234567890
//1234567890
//1234567890
//1234567890
//1234567890
//1234567890
//1234567890
//1234567890
//1234567890
//1234567890
//1234567890
//1234567890
//1234567890
//1234567890
//1234567890
//1234567890
//1234567890
//1234567890
//1234567890
//1234567890
//1234567890
//1234567890
//1234567890
//1234567890
//1234567890
//1234567890
//1234567890
//1234567890
//1234567890
//1234567890
//1234567890
//1234567890
//1234567890
//1234567890
//1234567890
//1234567890
//1234567890
//1234567890
//1234567890
//1234567890
//1234567890
//1234567890
//1234567890
//1234567890
//1234567890
//1234567890
//1234567890
//1234567890
//1234567890
//1234567890
//1234567890
//1234567890
//1234567890
//1234567890
//1234567890
//1234567890
//1234567890
//1234567890
//1234567890
//1234567890
//1234567890
//1234567890
//1234567890
//1234567890
//1234567890
//1234567890
//1234567890
//1234567890
//1234567890
//1234567890
//1234567890
//1234567890
//1234567890
//1234567890
//1234567890
//1234567890
//1234567890
//1234567890
//1234567890
//1234567890
//1234567890
//1234567890
//1234567890
//1234567890
//1234567890
//1234567890
//1234567890
//1234567890
//1234567890
//1234567890
//1234567890
//1234567890
//1234567890
//1234567890
//1234567890
//1234567890
//1234567890
//1234567890
//1234567890
//1234567890
//1234567890
//1234567890
//1234567890
//1234567890
//1234567890
//1234567890
//1234567890
//1234567890
//1234567890
//1234567890
//1234567890
//1234567890
//1234567890
//1234567890
//1234567890
//1234567890
//1234567890
//1234567890
//1234567890
//1234567890
//1234567890
//1234567890
//1234567890
//1234567890
//1234567890
//1234567890
//1234567890
//1234567890
//1234567890
//1234567890
//1234567890
//1234567890
//1234567890
//1234567890
//1234567890
//1234567890
//1234567890
//1234567890
//1234567890
//1234567890
//1234567890
//1234567890
//1234567890
//1234567890
//1234567890
//1234567890
//1234567890
//1234567890
//1234567890
//1234567890
//1234567890
//1234567890
//1234567890
//1234567890
//1234567890
//1234567890
//1234567890
//1234567890
//1234567890
//1234567890
//1234567890
//1234567890
//1234567890
//1234567890
//1234567890
//1234567890
//1234567890
//1234567890
//1234567890
//1234567890
//1234567890
//1234567890
//1234567890
//1234567890
//1234567890
//1234567890
//1234567890
//1234567890
//1234567890
//1234567890
//1234567890
//1234567890
//1234567890
//1234567890
//1234567890
//1234567890
//1234567890
//1234567890
//1234567890
//1234567890
//1234567890
//1234567890
//1234567890
//1234567890
//1234567890
//1234567890
//1234567890
//1234567890
//1234567890
//1234567890
//1234567890
//1234567890
//1234567890
//1234567890
//1234567890
//1234567890
//1234567890
//1234567890
//1234567890
//1234567890
//1234567890
//1234567890
//1234567890
//1234567890
//1234567890
//1234567890
//1234567890
//1234567890
//1234567890
//1234567890
//1234567890
//1234567890
//1234567890
//1234567890
//1234567890
//1234567890
//1234567890
//1234567890
//1234567890
//1234567890
//1234567890
//1234567890
//1234567890
//1234567890
//1234567890
//1234567890
//1234567890
//1234567890
//1234567890
//1234567890
//1234567890
//1234567890
//1234567890
//1234567890
//1234567890
//1234567890
//1234567890
//1234567890
//1234567890
//1234567890
//1234567890
//1234567890
//1234567890
//1234567890
//1234567890
//1234567890
//1234567890
//1234567890
//1234567890
//1234567890
//1234567890
//1234567890
//1234567890
//1234567890
//1234567890
//1234567890
//1234567890
//1234567890
//1234567890
//1234567890
//1234567890
//1234567890
//1234567890
//1234567890
//1234567890
//1234567890
//1234567890
//1234567890
//1234567890
//1234567890
//1234567890
//1234567890
//1234567890
//1234567890
//1234567890
//1234567890
//1234567890
//1234567890
//1234567890
//1234567890
//1234567890
//1234567890
//1234567890
//1234567890
//1234567890
//1234567890
//1234567890
//1234567890
//1234567890
//1234567890
//1234567890
//1234567890
//1234567890
//1234567890
//1234567890
//1234567890
//1234567890
//1234567890
//1234567890
//1234567890
//1234567890
//1234567890
//1234567890
//1234567890
//1234567890
//1234567890
//1234567890
//1234567890
//1234567890
//1234567890
//1234567890
//1234567890
//1234567890
//1234567890
//1234567890
//1234567890
//1234567890
//1234567890
//1234567890
//1234567890
//1234567890
//1234567890
//1234567890
//1234567890
//1234567890
//1234567890
//1234567890
//1234567890
//1234567890
//1234567890
//1234567890
//1234567890
//1234567890
//1234567890
//1234567890
//1234567890
//1234567890
//1234567890
//1234567890
//1234567890
//1234567890
//1234567890
//1234567890
//1234567890
//1234567890
//1234567890
//1234567890
//1234567890
//1234567890
//1234567890
//1234567890
//1234567890
//1234567890
//1234567890
//1234567890
//1234567890
//1234567890
//1234567890
//1234567890
//1234567890
//1234567890
//1234567890
//1234567890
//1234567890
//1234567890
//1234567890
//1234567890
//1234567890
//1234567890
//1234567890
//1234567890
//1234567890
//1234567890
//1234567890
//1234567890
//1234567890
//1234567890
//1234567890
//1234567890
//1234567890
//1234567890
//1234567890
//1234567890
//1234567890
//1234567890
//1234567890
//1234567890
//1234567890
//1234567890
//1234567890
//1234567890
//1234567890
//1234567890
//1234567890
//1234567890
//1234567890
//1234567890
//1234567890
//1234567890
//1234567890
//1234567890
//1234567890
//1234567890
//1234567890
//1234567890
//1234567890
//1234567890
//1234567890
//1234567890
//1234567890
//1234567890
//1234567890
//1234567890
//1234567890
//1234567890
//1234567890
//1234567890
//1234567890
//1234567890
//1234567890
//1234567890
//1234567890
//1234567890
//1234567890
//1234567890
//1234567890
//1234567890
//1234567890
//1234567890
//1234567890
//1234567890
//1234567890
//1234567890
//1234567890
//1234567890
//1234567890
//1234567890
//1234567890
//1234567890
//1234567890
//1234567890
//1234567890
//1234567890
//1234567890
//1234567890
//1234567890
//1234567890
//1234567890
//1234567890
//1234567890
//1234567890
//1234567890
//1234567890
//1234567890
//1234567890
//1234567890
//1234567890
//1234567890
//1234567890
//1234567890
//1234567890
//1234567890
//1234567890
//1234567890
//1234567890
//1234567890
//1234567890
//1234567890
//1234567890
//1234567890
//1234567890
//1234567890
//1234567890
//1234567890
//1234567890
//1234567890
//1234567890
//1234567890
//1234567890
//1234567890
//1234567890
//1234567890
//1234567890
//1234567890
//1234567890
//1234567890
//1234567890
//1234567890
//1234567890
//1234567890
//1234567890
//1234567890
//1234567890
//1234567890
//1234567890
//1234567890
//1234567890
//1234567890
//1234567890
//1234567890
//1234567890
//1234567890
//1234567890
//1234567890
//1234567890
//1234567890
//1234567890
//1234567890
//1234567890
//1234567890
//1234567890
//1234567890
//1234567890
//1234567890
//1234567890
//1234567890
//1234567890
//1234567890
//1234567890
//1234567890
//1234567890
//1234567890
//1234567890
//1234567890
//1234567890
//1234567890
//1234567890
//1234567890
//1234567890
//1234567890
//1234567890
//1234567890
//1234567890
//1234567890
//1234567890
//1234567890
//1234567890
//1234567890
//1234567890
//1234567890
//1234567890
//1234567890
//1234567890
//1234567890
//1234567890
//1234567890
//1234567890
//1234567890
//1234567890
//1234567890
//1234567890
//1234567890
//1234567890
//1234567890
//1234567890
//1234567890
//1234567890
//1234567890
//1234567890
//1234567890
//1234567890
//1234567890
//1234567890
//1234567890
//1234567890
//1234567890
//1234567890
//1234567890
//1234567890
//1234567890
//1234567890
//1234567890
//1234567890
//1234567890
//1234567890
//1234567890
//1234567890
//1234567890
//1234567890
//1234567890
//1234567890
//1234567890
//1234567890
//1234567890
//1234567890
//1234567890
//1234567890
//1234567890
//1234567890
//1234567890
//1234567890
//1234567890
//1234567890
//1234567890
//1234567890
//1234567890
//1234567890
//1234567890
//1234567890
//1234567890
//1234567890
//1234567890
//1234567890
//1234567890
//1234567890
//1234567890
//1234567890
//1234567890
//1234567890
//1234567890
//1234567890
//1234567890
//1234567890
//1234567890
//1234567890
//1234567890
//1234567890
//1234567890
//1234567890
//1234567890
//1234567890
//1234567890
//1234567890
//1234567890
//1234567890
//1234567890
//1234567890
//1234567890
//1234567890
//1234567890
//1234567890
//1234567890
//1234567890
//1234567890
//1234567890
//1234567890
//1234567890
//1234567890
//1234567890
//1234567890
//1234567890
//1234567890
//1234567890
//1234567890
//1234567890
//1234567890
//1234567890
//1234567890
//1234567890
//1234567890
//1234567890
//1234567890
//1234567890
//1234567890
//1234567890
//1234567890
//1234567890
//1234567890
//1234567890
//1234567890
//1234567890
//1234567890
//1234567890
//1234567890
//1234567890
//1234567890
//1234567890
//1234567890
//1234567890
//1234567890
//1234567890
//1234567890
//1234567890
//1234567890
//1234567890
//1234567890
//1234567890
//1234567890
//1234567890
//1234567890
//1234567890
//1234567890
//1234567890
//1234567890
//1234567890
//1234567890
//1234567890
//1234567890
//1234567890
//1234567890
//1234567890
//1234567890
//1234567890
//1234567890
//1234567890
//1234567890
//1234567890
//1234567890
//1234567890
//1234567890
//1234567890
//1234567890
//1234567890
//1234567890
//1234567890
//1234567890
//1234567890
//1234567890
//1234567890
//1234567890
//1234567890
//1234567890
//1234567890
//1234567890
//1234567890
//1234567890
//1234567890
//1234567890
//1234567890
//1234567890
//1234567890
//1234567890
//1234567890
//1234567890
//1234567890
//1234567890
//1234567890
//1234567890
//1234567890
//1234567890
//1234567890
//1234567890
//1234567890
//1234567890
//1234567890
//1234567890
//1234567890
//1234567890
//1234567890
//1234567890
//1234567890
//1234567890
//1234567890
//1234567890
//1234567890
//1234567890
//1234567890
//1234567890
//1234567890
//1234567890
//1234567890
//1234567890
//1234567890
//1234567890
//1234567890
//1234567890
//1234567890
//1234567890
//1234567890
//1234567890
//1234567890
//1234567890
//1234567890
//1234567890
//1234567890
//1234567890
//1234567890
//1234567890
//1234567890
//1234567890
//1234567890
//1234567890
//1234567890
//1234567890
//1234567890
//1234567890
//1234567890
//1234567890
//1234567890
//1234567890
//1234567890
//1234567890
//1234567890
//1234567890
//1234567890
//1234567890
//1234567890
//1234567890
//1234567890
//1234567890
//1234567890
//1234567890
//1234567890
//1234567890
//1234567890
//1234567890
//1234567890
//1234567890
//1234567890
//1234567890
//1234567890
//1234567890
//1234567890
//1234567890
//1234567890
//1234567890
//1234567890
//1234567890
//1234567890
//1234567890
//1234567890
//1234567890
//1234567890
//1234567890
//1234567890
//1234567890
//1234567890
//1234567890
//1234567890
//1234567890
//1234567890
//1234567890
//1234567890
//1234567890
//1234567890
//1234567890
//1234567890
//1234567890
//1234567890
//1234567890
//1234567890
//1234567890
//1234567890
//1234567890
//1234567890
//1234567890
//1234567890
//1234567890
//1234567890
//1234567890
//1234567890
//1234567890
//1234567890
//1234567890
//1234567890
//1234567890
//1234567890
//1234567890
//1234567890
//1234567890
//1234567890
//1234567890
//1234567890
//1234567890
//1234567890
//1234567890
//1234567890
//1234567890
//1234567890
//1234567890
//1234567890
//1234567890
//1234567890
//1234567890
//1234567890
//1234567890
//1234567890
//1234567890
//1234567890
//1234567890
//1234567890
//1234567890
//1234567890
//1234567890
//1234567890
//1234567890
//1234567890
//1234567890
//1234567890
//1234567890
//1234567890
//1234567890
//1234567890
//1234567890
//1234567890
//1234567890
//1234567890
//1234567890
//1234567890
//1234567890
//1234567890
//1234567890
//1234567890
//1234567890
//1234567890
//1234567890
//1234567890
//1234567890
//1234567890
//1234567890
//1234567890
//1234567890
//1234567890
//1234567890
//1234567890
//1234567890
//1234567890
//1234567890
//1234567890
//1234567890
//1234567890
//1234567890
//1234567890
//1234567890
//1234567890
//1234567890
//1234567890
//1234567890
//1234567890
//1234567890
//1234567890
//1234567890
//1234567890
//1234567890
//1234567890
//1234567890
//1234567890
//1234567890
//1234567890
//1234567890
//1234567890
//1234567890
//1234567890
//1234567890
//1234567890
//1234567890
//1234567890
//1234567890
//1234567890
//1234567890
//1234567890
//1234567890
//1234567890
//1234567890
//1234567890
//1234567890
//1234567890
//1234567890
//1234567890
//1234567890
//1234567890
//1234567890
//1234567890
//1234567890
//1234567890
//1234567890
//1234567890
//1234567890
//1234567890
//1234567890
//1234567890
//1234567890
//1234567890
//1234567890
//1234567890
//1234567890
//1234567890
//1234567890
//1234567890
//1234567890
//1234567890
//1234567890
//1234567890
//1234567890
//1234567890
//1234567890
//1234567890
//1234567890
//1234567890
//1234567890
//1234567890
//1234567890
//1234567890
//1234567890
//1234567890
//1234567890
//1234567890
//1234567890
//1234567890
//1234567890
//1234567890
//1234567890
//1234567890
//1234567890
//1234567890
//1234567890
//1234567890
//1234567890
//1234567890
//1234567890
//1234567890
//1234567890
//1234567890
//1234567890
//1234567890
//1234567890
//1234567890
//1234567890
//1234567890
//1234567890
//1234567890
//1234567890
//1234567890
//1234567890
//1234567890
//1234567890
//1234567890
//1234567890
//1234567890
//1234567890
//1234567890
//1234567890
//1234567890
//1234567890
//1234567890
//1234567890
//1234567890
//1234567890
//1234567890
//1234567890
//1234567890
//1234567890
//1234567890
//1234567890
//1234567890
//1234567890
//1234567890
//1234567890
//1234567890
//1234567890
//1234567890
//1234567890
//1234567890
//1234567890
//1234567890
//1234567890
//1234567890
//1234567890
//1234567890
//1234567890
//1234567890
//1234567890
//1234567890
//1234567890
//1234567890
//1234567890
//1234567890
//1234567890
//1234567890
//1234567890
//1234567890
//1234567890
//1234567890
//1234567890
//1234567890
//1234567890
//1234567890
//1234567890
//1234567890
//1234567890
//1234567890
//1234567890
//1234567890
//1234567890
//1234567890
//1234567890
//1234567890
//1234567890
//1234567890
//1234567890
//1234567890
//1234567890
//1234567890
//1234567890
//1234567890
//1234567890
//1234567890
//1234567890
//1234567890
//1234567890
//1234567890
//1234567890
//1234567890
//1234567890
//1234567890
//1234567890
//1234567890
//1234567890
//1234567890
//1234567890
//1234567890
//1234567890
//1234567890
//1234567890
//1234567890
//1234567890
//1234567890
//1234567890
//1234567890
//1234567890
//1234567890
//1234567890
//1234567890
//1234567890
//1234567890
//1234567890
//1234567890
//1234567890
//1234567890
//1234567890
//1234567890
//1234567890
//1234567890
//1234567890
//1234567890
//1234567890
//1234567890
//1234567890
//1234567890
//1234567890
//1234567890
//1234567890
//1234567890
//1234567890
//1234567890
//1234567890
//1234567890
//1234567890
//1234567890
//1234567890
//1234567890
//1234567890
//1234567890
//1234567890
//1234567890
//1234567890
//1234567890
//1234567890
//1234567890
//1234567890
//1234567890
//1234567890
//1234567890
//1234567890
//1234567890
//1234567890
//1234567890
//1234567890
//1234567890
//1234567890
//1234567890
//1234567890
//1234567890
//1234567890
//1234567890
//1234567890
//1234567890
//1234567890
//1234567890
//1234567890
//1234567890
//1234567890
//1234567890
//1234567890
//1234567890
//1234567890
//1234567890
//1234567890
//1234567890
//1234567890
//1234567890
//1234567890
//1234567890
//1234567890
//1234567890
//1234567890
//1234567890
//1234567890
//1234567890
//1234567890
//1234567890
//1234567890
//1234567890
//1234567890
//1234567890
//1234567890
//1234567890
//1234567890
//1234567890
//1234567890
//1234567890
//1234567890
//1234567890
//1234567890
//1234567890
//1234567890
//1234567890
//1234567890
//1234567890
//1234567890
//1234567890
//1234567890
//1234567890
//1234567890
//1234567890
//1234567890
//1234567890
//1234567890
//1234567890
//1234567890
//1234567890
//1234567890
//1234567890
//1234567890
//1234567890
//1234567890
//1234567890
//1234567890
//1234567890
//1234567890
//1234567890
//1234567890
//1234567890
//1234567890
//1234567890
//1234567890
//1234567890
//1234567890
//1234567890
//1234567890
//1234567890
//1234567890
//1234567890
//1234567890
//1234567890
//1234567890
//1234567890
//1234567890
//1234567890
//1234567890
//1234567890
//1234567890
//1234567890
//1234567890
//1234567890
//1234567890
//1234567890
//1234567890
//1234567890
//1234567890
//1234567890
//1234567890
//1234567890
//1234567890
//1234567890
//1234567890
//1234567890
//1234567890
//1234567890
//1234567890
//1234567890
//1234567890
//1234567890
//1234567890
//1234567890
//1234567890
//1234567890
//1234567890
//1234567890
//1234567890
//1234567890
//1234567890
//1234567890
//1234567890
//1234567890
//1234567890
//1234567890
//1234567890
//1234567890
//1234567890
//1234567890
//1234567890
//1234567890
//1234567890
//1234567890
//1234567890
//1234567890
//1234567890
//1234567890
//1234567890
//1234567890
//1234567890
//1234567890
//1234567890
//1234567890
//1234567890
//1234567890
//1234567890
//1234567890
//1234567890
//1234567890
//1234567890
//1234567890
//1234567890
//1234567890
//1234567890
//1234567890
//1234567890
//1234567890
//1234567890
//1234567890
//1234567890
//1234567890
//1234567890
//1234567890
//1234567890
//1234567890
//1234567890
//1234567890
//1234567890
//1234567890
//1234567890
//1234567890
//1234567890
//1234567890
//1234567890
//1234567890
//1234567890
//1234567890
//1234567890
//1234567890
//1234567890
//1234567890
//1234567890
//1234567890
//1234567890
//1234567890
//1234567890
//1234567890
//1234567890
//1234567890
//1234567890
//1234567890
//1234567890
//1234567890
//1234567890
//1234567890
//1234567890
//1234567890
//1234567890
//1234567890
//1234567890
//1234567890
//1234567890
//1234567890
//1234567890
//1234567890
//1234567890
//1234567890
//1234567890
//1234567890
//1234567890
//1234567890
//1234567890
//1234567890
//1234567890
//1234567890
//1234567890
//1234567890
//1234567890
//1234567890
//1234567890
//1234567890
//1234567890
//1234567890
//1234567890
//1234567890
//1234567890
//1234567890
//1234567890
//1234567890
//1234567890
//1234567890
//1234567890
//1234567890
//1234567890
//1234567890
//1234567890
//1234567890
//1234567890
//1234567890
//1234567890
//1234567890
//1234567890
//1234567890
//1234567890
//1234567890
//1234567890
//1234567890
//1234567890
//1234567890
//1234567890
//1234567890
//1234567890
//1234567890
//1234567890
//1234567890
//1234567890
//1234567890
//1234567890
//1234567890
//1234567890
//1234567890
//1234567890
//1234567890
//1234567890
//1234567890
//1234567890
//1234567890
//1234567890
//1234567890
//1234567890
//1234567890
//1234567890
//1234567890
//1234567890
//1234567890
//1234567890
//1234567890
//1234567890
//1234567890
//1234567890
//1234567890
//1234567890
//1234567890
//1234567890
//1234567890
//1234567890
//1234567890
//1234567890
//1234567890
//1234567890
//1234567890
//1234567890
//1234567890
//1234567890
//1234567890
//1234567890
//1234567890
//1234567890
//1234567890
//1234567890
//1234567890
//1234567890
//1234567890
//1234567890
//1234567890
//1234567890
//1234567890
//1234567890
//1234567890
//1234567890
//1234567890
//1234567890
//1234567890
//1234567890
//1234567890
//1234567890
//1234567890
//1234567890
//1234567890
//1234567890
//1234567890
//1234567890
//1234567890
//1234567890
//1234567890
//1234567890
//1234567890
//1234567890
//1234567890
//1234567890
//1234567890
//1234567890
//1234567890
//1234567890
//1234567890
//1234567890
//1234567890
//1234567890
//1234567890
//1234567890
//1234567890
//1234567890
//1234567890
//1234567890
//1234567890
//1234567890
//1234567890
//1234567890
//1234567890
//1234567890
//1234567890
//1234567890
//1234567890
//1234567890
//1234567890
//1234567890
//1234567890
//1234567890
//1234567890
//1234567890
//1234567890
//1234567890
//1234567890
//1234567890
//1234567890
//1234567890
//1234567890
//1234567890
//1234567890
//1234567890
//1234567890
//1234567890
//1234567890
//1234567890
//1234567890
//1234567890
//1234567890
//1234567890
//1234567890
//1234567890
//1234567890
//1234567890
//1234567890
//1234567890
//1234567890
//1234567890
//1234567890
//1234567890
//1234567890
//1234567890
//1234567890
//1234567890
//1234567890
//1234567890
//1234567890
//1234567890
//1234567890
//1234567890
//1234567890
//1234567890
//1234567890
//1234567890
//1234567890
//1234567890
//1234567890
//1234567890
//1234567890
//1234567890
//1234567890
//1234567890
//1234567890
//1234567890
//1234567890
//1234567890
//1234567890
//1234567890
//1234567890
//1234567890
//1234567890
//1234567890
//1234567890
//1234567890
//1234567890
//1234567890
//1234567890
//1234567890
//1234567890
//1234567890
//1234567890
//1234567890
//1234567890
//1234567890
//1234567890
//1234567890
//1234567890
//1234567890
//1234567890
//1234567890
//1234567890
//1234567890
//1234567890
//1234567890
//1234567890
//1234567890
//1234567890
//1234567890
//1234567890
//1234567890
//1234567890
//1234567890
//1234567890
//1234567890
//1234567890
//1234567890
//1234567890
//1234567890
//1234567890
//1234567890
//1234567890
//1234567890
//1234567890
//1234567890
//1234567890
//1234567890
//1234567890
//1234567890
//1234567890
//1234567890
//1234567890
//1234567890
//1234567890
//1234567890
//1234567890
//1234567890
//1234567890
//1234567890
//1234567890
//1234567890
//1234567890
//1234567890
//1234567890
//1234567890
//1234567890
//1234567890
//1234567890
//1234567890
//1234567890
//1234567890
//1234567890
//1234567890
//1234567890
//1234567890
//1234567890
//1234567890
//1234567890
//1234567890
//1234567890
//1234567890
//1234567890
//1234567890
//1234567890
//1234567890
//1234567890
//1234567890

Oct 04, 2022 11:02:37 AM edu.yu.cs.com3800.stage5.GatewayServer$ServerHttpHandler handle
INFO: leader is localhost/127.0.0.1:30080
Oct 04, 2022 11:02:37 AM edu.yu.cs.com3800.stage5.GatewayServer$ServerHttpHandler sendAndGetResponse
INFO: Waiting for leader
Oct 04, 2022 11:02:37 AM edu.yu.cs.com3800.stage5.GatewayServer$ServerHttpHandler sendAndGetResponse
INFO: Leader found localhost/127.0.0.1:30080
Oct 04, 2022 11:02:37 AM edu.yu.cs.com3800.stage5.GatewayServer$ServerHttpHandler sendAndGetResponse
INFO: assigned request ID of 51
Oct 04, 2022 11:02:37 AM edu.yu.cs.com3800.stage5.GatewayServer$ServerHttpHandler sendAndGetResponse
INFO: Attempting to read leader response for requestID 51
Oct 04, 2022 11:02:38 AM edu.yu.cs.com3800.stage5.GatewayServer$ServerHttpHandler handle
INFO: Got response for 51
Oct 04, 2022 11:02:38 AM edu.yu.cs.com3800.stage5.GatewayServer$ServerHttpHandler handle
INFO: Attempting to send response headers for requestID 51
Oct 04, 2022 11:02:38 AM edu.yu.cs.com3800.stage5.GatewayServer$ServerHttpHandler handle
INFO: Response headers should be: 200 19
Oct 04, 2022 11:02:38 AM edu.yu.cs.com3800.stage5.GatewayServer$ServerHttpHandler handle
INFO: Attempting to write response body for requestID: 51
Oct 04, 2022 11:02:38 AM edu.yu.cs.com3800.stage5.GatewayServer$ServerHttpHandler handle
INFO: Response headers should be: happyShortMultiLine
Oct 04, 2022 11:02:38 AM edu.yu.cs.com3800.stage5.GatewayServer$ServerHttpHandler handle
INFO: Finished processing requestId: 51
Oct 04, 2022 11:02:38 AM edu.yu.cs.com3800.stage5.GatewayServer$ServerHttpHandler handle
INFO: Server received request on /compileandrun from port 33662
Oct 04, 2022 11:02:38 AM edu.yu.cs.com3800.stage5.GatewayServer$ServerHttpHandler handle
INFO: Request body: public class HelloWorld {public HelloWorld(){}public String run(){return "happyShortSingleLine";}}
Oct 04, 2022 11:02:38 AM edu.yu.cs.com3800.stage5.GatewayServer$ServerHttpHandler handle
INFO: leader is localhost/127.0.0.1:30080
Oct 04, 2022 11:02:38 AM edu.yu.cs.com3800.stage5.GatewayServer$ServerHttpHandler sendAndGetResponse
INFO: Waiting for leader
Oct 04, 2022 11:02:38 AM edu.yu.cs.com3800.stage5.GatewayServer$ServerHttpHandler sendAndGetResponse
INFO: Leader found localhost/127.0.0.1:30080
Oct 04, 2022 11:02:38 AM edu.yu.cs.com3800.stage5.GatewayServer$ServerHttpHandler sendAndGetResponse
INFO: assigned request ID of 52
Oct 04, 2022 11:02:38 AM edu.yu.cs.com3800.stage5.GatewayServer$ServerHttpHandler sendAndGetResponse
INFO: Attempting to read leader response for requestID 52
Oct 04, 2022 11:02:39 AM edu.yu.cs.com3800.stage5.GatewayServer$ServerHttpHandler handle
INFO: Got response for 52
Oct 04, 2022 11:02:39 AM edu.yu.cs.com3800.stage5.GatewayServer$ServerHttpHandler handle
INFO: Attempting to send response headers for requestID 52
Oct 04, 2022 11:02:39 AM edu.yu.cs.com3800.stage5.GatewayServer$ServerHttpHandler handle
INFO: Response headers should be: 200 20
Oct 04, 2022 11:02:39 AM edu.yu.cs.com3800.stage5.GatewayServer$ServerHttpHandler handle
INFO: Attempting to write response body for requestID: 52
Oct 04, 2022 11:02:39 AM edu.yu.cs.com3800.stage5.GatewayServer$ServerHttpHandler handle
INFO: Response headers should be: happyShortSingleLine
Oct 04, 2022 11:02:39 AM edu.yu.cs.com3800.stage5.GatewayServer$ServerHttpHandler handle
INFO: Finished processing requestId: 52
Oct 04, 2022 11:02:39 AM edu.yu.cs.com3800.stage5.GatewayServer$ServerHttpHandler handle
INFO: Server received request on /compileandrun from port 33662
Oct 04, 2022 11:02:39 AM edu.yu.cs.com3800.stage5.GatewayServer$ServerHttpHandler handle
INFO: Request body: public class HelloWorld { 
 public HelloWorld(){
}
public String run(){
return "happyShortMultiLine";
}
}
Oct 04, 2022 11:02:39 AM edu.yu.cs.com3800.stage5.GatewayServer$ServerHttpHandler handle
INFO: leader is localhost/127.0.0.1:30080
Oct 04, 2022 11:02:39 AM edu.yu.cs.com3800.stage5.GatewayServer$ServerHttpHandler sendAndGetResponse
INFO: Waiting for leader
Oct 04, 2022 11:02:39 AM edu.yu.cs.com3800.stage5.GatewayServer$ServerHttpHandler sendAndGetResponse
INFO: Leader found localhost/127.0.0.1:30080
Oct 04, 2022 11:02:39 AM edu.yu.cs.com3800.stage5.GatewayServer$ServerHttpHandler sendAndGetResponse
INFO: assigned request ID of 53
Oct 04, 2022 11:02:39 AM edu.yu.cs.com3800.stage5.GatewayServer$ServerHttpHandler sendAndGetResponse
INFO: Attempting to read leader response for requestID 53
Oct 04, 2022 11:02:40 AM edu.yu.cs.com3800.stage5.GatewayServer$ServerHttpHandler handle
INFO: Got response for 53
Oct 04, 2022 11:02:40 AM edu.yu.cs.com3800.stage5.GatewayServer$ServerHttpHandler handle
INFO: Attempting to send response headers for requestID 53
Oct 04, 2022 11:02:40 AM edu.yu.cs.com3800.stage5.GatewayServer$ServerHttpHandler handle
INFO: Response headers should be: 200 19
Oct 04, 2022 11:02:40 AM edu.yu.cs.com3800.stage5.GatewayServer$ServerHttpHandler handle
INFO: Attempting to write response body for requestID: 53
Oct 04, 2022 11:02:40 AM edu.yu.cs.com3800.stage5.GatewayServer$ServerHttpHandler handle
INFO: Response headers should be: happyShortMultiLine
Oct 04, 2022 11:02:40 AM edu.yu.cs.com3800.stage5.GatewayServer$ServerHttpHandler handle
INFO: Finished processing requestId: 53
Oct 04, 2022 11:02:40 AM edu.yu.cs.com3800.stage5.GatewayServer$ServerHttpHandler handle
INFO: Server received request on /compileandrun from port 33662
Oct 04, 2022 11:02:40 AM edu.yu.cs.com3800.stage5.GatewayServer$ServerHttpHandler handle
INFO: Request body: public class HelloWorld {public HelloWorld(){}public String run(){return "happyShortSingleLine"}}
Oct 04, 2022 11:02:40 AM edu.yu.cs.com3800.stage5.GatewayServer$ServerHttpHandler handle
INFO: leader is localhost/127.0.0.1:30080
Oct 04, 2022 11:02:40 AM edu.yu.cs.com3800.stage5.GatewayServer$ServerHttpHandler sendAndGetResponse
INFO: Waiting for leader
Oct 04, 2022 11:02:40 AM edu.yu.cs.com3800.stage5.GatewayServer$ServerHttpHandler sendAndGetResponse
INFO: Leader found localhost/127.0.0.1:30080
Oct 04, 2022 11:02:40 AM edu.yu.cs.com3800.stage5.GatewayServer$ServerHttpHandler sendAndGetResponse
INFO: assigned request ID of 54
Oct 04, 2022 11:02:40 AM edu.yu.cs.com3800.stage5.GatewayServer$ServerHttpHandler sendAndGetResponse
INFO: Attempting to read leader response for requestID 54
Oct 04, 2022 11:02:41 AM edu.yu.cs.com3800.stage5.GatewayServer$ServerHttpHandler handle
INFO: Got response for 54
Oct 04, 2022 11:02:41 AM edu.yu.cs.com3800.stage5.GatewayServer$ServerHttpHandler handle
INFO: Attempting to send response headers for requestID 54
Oct 04, 2022 11:02:41 AM edu.yu.cs.com3800.stage5.GatewayServer$ServerHttpHandler handle
INFO: Response headers should be: 400 466
Oct 04, 2022 11:02:41 AM edu.yu.cs.com3800.stage5.GatewayServer$ServerHttpHandler handle
INFO: Attempting to write response body for requestID: 54
Oct 04, 2022 11:02:41 AM edu.yu.cs.com3800.stage5.GatewayServer$ServerHttpHandler handle
INFO: Response headers should be: Code did not compile:
Error on line 1, column 96 in string:///HelloWorld.java

java.lang.IllegalArgumentException: Code did not compile:
Error on line 1, column 96 in string:///HelloWorld.java

	at edu.yu.cs.com3800.JavaRunner.compileFromString(JavaRunner.java:104)
	at edu.yu.cs.com3800.JavaRunner.compileAndRun(JavaRunner.java:78)
	at edu.yu.cs.com3800.stage5.JavaRunnerFollower.run(JavaRunnerFollower.java:103)
	at java.base/java.lang.Thread.run(Thread.java:829)

Oct 04, 2022 11:02:41 AM edu.yu.cs.com3800.stage5.GatewayServer$ServerHttpHandler handle
INFO: Finished processing requestId: 54
Oct 04, 2022 11:02:41 AM edu.yu.cs.com3800.stage5.GatewayServer$ServerHttpHandler handle
INFO: Server received request on /compileandrun from port 33662
Oct 04, 2022 11:02:41 AM edu.yu.cs.com3800.stage5.GatewayServer$ServerHttpHandler handle
INFO: Request body: public class HelloWorld { 
 public HelloWorld(){
}
public String run(){
return "happyShortMultiLine"
}
}
Oct 04, 2022 11:02:41 AM edu.yu.cs.com3800.stage5.GatewayServer$ServerHttpHandler handle
INFO: leader is localhost/127.0.0.1:30080
Oct 04, 2022 11:02:41 AM edu.yu.cs.com3800.stage5.GatewayServer$ServerHttpHandler sendAndGetResponse
INFO: Waiting for leader
Oct 04, 2022 11:02:41 AM edu.yu.cs.com3800.stage5.GatewayServer$ServerHttpHandler sendAndGetResponse
INFO: Leader found localhost/127.0.0.1:30080
Oct 04, 2022 11:02:41 AM edu.yu.cs.com3800.stage5.GatewayServer$ServerHttpHandler sendAndGetResponse
INFO: assigned request ID of 55
Oct 04, 2022 11:02:41 AM edu.yu.cs.com3800.stage5.GatewayServer$ServerHttpHandler sendAndGetResponse
INFO: Attempting to read leader response for requestID 55
Oct 04, 2022 11:02:42 AM edu.yu.cs.com3800.stage5.GatewayServer$ServerHttpHandler handle
INFO: Got response for 55
Oct 04, 2022 11:02:42 AM edu.yu.cs.com3800.stage5.GatewayServer$ServerHttpHandler handle
INFO: Attempting to send response headers for requestID 55
Oct 04, 2022 11:02:42 AM edu.yu.cs.com3800.stage5.GatewayServer$ServerHttpHandler handle
INFO: Response headers should be: 400 466
Oct 04, 2022 11:02:42 AM edu.yu.cs.com3800.stage5.GatewayServer$ServerHttpHandler handle
INFO: Attempting to write response body for requestID: 55
Oct 04, 2022 11:02:42 AM edu.yu.cs.com3800.stage5.GatewayServer$ServerHttpHandler handle
INFO: Response headers should be: Code did not compile:
Error on line 5, column 29 in string:///HelloWorld.java

java.lang.IllegalArgumentException: Code did not compile:
Error on line 5, column 29 in string:///HelloWorld.java

	at edu.yu.cs.com3800.JavaRunner.compileFromString(JavaRunner.java:104)
	at edu.yu.cs.com3800.JavaRunner.compileAndRun(JavaRunner.java:78)
	at edu.yu.cs.com3800.stage5.JavaRunnerFollower.run(JavaRunnerFollower.java:103)
	at java.base/java.lang.Thread.run(Thread.java:829)

Oct 04, 2022 11:02:42 AM edu.yu.cs.com3800.stage5.GatewayServer$ServerHttpHandler handle
INFO: Finished processing requestId: 55
Oct 04, 2022 11:02:43 AM edu.yu.cs.com3800.stage5.GatewayServer$ServerHttpHandler handle
INFO: Server received request on /compileandrun from port 33798
Oct 04, 2022 11:02:43 AM edu.yu.cs.com3800.stage5.GatewayServer$ServerHttpHandler handle
INFO: Request body: package edu.yu.cs.fall2019.com3800.stage1;

public class HelloWorld
{
    public String run()
    {
   try{Thread.sleep(90000);}catch(Exception e){}    
 return Thread.currentThread().getName();
    }
}

Oct 04, 2022 11:02:43 AM edu.yu.cs.com3800.stage5.GatewayServer$ServerHttpHandler handle
INFO: leader is localhost/127.0.0.1:30080
Oct 04, 2022 11:02:43 AM edu.yu.cs.com3800.stage5.GatewayServer$ServerHttpHandler sendAndGetResponse
INFO: Waiting for leader
Oct 04, 2022 11:02:43 AM edu.yu.cs.com3800.stage5.GatewayServer$ServerHttpHandler sendAndGetResponse
INFO: Leader found localhost/127.0.0.1:30080
Oct 04, 2022 11:02:43 AM edu.yu.cs.com3800.stage5.GatewayServer$ServerHttpHandler sendAndGetResponse
INFO: assigned request ID of 56
Oct 04, 2022 11:02:43 AM edu.yu.cs.com3800.stage5.GatewayServer$ServerHttpHandler sendAndGetResponse
INFO: Attempting to read leader response for requestID 56
Oct 04, 2022 11:03:55 AM edu.yu.cs.com3800.stage5.GatewayServer$ServerHttpHandler sendAndGetResponse
INFO: Waiting for leader
Oct 04, 2022 11:03:55 AM edu.yu.cs.com3800.stage5.GatewayServer$ServerHttpHandler sendAndGetResponse
INFO: Leader found localhost/127.0.0.1:30070
Oct 04, 2022 11:03:55 AM edu.yu.cs.com3800.stage5.GatewayServer$ServerHttpHandler sendAndGetResponse
INFO: assigned request ID of 56
Oct 04, 2022 11:03:55 AM edu.yu.cs.com3800.stage5.GatewayServer$ServerHttpHandler sendAndGetResponse
INFO: Attempting to read leader response for requestID 56
Oct 04, 2022 11:04:16 AM edu.yu.cs.com3800.stage5.GatewayServer$ServerHttpHandler handle
INFO: Got response for 56
Oct 04, 2022 11:04:16 AM edu.yu.cs.com3800.stage5.GatewayServer$ServerHttpHandler handle
INFO: Attempting to send response headers for requestID 56
Oct 04, 2022 11:04:16 AM edu.yu.cs.com3800.stage5.GatewayServer$ServerHttpHandler handle
INFO: Response headers should be: 200 10
Oct 04, 2022 11:04:16 AM edu.yu.cs.com3800.stage5.GatewayServer$ServerHttpHandler handle
INFO: Attempting to write response body for requestID: 56
Oct 04, 2022 11:04:16 AM edu.yu.cs.com3800.stage5.GatewayServer$ServerHttpHandler handle
INFO: Response headers should be: 4 Follower
Oct 04, 2022 11:04:16 AM edu.yu.cs.com3800.stage5.GatewayServer$ServerHttpHandler handle
INFO: Finished processing requestId: 56
