Oct 04, 2022 11:10:06 AM edu.yu.cs.com3800.LoggingServer fileHandler
INFO: Logging to file begins:
Oct 04, 2022 11:10:06 AM edu.yu.cs.com3800.stage5.GossipThread run
INFO: Received at: Oct 04, 2022 11:10:06
Message Type: GOSSIP
Sender Host: localhost
Sender port: 30040
Receiver Host: localhost
Receiver port: 30030
Request ID: -1
Error Occurred: false
Message Contents: 
Gossip Payload:
	ID:-1 Heartbeat:-1
	ID:1 Heartbeat:-1
	ID:2 Heartbeat:-1
	ID:3 Heartbeat:-1
	ID:4 Heartbeat:-1
	ID:5 Heartbeat:1
	ID:6 Heartbeat:-1
	ID:7 Heartbeat:-1
	ID:8 Heartbeat:-1
	ID:9 Heartbeat:-1
Oct 04, 2022 11:10:09 AM edu.yu.cs.com3800.stage5.GossipThread run
INFO: Received at: Oct 04, 2022 11:10:09
Message Type: GOSSIP
Sender Host: localhost
Sender port: 30060
Receiver Host: localhost
Receiver port: 30030
Request ID: -1
Error Occurred: false
Message Contents: 
Gossip Payload:
	ID:-1 Heartbeat:-1
	ID:1 Heartbeat:-1
	ID:2 Heartbeat:-1
	ID:3 Heartbeat:-1
	ID:4 Heartbeat:-1
	ID:5 Heartbeat:-1
	ID:6 Heartbeat:-1
	ID:7 Heartbeat:2
	ID:8 Heartbeat:-1
	ID:9 Heartbeat:-1
Oct 04, 2022 11:10:12 AM edu.yu.cs.com3800.stage5.GossipThread run
INFO: Received at: Oct 04, 2022 11:10:12
Message Type: GOSSIP
Sender Host: localhost
Sender port: 30070
Receiver Host: localhost
Receiver port: 30030
Request ID: -1
Error Occurred: false
Message Contents: 
Gossip Payload:
	ID:-1 Heartbeat:-1
	ID:1 Heartbeat:-1
	ID:2 Heartbeat:-1
	ID:3 Heartbeat:1
	ID:4 Heartbeat:-1
	ID:5 Heartbeat:2
	ID:6 Heartbeat:1
	ID:7 Heartbeat:-1
	ID:8 Heartbeat:3
	ID:9 Heartbeat:-1
Oct 04, 2022 11:10:27 AM edu.yu.cs.com3800.stage5.GossipThread run
INFO: Received at: Oct 04, 2022 11:10:27
Message Type: GOSSIP
Sender Host: localhost
Sender port: 30070
Receiver Host: localhost
Receiver port: 30030
Request ID: -1
Error Occurred: false
Message Contents: 
Gossip Payload:
	ID:-1 Heartbeat:3
	ID:1 Heartbeat:3
	ID:2 Heartbeat:1
	ID:3 Heartbeat:2
	ID:4 Heartbeat:5
	ID:5 Heartbeat:4
	ID:6 Heartbeat:1
	ID:7 Heartbeat:2
	ID:8 Heartbeat:8
	ID:9 Heartbeat:1
