Oct 04, 2022 11:05:46 AM edu.yu.cs.com3800.LoggingServer fileHandler
INFO: Logging to file begins:
Oct 04, 2022 11:05:46 AM edu.yu.cs.com3800.stage5.GossipThread initialGossipMapLoad
INFO: Performing initial Gossip Map Load
Oct 04, 2022 11:05:46 AM edu.yu.cs.com3800.stage5.GossipThread run
INFO: Got gossip message from queue
Oct 04, 2022 11:05:46 AM edu.yu.cs.com3800.stage5.GossipThread run
INFO: Updating Map
Oct 04, 2022 11:05:46 AM edu.yu.cs.com3800.stage5.GossipThread updateGossipMap
FINE: updated server 6 with heartbeat 1
Oct 04, 2022 11:05:46 AM edu.yu.cs.com3800.stage5.GossipThread run
INFO: Marking failed nodes
Oct 04, 2022 11:05:46 AM edu.yu.cs.com3800.stage5.GossipThread run
INFO: Cleaning failed nodes
Oct 04, 2022 11:05:49 AM edu.yu.cs.com3800.stage5.GossipThread run
INFO: Got gossip message from queue
Oct 04, 2022 11:05:49 AM edu.yu.cs.com3800.stage5.GossipThread run
INFO: Updating Map
Oct 04, 2022 11:05:49 AM edu.yu.cs.com3800.stage5.GossipThread updateGossipMap
FINE: updated server 1 with heartbeat 1
Oct 04, 2022 11:05:49 AM edu.yu.cs.com3800.stage5.GossipThread updateGossipMap
FINE: updated server 5 with heartbeat 2
Oct 04, 2022 11:05:49 AM edu.yu.cs.com3800.stage5.GossipThread run
INFO: Marking failed nodes
Oct 04, 2022 11:05:49 AM edu.yu.cs.com3800.stage5.GossipThread run
INFO: Cleaning failed nodes
Oct 04, 2022 11:05:52 AM edu.yu.cs.com3800.stage5.GossipThread run
INFO: Got gossip message from queue
Oct 04, 2022 11:05:52 AM edu.yu.cs.com3800.stage5.GossipThread run
INFO: Updating Map
Oct 04, 2022 11:05:52 AM edu.yu.cs.com3800.stage5.GossipThread updateGossipMap
FINE: updated server 4 with heartbeat 2
Oct 04, 2022 11:05:52 AM edu.yu.cs.com3800.stage5.GossipThread run
INFO: Marking failed nodes
Oct 04, 2022 11:05:52 AM edu.yu.cs.com3800.stage5.GossipThread run
INFO: Cleaning failed nodes
Oct 04, 2022 11:05:55 AM edu.yu.cs.com3800.stage5.GossipThread run
INFO: Got gossip message from queue
Oct 04, 2022 11:05:55 AM edu.yu.cs.com3800.stage5.GossipThread run
INFO: Updating Map
Oct 04, 2022 11:05:55 AM edu.yu.cs.com3800.stage5.GossipThread updateGossipMap
FINE: updated server 8 with heartbeat 2
Oct 04, 2022 11:05:55 AM edu.yu.cs.com3800.stage5.GossipThread run
INFO: Marking failed nodes
Oct 04, 2022 11:05:55 AM edu.yu.cs.com3800.stage5.GossipThread run
INFO: Cleaning failed nodes
Oct 04, 2022 11:05:58 AM edu.yu.cs.com3800.stage5.GossipThread run
INFO: Got gossip message from queue
Oct 04, 2022 11:05:58 AM edu.yu.cs.com3800.stage5.GossipThread run
INFO: Updating Map
Oct 04, 2022 11:05:58 AM edu.yu.cs.com3800.stage5.GossipThread run
INFO: Marking failed nodes
Oct 04, 2022 11:05:58 AM edu.yu.cs.com3800.stage5.GossipThread run
INFO: Cleaning failed nodes
Oct 04, 2022 11:06:01 AM edu.yu.cs.com3800.stage5.GossipThread run
INFO: Got gossip message from queue
Oct 04, 2022 11:06:01 AM edu.yu.cs.com3800.stage5.GossipThread run
INFO: Updating Map
Oct 04, 2022 11:06:01 AM edu.yu.cs.com3800.stage5.GossipThread updateGossipMap
FINE: updated server -1 with heartbeat 5
Oct 04, 2022 11:06:01 AM edu.yu.cs.com3800.stage5.GossipThread updateGossipMap
FINE: updated server 6 with heartbeat 2
Oct 04, 2022 11:06:01 AM edu.yu.cs.com3800.stage5.GossipThread updateGossipMap
FINE: updated server 9 with heartbeat 1
Oct 04, 2022 11:06:01 AM edu.yu.cs.com3800.stage5.GossipThread run
INFO: Marking failed nodes
Oct 04, 2022 11:06:01 AM edu.yu.cs.com3800.stage5.GossipThread run
INFO: Cleaning failed nodes
Oct 04, 2022 11:06:04 AM edu.yu.cs.com3800.stage5.GossipThread run
INFO: Got gossip message from queue
Oct 04, 2022 11:06:04 AM edu.yu.cs.com3800.stage5.GossipThread run
INFO: Updating Map
Oct 04, 2022 11:06:04 AM edu.yu.cs.com3800.stage5.GossipThread updateGossipMap
FINE: updated server 2 with heartbeat 2
Oct 04, 2022 11:06:04 AM edu.yu.cs.com3800.stage5.GossipThread updateGossipMap
FINE: updated server 3 with heartbeat 4
Oct 04, 2022 11:06:04 AM edu.yu.cs.com3800.stage5.GossipThread updateGossipMap
FINE: updated server 6 with heartbeat 3
Oct 04, 2022 11:06:04 AM edu.yu.cs.com3800.stage5.GossipThread updateGossipMap
FINE: updated server 9 with heartbeat 3
Oct 04, 2022 11:06:04 AM edu.yu.cs.com3800.stage5.GossipThread run
INFO: Marking failed nodes
Oct 04, 2022 11:06:04 AM edu.yu.cs.com3800.stage5.GossipThread run
INFO: Cleaning failed nodes
Oct 04, 2022 11:06:07 AM edu.yu.cs.com3800.stage5.GossipThread run
INFO: Got gossip message from queue
Oct 04, 2022 11:06:07 AM edu.yu.cs.com3800.stage5.GossipThread run
INFO: Updating Map
Oct 04, 2022 11:06:07 AM edu.yu.cs.com3800.stage5.GossipThread updateGossipMap
FINE: updated server 2 with heartbeat 5
Oct 04, 2022 11:06:07 AM edu.yu.cs.com3800.stage5.GossipThread updateGossipMap
FINE: updated server 4 with heartbeat 3
Oct 04, 2022 11:06:07 AM edu.yu.cs.com3800.stage5.GossipThread updateGossipMap
FINE: updated server 5 with heartbeat 3
Oct 04, 2022 11:06:07 AM edu.yu.cs.com3800.stage5.GossipThread run
INFO: Marking failed nodes
Oct 04, 2022 11:06:07 AM edu.yu.cs.com3800.stage5.GossipThread run
INFO: Cleaning failed nodes
Oct 04, 2022 11:06:10 AM edu.yu.cs.com3800.stage5.GossipThread run
INFO: Got gossip message from queue
Oct 04, 2022 11:06:10 AM edu.yu.cs.com3800.stage5.GossipThread run
INFO: Updating Map
Oct 04, 2022 11:06:10 AM edu.yu.cs.com3800.stage5.GossipThread updateGossipMap
FINE: updated server 3 with heartbeat 5
Oct 04, 2022 11:06:10 AM edu.yu.cs.com3800.stage5.GossipThread run
INFO: Marking failed nodes
Oct 04, 2022 11:06:10 AM edu.yu.cs.com3800.stage5.GossipThread run
INFO: Cleaning failed nodes
Oct 04, 2022 11:06:13 AM edu.yu.cs.com3800.stage5.GossipThread run
INFO: Got gossip message from queue
Oct 04, 2022 11:06:13 AM edu.yu.cs.com3800.stage5.GossipThread run
INFO: Updating Map
Oct 04, 2022 11:06:13 AM edu.yu.cs.com3800.stage5.GossipThread updateGossipMap
FINE: updated server 5 with heartbeat 7
Oct 04, 2022 11:06:13 AM edu.yu.cs.com3800.stage5.GossipThread run
INFO: Marking failed nodes
Oct 04, 2022 11:06:13 AM edu.yu.cs.com3800.stage5.GossipThread run
INFO: Cleaning failed nodes
Oct 04, 2022 11:06:16 AM edu.yu.cs.com3800.stage5.GossipThread run
INFO: Got gossip message from queue
Oct 04, 2022 11:06:16 AM edu.yu.cs.com3800.stage5.GossipThread run
INFO: Updating Map
Oct 04, 2022 11:06:16 AM edu.yu.cs.com3800.stage5.GossipThread updateGossipMap
FINE: updated server 3 with heartbeat 6
Oct 04, 2022 11:06:16 AM edu.yu.cs.com3800.stage5.GossipThread updateGossipMap
FINE: updated server 4 with heartbeat 6
Oct 04, 2022 11:06:16 AM edu.yu.cs.com3800.stage5.GossipThread updateGossipMap
FINE: updated server 6 with heartbeat 8
Oct 04, 2022 11:06:16 AM edu.yu.cs.com3800.stage5.GossipThread updateGossipMap
FINE: updated server 8 with heartbeat 3
Oct 04, 2022 11:06:16 AM edu.yu.cs.com3800.stage5.GossipThread run
INFO: Marking failed nodes
Oct 04, 2022 11:06:16 AM edu.yu.cs.com3800.stage5.GossipThread run
INFO: Cleaning failed nodes
Oct 04, 2022 11:06:19 AM edu.yu.cs.com3800.stage5.GossipThread run
INFO: Got gossip message from queue
Oct 04, 2022 11:06:19 AM edu.yu.cs.com3800.stage5.GossipThread run
INFO: Updating Map
Oct 04, 2022 11:06:19 AM edu.yu.cs.com3800.stage5.GossipThread updateGossipMap
FINE: updated server 3 with heartbeat 8
Oct 04, 2022 11:06:19 AM edu.yu.cs.com3800.stage5.GossipThread updateGossipMap
FINE: updated server 9 with heartbeat 7
Oct 04, 2022 11:06:19 AM edu.yu.cs.com3800.stage5.GossipThread run
INFO: Marking failed nodes
Oct 04, 2022 11:06:19 AM edu.yu.cs.com3800.stage5.GossipThread run
INFO: Cleaning failed nodes
Oct 04, 2022 11:06:22 AM edu.yu.cs.com3800.stage5.GossipThread run
INFO: Got gossip message from queue
Oct 04, 2022 11:06:22 AM edu.yu.cs.com3800.stage5.GossipThread run
INFO: Updating Map
Oct 04, 2022 11:06:22 AM edu.yu.cs.com3800.stage5.GossipThread updateGossipMap
FINE: updated server 3 with heartbeat 10
Oct 04, 2022 11:06:22 AM edu.yu.cs.com3800.stage5.GossipThread updateGossipMap
FINE: updated server 8 with heartbeat 6
Oct 04, 2022 11:06:22 AM edu.yu.cs.com3800.stage5.GossipThread run
INFO: Marking failed nodes
Oct 04, 2022 11:06:22 AM edu.yu.cs.com3800.stage5.GossipThread run
INFO: Cleaning failed nodes
Oct 04, 2022 11:06:25 AM edu.yu.cs.com3800.stage5.GossipThread run
INFO: Got gossip message from queue
Oct 04, 2022 11:06:25 AM edu.yu.cs.com3800.stage5.GossipThread run
INFO: Updating Map
Oct 04, 2022 11:06:25 AM edu.yu.cs.com3800.stage5.GossipThread updateGossipMap
FINE: updated server -1 with heartbeat 7
Oct 04, 2022 11:06:25 AM edu.yu.cs.com3800.stage5.GossipThread updateGossipMap
FINE: updated server 6 with heartbeat 10
Oct 04, 2022 11:06:25 AM edu.yu.cs.com3800.stage5.GossipThread run
INFO: Marking failed nodes
Oct 04, 2022 11:06:25 AM edu.yu.cs.com3800.stage5.GossipThread run
INFO: Cleaning failed nodes
Oct 04, 2022 11:06:28 AM edu.yu.cs.com3800.stage5.GossipThread run
INFO: Got gossip message from queue
Oct 04, 2022 11:06:28 AM edu.yu.cs.com3800.stage5.GossipThread run
INFO: Updating Map
Oct 04, 2022 11:06:28 AM edu.yu.cs.com3800.stage5.GossipThread updateGossipMap
FINE: updated server 3 with heartbeat 11
Oct 04, 2022 11:06:28 AM edu.yu.cs.com3800.stage5.GossipThread run
INFO: Marking failed nodes
Oct 04, 2022 11:06:28 AM edu.yu.cs.com3800.stage5.GossipThread run
INFO: Cleaning failed nodes
Oct 04, 2022 11:06:31 AM edu.yu.cs.com3800.stage5.GossipThread run
INFO: Got gossip message from queue
Oct 04, 2022 11:06:31 AM edu.yu.cs.com3800.stage5.GossipThread run
INFO: Updating Map
Oct 04, 2022 11:06:31 AM edu.yu.cs.com3800.stage5.GossipThread updateGossipMap
FINE: updated server -1 with heartbeat 8
Oct 04, 2022 11:06:31 AM edu.yu.cs.com3800.stage5.GossipThread updateGossipMap
FINE: updated server 2 with heartbeat 8
Oct 04, 2022 11:06:31 AM edu.yu.cs.com3800.stage5.GossipThread run
INFO: Marking failed nodes
Oct 04, 2022 11:06:31 AM edu.yu.cs.com3800.stage5.GossipThread run
INFO: Cleaning failed nodes
Oct 04, 2022 11:06:34 AM edu.yu.cs.com3800.stage5.GossipThread run
INFO: Got gossip message from queue
Oct 04, 2022 11:06:34 AM edu.yu.cs.com3800.stage5.GossipThread run
INFO: Updating Map
Oct 04, 2022 11:06:34 AM edu.yu.cs.com3800.stage5.GossipThread updateGossipMap
FINE: updated server 3 with heartbeat 12
Oct 04, 2022 11:06:34 AM edu.yu.cs.com3800.stage5.GossipThread run
INFO: Marking failed nodes
Oct 04, 2022 11:06:34 AM edu.yu.cs.com3800.stage5.GossipThread markFailedNodes
FINE: Marked failed 1
Oct 04, 2022 11:06:34 AM edu.yu.cs.com3800.stage5.GossipThread run
INFO: Cleaning failed nodes
Oct 04, 2022 11:06:37 AM edu.yu.cs.com3800.stage5.GossipThread run
INFO: Got gossip message from queue
Oct 04, 2022 11:06:37 AM edu.yu.cs.com3800.stage5.GossipThread run
INFO: Updating Map
Oct 04, 2022 11:06:37 AM edu.yu.cs.com3800.stage5.GossipThread updateGossipMap
FINE: updated server 4 with heartbeat 7
Oct 04, 2022 11:06:37 AM edu.yu.cs.com3800.stage5.GossipThread updateGossipMap
FINE: updated server 5 with heartbeat 10
Oct 04, 2022 11:06:37 AM edu.yu.cs.com3800.stage5.GossipThread updateGossipMap
FINE: updated server 8 with heartbeat 7
Oct 04, 2022 11:06:37 AM edu.yu.cs.com3800.stage5.GossipThread run
INFO: Marking failed nodes
Oct 04, 2022 11:06:37 AM edu.yu.cs.com3800.stage5.GossipThread run
INFO: Cleaning failed nodes
Oct 04, 2022 11:06:40 AM edu.yu.cs.com3800.stage5.GossipThread run
INFO: Got gossip message from queue
Oct 04, 2022 11:06:40 AM edu.yu.cs.com3800.stage5.GossipThread run
INFO: Updating Map
Oct 04, 2022 11:06:40 AM edu.yu.cs.com3800.stage5.GossipThread updateGossipMap
FINE: updated server 9 with heartbeat 10
Oct 04, 2022 11:06:40 AM edu.yu.cs.com3800.stage5.GossipThread run
INFO: Marking failed nodes
Oct 04, 2022 11:06:40 AM edu.yu.cs.com3800.stage5.GossipThread run
INFO: Cleaning failed nodes
Oct 04, 2022 11:06:43 AM edu.yu.cs.com3800.stage5.GossipThread run
INFO: Got gossip message from queue
Oct 04, 2022 11:06:43 AM edu.yu.cs.com3800.stage5.GossipThread run
INFO: Updating Map
Oct 04, 2022 11:06:43 AM edu.yu.cs.com3800.stage5.GossipThread run
INFO: Marking failed nodes
Oct 04, 2022 11:06:43 AM edu.yu.cs.com3800.stage5.GossipThread run
INFO: Cleaning failed nodes
Oct 04, 2022 11:06:46 AM edu.yu.cs.com3800.stage5.GossipThread run
INFO: Got gossip message from queue
Oct 04, 2022 11:06:46 AM edu.yu.cs.com3800.stage5.GossipThread run
INFO: Updating Map
Oct 04, 2022 11:06:46 AM edu.yu.cs.com3800.stage5.GossipThread updateGossipMap
FINE: updated server -1 with heartbeat 11
Oct 04, 2022 11:06:46 AM edu.yu.cs.com3800.stage5.GossipThread updateGossipMap
FINE: updated server 2 with heartbeat 10
Oct 04, 2022 11:06:46 AM edu.yu.cs.com3800.stage5.GossipThread updateGossipMap
FINE: updated server 8 with heartbeat 9
Oct 04, 2022 11:06:46 AM edu.yu.cs.com3800.stage5.GossipThread run
INFO: Marking failed nodes
Oct 04, 2022 11:06:46 AM edu.yu.cs.com3800.stage5.GossipThread run
INFO: Cleaning failed nodes
Oct 04, 2022 11:06:49 AM edu.yu.cs.com3800.stage5.GossipThread run
INFO: Got gossip message from queue
Oct 04, 2022 11:06:49 AM edu.yu.cs.com3800.stage5.GossipThread run
INFO: Updating Map
Oct 04, 2022 11:06:49 AM edu.yu.cs.com3800.stage5.GossipThread updateGossipMap
FINE: updated server -1 with heartbeat 15
Oct 04, 2022 11:06:49 AM edu.yu.cs.com3800.stage5.GossipThread updateGossipMap
FINE: updated server 2 with heartbeat 12
Oct 04, 2022 11:06:49 AM edu.yu.cs.com3800.stage5.GossipThread updateGossipMap
FINE: updated server 3 with heartbeat 13
Oct 04, 2022 11:06:49 AM edu.yu.cs.com3800.stage5.GossipThread updateGossipMap
FINE: updated server 6 with heartbeat 13
Oct 04, 2022 11:06:49 AM edu.yu.cs.com3800.stage5.GossipThread updateGossipMap
FINE: updated server 8 with heartbeat 11
Oct 04, 2022 11:06:49 AM edu.yu.cs.com3800.stage5.GossipThread updateGossipMap
FINE: updated server 9 with heartbeat 12
Oct 04, 2022 11:06:49 AM edu.yu.cs.com3800.stage5.GossipThread run
INFO: Marking failed nodes
Oct 04, 2022 11:06:49 AM edu.yu.cs.com3800.stage5.GossipThread run
INFO: Cleaning failed nodes
Oct 04, 2022 11:06:52 AM edu.yu.cs.com3800.stage5.GossipThread run
INFO: Got gossip message from queue
Oct 04, 2022 11:06:52 AM edu.yu.cs.com3800.stage5.GossipThread run
INFO: Updating Map
Oct 04, 2022 11:06:52 AM edu.yu.cs.com3800.stage5.GossipThread updateGossipMap
FINE: updated server 3 with heartbeat 14
Oct 04, 2022 11:06:52 AM edu.yu.cs.com3800.stage5.GossipThread updateGossipMap
FINE: updated server 4 with heartbeat 9
Oct 04, 2022 11:06:52 AM edu.yu.cs.com3800.stage5.GossipThread updateGossipMap
FINE: updated server 5 with heartbeat 12
Oct 04, 2022 11:06:52 AM edu.yu.cs.com3800.stage5.GossipThread updateGossipMap
FINE: updated server 8 with heartbeat 15
Oct 04, 2022 11:06:52 AM edu.yu.cs.com3800.stage5.GossipThread run
INFO: Marking failed nodes
Oct 04, 2022 11:06:52 AM edu.yu.cs.com3800.stage5.GossipThread run
INFO: Cleaning failed nodes
Oct 04, 2022 11:06:55 AM edu.yu.cs.com3800.stage5.GossipThread run
INFO: Got gossip message from queue
Oct 04, 2022 11:06:55 AM edu.yu.cs.com3800.stage5.GossipThread run
INFO: Updating Map
Oct 04, 2022 11:06:55 AM edu.yu.cs.com3800.stage5.GossipThread updateGossipMap
FINE: updated server -1 with heartbeat 17
Oct 04, 2022 11:06:55 AM edu.yu.cs.com3800.stage5.GossipThread updateGossipMap
FINE: updated server 3 with heartbeat 15
Oct 04, 2022 11:06:55 AM edu.yu.cs.com3800.stage5.GossipThread updateGossipMap
FINE: updated server 6 with heartbeat 17
Oct 04, 2022 11:06:55 AM edu.yu.cs.com3800.stage5.GossipThread run
INFO: Marking failed nodes
Oct 04, 2022 11:06:55 AM edu.yu.cs.com3800.stage5.GossipThread run
INFO: Cleaning failed nodes
Oct 04, 2022 11:06:58 AM edu.yu.cs.com3800.stage5.GossipThread run
INFO: Got gossip message from queue
Oct 04, 2022 11:06:58 AM edu.yu.cs.com3800.stage5.GossipThread run
INFO: Updating Map
Oct 04, 2022 11:06:58 AM edu.yu.cs.com3800.stage5.GossipThread updateGossipMap
FINE: updated server 3 with heartbeat 16
Oct 04, 2022 11:06:58 AM edu.yu.cs.com3800.stage5.GossipThread updateGossipMap
FINE: updated server 4 with heartbeat 10
Oct 04, 2022 11:06:58 AM edu.yu.cs.com3800.stage5.GossipThread updateGossipMap
FINE: updated server 5 with heartbeat 13
Oct 04, 2022 11:06:58 AM edu.yu.cs.com3800.stage5.GossipThread updateGossipMap
FINE: updated server 9 with heartbeat 14
Oct 04, 2022 11:06:58 AM edu.yu.cs.com3800.stage5.GossipThread run
INFO: Marking failed nodes
Oct 04, 2022 11:06:58 AM edu.yu.cs.com3800.stage5.GossipThread run
INFO: Cleaning failed nodes
Oct 04, 2022 11:07:01 AM edu.yu.cs.com3800.stage5.GossipThread run
INFO: Got gossip message from queue
Oct 04, 2022 11:07:01 AM edu.yu.cs.com3800.stage5.GossipThread run
INFO: Updating Map
Oct 04, 2022 11:07:01 AM edu.yu.cs.com3800.stage5.GossipThread updateGossipMap
FINE: updated server -1 with heartbeat 18
Oct 04, 2022 11:07:01 AM edu.yu.cs.com3800.stage5.GossipThread updateGossipMap
FINE: updated server 3 with heartbeat 17
Oct 04, 2022 11:07:01 AM edu.yu.cs.com3800.stage5.GossipThread updateGossipMap
FINE: updated server 8 with heartbeat 16
Oct 04, 2022 11:07:01 AM edu.yu.cs.com3800.stage5.GossipThread run
INFO: Marking failed nodes
Oct 04, 2022 11:07:01 AM edu.yu.cs.com3800.stage5.GossipThread run
INFO: Cleaning failed nodes
Oct 04, 2022 11:07:04 AM edu.yu.cs.com3800.stage5.GossipThread run
INFO: Got gossip message from queue
Oct 04, 2022 11:07:04 AM edu.yu.cs.com3800.stage5.GossipThread run
INFO: Updating Map
Oct 04, 2022 11:07:04 AM edu.yu.cs.com3800.stage5.GossipThread updateGossipMap
FINE: updated server 2 with heartbeat 16
Oct 04, 2022 11:07:04 AM edu.yu.cs.com3800.stage5.GossipThread updateGossipMap
FINE: updated server 4 with heartbeat 12
Oct 04, 2022 11:07:04 AM edu.yu.cs.com3800.stage5.GossipThread updateGossipMap
FINE: updated server 6 with heartbeat 20
Oct 04, 2022 11:07:04 AM edu.yu.cs.com3800.stage5.GossipThread run
INFO: Marking failed nodes
Oct 04, 2022 11:07:04 AM edu.yu.cs.com3800.stage5.GossipThread run
INFO: Cleaning failed nodes
Oct 04, 2022 11:07:07 AM edu.yu.cs.com3800.stage5.GossipThread run
INFO: Got gossip message from queue
Oct 04, 2022 11:07:07 AM edu.yu.cs.com3800.stage5.GossipThread run
INFO: Updating Map
Oct 04, 2022 11:07:07 AM edu.yu.cs.com3800.stage5.GossipThread updateGossipMap
FINE: updated server 4 with heartbeat 13
Oct 04, 2022 11:07:07 AM edu.yu.cs.com3800.stage5.GossipThread updateGossipMap
FINE: updated server 5 with heartbeat 18
Oct 04, 2022 11:07:07 AM edu.yu.cs.com3800.stage5.GossipThread run
INFO: Marking failed nodes
Oct 04, 2022 11:07:07 AM edu.yu.cs.com3800.stage5.GossipThread run
INFO: Cleaning failed nodes
Oct 04, 2022 11:07:10 AM edu.yu.cs.com3800.stage5.GossipThread run
INFO: Got gossip message from queue
Oct 04, 2022 11:07:10 AM edu.yu.cs.com3800.stage5.GossipThread run
INFO: Updating Map
Oct 04, 2022 11:07:10 AM edu.yu.cs.com3800.stage5.GossipThread updateGossipMap
FINE: updated server 9 with heartbeat 16
Oct 04, 2022 11:07:10 AM edu.yu.cs.com3800.stage5.GossipThread run
INFO: Marking failed nodes
Oct 04, 2022 11:07:10 AM edu.yu.cs.com3800.stage5.GossipThread run
INFO: Cleaning failed nodes
Oct 04, 2022 11:07:13 AM edu.yu.cs.com3800.stage5.GossipThread run
INFO: Got gossip message from queue
Oct 04, 2022 11:07:13 AM edu.yu.cs.com3800.stage5.GossipThread run
INFO: Updating Map
Oct 04, 2022 11:07:13 AM edu.yu.cs.com3800.stage5.GossipThread updateGossipMap
FINE: updated server -1 with heartbeat 19
Oct 04, 2022 11:07:13 AM edu.yu.cs.com3800.stage5.GossipThread updateGossipMap
FINE: updated server 4 with heartbeat 15
Oct 04, 2022 11:07:13 AM edu.yu.cs.com3800.stage5.GossipThread run
INFO: Marking failed nodes
Oct 04, 2022 11:07:13 AM edu.yu.cs.com3800.stage5.GossipThread run
INFO: Cleaning failed nodes
Oct 04, 2022 11:07:16 AM edu.yu.cs.com3800.stage5.GossipThread run
INFO: Got gossip message from queue
Oct 04, 2022 11:07:16 AM edu.yu.cs.com3800.stage5.GossipThread run
INFO: Updating Map
Oct 04, 2022 11:07:16 AM edu.yu.cs.com3800.stage5.GossipThread updateGossipMap
FINE: updated server 6 with heartbeat 21
Oct 04, 2022 11:07:16 AM edu.yu.cs.com3800.stage5.GossipThread updateGossipMap
FINE: updated server 8 with heartbeat 18
Oct 04, 2022 11:07:16 AM edu.yu.cs.com3800.stage5.GossipThread run
INFO: Marking failed nodes
Oct 04, 2022 11:07:16 AM edu.yu.cs.com3800.stage5.GossipThread run
INFO: Cleaning failed nodes
Oct 04, 2022 11:07:19 AM edu.yu.cs.com3800.stage5.GossipThread run
INFO: Got gossip message from queue
Oct 04, 2022 11:07:19 AM edu.yu.cs.com3800.stage5.GossipThread run
INFO: Updating Map
Oct 04, 2022 11:07:19 AM edu.yu.cs.com3800.stage5.GossipThread updateGossipMap
FINE: updated server -1 with heartbeat 24
Oct 04, 2022 11:07:19 AM edu.yu.cs.com3800.stage5.GossipThread updateGossipMap
FINE: updated server 3 with heartbeat 19
Oct 04, 2022 11:07:19 AM edu.yu.cs.com3800.stage5.GossipThread run
INFO: Marking failed nodes
Oct 04, 2022 11:07:19 AM edu.yu.cs.com3800.stage5.GossipThread run
INFO: Cleaning failed nodes
Oct 04, 2022 11:07:19 AM edu.yu.cs.com3800.stage5.GossipThread cleanupFailedNodes
FINE: cleaned entry 1
Oct 04, 2022 11:07:22 AM edu.yu.cs.com3800.stage5.GossipThread run
INFO: Got gossip message from queue
Oct 04, 2022 11:07:22 AM edu.yu.cs.com3800.stage5.GossipThread run
INFO: Updating Map
Oct 04, 2022 11:07:22 AM edu.yu.cs.com3800.stage5.GossipThread updateGossipMap
FINE: updated server 3 with heartbeat 24
Oct 04, 2022 11:07:22 AM edu.yu.cs.com3800.stage5.GossipThread updateGossipMap
FINE: updated server 4 with heartbeat 17
Oct 04, 2022 11:07:22 AM edu.yu.cs.com3800.stage5.GossipThread updateGossipMap
FINE: updated server 5 with heartbeat 20
Oct 04, 2022 11:07:22 AM edu.yu.cs.com3800.stage5.GossipThread updateGossipMap
FINE: updated server 6 with heartbeat 22
Oct 04, 2022 11:07:22 AM edu.yu.cs.com3800.stage5.GossipThread updateGossipMap
FINE: updated server 8 with heartbeat 19
Oct 04, 2022 11:07:22 AM edu.yu.cs.com3800.stage5.GossipThread updateGossipMap
FINE: updated server 9 with heartbeat 17
Oct 04, 2022 11:07:22 AM edu.yu.cs.com3800.stage5.GossipThread run
INFO: Marking failed nodes
Oct 04, 2022 11:07:22 AM edu.yu.cs.com3800.stage5.GossipThread run
INFO: Cleaning failed nodes
Oct 04, 2022 11:07:25 AM edu.yu.cs.com3800.stage5.GossipThread run
INFO: Got gossip message from queue
Oct 04, 2022 11:07:25 AM edu.yu.cs.com3800.stage5.GossipThread run
INFO: Updating Map
Oct 04, 2022 11:07:25 AM edu.yu.cs.com3800.stage5.GossipThread updateGossipMap
FINE: updated server 9 with heartbeat 19
Oct 04, 2022 11:07:25 AM edu.yu.cs.com3800.stage5.GossipThread run
INFO: Marking failed nodes
Oct 04, 2022 11:07:25 AM edu.yu.cs.com3800.stage5.GossipThread run
INFO: Cleaning failed nodes
Oct 04, 2022 11:07:28 AM edu.yu.cs.com3800.stage5.GossipThread run
INFO: Got gossip message from queue
Oct 04, 2022 11:07:28 AM edu.yu.cs.com3800.stage5.GossipThread run
INFO: Updating Map
Oct 04, 2022 11:07:28 AM edu.yu.cs.com3800.stage5.GossipThread updateGossipMap
FINE: updated server 2 with heartbeat 19
Oct 04, 2022 11:07:28 AM edu.yu.cs.com3800.stage5.GossipThread updateGossipMap
FINE: updated server 5 with heartbeat 23
Oct 04, 2022 11:07:28 AM edu.yu.cs.com3800.stage5.GossipThread run
INFO: Marking failed nodes
Oct 04, 2022 11:07:28 AM edu.yu.cs.com3800.stage5.GossipThread run
INFO: Cleaning failed nodes
Oct 04, 2022 11:07:31 AM edu.yu.cs.com3800.stage5.GossipThread run
INFO: Got gossip message from queue
Oct 04, 2022 11:07:31 AM edu.yu.cs.com3800.stage5.GossipThread run
INFO: Updating Map
Oct 04, 2022 11:07:31 AM edu.yu.cs.com3800.stage5.GossipThread updateGossipMap
FINE: updated server -1 with heartbeat 25
Oct 04, 2022 11:07:31 AM edu.yu.cs.com3800.stage5.GossipThread updateGossipMap
FINE: updated server 6 with heartbeat 23
Oct 04, 2022 11:07:31 AM edu.yu.cs.com3800.stage5.GossipThread updateGossipMap
FINE: updated server 8 with heartbeat 23
Oct 04, 2022 11:07:31 AM edu.yu.cs.com3800.stage5.GossipThread run
INFO: Marking failed nodes
Oct 04, 2022 11:07:31 AM edu.yu.cs.com3800.stage5.GossipThread run
INFO: Cleaning failed nodes
Oct 04, 2022 11:07:34 AM edu.yu.cs.com3800.stage5.GossipThread run
INFO: Got gossip message from queue
Oct 04, 2022 11:07:34 AM edu.yu.cs.com3800.stage5.GossipThread run
INFO: Updating Map
Oct 04, 2022 11:07:34 AM edu.yu.cs.com3800.stage5.GossipThread run
INFO: Marking failed nodes
Oct 04, 2022 11:07:34 AM edu.yu.cs.com3800.stage5.GossipThread run
INFO: Cleaning failed nodes
Oct 04, 2022 11:07:37 AM edu.yu.cs.com3800.stage5.GossipThread run
INFO: Got gossip message from queue
Oct 04, 2022 11:07:37 AM edu.yu.cs.com3800.stage5.GossipThread run
INFO: Updating Map
Oct 04, 2022 11:07:37 AM edu.yu.cs.com3800.stage5.GossipThread updateGossipMap
FINE: updated server -1 with heartbeat 29
Oct 04, 2022 11:07:37 AM edu.yu.cs.com3800.stage5.GossipThread run
INFO: Marking failed nodes
Oct 04, 2022 11:07:37 AM edu.yu.cs.com3800.stage5.GossipThread run
INFO: Cleaning failed nodes
Oct 04, 2022 11:07:40 AM edu.yu.cs.com3800.stage5.GossipThread run
INFO: Got gossip message from queue
Oct 04, 2022 11:07:40 AM edu.yu.cs.com3800.stage5.GossipThread run
INFO: Updating Map
Oct 04, 2022 11:07:40 AM edu.yu.cs.com3800.stage5.GossipThread updateGossipMap
FINE: updated server -1 with heartbeat 30
Oct 04, 2022 11:07:40 AM edu.yu.cs.com3800.stage5.GossipThread updateGossipMap
FINE: updated server 2 with heartbeat 20
Oct 04, 2022 11:07:40 AM edu.yu.cs.com3800.stage5.GossipThread updateGossipMap
FINE: updated server 6 with heartbeat 24
Oct 04, 2022 11:07:40 AM edu.yu.cs.com3800.stage5.GossipThread run
INFO: Marking failed nodes
Oct 04, 2022 11:07:40 AM edu.yu.cs.com3800.stage5.GossipThread run
INFO: Cleaning failed nodes
Oct 04, 2022 11:07:43 AM edu.yu.cs.com3800.stage5.GossipThread run
INFO: Got gossip message from queue
Oct 04, 2022 11:07:43 AM edu.yu.cs.com3800.stage5.GossipThread run
INFO: Updating Map
Oct 04, 2022 11:07:43 AM edu.yu.cs.com3800.stage5.GossipThread updateGossipMap
FINE: updated server 2 with heartbeat 23
Oct 04, 2022 11:07:43 AM edu.yu.cs.com3800.stage5.GossipThread updateGossipMap
FINE: updated server 3 with heartbeat 27
Oct 04, 2022 11:07:43 AM edu.yu.cs.com3800.stage5.GossipThread updateGossipMap
FINE: updated server 4 with heartbeat 24
Oct 04, 2022 11:07:43 AM edu.yu.cs.com3800.stage5.GossipThread updateGossipMap
FINE: updated server 5 with heartbeat 24
Oct 04, 2022 11:07:43 AM edu.yu.cs.com3800.stage5.GossipThread updateGossipMap
FINE: updated server 6 with heartbeat 30
Oct 04, 2022 11:07:43 AM edu.yu.cs.com3800.stage5.GossipThread run
INFO: Marking failed nodes
Oct 04, 2022 11:07:43 AM edu.yu.cs.com3800.stage5.GossipThread run
INFO: Cleaning failed nodes
Oct 04, 2022 11:07:46 AM edu.yu.cs.com3800.stage5.GossipThread run
INFO: Got gossip message from queue
Oct 04, 2022 11:07:46 AM edu.yu.cs.com3800.stage5.GossipThread run
INFO: Updating Map
Oct 04, 2022 11:07:46 AM edu.yu.cs.com3800.stage5.GossipThread updateGossipMap
FINE: updated server -1 with heartbeat 31
Oct 04, 2022 11:07:46 AM edu.yu.cs.com3800.stage5.GossipThread updateGossipMap
FINE: updated server 3 with heartbeat 28
Oct 04, 2022 11:07:46 AM edu.yu.cs.com3800.stage5.GossipThread updateGossipMap
FINE: updated server 5 with heartbeat 27
Oct 04, 2022 11:07:46 AM edu.yu.cs.com3800.stage5.GossipThread updateGossipMap
FINE: updated server 6 with heartbeat 34
Oct 04, 2022 11:07:46 AM edu.yu.cs.com3800.stage5.GossipThread updateGossipMap
FINE: updated server 9 with heartbeat 20
Oct 04, 2022 11:07:46 AM edu.yu.cs.com3800.stage5.GossipThread run
INFO: Marking failed nodes
Oct 04, 2022 11:07:46 AM edu.yu.cs.com3800.stage5.GossipThread run
INFO: Cleaning failed nodes
Oct 04, 2022 11:07:49 AM edu.yu.cs.com3800.stage5.GossipThread run
INFO: Got gossip message from queue
Oct 04, 2022 11:07:49 AM edu.yu.cs.com3800.stage5.GossipThread run
INFO: Updating Map
Oct 04, 2022 11:07:49 AM edu.yu.cs.com3800.stage5.GossipThread updateGossipMap
FINE: updated server 5 with heartbeat 30
Oct 04, 2022 11:07:49 AM edu.yu.cs.com3800.stage5.GossipThread run
INFO: Marking failed nodes
Oct 04, 2022 11:07:49 AM edu.yu.cs.com3800.stage5.GossipThread run
INFO: Cleaning failed nodes
Oct 04, 2022 11:07:52 AM edu.yu.cs.com3800.stage5.GossipThread run
INFO: Got gossip message from queue
Oct 04, 2022 11:07:52 AM edu.yu.cs.com3800.stage5.GossipThread run
INFO: Updating Map
Oct 04, 2022 11:07:52 AM edu.yu.cs.com3800.stage5.GossipThread updateGossipMap
FINE: updated server -1 with heartbeat 33
Oct 04, 2022 11:07:52 AM edu.yu.cs.com3800.stage5.GossipThread updateGossipMap
FINE: updated server 2 with heartbeat 28
Oct 04, 2022 11:07:52 AM edu.yu.cs.com3800.stage5.GossipThread run
INFO: Marking failed nodes
Oct 04, 2022 11:07:52 AM edu.yu.cs.com3800.stage5.GossipThread run
INFO: Cleaning failed nodes
Oct 04, 2022 11:07:55 AM edu.yu.cs.com3800.stage5.GossipThread run
INFO: Got gossip message from queue
Oct 04, 2022 11:07:55 AM edu.yu.cs.com3800.stage5.GossipThread run
INFO: Updating Map
Oct 04, 2022 11:07:55 AM edu.yu.cs.com3800.stage5.GossipThread updateGossipMap
FINE: updated server 3 with heartbeat 29
Oct 04, 2022 11:07:55 AM edu.yu.cs.com3800.stage5.GossipThread updateGossipMap
FINE: updated server 4 with heartbeat 27
Oct 04, 2022 11:07:55 AM edu.yu.cs.com3800.stage5.GossipThread updateGossipMap
FINE: updated server 5 with heartbeat 31
Oct 04, 2022 11:07:55 AM edu.yu.cs.com3800.stage5.GossipThread updateGossipMap
FINE: updated server 8 with heartbeat 24
Oct 04, 2022 11:07:55 AM edu.yu.cs.com3800.stage5.GossipThread run
INFO: Marking failed nodes
Oct 04, 2022 11:07:55 AM edu.yu.cs.com3800.stage5.GossipThread run
INFO: Cleaning failed nodes
Oct 04, 2022 11:07:58 AM edu.yu.cs.com3800.stage5.GossipThread run
INFO: Got gossip message from queue
Oct 04, 2022 11:07:58 AM edu.yu.cs.com3800.stage5.GossipThread run
INFO: Updating Map
Oct 04, 2022 11:07:58 AM edu.yu.cs.com3800.stage5.GossipThread updateGossipMap
FINE: updated server -1 with heartbeat 37
Oct 04, 2022 11:07:58 AM edu.yu.cs.com3800.stage5.GossipThread run
INFO: Marking failed nodes
Oct 04, 2022 11:07:58 AM edu.yu.cs.com3800.stage5.GossipThread run
INFO: Cleaning failed nodes
Oct 04, 2022 11:08:01 AM edu.yu.cs.com3800.stage5.GossipThread run
INFO: Got gossip message from queue
Oct 04, 2022 11:08:01 AM edu.yu.cs.com3800.stage5.GossipThread run
INFO: Updating Map
Oct 04, 2022 11:08:01 AM edu.yu.cs.com3800.stage5.GossipThread updateGossipMap
FINE: updated server 4 with heartbeat 28
Oct 04, 2022 11:08:01 AM edu.yu.cs.com3800.stage5.GossipThread updateGossipMap
FINE: updated server 5 with heartbeat 32
Oct 04, 2022 11:08:01 AM edu.yu.cs.com3800.stage5.GossipThread updateGossipMap
FINE: updated server 6 with heartbeat 37
Oct 04, 2022 11:08:01 AM edu.yu.cs.com3800.stage5.GossipThread run
INFO: Marking failed nodes
Oct 04, 2022 11:08:01 AM edu.yu.cs.com3800.stage5.GossipThread run
INFO: Cleaning failed nodes
Oct 04, 2022 11:08:04 AM edu.yu.cs.com3800.stage5.GossipThread run
INFO: Got gossip message from queue
Oct 04, 2022 11:08:04 AM edu.yu.cs.com3800.stage5.GossipThread run
INFO: Updating Map
Oct 04, 2022 11:08:04 AM edu.yu.cs.com3800.stage5.GossipThread updateGossipMap
FINE: updated server -1 with heartbeat 38
Oct 04, 2022 11:08:04 AM edu.yu.cs.com3800.stage5.GossipThread run
INFO: Marking failed nodes
Oct 04, 2022 11:08:04 AM edu.yu.cs.com3800.stage5.GossipThread run
INFO: Cleaning failed nodes
Oct 04, 2022 11:08:07 AM edu.yu.cs.com3800.stage5.GossipThread run
INFO: Got gossip message from queue
Oct 04, 2022 11:08:07 AM edu.yu.cs.com3800.stage5.GossipThread run
INFO: Updating Map
Oct 04, 2022 11:08:07 AM edu.yu.cs.com3800.stage5.GossipThread updateGossipMap
FINE: updated server 8 with heartbeat 28
Oct 04, 2022 11:08:07 AM edu.yu.cs.com3800.stage5.GossipThread run
INFO: Marking failed nodes
Oct 04, 2022 11:08:07 AM edu.yu.cs.com3800.stage5.GossipThread run
INFO: Cleaning failed nodes
Oct 04, 2022 11:08:10 AM edu.yu.cs.com3800.stage5.GossipThread run
INFO: Got gossip message from queue
Oct 04, 2022 11:08:10 AM edu.yu.cs.com3800.stage5.GossipThread run
INFO: Updating Map
Oct 04, 2022 11:08:10 AM edu.yu.cs.com3800.stage5.GossipThread updateGossipMap
FINE: updated server 3 with heartbeat 37
Oct 04, 2022 11:08:10 AM edu.yu.cs.com3800.stage5.GossipThread run
INFO: Marking failed nodes
Oct 04, 2022 11:08:10 AM edu.yu.cs.com3800.stage5.GossipThread run
INFO: Cleaning failed nodes
Oct 04, 2022 11:08:13 AM edu.yu.cs.com3800.stage5.GossipThread run
INFO: Got gossip message from queue
Oct 04, 2022 11:08:13 AM edu.yu.cs.com3800.stage5.GossipThread run
INFO: Updating Map
Oct 04, 2022 11:08:13 AM edu.yu.cs.com3800.stage5.GossipThread updateGossipMap
FINE: updated server 5 with heartbeat 38
Oct 04, 2022 11:08:13 AM edu.yu.cs.com3800.stage5.GossipThread run
INFO: Marking failed nodes
Oct 04, 2022 11:08:13 AM edu.yu.cs.com3800.stage5.GossipThread run
INFO: Cleaning failed nodes
Oct 04, 2022 11:08:16 AM edu.yu.cs.com3800.stage5.GossipThread run
INFO: Got gossip message from queue
Oct 04, 2022 11:08:16 AM edu.yu.cs.com3800.stage5.GossipThread run
INFO: Updating Map
Oct 04, 2022 11:08:16 AM edu.yu.cs.com3800.stage5.GossipThread updateGossipMap
FINE: updated server 4 with heartbeat 29
Oct 04, 2022 11:08:16 AM edu.yu.cs.com3800.stage5.GossipThread updateGossipMap
FINE: updated server 6 with heartbeat 42
Oct 04, 2022 11:08:16 AM edu.yu.cs.com3800.stage5.GossipThread run
INFO: Marking failed nodes
Oct 04, 2022 11:08:16 AM edu.yu.cs.com3800.stage5.GossipThread run
INFO: Cleaning failed nodes
Oct 04, 2022 11:08:19 AM edu.yu.cs.com3800.stage5.GossipThread run
INFO: Got gossip message from queue
Oct 04, 2022 11:08:19 AM edu.yu.cs.com3800.stage5.GossipThread run
INFO: Updating Map
Oct 04, 2022 11:08:19 AM edu.yu.cs.com3800.stage5.GossipThread updateGossipMap
FINE: updated server -1 with heartbeat 40
Oct 04, 2022 11:08:19 AM edu.yu.cs.com3800.stage5.GossipThread updateGossipMap
FINE: updated server 4 with heartbeat 32
Oct 04, 2022 11:08:19 AM edu.yu.cs.com3800.stage5.GossipThread updateGossipMap
FINE: updated server 8 with heartbeat 29
Oct 04, 2022 11:08:19 AM edu.yu.cs.com3800.stage5.GossipThread run
INFO: Marking failed nodes
Oct 04, 2022 11:08:19 AM edu.yu.cs.com3800.stage5.GossipThread run
INFO: Cleaning failed nodes
Oct 04, 2022 11:08:22 AM edu.yu.cs.com3800.stage5.GossipThread run
INFO: Got gossip message from queue
Oct 04, 2022 11:08:22 AM edu.yu.cs.com3800.stage5.GossipThread run
INFO: Updating Map
Oct 04, 2022 11:08:22 AM edu.yu.cs.com3800.stage5.GossipThread updateGossipMap
FINE: updated server -1 with heartbeat 43
Oct 04, 2022 11:08:22 AM edu.yu.cs.com3800.stage5.GossipThread run
INFO: Marking failed nodes
Oct 04, 2022 11:08:22 AM edu.yu.cs.com3800.stage5.GossipThread run
INFO: Cleaning failed nodes
Oct 04, 2022 11:08:25 AM edu.yu.cs.com3800.stage5.GossipThread run
INFO: Got gossip message from queue
Oct 04, 2022 11:08:25 AM edu.yu.cs.com3800.stage5.GossipThread run
INFO: Updating Map
Oct 04, 2022 11:08:25 AM edu.yu.cs.com3800.stage5.GossipThread updateGossipMap
FINE: updated server -1 with heartbeat 44
Oct 04, 2022 11:08:25 AM edu.yu.cs.com3800.stage5.GossipThread run
INFO: Marking failed nodes
Oct 04, 2022 11:08:25 AM edu.yu.cs.com3800.stage5.GossipThread run
INFO: Cleaning failed nodes
Oct 04, 2022 11:08:28 AM edu.yu.cs.com3800.stage5.GossipThread run
INFO: Got gossip message from queue
Oct 04, 2022 11:08:28 AM edu.yu.cs.com3800.stage5.GossipThread run
INFO: Updating Map
Oct 04, 2022 11:08:28 AM edu.yu.cs.com3800.stage5.GossipThread updateGossipMap
FINE: updated server 3 with heartbeat 38
Oct 04, 2022 11:08:28 AM edu.yu.cs.com3800.stage5.GossipThread updateGossipMap
FINE: updated server 4 with heartbeat 34
Oct 04, 2022 11:08:28 AM edu.yu.cs.com3800.stage5.GossipThread updateGossipMap
FINE: updated server 5 with heartbeat 41
Oct 04, 2022 11:08:28 AM edu.yu.cs.com3800.stage5.GossipThread updateGossipMap
FINE: updated server 8 with heartbeat 32
Oct 04, 2022 11:08:28 AM edu.yu.cs.com3800.stage5.GossipThread run
INFO: Marking failed nodes
Oct 04, 2022 11:08:28 AM edu.yu.cs.com3800.stage5.GossipThread run
INFO: Cleaning failed nodes
Oct 04, 2022 11:08:31 AM edu.yu.cs.com3800.stage5.GossipThread run
INFO: Got gossip message from queue
Oct 04, 2022 11:08:31 AM edu.yu.cs.com3800.stage5.GossipThread run
INFO: Updating Map
Oct 04, 2022 11:08:31 AM edu.yu.cs.com3800.stage5.GossipThread updateGossipMap
FINE: updated server 2 with heartbeat 31
Oct 04, 2022 11:08:31 AM edu.yu.cs.com3800.stage5.GossipThread updateGossipMap
FINE: updated server 3 with heartbeat 43
Oct 04, 2022 11:08:31 AM edu.yu.cs.com3800.stage5.GossipThread updateGossipMap
FINE: updated server 8 with heartbeat 34
Oct 04, 2022 11:08:31 AM edu.yu.cs.com3800.stage5.GossipThread run
INFO: Marking failed nodes
Oct 04, 2022 11:08:31 AM edu.yu.cs.com3800.stage5.GossipThread markFailedNodes
FINE: Marked failed 9
Oct 04, 2022 11:08:31 AM edu.yu.cs.com3800.stage5.GossipThread run
INFO: Cleaning failed nodes
Oct 04, 2022 11:08:34 AM edu.yu.cs.com3800.stage5.GossipThread run
INFO: Got gossip message from queue
Oct 04, 2022 11:08:34 AM edu.yu.cs.com3800.stage5.GossipThread run
INFO: Updating Map
Oct 04, 2022 11:08:34 AM edu.yu.cs.com3800.stage5.GossipThread updateGossipMap
FINE: updated server 5 with heartbeat 45
Oct 04, 2022 11:08:34 AM edu.yu.cs.com3800.stage5.GossipThread run
INFO: Marking failed nodes
Oct 04, 2022 11:08:34 AM edu.yu.cs.com3800.stage5.GossipThread run
INFO: Cleaning failed nodes
Oct 04, 2022 11:08:37 AM edu.yu.cs.com3800.stage5.GossipThread run
INFO: Got gossip message from queue
Oct 04, 2022 11:08:37 AM edu.yu.cs.com3800.stage5.GossipThread run
INFO: Updating Map
Oct 04, 2022 11:08:37 AM edu.yu.cs.com3800.stage5.GossipThread updateGossipMap
FINE: updated server 2 with heartbeat 32
Oct 04, 2022 11:08:37 AM edu.yu.cs.com3800.stage5.GossipThread updateGossipMap
FINE: updated server 6 with heartbeat 47
Oct 04, 2022 11:08:37 AM edu.yu.cs.com3800.stage5.GossipThread run
INFO: Marking failed nodes
Oct 04, 2022 11:08:37 AM edu.yu.cs.com3800.stage5.GossipThread run
INFO: Cleaning failed nodes
Oct 04, 2022 11:08:40 AM edu.yu.cs.com3800.stage5.GossipThread run
INFO: Got gossip message from queue
Oct 04, 2022 11:08:40 AM edu.yu.cs.com3800.stage5.GossipThread run
INFO: Updating Map
Oct 04, 2022 11:08:40 AM edu.yu.cs.com3800.stage5.GossipThread updateGossipMap
FINE: updated server 3 with heartbeat 44
Oct 04, 2022 11:08:40 AM edu.yu.cs.com3800.stage5.GossipThread updateGossipMap
FINE: updated server 4 with heartbeat 35
Oct 04, 2022 11:08:40 AM edu.yu.cs.com3800.stage5.GossipThread run
INFO: Marking failed nodes
Oct 04, 2022 11:08:40 AM edu.yu.cs.com3800.stage5.GossipThread run
INFO: Cleaning failed nodes
Oct 04, 2022 11:08:43 AM edu.yu.cs.com3800.stage5.GossipThread run
INFO: Got gossip message from queue
Oct 04, 2022 11:08:43 AM edu.yu.cs.com3800.stage5.GossipThread run
INFO: Updating Map
Oct 04, 2022 11:08:43 AM edu.yu.cs.com3800.stage5.GossipThread updateGossipMap
FINE: updated server 5 with heartbeat 47
Oct 04, 2022 11:08:43 AM edu.yu.cs.com3800.stage5.GossipThread run
INFO: Marking failed nodes
Oct 04, 2022 11:08:43 AM edu.yu.cs.com3800.stage5.GossipThread run
INFO: Cleaning failed nodes
Oct 04, 2022 11:08:46 AM edu.yu.cs.com3800.stage5.GossipThread run
INFO: Got gossip message from queue
Oct 04, 2022 11:08:46 AM edu.yu.cs.com3800.stage5.GossipThread run
INFO: Updating Map
Oct 04, 2022 11:08:46 AM edu.yu.cs.com3800.stage5.GossipThread updateGossipMap
FINE: updated server 4 with heartbeat 38
Oct 04, 2022 11:08:46 AM edu.yu.cs.com3800.stage5.GossipThread run
INFO: Marking failed nodes
Oct 04, 2022 11:08:46 AM edu.yu.cs.com3800.stage5.GossipThread run
INFO: Cleaning failed nodes
Oct 04, 2022 11:08:49 AM edu.yu.cs.com3800.stage5.GossipThread run
INFO: Got gossip message from queue
Oct 04, 2022 11:08:49 AM edu.yu.cs.com3800.stage5.GossipThread run
INFO: Updating Map
Oct 04, 2022 11:08:49 AM edu.yu.cs.com3800.stage5.GossipThread updateGossipMap
FINE: updated server 2 with heartbeat 35
Oct 04, 2022 11:08:49 AM edu.yu.cs.com3800.stage5.GossipThread updateGossipMap
FINE: updated server 3 with heartbeat 47
Oct 04, 2022 11:08:49 AM edu.yu.cs.com3800.stage5.GossipThread updateGossipMap
FINE: updated server 8 with heartbeat 35
Oct 04, 2022 11:08:49 AM edu.yu.cs.com3800.stage5.GossipThread run
INFO: Marking failed nodes
Oct 04, 2022 11:08:49 AM edu.yu.cs.com3800.stage5.GossipThread run
INFO: Cleaning failed nodes
Oct 04, 2022 11:08:52 AM edu.yu.cs.com3800.stage5.GossipThread run
INFO: Got gossip message from queue
Oct 04, 2022 11:08:52 AM edu.yu.cs.com3800.stage5.GossipThread run
INFO: Updating Map
Oct 04, 2022 11:08:52 AM edu.yu.cs.com3800.stage5.GossipThread updateGossipMap
FINE: updated server 5 with heartbeat 49
Oct 04, 2022 11:08:52 AM edu.yu.cs.com3800.stage5.GossipThread run
INFO: Marking failed nodes
Oct 04, 2022 11:08:52 AM edu.yu.cs.com3800.stage5.GossipThread run
INFO: Cleaning failed nodes
Oct 04, 2022 11:08:55 AM edu.yu.cs.com3800.stage5.GossipThread run
INFO: Got gossip message from queue
Oct 04, 2022 11:08:55 AM edu.yu.cs.com3800.stage5.GossipThread run
INFO: Updating Map
Oct 04, 2022 11:08:55 AM edu.yu.cs.com3800.stage5.GossipThread updateGossipMap
FINE: updated server -1 with heartbeat 47
Oct 04, 2022 11:08:55 AM edu.yu.cs.com3800.stage5.GossipThread updateGossipMap
FINE: updated server 2 with heartbeat 37
Oct 04, 2022 11:08:55 AM edu.yu.cs.com3800.stage5.GossipThread updateGossipMap
FINE: updated server 4 with heartbeat 40
Oct 04, 2022 11:08:55 AM edu.yu.cs.com3800.stage5.GossipThread run
INFO: Marking failed nodes
Oct 04, 2022 11:08:55 AM edu.yu.cs.com3800.stage5.GossipThread run
INFO: Cleaning failed nodes
Oct 04, 2022 11:08:58 AM edu.yu.cs.com3800.stage5.GossipThread run
INFO: Got gossip message from queue
Oct 04, 2022 11:08:58 AM edu.yu.cs.com3800.stage5.GossipThread run
INFO: Updating Map
Oct 04, 2022 11:08:58 AM edu.yu.cs.com3800.stage5.GossipThread updateGossipMap
FINE: updated server 2 with heartbeat 40
Oct 04, 2022 11:08:58 AM edu.yu.cs.com3800.stage5.GossipThread updateGossipMap
FINE: updated server 6 with heartbeat 49
Oct 04, 2022 11:08:58 AM edu.yu.cs.com3800.stage5.GossipThread run
INFO: Marking failed nodes
Oct 04, 2022 11:08:58 AM edu.yu.cs.com3800.stage5.GossipThread run
INFO: Cleaning failed nodes
Oct 04, 2022 11:09:01 AM edu.yu.cs.com3800.stage5.GossipThread run
INFO: Got gossip message from queue
Oct 04, 2022 11:09:01 AM edu.yu.cs.com3800.stage5.GossipThread run
INFO: Updating Map
Oct 04, 2022 11:09:01 AM edu.yu.cs.com3800.stage5.GossipThread updateGossipMap
FINE: updated server -1 with heartbeat 49
Oct 04, 2022 11:09:01 AM edu.yu.cs.com3800.stage5.GossipThread updateGossipMap
FINE: updated server 6 with heartbeat 51
Oct 04, 2022 11:09:01 AM edu.yu.cs.com3800.stage5.GossipThread updateGossipMap
FINE: updated server 8 with heartbeat 37
Oct 04, 2022 11:09:01 AM edu.yu.cs.com3800.stage5.GossipThread run
INFO: Marking failed nodes
Oct 04, 2022 11:09:01 AM edu.yu.cs.com3800.stage5.GossipThread run
INFO: Cleaning failed nodes
Oct 04, 2022 11:09:04 AM edu.yu.cs.com3800.stage5.GossipThread run
INFO: Got gossip message from queue
Oct 04, 2022 11:09:04 AM edu.yu.cs.com3800.stage5.GossipThread run
INFO: Updating Map
Oct 04, 2022 11:09:04 AM edu.yu.cs.com3800.stage5.GossipThread updateGossipMap
FINE: updated server 5 with heartbeat 53
Oct 04, 2022 11:09:04 AM edu.yu.cs.com3800.stage5.GossipThread run
INFO: Marking failed nodes
Oct 04, 2022 11:09:04 AM edu.yu.cs.com3800.stage5.GossipThread run
INFO: Cleaning failed nodes
Oct 04, 2022 11:09:07 AM edu.yu.cs.com3800.stage5.GossipThread run
INFO: Got gossip message from queue
Oct 04, 2022 11:09:07 AM edu.yu.cs.com3800.stage5.GossipThread run
INFO: Updating Map
Oct 04, 2022 11:09:07 AM edu.yu.cs.com3800.stage5.GossipThread updateGossipMap
FINE: updated server -1 with heartbeat 50
Oct 04, 2022 11:09:07 AM edu.yu.cs.com3800.stage5.GossipThread updateGossipMap
FINE: updated server 3 with heartbeat 52
Oct 04, 2022 11:09:07 AM edu.yu.cs.com3800.stage5.GossipThread updateGossipMap
FINE: updated server 6 with heartbeat 52
Oct 04, 2022 11:09:07 AM edu.yu.cs.com3800.stage5.GossipThread run
INFO: Marking failed nodes
Oct 04, 2022 11:09:07 AM edu.yu.cs.com3800.stage5.GossipThread run
INFO: Cleaning failed nodes
Oct 04, 2022 11:09:10 AM edu.yu.cs.com3800.stage5.GossipThread run
INFO: Got gossip message from queue
Oct 04, 2022 11:09:10 AM edu.yu.cs.com3800.stage5.GossipThread run
INFO: Updating Map
Oct 04, 2022 11:09:10 AM edu.yu.cs.com3800.stage5.GossipThread updateGossipMap
FINE: updated server -1 with heartbeat 52
Oct 04, 2022 11:09:10 AM edu.yu.cs.com3800.stage5.GossipThread updateGossipMap
FINE: updated server 2 with heartbeat 45
Oct 04, 2022 11:09:10 AM edu.yu.cs.com3800.stage5.GossipThread run
INFO: Marking failed nodes
Oct 04, 2022 11:09:10 AM edu.yu.cs.com3800.stage5.GossipThread run
INFO: Cleaning failed nodes
Oct 04, 2022 11:09:13 AM edu.yu.cs.com3800.stage5.GossipThread run
INFO: Got gossip message from queue
Oct 04, 2022 11:09:13 AM edu.yu.cs.com3800.stage5.GossipThread run
INFO: Updating Map
Oct 04, 2022 11:09:13 AM edu.yu.cs.com3800.stage5.GossipThread updateGossipMap
FINE: updated server -1 with heartbeat 55
Oct 04, 2022 11:09:13 AM edu.yu.cs.com3800.stage5.GossipThread updateGossipMap
FINE: updated server 4 with heartbeat 42
Oct 04, 2022 11:09:13 AM edu.yu.cs.com3800.stage5.GossipThread updateGossipMap
FINE: updated server 5 with heartbeat 57
Oct 04, 2022 11:09:13 AM edu.yu.cs.com3800.stage5.GossipThread updateGossipMap
FINE: updated server 6 with heartbeat 53
Oct 04, 2022 11:09:13 AM edu.yu.cs.com3800.stage5.GossipThread run
INFO: Marking failed nodes
Oct 04, 2022 11:09:13 AM edu.yu.cs.com3800.stage5.GossipThread run
INFO: Cleaning failed nodes
Oct 04, 2022 11:09:16 AM edu.yu.cs.com3800.stage5.GossipThread run
INFO: Got gossip message from queue
Oct 04, 2022 11:09:16 AM edu.yu.cs.com3800.stage5.GossipThread run
INFO: Updating Map
Oct 04, 2022 11:09:16 AM edu.yu.cs.com3800.stage5.GossipThread updateGossipMap
FINE: updated server 2 with heartbeat 47
Oct 04, 2022 11:09:16 AM edu.yu.cs.com3800.stage5.GossipThread updateGossipMap
FINE: updated server 8 with heartbeat 38
Oct 04, 2022 11:09:16 AM edu.yu.cs.com3800.stage5.GossipThread run
INFO: Marking failed nodes
Oct 04, 2022 11:09:16 AM edu.yu.cs.com3800.stage5.GossipThread run
INFO: Cleaning failed nodes
Oct 04, 2022 11:09:16 AM edu.yu.cs.com3800.stage5.GossipThread cleanupFailedNodes
FINE: cleaned entry 9
Oct 04, 2022 11:09:19 AM edu.yu.cs.com3800.stage5.GossipThread run
INFO: Got gossip message from queue
Oct 04, 2022 11:09:19 AM edu.yu.cs.com3800.stage5.GossipThread run
INFO: Updating Map
Oct 04, 2022 11:09:19 AM edu.yu.cs.com3800.stage5.GossipThread updateGossipMap
FINE: updated server 5 with heartbeat 58
Oct 04, 2022 11:09:19 AM edu.yu.cs.com3800.stage5.GossipThread run
INFO: Marking failed nodes
Oct 04, 2022 11:09:19 AM edu.yu.cs.com3800.stage5.GossipThread run
INFO: Cleaning failed nodes
Oct 04, 2022 11:09:22 AM edu.yu.cs.com3800.stage5.GossipThread run
INFO: Got gossip message from queue
Oct 04, 2022 11:09:22 AM edu.yu.cs.com3800.stage5.GossipThread run
INFO: Updating Map
Oct 04, 2022 11:09:22 AM edu.yu.cs.com3800.stage5.GossipThread updateGossipMap
FINE: updated server -1 with heartbeat 61
Oct 04, 2022 11:09:22 AM edu.yu.cs.com3800.stage5.GossipThread updateGossipMap
FINE: updated server 3 with heartbeat 53
Oct 04, 2022 11:09:22 AM edu.yu.cs.com3800.stage5.GossipThread updateGossipMap
FINE: updated server 4 with heartbeat 46
Oct 04, 2022 11:09:22 AM edu.yu.cs.com3800.stage5.GossipThread updateGossipMap
FINE: updated server 6 with heartbeat 61
Oct 04, 2022 11:09:22 AM edu.yu.cs.com3800.stage5.GossipThread updateGossipMap
FINE: updated server 8 with heartbeat 43
Oct 04, 2022 11:09:22 AM edu.yu.cs.com3800.stage5.GossipThread run
INFO: Marking failed nodes
Oct 04, 2022 11:09:22 AM edu.yu.cs.com3800.stage5.GossipThread run
INFO: Cleaning failed nodes
Oct 04, 2022 11:09:25 AM edu.yu.cs.com3800.stage5.GossipThread run
INFO: Got gossip message from queue
Oct 04, 2022 11:09:25 AM edu.yu.cs.com3800.stage5.GossipThread run
INFO: Updating Map
Oct 04, 2022 11:09:25 AM edu.yu.cs.com3800.stage5.GossipThread updateGossipMap
FINE: updated server 5 with heartbeat 61
Oct 04, 2022 11:09:25 AM edu.yu.cs.com3800.stage5.GossipThread run
INFO: Marking failed nodes
Oct 04, 2022 11:09:25 AM edu.yu.cs.com3800.stage5.GossipThread run
INFO: Cleaning failed nodes
Oct 04, 2022 11:09:28 AM edu.yu.cs.com3800.stage5.GossipThread run
INFO: Got gossip message from queue
Oct 04, 2022 11:09:28 AM edu.yu.cs.com3800.stage5.GossipThread run
INFO: Updating Map
Oct 04, 2022 11:09:28 AM edu.yu.cs.com3800.stage5.GossipThread updateGossipMap
FINE: updated server 2 with heartbeat 52
Oct 04, 2022 11:09:28 AM edu.yu.cs.com3800.stage5.GossipThread updateGossipMap
FINE: updated server 3 with heartbeat 54
Oct 04, 2022 11:09:28 AM edu.yu.cs.com3800.stage5.GossipThread run
INFO: Marking failed nodes
Oct 04, 2022 11:09:28 AM edu.yu.cs.com3800.stage5.GossipThread run
INFO: Cleaning failed nodes
Oct 04, 2022 11:09:31 AM edu.yu.cs.com3800.stage5.GossipThread run
INFO: Got gossip message from queue
Oct 04, 2022 11:09:31 AM edu.yu.cs.com3800.stage5.GossipThread run
INFO: Updating Map
Oct 04, 2022 11:09:31 AM edu.yu.cs.com3800.stage5.GossipThread updateGossipMap
FINE: updated server 3 with heartbeat 56
Oct 04, 2022 11:09:31 AM edu.yu.cs.com3800.stage5.GossipThread updateGossipMap
FINE: updated server 6 with heartbeat 62
Oct 04, 2022 11:09:31 AM edu.yu.cs.com3800.stage5.GossipThread run
INFO: Marking failed nodes
Oct 04, 2022 11:09:31 AM edu.yu.cs.com3800.stage5.GossipThread run
INFO: Cleaning failed nodes
Oct 04, 2022 11:09:34 AM edu.yu.cs.com3800.stage5.GossipThread run
INFO: Got gossip message from queue
Oct 04, 2022 11:09:34 AM edu.yu.cs.com3800.stage5.GossipThread run
INFO: Updating Map
Oct 04, 2022 11:09:34 AM edu.yu.cs.com3800.stage5.GossipThread updateGossipMap
FINE: updated server 2 with heartbeat 53
Oct 04, 2022 11:09:34 AM edu.yu.cs.com3800.stage5.GossipThread updateGossipMap
FINE: updated server 4 with heartbeat 49
Oct 04, 2022 11:09:34 AM edu.yu.cs.com3800.stage5.GossipThread updateGossipMap
FINE: updated server 8 with heartbeat 46
Oct 04, 2022 11:09:34 AM edu.yu.cs.com3800.stage5.GossipThread run
INFO: Marking failed nodes
Oct 04, 2022 11:09:34 AM edu.yu.cs.com3800.stage5.GossipThread run
INFO: Cleaning failed nodes
Oct 04, 2022 11:09:37 AM edu.yu.cs.com3800.stage5.GossipThread run
INFO: Got gossip message from queue
Oct 04, 2022 11:09:37 AM edu.yu.cs.com3800.stage5.GossipThread run
INFO: Updating Map
Oct 04, 2022 11:09:37 AM edu.yu.cs.com3800.stage5.GossipThread updateGossipMap
FINE: updated server 2 with heartbeat 54
Oct 04, 2022 11:09:37 AM edu.yu.cs.com3800.stage5.GossipThread updateGossipMap
FINE: updated server 4 with heartbeat 50
Oct 04, 2022 11:09:37 AM edu.yu.cs.com3800.stage5.GossipThread run
INFO: Marking failed nodes
Oct 04, 2022 11:09:37 AM edu.yu.cs.com3800.stage5.GossipThread run
INFO: Cleaning failed nodes
Oct 04, 2022 11:09:40 AM edu.yu.cs.com3800.stage5.GossipThread run
INFO: Got gossip message from queue
Oct 04, 2022 11:09:40 AM edu.yu.cs.com3800.stage5.GossipThread run
INFO: Updating Map
Oct 04, 2022 11:09:40 AM edu.yu.cs.com3800.stage5.GossipThread updateGossipMap
FINE: updated server -1 with heartbeat 66
Oct 04, 2022 11:09:40 AM edu.yu.cs.com3800.stage5.GossipThread updateGossipMap
FINE: updated server 6 with heartbeat 64
Oct 04, 2022 11:09:40 AM edu.yu.cs.com3800.stage5.GossipThread run
INFO: Marking failed nodes
Oct 04, 2022 11:09:40 AM edu.yu.cs.com3800.stage5.GossipThread run
INFO: Cleaning failed nodes
Oct 04, 2022 11:09:43 AM edu.yu.cs.com3800.stage5.GossipThread run
INFO: Got gossip message from queue
Oct 04, 2022 11:09:43 AM edu.yu.cs.com3800.stage5.GossipThread run
INFO: Updating Map
Oct 04, 2022 11:09:43 AM edu.yu.cs.com3800.stage5.GossipThread updateGossipMap
FINE: updated server 2 with heartbeat 56
Oct 04, 2022 11:09:43 AM edu.yu.cs.com3800.stage5.GossipThread run
INFO: Marking failed nodes
Oct 04, 2022 11:09:43 AM edu.yu.cs.com3800.stage5.GossipThread run
INFO: Cleaning failed nodes
Oct 04, 2022 11:09:46 AM edu.yu.cs.com3800.stage5.GossipThread run
INFO: Got gossip message from queue
Oct 04, 2022 11:09:46 AM edu.yu.cs.com3800.stage5.GossipThread run
INFO: Updating Map
Oct 04, 2022 11:09:46 AM edu.yu.cs.com3800.stage5.GossipThread updateGossipMap
FINE: updated server 5 with heartbeat 68
Oct 04, 2022 11:09:46 AM edu.yu.cs.com3800.stage5.GossipThread run
INFO: Marking failed nodes
Oct 04, 2022 11:09:46 AM edu.yu.cs.com3800.stage5.GossipThread run
INFO: Cleaning failed nodes
Oct 04, 2022 11:09:49 AM edu.yu.cs.com3800.stage5.GossipThread run
INFO: Got gossip message from queue
Oct 04, 2022 11:09:49 AM edu.yu.cs.com3800.stage5.GossipThread run
INFO: Updating Map
Oct 04, 2022 11:09:49 AM edu.yu.cs.com3800.stage5.GossipThread updateGossipMap
FINE: updated server 3 with heartbeat 62
Oct 04, 2022 11:09:49 AM edu.yu.cs.com3800.stage5.GossipThread updateGossipMap
FINE: updated server 6 with heartbeat 65
Oct 04, 2022 11:09:49 AM edu.yu.cs.com3800.stage5.GossipThread run
INFO: Marking failed nodes
Oct 04, 2022 11:09:49 AM edu.yu.cs.com3800.stage5.GossipThread run
INFO: Cleaning failed nodes
Oct 04, 2022 11:09:52 AM edu.yu.cs.com3800.stage5.GossipThread run
INFO: Got gossip message from queue
Oct 04, 2022 11:09:52 AM edu.yu.cs.com3800.stage5.GossipThread run
INFO: Updating Map
Oct 04, 2022 11:09:52 AM edu.yu.cs.com3800.stage5.GossipThread updateGossipMap
FINE: updated server 4 with heartbeat 57
Oct 04, 2022 11:09:52 AM edu.yu.cs.com3800.stage5.GossipThread updateGossipMap
FINE: updated server 6 with heartbeat 66
Oct 04, 2022 11:09:52 AM edu.yu.cs.com3800.stage5.GossipThread run
INFO: Marking failed nodes
Oct 04, 2022 11:09:52 AM edu.yu.cs.com3800.stage5.GossipThread run
INFO: Cleaning failed nodes
Oct 04, 2022 11:09:55 AM edu.yu.cs.com3800.stage5.GossipThread run
INFO: Got gossip message from queue
Oct 04, 2022 11:09:55 AM edu.yu.cs.com3800.stage5.GossipThread run
INFO: Updating Map
Oct 04, 2022 11:09:55 AM edu.yu.cs.com3800.stage5.GossipThread updateGossipMap
FINE: updated server -1 with heartbeat 72
Oct 04, 2022 11:09:55 AM edu.yu.cs.com3800.stage5.GossipThread updateGossipMap
FINE: updated server 8 with heartbeat 48
Oct 04, 2022 11:09:55 AM edu.yu.cs.com3800.stage5.GossipThread run
INFO: Marking failed nodes
Oct 04, 2022 11:09:55 AM edu.yu.cs.com3800.stage5.GossipThread run
INFO: Cleaning failed nodes
Oct 04, 2022 11:09:58 AM edu.yu.cs.com3800.stage5.GossipThread run
INFO: Got gossip message from queue
Oct 04, 2022 11:09:58 AM edu.yu.cs.com3800.stage5.GossipThread run
INFO: Updating Map
Oct 04, 2022 11:09:58 AM edu.yu.cs.com3800.stage5.GossipThread updateGossipMap
FINE: updated server 2 with heartbeat 60
Oct 04, 2022 11:09:58 AM edu.yu.cs.com3800.stage5.GossipThread run
INFO: Marking failed nodes
Oct 04, 2022 11:09:58 AM edu.yu.cs.com3800.stage5.GossipThread run
INFO: Cleaning failed nodes
Oct 04, 2022 11:10:01 AM edu.yu.cs.com3800.stage5.GossipThread run
INFO: Got gossip message from queue
Oct 04, 2022 11:10:01 AM edu.yu.cs.com3800.stage5.GossipThread run
INFO: Updating Map
Oct 04, 2022 11:10:01 AM edu.yu.cs.com3800.stage5.GossipThread updateGossipMap
FINE: updated server 5 with heartbeat 72
Oct 04, 2022 11:10:01 AM edu.yu.cs.com3800.stage5.GossipThread run
INFO: Marking failed nodes
Oct 04, 2022 11:10:01 AM edu.yu.cs.com3800.stage5.GossipThread run
INFO: Cleaning failed nodes
