Oct 04, 2022 11:01:32 AM edu.yu.cs.com3800.LoggingServer fileHandler
INFO: Logging to file begins:
Oct 04, 2022 11:01:32 AM edu.yu.cs.com3800.stage5.LeaderGatewayReceiver run
INFO: Attempting to create serverSocket to listen for gateway connections
Oct 04, 2022 11:01:32 AM edu.yu.cs.com3800.stage5.LeaderGatewayReceiver run
FINE: Attempting to accept a gatewayConnection
Oct 04, 2022 11:01:33 AM edu.yu.cs.com3800.stage5.LeaderGatewayReceiver run
FINE: Success. Attempting to read gatewayRequest
Oct 04, 2022 11:01:33 AM edu.yu.cs.com3800.stage5.LeaderGatewayReceiver run
INFO: Received message from localhost8888
Oct 04, 2022 11:01:33 AM edu.yu.cs.com3800.stage5.LeaderGatewayReceiver run
FINE: Success inserting request ID and socket to map
Oct 04, 2022 11:01:33 AM edu.yu.cs.com3800.stage5.LeaderGatewayReceiver run
FINE: attempting to insert request in leader receiver queue
Oct 04, 2022 11:01:33 AM edu.yu.cs.com3800.stage5.LeaderGatewayReceiver run
INFO: successfully passed message to leader
Oct 04, 2022 11:01:33 AM edu.yu.cs.com3800.stage5.LeaderGatewayReceiver run
FINE: Attempting to accept a gatewayConnection
Oct 04, 2022 11:01:33 AM edu.yu.cs.com3800.stage5.LeaderGatewayReceiver run
FINE: Success. Attempting to read gatewayRequest
Oct 04, 2022 11:01:33 AM edu.yu.cs.com3800.stage5.LeaderGatewayReceiver run
INFO: Received message from localhost8888
Oct 04, 2022 11:01:33 AM edu.yu.cs.com3800.stage5.LeaderGatewayReceiver run
FINE: Success inserting request ID and socket to map
Oct 04, 2022 11:01:33 AM edu.yu.cs.com3800.stage5.LeaderGatewayReceiver run
FINE: attempting to insert request in leader receiver queue
Oct 04, 2022 11:01:33 AM edu.yu.cs.com3800.stage5.LeaderGatewayReceiver run
INFO: successfully passed message to leader
Oct 04, 2022 11:01:33 AM edu.yu.cs.com3800.stage5.LeaderGatewayReceiver run
FINE: Attempting to accept a gatewayConnection
Oct 04, 2022 11:01:33 AM edu.yu.cs.com3800.stage5.LeaderGatewayReceiver run
FINE: Success. Attempting to read gatewayRequest
Oct 04, 2022 11:01:33 AM edu.yu.cs.com3800.stage5.LeaderGatewayReceiver run
INFO: Received message from localhost8888
Oct 04, 2022 11:01:33 AM edu.yu.cs.com3800.stage5.LeaderGatewayReceiver run
FINE: Success inserting request ID and socket to map
Oct 04, 2022 11:01:33 AM edu.yu.cs.com3800.stage5.LeaderGatewayReceiver run
FINE: attempting to insert request in leader receiver queue
Oct 04, 2022 11:01:33 AM edu.yu.cs.com3800.stage5.LeaderGatewayReceiver run
INFO: successfully passed message to leader
Oct 04, 2022 11:01:33 AM edu.yu.cs.com3800.stage5.LeaderGatewayReceiver run
FINE: Attempting to accept a gatewayConnection
Oct 04, 2022 11:01:33 AM edu.yu.cs.com3800.stage5.LeaderGatewayReceiver run
FINE: Success. Attempting to read gatewayRequest
Oct 04, 2022 11:01:33 AM edu.yu.cs.com3800.stage5.LeaderGatewayReceiver run
INFO: Received message from localhost8888
Oct 04, 2022 11:01:33 AM edu.yu.cs.com3800.stage5.LeaderGatewayReceiver run
FINE: Success inserting request ID and socket to map
Oct 04, 2022 11:01:33 AM edu.yu.cs.com3800.stage5.LeaderGatewayReceiver run
FINE: attempting to insert request in leader receiver queue
Oct 04, 2022 11:01:33 AM edu.yu.cs.com3800.stage5.LeaderGatewayReceiver run
INFO: successfully passed message to leader
Oct 04, 2022 11:01:33 AM edu.yu.cs.com3800.stage5.LeaderGatewayReceiver run
FINE: Attempting to accept a gatewayConnection
Oct 04, 2022 11:01:33 AM edu.yu.cs.com3800.stage5.LeaderGatewayReceiver run
FINE: Success. Attempting to read gatewayRequest
Oct 04, 2022 11:01:33 AM edu.yu.cs.com3800.stage5.LeaderGatewayReceiver run
INFO: Received message from localhost8888
Oct 04, 2022 11:01:33 AM edu.yu.cs.com3800.stage5.LeaderGatewayReceiver run
FINE: Success inserting request ID and socket to map
Oct 04, 2022 11:01:33 AM edu.yu.cs.com3800.stage5.LeaderGatewayReceiver run
FINE: attempting to insert request in leader receiver queue
Oct 04, 2022 11:01:33 AM edu.yu.cs.com3800.stage5.LeaderGatewayReceiver run
INFO: successfully passed message to leader
Oct 04, 2022 11:01:33 AM edu.yu.cs.com3800.stage5.LeaderGatewayReceiver run
FINE: Attempting to accept a gatewayConnection
Oct 04, 2022 11:01:33 AM edu.yu.cs.com3800.stage5.LeaderGatewayReceiver run
FINE: Success. Attempting to read gatewayRequest
Oct 04, 2022 11:01:33 AM edu.yu.cs.com3800.stage5.LeaderGatewayReceiver run
INFO: Received message from localhost8888
Oct 04, 2022 11:01:33 AM edu.yu.cs.com3800.stage5.LeaderGatewayReceiver run
FINE: Success inserting request ID and socket to map
Oct 04, 2022 11:01:33 AM edu.yu.cs.com3800.stage5.LeaderGatewayReceiver run
FINE: attempting to insert request in leader receiver queue
Oct 04, 2022 11:01:33 AM edu.yu.cs.com3800.stage5.LeaderGatewayReceiver run
INFO: successfully passed message to leader
Oct 04, 2022 11:01:33 AM edu.yu.cs.com3800.stage5.LeaderGatewayReceiver run
FINE: Attempting to accept a gatewayConnection
Oct 04, 2022 11:01:33 AM edu.yu.cs.com3800.stage5.LeaderGatewayReceiver run
FINE: Success. Attempting to read gatewayRequest
Oct 04, 2022 11:01:33 AM edu.yu.cs.com3800.stage5.LeaderGatewayReceiver run
INFO: Received message from localhost8888
Oct 04, 2022 11:01:33 AM edu.yu.cs.com3800.stage5.LeaderGatewayReceiver run
FINE: Success inserting request ID and socket to map
Oct 04, 2022 11:01:33 AM edu.yu.cs.com3800.stage5.LeaderGatewayReceiver run
FINE: attempting to insert request in leader receiver queue
Oct 04, 2022 11:01:33 AM edu.yu.cs.com3800.stage5.LeaderGatewayReceiver run
INFO: successfully passed message to leader
Oct 04, 2022 11:01:33 AM edu.yu.cs.com3800.stage5.LeaderGatewayReceiver run
FINE: Attempting to accept a gatewayConnection
Oct 04, 2022 11:01:33 AM edu.yu.cs.com3800.stage5.LeaderGatewayReceiver run
FINE: Success. Attempting to read gatewayRequest
Oct 04, 2022 11:01:33 AM edu.yu.cs.com3800.stage5.LeaderGatewayReceiver run
INFO: Received message from localhost8888
Oct 04, 2022 11:01:33 AM edu.yu.cs.com3800.stage5.LeaderGatewayReceiver run
FINE: Success inserting request ID and socket to map
Oct 04, 2022 11:01:33 AM edu.yu.cs.com3800.stage5.LeaderGatewayReceiver run
FINE: attempting to insert request in leader receiver queue
Oct 04, 2022 11:01:33 AM edu.yu.cs.com3800.stage5.LeaderGatewayReceiver run
INFO: successfully passed message to leader
Oct 04, 2022 11:01:33 AM edu.yu.cs.com3800.stage5.LeaderGatewayReceiver run
FINE: Attempting to accept a gatewayConnection
Oct 04, 2022 11:01:33 AM edu.yu.cs.com3800.stage5.LeaderGatewayReceiver run
FINE: Success. Attempting to read gatewayRequest
Oct 04, 2022 11:01:33 AM edu.yu.cs.com3800.stage5.LeaderGatewayReceiver run
INFO: Received message from localhost8888
Oct 04, 2022 11:01:33 AM edu.yu.cs.com3800.stage5.LeaderGatewayReceiver run
FINE: Success inserting request ID and socket to map
Oct 04, 2022 11:01:33 AM edu.yu.cs.com3800.stage5.LeaderGatewayReceiver run
FINE: attempting to insert request in leader receiver queue
Oct 04, 2022 11:01:33 AM edu.yu.cs.com3800.stage5.LeaderGatewayReceiver run
INFO: successfully passed message to leader
Oct 04, 2022 11:01:33 AM edu.yu.cs.com3800.stage5.LeaderGatewayReceiver run
FINE: Attempting to accept a gatewayConnection
Oct 04, 2022 11:01:33 AM edu.yu.cs.com3800.stage5.LeaderGatewayReceiver run
FINE: Success. Attempting to read gatewayRequest
Oct 04, 2022 11:01:33 AM edu.yu.cs.com3800.stage5.LeaderGatewayReceiver run
INFO: Received message from localhost8888
Oct 04, 2022 11:01:33 AM edu.yu.cs.com3800.stage5.LeaderGatewayReceiver run
FINE: Success inserting request ID and socket to map
Oct 04, 2022 11:01:33 AM edu.yu.cs.com3800.stage5.LeaderGatewayReceiver run
FINE: attempting to insert request in leader receiver queue
Oct 04, 2022 11:01:33 AM edu.yu.cs.com3800.stage5.LeaderGatewayReceiver run
INFO: successfully passed message to leader
Oct 04, 2022 11:01:33 AM edu.yu.cs.com3800.stage5.LeaderGatewayReceiver run
FINE: Attempting to accept a gatewayConnection
Oct 04, 2022 11:01:33 AM edu.yu.cs.com3800.stage5.LeaderGatewayReceiver run
FINE: Success. Attempting to read gatewayRequest
Oct 04, 2022 11:01:33 AM edu.yu.cs.com3800.stage5.LeaderGatewayReceiver run
INFO: Received message from localhost8888
Oct 04, 2022 11:01:33 AM edu.yu.cs.com3800.stage5.LeaderGatewayReceiver run
FINE: Success inserting request ID and socket to map
Oct 04, 2022 11:01:33 AM edu.yu.cs.com3800.stage5.LeaderGatewayReceiver run
FINE: attempting to insert request in leader receiver queue
Oct 04, 2022 11:01:33 AM edu.yu.cs.com3800.stage5.LeaderGatewayReceiver run
INFO: successfully passed message to leader
Oct 04, 2022 11:01:33 AM edu.yu.cs.com3800.stage5.LeaderGatewayReceiver run
FINE: Attempting to accept a gatewayConnection
Oct 04, 2022 11:01:33 AM edu.yu.cs.com3800.stage5.LeaderGatewayReceiver run
FINE: Success. Attempting to read gatewayRequest
Oct 04, 2022 11:01:33 AM edu.yu.cs.com3800.stage5.LeaderGatewayReceiver run
INFO: Received message from localhost8888
Oct 04, 2022 11:01:33 AM edu.yu.cs.com3800.stage5.LeaderGatewayReceiver run
FINE: Success inserting request ID and socket to map
Oct 04, 2022 11:01:33 AM edu.yu.cs.com3800.stage5.LeaderGatewayReceiver run
FINE: attempting to insert request in leader receiver queue
Oct 04, 2022 11:01:33 AM edu.yu.cs.com3800.stage5.LeaderGatewayReceiver run
INFO: successfully passed message to leader
Oct 04, 2022 11:01:33 AM edu.yu.cs.com3800.stage5.LeaderGatewayReceiver run
FINE: Attempting to accept a gatewayConnection
Oct 04, 2022 11:01:33 AM edu.yu.cs.com3800.stage5.LeaderGatewayReceiver run
FINE: Success. Attempting to read gatewayRequest
Oct 04, 2022 11:01:33 AM edu.yu.cs.com3800.stage5.LeaderGatewayReceiver run
INFO: Received message from localhost8888
Oct 04, 2022 11:01:33 AM edu.yu.cs.com3800.stage5.LeaderGatewayReceiver run
FINE: Success inserting request ID and socket to map
Oct 04, 2022 11:01:33 AM edu.yu.cs.com3800.stage5.LeaderGatewayReceiver run
FINE: attempting to insert request in leader receiver queue
Oct 04, 2022 11:01:33 AM edu.yu.cs.com3800.stage5.LeaderGatewayReceiver run
INFO: successfully passed message to leader
Oct 04, 2022 11:01:33 AM edu.yu.cs.com3800.stage5.LeaderGatewayReceiver run
FINE: Attempting to accept a gatewayConnection
Oct 04, 2022 11:01:33 AM edu.yu.cs.com3800.stage5.LeaderGatewayReceiver run
FINE: Success. Attempting to read gatewayRequest
Oct 04, 2022 11:01:33 AM edu.yu.cs.com3800.stage5.LeaderGatewayReceiver run
INFO: Received message from localhost8888
Oct 04, 2022 11:01:33 AM edu.yu.cs.com3800.stage5.LeaderGatewayReceiver run
FINE: Success inserting request ID and socket to map
Oct 04, 2022 11:01:33 AM edu.yu.cs.com3800.stage5.LeaderGatewayReceiver run
FINE: attempting to insert request in leader receiver queue
Oct 04, 2022 11:01:33 AM edu.yu.cs.com3800.stage5.LeaderGatewayReceiver run
INFO: successfully passed message to leader
Oct 04, 2022 11:01:33 AM edu.yu.cs.com3800.stage5.LeaderGatewayReceiver run
FINE: Attempting to accept a gatewayConnection
Oct 04, 2022 11:01:33 AM edu.yu.cs.com3800.stage5.LeaderGatewayReceiver run
FINE: Success. Attempting to read gatewayRequest
Oct 04, 2022 11:01:33 AM edu.yu.cs.com3800.stage5.LeaderGatewayReceiver run
INFO: Received message from localhost8888
Oct 04, 2022 11:01:33 AM edu.yu.cs.com3800.stage5.LeaderGatewayReceiver run
FINE: Success inserting request ID and socket to map
Oct 04, 2022 11:01:33 AM edu.yu.cs.com3800.stage5.LeaderGatewayReceiver run
FINE: attempting to insert request in leader receiver queue
Oct 04, 2022 11:01:33 AM edu.yu.cs.com3800.stage5.LeaderGatewayReceiver run
INFO: successfully passed message to leader
Oct 04, 2022 11:01:33 AM edu.yu.cs.com3800.stage5.LeaderGatewayReceiver run
FINE: Attempting to accept a gatewayConnection
Oct 04, 2022 11:02:26 AM edu.yu.cs.com3800.stage5.LeaderGatewayReceiver run
FINE: Success. Attempting to read gatewayRequest
Oct 04, 2022 11:02:26 AM edu.yu.cs.com3800.stage5.LeaderGatewayReceiver run
INFO: Received message from localhost8888
Oct 04, 2022 11:02:26 AM edu.yu.cs.com3800.stage5.LeaderGatewayReceiver run
FINE: Success inserting request ID and socket to map
Oct 04, 2022 11:02:26 AM edu.yu.cs.com3800.stage5.LeaderGatewayReceiver run
FINE: attempting to insert request in leader receiver queue
Oct 04, 2022 11:02:26 AM edu.yu.cs.com3800.stage5.LeaderGatewayReceiver run
INFO: successfully passed message to leader
Oct 04, 2022 11:02:26 AM edu.yu.cs.com3800.stage5.LeaderGatewayReceiver run
FINE: Attempting to accept a gatewayConnection
Oct 04, 2022 11:02:27 AM edu.yu.cs.com3800.stage5.LeaderGatewayReceiver run
FINE: Success. Attempting to read gatewayRequest
Oct 04, 2022 11:02:27 AM edu.yu.cs.com3800.stage5.LeaderGatewayReceiver run
INFO: Received message from localhost8888
Oct 04, 2022 11:02:27 AM edu.yu.cs.com3800.stage5.LeaderGatewayReceiver run
FINE: Success inserting request ID and socket to map
Oct 04, 2022 11:02:27 AM edu.yu.cs.com3800.stage5.LeaderGatewayReceiver run
FINE: attempting to insert request in leader receiver queue
Oct 04, 2022 11:02:27 AM edu.yu.cs.com3800.stage5.LeaderGatewayReceiver run
INFO: successfully passed message to leader
Oct 04, 2022 11:02:27 AM edu.yu.cs.com3800.stage5.LeaderGatewayReceiver run
FINE: Attempting to accept a gatewayConnection
Oct 04, 2022 11:02:27 AM edu.yu.cs.com3800.stage5.LeaderGatewayReceiver run
FINE: Success. Attempting to read gatewayRequest
Oct 04, 2022 11:02:27 AM edu.yu.cs.com3800.stage5.LeaderGatewayReceiver run
INFO: Received message from localhost8888
Oct 04, 2022 11:02:27 AM edu.yu.cs.com3800.stage5.LeaderGatewayReceiver run
FINE: Success inserting request ID and socket to map
Oct 04, 2022 11:02:27 AM edu.yu.cs.com3800.stage5.LeaderGatewayReceiver run
FINE: attempting to insert request in leader receiver queue
Oct 04, 2022 11:02:27 AM edu.yu.cs.com3800.stage5.LeaderGatewayReceiver run
INFO: successfully passed message to leader
Oct 04, 2022 11:02:27 AM edu.yu.cs.com3800.stage5.LeaderGatewayReceiver run
FINE: Attempting to accept a gatewayConnection
Oct 04, 2022 11:02:27 AM edu.yu.cs.com3800.stage5.LeaderGatewayReceiver run
FINE: Success. Attempting to read gatewayRequest
Oct 04, 2022 11:02:27 AM edu.yu.cs.com3800.stage5.LeaderGatewayReceiver run
INFO: Received message from localhost8888
Oct 04, 2022 11:02:27 AM edu.yu.cs.com3800.stage5.LeaderGatewayReceiver run
FINE: Success inserting request ID and socket to map
Oct 04, 2022 11:02:27 AM edu.yu.cs.com3800.stage5.LeaderGatewayReceiver run
FINE: attempting to insert request in leader receiver queue
Oct 04, 2022 11:02:27 AM edu.yu.cs.com3800.stage5.LeaderGatewayReceiver run
INFO: successfully passed message to leader
Oct 04, 2022 11:02:27 AM edu.yu.cs.com3800.stage5.LeaderGatewayReceiver run
FINE: Attempting to accept a gatewayConnection
Oct 04, 2022 11:02:27 AM edu.yu.cs.com3800.stage5.LeaderGatewayReceiver run
FINE: Success. Attempting to read gatewayRequest
Oct 04, 2022 11:02:27 AM edu.yu.cs.com3800.stage5.LeaderGatewayReceiver run
INFO: Received message from localhost8888
Oct 04, 2022 11:02:27 AM edu.yu.cs.com3800.stage5.LeaderGatewayReceiver run
FINE: Success inserting request ID and socket to map
Oct 04, 2022 11:02:27 AM edu.yu.cs.com3800.stage5.LeaderGatewayReceiver run
FINE: attempting to insert request in leader receiver queue
Oct 04, 2022 11:02:27 AM edu.yu.cs.com3800.stage5.LeaderGatewayReceiver run
INFO: successfully passed message to leader
Oct 04, 2022 11:02:27 AM edu.yu.cs.com3800.stage5.LeaderGatewayReceiver run
FINE: Attempting to accept a gatewayConnection
Oct 04, 2022 11:02:27 AM edu.yu.cs.com3800.stage5.LeaderGatewayReceiver run
FINE: Success. Attempting to read gatewayRequest
Oct 04, 2022 11:02:27 AM edu.yu.cs.com3800.stage5.LeaderGatewayReceiver run
INFO: Received message from localhost8888
Oct 04, 2022 11:02:27 AM edu.yu.cs.com3800.stage5.LeaderGatewayReceiver run
FINE: Success inserting request ID and socket to map
Oct 04, 2022 11:02:27 AM edu.yu.cs.com3800.stage5.LeaderGatewayReceiver run
FINE: attempting to insert request in leader receiver queue
Oct 04, 2022 11:02:27 AM edu.yu.cs.com3800.stage5.LeaderGatewayReceiver run
INFO: successfully passed message to leader
Oct 04, 2022 11:02:27 AM edu.yu.cs.com3800.stage5.LeaderGatewayReceiver run
FINE: Attempting to accept a gatewayConnection
Oct 04, 2022 11:02:27 AM edu.yu.cs.com3800.stage5.LeaderGatewayReceiver run
FINE: Success. Attempting to read gatewayRequest
Oct 04, 2022 11:02:27 AM edu.yu.cs.com3800.stage5.LeaderGatewayReceiver run
INFO: Received message from localhost8888
Oct 04, 2022 11:02:27 AM edu.yu.cs.com3800.stage5.LeaderGatewayReceiver run
FINE: Success inserting request ID and socket to map
Oct 04, 2022 11:02:27 AM edu.yu.cs.com3800.stage5.LeaderGatewayReceiver run
FINE: attempting to insert request in leader receiver queue
Oct 04, 2022 11:02:27 AM edu.yu.cs.com3800.stage5.LeaderGatewayReceiver run
INFO: successfully passed message to leader
Oct 04, 2022 11:02:27 AM edu.yu.cs.com3800.stage5.LeaderGatewayReceiver run
FINE: Attempting to accept a gatewayConnection
Oct 04, 2022 11:02:27 AM edu.yu.cs.com3800.stage5.LeaderGatewayReceiver run
FINE: Success. Attempting to read gatewayRequest
Oct 04, 2022 11:02:27 AM edu.yu.cs.com3800.stage5.LeaderGatewayReceiver run
INFO: Received message from localhost8888
Oct 04, 2022 11:02:27 AM edu.yu.cs.com3800.stage5.LeaderGatewayReceiver run
FINE: Success inserting request ID and socket to map
Oct 04, 2022 11:02:27 AM edu.yu.cs.com3800.stage5.LeaderGatewayReceiver run
FINE: attempting to insert request in leader receiver queue
Oct 04, 2022 11:02:27 AM edu.yu.cs.com3800.stage5.LeaderGatewayReceiver run
INFO: successfully passed message to leader
Oct 04, 2022 11:02:27 AM edu.yu.cs.com3800.stage5.LeaderGatewayReceiver run
FINE: Attempting to accept a gatewayConnection
Oct 04, 2022 11:02:27 AM edu.yu.cs.com3800.stage5.LeaderGatewayReceiver run
FINE: Success. Attempting to read gatewayRequest
Oct 04, 2022 11:02:27 AM edu.yu.cs.com3800.stage5.LeaderGatewayReceiver run
INFO: Received message from localhost8888
Oct 04, 2022 11:02:27 AM edu.yu.cs.com3800.stage5.LeaderGatewayReceiver run
FINE: Success inserting request ID and socket to map
Oct 04, 2022 11:02:27 AM edu.yu.cs.com3800.stage5.LeaderGatewayReceiver run
FINE: attempting to insert request in leader receiver queue
Oct 04, 2022 11:02:27 AM edu.yu.cs.com3800.stage5.LeaderGatewayReceiver run
INFO: successfully passed message to leader
Oct 04, 2022 11:02:27 AM edu.yu.cs.com3800.stage5.LeaderGatewayReceiver run
FINE: Attempting to accept a gatewayConnection
Oct 04, 2022 11:02:27 AM edu.yu.cs.com3800.stage5.LeaderGatewayReceiver run
FINE: Success. Attempting to read gatewayRequest
Oct 04, 2022 11:02:27 AM edu.yu.cs.com3800.stage5.LeaderGatewayReceiver run
INFO: Received message from localhost8888
Oct 04, 2022 11:02:27 AM edu.yu.cs.com3800.stage5.LeaderGatewayReceiver run
FINE: Success inserting request ID and socket to map
Oct 04, 2022 11:02:27 AM edu.yu.cs.com3800.stage5.LeaderGatewayReceiver run
FINE: attempting to insert request in leader receiver queue
Oct 04, 2022 11:02:27 AM edu.yu.cs.com3800.stage5.LeaderGatewayReceiver run
INFO: successfully passed message to leader
Oct 04, 2022 11:02:27 AM edu.yu.cs.com3800.stage5.LeaderGatewayReceiver run
FINE: Attempting to accept a gatewayConnection
Oct 04, 2022 11:02:27 AM edu.yu.cs.com3800.stage5.LeaderGatewayReceiver run
FINE: Success. Attempting to read gatewayRequest
Oct 04, 2022 11:02:27 AM edu.yu.cs.com3800.stage5.LeaderGatewayReceiver run
INFO: Received message from localhost8888
Oct 04, 2022 11:02:27 AM edu.yu.cs.com3800.stage5.LeaderGatewayReceiver run
FINE: Success inserting request ID and socket to map
Oct 04, 2022 11:02:27 AM edu.yu.cs.com3800.stage5.LeaderGatewayReceiver run
FINE: attempting to insert request in leader receiver queue
Oct 04, 2022 11:02:27 AM edu.yu.cs.com3800.stage5.LeaderGatewayReceiver run
INFO: successfully passed message to leader
Oct 04, 2022 11:02:27 AM edu.yu.cs.com3800.stage5.LeaderGatewayReceiver run
FINE: Attempting to accept a gatewayConnection
Oct 04, 2022 11:02:27 AM edu.yu.cs.com3800.stage5.LeaderGatewayReceiver run
FINE: Success. Attempting to read gatewayRequest
Oct 04, 2022 11:02:27 AM edu.yu.cs.com3800.stage5.LeaderGatewayReceiver run
INFO: Received message from localhost8888
Oct 04, 2022 11:02:27 AM edu.yu.cs.com3800.stage5.LeaderGatewayReceiver run
FINE: Success inserting request ID and socket to map
Oct 04, 2022 11:02:27 AM edu.yu.cs.com3800.stage5.LeaderGatewayReceiver run
FINE: attempting to insert request in leader receiver queue
Oct 04, 2022 11:02:27 AM edu.yu.cs.com3800.stage5.LeaderGatewayReceiver run
INFO: successfully passed message to leader
Oct 04, 2022 11:02:27 AM edu.yu.cs.com3800.stage5.LeaderGatewayReceiver run
FINE: Attempting to accept a gatewayConnection
Oct 04, 2022 11:02:27 AM edu.yu.cs.com3800.stage5.LeaderGatewayReceiver run
FINE: Success. Attempting to read gatewayRequest
Oct 04, 2022 11:02:27 AM edu.yu.cs.com3800.stage5.LeaderGatewayReceiver run
INFO: Received message from localhost8888
Oct 04, 2022 11:02:27 AM edu.yu.cs.com3800.stage5.LeaderGatewayReceiver run
FINE: Success inserting request ID and socket to map
Oct 04, 2022 11:02:27 AM edu.yu.cs.com3800.stage5.LeaderGatewayReceiver run
FINE: attempting to insert request in leader receiver queue
Oct 04, 2022 11:02:27 AM edu.yu.cs.com3800.stage5.LeaderGatewayReceiver run
INFO: successfully passed message to leader
Oct 04, 2022 11:02:27 AM edu.yu.cs.com3800.stage5.LeaderGatewayReceiver run
FINE: Attempting to accept a gatewayConnection
Oct 04, 2022 11:02:27 AM edu.yu.cs.com3800.stage5.LeaderGatewayReceiver run
FINE: Success. Attempting to read gatewayRequest
Oct 04, 2022 11:02:27 AM edu.yu.cs.com3800.stage5.LeaderGatewayReceiver run
INFO: Received message from localhost8888
Oct 04, 2022 11:02:27 AM edu.yu.cs.com3800.stage5.LeaderGatewayReceiver run
FINE: Success inserting request ID and socket to map
Oct 04, 2022 11:02:27 AM edu.yu.cs.com3800.stage5.LeaderGatewayReceiver run
FINE: attempting to insert request in leader receiver queue
Oct 04, 2022 11:02:27 AM edu.yu.cs.com3800.stage5.LeaderGatewayReceiver run
INFO: successfully passed message to leader
Oct 04, 2022 11:02:27 AM edu.yu.cs.com3800.stage5.LeaderGatewayReceiver run
FINE: Attempting to accept a gatewayConnection
Oct 04, 2022 11:02:27 AM edu.yu.cs.com3800.stage5.LeaderGatewayReceiver run
FINE: Success. Attempting to read gatewayRequest
Oct 04, 2022 11:02:27 AM edu.yu.cs.com3800.stage5.LeaderGatewayReceiver run
INFO: Received message from localhost8888
Oct 04, 2022 11:02:27 AM edu.yu.cs.com3800.stage5.LeaderGatewayReceiver run
FINE: Success inserting request ID and socket to map
Oct 04, 2022 11:02:27 AM edu.yu.cs.com3800.stage5.LeaderGatewayReceiver run
FINE: attempting to insert request in leader receiver queue
Oct 04, 2022 11:02:27 AM edu.yu.cs.com3800.stage5.LeaderGatewayReceiver run
INFO: successfully passed message to leader
Oct 04, 2022 11:02:27 AM edu.yu.cs.com3800.stage5.LeaderGatewayReceiver run
FINE: Attempting to accept a gatewayConnection
Oct 04, 2022 11:02:29 AM edu.yu.cs.com3800.stage5.LeaderGatewayReceiver run
FINE: Success. Attempting to read gatewayRequest
Oct 04, 2022 11:02:29 AM edu.yu.cs.com3800.stage5.LeaderGatewayReceiver run
INFO: Received message from localhost8888
Oct 04, 2022 11:02:29 AM edu.yu.cs.com3800.stage5.LeaderGatewayReceiver run
FINE: Success inserting request ID and socket to map
Oct 04, 2022 11:02:29 AM edu.yu.cs.com3800.stage5.LeaderGatewayReceiver run
FINE: attempting to insert request in leader receiver queue
Oct 04, 2022 11:02:29 AM edu.yu.cs.com3800.stage5.LeaderGatewayReceiver run
INFO: successfully passed message to leader
Oct 04, 2022 11:02:29 AM edu.yu.cs.com3800.stage5.LeaderGatewayReceiver run
FINE: Attempting to accept a gatewayConnection
Oct 04, 2022 11:02:30 AM edu.yu.cs.com3800.stage5.LeaderGatewayReceiver run
FINE: Success. Attempting to read gatewayRequest
Oct 04, 2022 11:02:30 AM edu.yu.cs.com3800.stage5.LeaderGatewayReceiver run
INFO: Received message from localhost8888
Oct 04, 2022 11:02:30 AM edu.yu.cs.com3800.stage5.LeaderGatewayReceiver run
FINE: Success inserting request ID and socket to map
Oct 04, 2022 11:02:30 AM edu.yu.cs.com3800.stage5.LeaderGatewayReceiver run
FINE: attempting to insert request in leader receiver queue
Oct 04, 2022 11:02:30 AM edu.yu.cs.com3800.stage5.LeaderGatewayReceiver run
INFO: successfully passed message to leader
Oct 04, 2022 11:02:30 AM edu.yu.cs.com3800.stage5.LeaderGatewayReceiver run
FINE: Attempting to accept a gatewayConnection
Oct 04, 2022 11:02:31 AM edu.yu.cs.com3800.stage5.LeaderGatewayReceiver run
FINE: Success. Attempting to read gatewayRequest
Oct 04, 2022 11:02:31 AM edu.yu.cs.com3800.stage5.LeaderGatewayReceiver run
INFO: Received message from localhost8888
Oct 04, 2022 11:02:31 AM edu.yu.cs.com3800.stage5.LeaderGatewayReceiver run
FINE: Success inserting request ID and socket to map
Oct 04, 2022 11:02:31 AM edu.yu.cs.com3800.stage5.LeaderGatewayReceiver run
FINE: attempting to insert request in leader receiver queue
Oct 04, 2022 11:02:31 AM edu.yu.cs.com3800.stage5.LeaderGatewayReceiver run
INFO: successfully passed message to leader
Oct 04, 2022 11:02:31 AM edu.yu.cs.com3800.stage5.LeaderGatewayReceiver run
FINE: Attempting to accept a gatewayConnection
Oct 04, 2022 11:02:31 AM edu.yu.cs.com3800.stage5.LeaderGatewayReceiver run
FINE: Success. Attempting to read gatewayRequest
Oct 04, 2022 11:02:31 AM edu.yu.cs.com3800.stage5.LeaderGatewayReceiver run
INFO: Received message from localhost8888
Oct 04, 2022 11:02:31 AM edu.yu.cs.com3800.stage5.LeaderGatewayReceiver run
FINE: Success inserting request ID and socket to map
Oct 04, 2022 11:02:31 AM edu.yu.cs.com3800.stage5.LeaderGatewayReceiver run
FINE: attempting to insert request in leader receiver queue
Oct 04, 2022 11:02:31 AM edu.yu.cs.com3800.stage5.LeaderGatewayReceiver run
INFO: successfully passed message to leader
Oct 04, 2022 11:02:31 AM edu.yu.cs.com3800.stage5.LeaderGatewayReceiver run
FINE: Attempting to accept a gatewayConnection
Oct 04, 2022 11:02:31 AM edu.yu.cs.com3800.stage5.LeaderGatewayReceiver run
FINE: Success. Attempting to read gatewayRequest
Oct 04, 2022 11:02:31 AM edu.yu.cs.com3800.stage5.LeaderGatewayReceiver run
INFO: Received message from localhost8888
Oct 04, 2022 11:02:31 AM edu.yu.cs.com3800.stage5.LeaderGatewayReceiver run
FINE: Success inserting request ID and socket to map
Oct 04, 2022 11:02:31 AM edu.yu.cs.com3800.stage5.LeaderGatewayReceiver run
FINE: attempting to insert request in leader receiver queue
Oct 04, 2022 11:02:31 AM edu.yu.cs.com3800.stage5.LeaderGatewayReceiver run
INFO: successfully passed message to leader
Oct 04, 2022 11:02:31 AM edu.yu.cs.com3800.stage5.LeaderGatewayReceiver run
FINE: Attempting to accept a gatewayConnection
Oct 04, 2022 11:02:31 AM edu.yu.cs.com3800.stage5.LeaderGatewayReceiver run
FINE: Success. Attempting to read gatewayRequest
Oct 04, 2022 11:02:31 AM edu.yu.cs.com3800.stage5.LeaderGatewayReceiver run
INFO: Received message from localhost8888
Oct 04, 2022 11:02:31 AM edu.yu.cs.com3800.stage5.LeaderGatewayReceiver run
FINE: Success inserting request ID and socket to map
Oct 04, 2022 11:02:31 AM edu.yu.cs.com3800.stage5.LeaderGatewayReceiver run
FINE: attempting to insert request in leader receiver queue
Oct 04, 2022 11:02:31 AM edu.yu.cs.com3800.stage5.LeaderGatewayReceiver run
INFO: successfully passed message to leader
Oct 04, 2022 11:02:31 AM edu.yu.cs.com3800.stage5.LeaderGatewayReceiver run
FINE: Attempting to accept a gatewayConnection
Oct 04, 2022 11:02:31 AM edu.yu.cs.com3800.stage5.LeaderGatewayReceiver run
FINE: Success. Attempting to read gatewayRequest
Oct 04, 2022 11:02:31 AM edu.yu.cs.com3800.stage5.LeaderGatewayReceiver run
INFO: Received message from localhost8888
Oct 04, 2022 11:02:31 AM edu.yu.cs.com3800.stage5.LeaderGatewayReceiver run
FINE: Success inserting request ID and socket to map
Oct 04, 2022 11:02:31 AM edu.yu.cs.com3800.stage5.LeaderGatewayReceiver run
FINE: attempting to insert request in leader receiver queue
Oct 04, 2022 11:02:31 AM edu.yu.cs.com3800.stage5.LeaderGatewayReceiver run
INFO: successfully passed message to leader
Oct 04, 2022 11:02:31 AM edu.yu.cs.com3800.stage5.LeaderGatewayReceiver run
FINE: Attempting to accept a gatewayConnection
Oct 04, 2022 11:02:31 AM edu.yu.cs.com3800.stage5.LeaderGatewayReceiver run
FINE: Success. Attempting to read gatewayRequest
Oct 04, 2022 11:02:31 AM edu.yu.cs.com3800.stage5.LeaderGatewayReceiver run
INFO: Received message from localhost8888
Oct 04, 2022 11:02:31 AM edu.yu.cs.com3800.stage5.LeaderGatewayReceiver run
FINE: Success inserting request ID and socket to map
Oct 04, 2022 11:02:31 AM edu.yu.cs.com3800.stage5.LeaderGatewayReceiver run
FINE: attempting to insert request in leader receiver queue
Oct 04, 2022 11:02:31 AM edu.yu.cs.com3800.stage5.LeaderGatewayReceiver run
INFO: successfully passed message to leader
Oct 04, 2022 11:02:31 AM edu.yu.cs.com3800.stage5.LeaderGatewayReceiver run
FINE: Attempting to accept a gatewayConnection
Oct 04, 2022 11:02:31 AM edu.yu.cs.com3800.stage5.LeaderGatewayReceiver run
FINE: Success. Attempting to read gatewayRequest
Oct 04, 2022 11:02:31 AM edu.yu.cs.com3800.stage5.LeaderGatewayReceiver run
INFO: Received message from localhost8888
Oct 04, 2022 11:02:31 AM edu.yu.cs.com3800.stage5.LeaderGatewayReceiver run
FINE: Success inserting request ID and socket to map
Oct 04, 2022 11:02:31 AM edu.yu.cs.com3800.stage5.LeaderGatewayReceiver run
FINE: attempting to insert request in leader receiver queue
Oct 04, 2022 11:02:31 AM edu.yu.cs.com3800.stage5.LeaderGatewayReceiver run
INFO: successfully passed message to leader
Oct 04, 2022 11:02:31 AM edu.yu.cs.com3800.stage5.LeaderGatewayReceiver run
FINE: Attempting to accept a gatewayConnection
Oct 04, 2022 11:02:32 AM edu.yu.cs.com3800.stage5.LeaderGatewayReceiver run
FINE: Success. Attempting to read gatewayRequest
Oct 04, 2022 11:02:32 AM edu.yu.cs.com3800.stage5.LeaderGatewayReceiver run
INFO: Received message from localhost8888
Oct 04, 2022 11:02:32 AM edu.yu.cs.com3800.stage5.LeaderGatewayReceiver run
FINE: Success inserting request ID and socket to map
Oct 04, 2022 11:02:32 AM edu.yu.cs.com3800.stage5.LeaderGatewayReceiver run
FINE: attempting to insert request in leader receiver queue
Oct 04, 2022 11:02:32 AM edu.yu.cs.com3800.stage5.LeaderGatewayReceiver run
INFO: successfully passed message to leader
Oct 04, 2022 11:02:32 AM edu.yu.cs.com3800.stage5.LeaderGatewayReceiver run
FINE: Attempting to accept a gatewayConnection
Oct 04, 2022 11:02:32 AM edu.yu.cs.com3800.stage5.LeaderGatewayReceiver run
FINE: Success. Attempting to read gatewayRequest
Oct 04, 2022 11:02:32 AM edu.yu.cs.com3800.stage5.LeaderGatewayReceiver run
INFO: Received message from localhost8888
Oct 04, 2022 11:02:32 AM edu.yu.cs.com3800.stage5.LeaderGatewayReceiver run
FINE: Success inserting request ID and socket to map
Oct 04, 2022 11:02:32 AM edu.yu.cs.com3800.stage5.LeaderGatewayReceiver run
FINE: attempting to insert request in leader receiver queue
Oct 04, 2022 11:02:32 AM edu.yu.cs.com3800.stage5.LeaderGatewayReceiver run
INFO: successfully passed message to leader
Oct 04, 2022 11:02:32 AM edu.yu.cs.com3800.stage5.LeaderGatewayReceiver run
FINE: Attempting to accept a gatewayConnection
Oct 04, 2022 11:02:32 AM edu.yu.cs.com3800.stage5.LeaderGatewayReceiver run
FINE: Success. Attempting to read gatewayRequest
Oct 04, 2022 11:02:32 AM edu.yu.cs.com3800.stage5.LeaderGatewayReceiver run
INFO: Received message from localhost8888
Oct 04, 2022 11:02:32 AM edu.yu.cs.com3800.stage5.LeaderGatewayReceiver run
FINE: Success inserting request ID and socket to map
Oct 04, 2022 11:02:32 AM edu.yu.cs.com3800.stage5.LeaderGatewayReceiver run
FINE: attempting to insert request in leader receiver queue
Oct 04, 2022 11:02:32 AM edu.yu.cs.com3800.stage5.LeaderGatewayReceiver run
INFO: successfully passed message to leader
Oct 04, 2022 11:02:32 AM edu.yu.cs.com3800.stage5.LeaderGatewayReceiver run
FINE: Attempting to accept a gatewayConnection
Oct 04, 2022 11:02:32 AM edu.yu.cs.com3800.stage5.LeaderGatewayReceiver run
FINE: Success. Attempting to read gatewayRequest
Oct 04, 2022 11:02:32 AM edu.yu.cs.com3800.stage5.LeaderGatewayReceiver run
INFO: Received message from localhost8888
Oct 04, 2022 11:02:32 AM edu.yu.cs.com3800.stage5.LeaderGatewayReceiver run
FINE: Success inserting request ID and socket to map
Oct 04, 2022 11:02:32 AM edu.yu.cs.com3800.stage5.LeaderGatewayReceiver run
FINE: attempting to insert request in leader receiver queue
Oct 04, 2022 11:02:32 AM edu.yu.cs.com3800.stage5.LeaderGatewayReceiver run
INFO: successfully passed message to leader
Oct 04, 2022 11:02:32 AM edu.yu.cs.com3800.stage5.LeaderGatewayReceiver run
FINE: Attempting to accept a gatewayConnection
Oct 04, 2022 11:02:32 AM edu.yu.cs.com3800.stage5.LeaderGatewayReceiver run
FINE: Success. Attempting to read gatewayRequest
Oct 04, 2022 11:02:32 AM edu.yu.cs.com3800.stage5.LeaderGatewayReceiver run
INFO: Received message from localhost8888
Oct 04, 2022 11:02:32 AM edu.yu.cs.com3800.stage5.LeaderGatewayReceiver run
FINE: Success inserting request ID and socket to map
Oct 04, 2022 11:02:32 AM edu.yu.cs.com3800.stage5.LeaderGatewayReceiver run
FINE: attempting to insert request in leader receiver queue
Oct 04, 2022 11:02:32 AM edu.yu.cs.com3800.stage5.LeaderGatewayReceiver run
INFO: successfully passed message to leader
Oct 04, 2022 11:02:32 AM edu.yu.cs.com3800.stage5.LeaderGatewayReceiver run
FINE: Attempting to accept a gatewayConnection
Oct 04, 2022 11:02:32 AM edu.yu.cs.com3800.stage5.LeaderGatewayReceiver run
FINE: Success. Attempting to read gatewayRequest
Oct 04, 2022 11:02:32 AM edu.yu.cs.com3800.stage5.LeaderGatewayReceiver run
INFO: Received message from localhost8888
Oct 04, 2022 11:02:32 AM edu.yu.cs.com3800.stage5.LeaderGatewayReceiver run
FINE: Success inserting request ID and socket to map
Oct 04, 2022 11:02:32 AM edu.yu.cs.com3800.stage5.LeaderGatewayReceiver run
FINE: attempting to insert request in leader receiver queue
Oct 04, 2022 11:02:32 AM edu.yu.cs.com3800.stage5.LeaderGatewayReceiver run
INFO: successfully passed message to leader
Oct 04, 2022 11:02:32 AM edu.yu.cs.com3800.stage5.LeaderGatewayReceiver run
FINE: Attempting to accept a gatewayConnection
Oct 04, 2022 11:02:32 AM edu.yu.cs.com3800.stage5.LeaderGatewayReceiver run
FINE: Success. Attempting to read gatewayRequest
Oct 04, 2022 11:02:32 AM edu.yu.cs.com3800.stage5.LeaderGatewayReceiver run
INFO: Received message from localhost8888
Oct 04, 2022 11:02:32 AM edu.yu.cs.com3800.stage5.LeaderGatewayReceiver run
FINE: Success inserting request ID and socket to map
Oct 04, 2022 11:02:32 AM edu.yu.cs.com3800.stage5.LeaderGatewayReceiver run
FINE: attempting to insert request in leader receiver queue
Oct 04, 2022 11:02:32 AM edu.yu.cs.com3800.stage5.LeaderGatewayReceiver run
INFO: successfully passed message to leader
Oct 04, 2022 11:02:32 AM edu.yu.cs.com3800.stage5.LeaderGatewayReceiver run
FINE: Attempting to accept a gatewayConnection
Oct 04, 2022 11:02:32 AM edu.yu.cs.com3800.stage5.LeaderGatewayReceiver run
FINE: Success. Attempting to read gatewayRequest
Oct 04, 2022 11:02:32 AM edu.yu.cs.com3800.stage5.LeaderGatewayReceiver run
INFO: Received message from localhost8888
Oct 04, 2022 11:02:32 AM edu.yu.cs.com3800.stage5.LeaderGatewayReceiver run
FINE: Success inserting request ID and socket to map
Oct 04, 2022 11:02:32 AM edu.yu.cs.com3800.stage5.LeaderGatewayReceiver run
FINE: attempting to insert request in leader receiver queue
Oct 04, 2022 11:02:32 AM edu.yu.cs.com3800.stage5.LeaderGatewayReceiver run
INFO: successfully passed message to leader
Oct 04, 2022 11:02:32 AM edu.yu.cs.com3800.stage5.LeaderGatewayReceiver run
FINE: Attempting to accept a gatewayConnection
Oct 04, 2022 11:02:33 AM edu.yu.cs.com3800.stage5.LeaderGatewayReceiver run
FINE: Success. Attempting to read gatewayRequest
Oct 04, 2022 11:02:33 AM edu.yu.cs.com3800.stage5.LeaderGatewayReceiver run
INFO: Received message from localhost8888
Oct 04, 2022 11:02:33 AM edu.yu.cs.com3800.stage5.LeaderGatewayReceiver run
FINE: Success inserting request ID and socket to map
Oct 04, 2022 11:02:33 AM edu.yu.cs.com3800.stage5.LeaderGatewayReceiver run
FINE: attempting to insert request in leader receiver queue
Oct 04, 2022 11:02:33 AM edu.yu.cs.com3800.stage5.LeaderGatewayReceiver run
INFO: successfully passed message to leader
Oct 04, 2022 11:02:33 AM edu.yu.cs.com3800.stage5.LeaderGatewayReceiver run
FINE: Attempting to accept a gatewayConnection
Oct 04, 2022 11:02:34 AM edu.yu.cs.com3800.stage5.LeaderGatewayReceiver run
FINE: Success. Attempting to read gatewayRequest
Oct 04, 2022 11:02:34 AM edu.yu.cs.com3800.stage5.LeaderGatewayReceiver run
INFO: Received message from localhost8888
Oct 04, 2022 11:02:34 AM edu.yu.cs.com3800.stage5.LeaderGatewayReceiver run
FINE: Success inserting request ID and socket to map
Oct 04, 2022 11:02:34 AM edu.yu.cs.com3800.stage5.LeaderGatewayReceiver run
FINE: attempting to insert request in leader receiver queue
Oct 04, 2022 11:02:34 AM edu.yu.cs.com3800.stage5.LeaderGatewayReceiver run
INFO: successfully passed message to leader
Oct 04, 2022 11:02:34 AM edu.yu.cs.com3800.stage5.LeaderGatewayReceiver run
FINE: Attempting to accept a gatewayConnection
Oct 04, 2022 11:02:36 AM edu.yu.cs.com3800.stage5.LeaderGatewayReceiver run
FINE: Success. Attempting to read gatewayRequest
Oct 04, 2022 11:02:36 AM edu.yu.cs.com3800.stage5.LeaderGatewayReceiver run
INFO: Received message from localhost8888
Oct 04, 2022 11:02:36 AM edu.yu.cs.com3800.stage5.LeaderGatewayReceiver run
FINE: Success inserting request ID and socket to map
Oct 04, 2022 11:02:36 AM edu.yu.cs.com3800.stage5.LeaderGatewayReceiver run
FINE: attempting to insert request in leader receiver queue
Oct 04, 2022 11:02:36 AM edu.yu.cs.com3800.stage5.LeaderGatewayReceiver run
INFO: successfully passed message to leader
Oct 04, 2022 11:02:36 AM edu.yu.cs.com3800.stage5.LeaderGatewayReceiver run
FINE: Attempting to accept a gatewayConnection
Oct 04, 2022 11:02:37 AM edu.yu.cs.com3800.stage5.LeaderGatewayReceiver run
FINE: Success. Attempting to read gatewayRequest
Oct 04, 2022 11:02:37 AM edu.yu.cs.com3800.stage5.LeaderGatewayReceiver run
INFO: Received message from localhost8888
Oct 04, 2022 11:02:37 AM edu.yu.cs.com3800.stage5.LeaderGatewayReceiver run
FINE: Success inserting request ID and socket to map
Oct 04, 2022 11:02:37 AM edu.yu.cs.com3800.stage5.LeaderGatewayReceiver run
FINE: attempting to insert request in leader receiver queue
Oct 04, 2022 11:02:37 AM edu.yu.cs.com3800.stage5.LeaderGatewayReceiver run
INFO: successfully passed message to leader
Oct 04, 2022 11:02:37 AM edu.yu.cs.com3800.stage5.LeaderGatewayReceiver run
FINE: Attempting to accept a gatewayConnection
Oct 04, 2022 11:02:38 AM edu.yu.cs.com3800.stage5.LeaderGatewayReceiver run
FINE: Success. Attempting to read gatewayRequest
Oct 04, 2022 11:02:38 AM edu.yu.cs.com3800.stage5.LeaderGatewayReceiver run
INFO: Received message from localhost8888
Oct 04, 2022 11:02:38 AM edu.yu.cs.com3800.stage5.LeaderGatewayReceiver run
FINE: Success inserting request ID and socket to map
Oct 04, 2022 11:02:38 AM edu.yu.cs.com3800.stage5.LeaderGatewayReceiver run
FINE: attempting to insert request in leader receiver queue
Oct 04, 2022 11:02:38 AM edu.yu.cs.com3800.stage5.LeaderGatewayReceiver run
INFO: successfully passed message to leader
Oct 04, 2022 11:02:38 AM edu.yu.cs.com3800.stage5.LeaderGatewayReceiver run
FINE: Attempting to accept a gatewayConnection
Oct 04, 2022 11:02:39 AM edu.yu.cs.com3800.stage5.LeaderGatewayReceiver run
FINE: Success. Attempting to read gatewayRequest
Oct 04, 2022 11:02:39 AM edu.yu.cs.com3800.stage5.LeaderGatewayReceiver run
INFO: Received message from localhost8888
Oct 04, 2022 11:02:39 AM edu.yu.cs.com3800.stage5.LeaderGatewayReceiver run
FINE: Success inserting request ID and socket to map
Oct 04, 2022 11:02:39 AM edu.yu.cs.com3800.stage5.LeaderGatewayReceiver run
FINE: attempting to insert request in leader receiver queue
Oct 04, 2022 11:02:39 AM edu.yu.cs.com3800.stage5.LeaderGatewayReceiver run
INFO: successfully passed message to leader
Oct 04, 2022 11:02:39 AM edu.yu.cs.com3800.stage5.LeaderGatewayReceiver run
FINE: Attempting to accept a gatewayConnection
Oct 04, 2022 11:02:40 AM edu.yu.cs.com3800.stage5.LeaderGatewayReceiver run
FINE: Success. Attempting to read gatewayRequest
Oct 04, 2022 11:02:40 AM edu.yu.cs.com3800.stage5.LeaderGatewayReceiver run
INFO: Received message from localhost8888
Oct 04, 2022 11:02:40 AM edu.yu.cs.com3800.stage5.LeaderGatewayReceiver run
FINE: Success inserting request ID and socket to map
Oct 04, 2022 11:02:40 AM edu.yu.cs.com3800.stage5.LeaderGatewayReceiver run
FINE: attempting to insert request in leader receiver queue
Oct 04, 2022 11:02:40 AM edu.yu.cs.com3800.stage5.LeaderGatewayReceiver run
INFO: successfully passed message to leader
Oct 04, 2022 11:02:40 AM edu.yu.cs.com3800.stage5.LeaderGatewayReceiver run
FINE: Attempting to accept a gatewayConnection
Oct 04, 2022 11:02:41 AM edu.yu.cs.com3800.stage5.LeaderGatewayReceiver run
FINE: Success. Attempting to read gatewayRequest
Oct 04, 2022 11:02:41 AM edu.yu.cs.com3800.stage5.LeaderGatewayReceiver run
INFO: Received message from localhost8888
Oct 04, 2022 11:02:41 AM edu.yu.cs.com3800.stage5.LeaderGatewayReceiver run
FINE: Success inserting request ID and socket to map
Oct 04, 2022 11:02:41 AM edu.yu.cs.com3800.stage5.LeaderGatewayReceiver run
FINE: attempting to insert request in leader receiver queue
Oct 04, 2022 11:02:41 AM edu.yu.cs.com3800.stage5.LeaderGatewayReceiver run
INFO: successfully passed message to leader
Oct 04, 2022 11:02:41 AM edu.yu.cs.com3800.stage5.LeaderGatewayReceiver run
FINE: Attempting to accept a gatewayConnection
Oct 04, 2022 11:02:43 AM edu.yu.cs.com3800.stage5.LeaderGatewayReceiver run
FINE: Success. Attempting to read gatewayRequest
Oct 04, 2022 11:02:43 AM edu.yu.cs.com3800.stage5.LeaderGatewayReceiver run
INFO: Received message from localhost8888
Oct 04, 2022 11:02:43 AM edu.yu.cs.com3800.stage5.LeaderGatewayReceiver run
FINE: Success inserting request ID and socket to map
Oct 04, 2022 11:02:43 AM edu.yu.cs.com3800.stage5.LeaderGatewayReceiver run
FINE: attempting to insert request in leader receiver queue
Oct 04, 2022 11:02:43 AM edu.yu.cs.com3800.stage5.LeaderGatewayReceiver run
INFO: successfully passed message to leader
Oct 04, 2022 11:02:43 AM edu.yu.cs.com3800.stage5.LeaderGatewayReceiver run
FINE: Attempting to accept a gatewayConnection
Oct 04, 2022 11:02:43 AM edu.yu.cs.com3800.stage5.LeaderGatewayReceiver run
FINE: Success. Attempting to read gatewayRequest
Oct 04, 2022 11:02:43 AM edu.yu.cs.com3800.stage5.LeaderGatewayReceiver run
INFO: Received message from localhost8888
Oct 04, 2022 11:02:43 AM edu.yu.cs.com3800.stage5.LeaderGatewayReceiver run
FINE: Success inserting request ID and socket to map
Oct 04, 2022 11:02:43 AM edu.yu.cs.com3800.stage5.LeaderGatewayReceiver run
FINE: attempting to insert request in leader receiver queue
Oct 04, 2022 11:02:43 AM edu.yu.cs.com3800.stage5.LeaderGatewayReceiver run
INFO: successfully passed message to leader
Oct 04, 2022 11:02:43 AM edu.yu.cs.com3800.stage5.LeaderGatewayReceiver run
FINE: Attempting to accept a gatewayConnection
Oct 04, 2022 11:02:43 AM edu.yu.cs.com3800.stage5.LeaderGatewayReceiver run
FINE: Success. Attempting to read gatewayRequest
Oct 04, 2022 11:02:43 AM edu.yu.cs.com3800.stage5.LeaderGatewayReceiver run
INFO: Received message from localhost8888
Oct 04, 2022 11:02:43 AM edu.yu.cs.com3800.stage5.LeaderGatewayReceiver run
FINE: Success inserting request ID and socket to map
Oct 04, 2022 11:02:43 AM edu.yu.cs.com3800.stage5.LeaderGatewayReceiver run
FINE: attempting to insert request in leader receiver queue
Oct 04, 2022 11:02:43 AM edu.yu.cs.com3800.stage5.LeaderGatewayReceiver run
INFO: successfully passed message to leader
Oct 04, 2022 11:02:43 AM edu.yu.cs.com3800.stage5.LeaderGatewayReceiver run
FINE: Attempting to accept a gatewayConnection
Oct 04, 2022 11:02:43 AM edu.yu.cs.com3800.stage5.LeaderGatewayReceiver run
FINE: Success. Attempting to read gatewayRequest
Oct 04, 2022 11:02:43 AM edu.yu.cs.com3800.stage5.LeaderGatewayReceiver run
INFO: Received message from localhost8888
Oct 04, 2022 11:02:43 AM edu.yu.cs.com3800.stage5.LeaderGatewayReceiver run
FINE: Success inserting request ID and socket to map
Oct 04, 2022 11:02:43 AM edu.yu.cs.com3800.stage5.LeaderGatewayReceiver run
FINE: attempting to insert request in leader receiver queue
Oct 04, 2022 11:02:43 AM edu.yu.cs.com3800.stage5.LeaderGatewayReceiver run
INFO: successfully passed message to leader
Oct 04, 2022 11:02:43 AM edu.yu.cs.com3800.stage5.LeaderGatewayReceiver run
FINE: Attempting to accept a gatewayConnection
Oct 04, 2022 11:02:43 AM edu.yu.cs.com3800.stage5.LeaderGatewayReceiver run
FINE: Success. Attempting to read gatewayRequest
Oct 04, 2022 11:02:43 AM edu.yu.cs.com3800.stage5.LeaderGatewayReceiver run
INFO: Received message from localhost8888
Oct 04, 2022 11:02:43 AM edu.yu.cs.com3800.stage5.LeaderGatewayReceiver run
FINE: Success inserting request ID and socket to map
Oct 04, 2022 11:02:43 AM edu.yu.cs.com3800.stage5.LeaderGatewayReceiver run
FINE: attempting to insert request in leader receiver queue
Oct 04, 2022 11:02:43 AM edu.yu.cs.com3800.stage5.LeaderGatewayReceiver run
INFO: successfully passed message to leader
Oct 04, 2022 11:02:43 AM edu.yu.cs.com3800.stage5.LeaderGatewayReceiver run
FINE: Attempting to accept a gatewayConnection
Oct 04, 2022 11:04:16 AM edu.yu.cs.com3800.LoggingServer fileHandler
INFO: Logging to file begins:
Oct 04, 2022 11:04:16 AM edu.yu.cs.com3800.stage5.LeaderGatewayReceiver run
INFO: Attempting to create serverSocket to listen for gateway connections
Oct 04, 2022 11:04:16 AM edu.yu.cs.com3800.stage5.LeaderGatewayReceiver run
FINE: Attempting to accept a gatewayConnection
Oct 04, 2022 11:04:16 AM edu.yu.cs.com3800.stage5.LeaderGatewayReceiver run
FINE: Success. Attempting to read gatewayRequest
Oct 04, 2022 11:04:16 AM edu.yu.cs.com3800.stage5.LeaderGatewayReceiver run
INFO: Received message from localhost8888
Oct 04, 2022 11:04:16 AM edu.yu.cs.com3800.stage5.LeaderGatewayReceiver run
FINE: Success inserting request ID and socket to map
Oct 04, 2022 11:04:16 AM edu.yu.cs.com3800.stage5.LeaderGatewayReceiver run
FINE: attempting to insert request in leader receiver queue
Oct 04, 2022 11:04:16 AM edu.yu.cs.com3800.stage5.LeaderGatewayReceiver run
INFO: successfully passed message to leader
Oct 04, 2022 11:04:16 AM edu.yu.cs.com3800.stage5.LeaderGatewayReceiver run
FINE: Attempting to accept a gatewayConnection
Oct 04, 2022 11:04:16 AM edu.yu.cs.com3800.stage5.LeaderGatewayReceiver run
FINE: Success. Attempting to read gatewayRequest
Oct 04, 2022 11:04:16 AM edu.yu.cs.com3800.stage5.LeaderGatewayReceiver run
INFO: Received message from localhost8888
Oct 04, 2022 11:04:16 AM edu.yu.cs.com3800.stage5.LeaderGatewayReceiver run
FINE: Success inserting request ID and socket to map
Oct 04, 2022 11:04:16 AM edu.yu.cs.com3800.stage5.LeaderGatewayReceiver run
FINE: attempting to insert request in leader receiver queue
Oct 04, 2022 11:04:16 AM edu.yu.cs.com3800.stage5.LeaderGatewayReceiver run
INFO: successfully passed message to leader
Oct 04, 2022 11:04:16 AM edu.yu.cs.com3800.stage5.LeaderGatewayReceiver run
FINE: Attempting to accept a gatewayConnection
Oct 04, 2022 11:04:16 AM edu.yu.cs.com3800.stage5.LeaderGatewayReceiver run
FINE: Success. Attempting to read gatewayRequest
Oct 04, 2022 11:04:16 AM edu.yu.cs.com3800.stage5.LeaderGatewayReceiver run
INFO: Received message from localhost8888
Oct 04, 2022 11:04:16 AM edu.yu.cs.com3800.stage5.LeaderGatewayReceiver run
FINE: Success inserting request ID and socket to map
Oct 04, 2022 11:04:16 AM edu.yu.cs.com3800.stage5.LeaderGatewayReceiver run
FINE: attempting to insert request in leader receiver queue
Oct 04, 2022 11:04:16 AM edu.yu.cs.com3800.stage5.LeaderGatewayReceiver run
INFO: successfully passed message to leader
Oct 04, 2022 11:04:16 AM edu.yu.cs.com3800.stage5.LeaderGatewayReceiver run
FINE: Attempting to accept a gatewayConnection
Oct 04, 2022 11:04:16 AM edu.yu.cs.com3800.stage5.LeaderGatewayReceiver run
FINE: Success. Attempting to read gatewayRequest
Oct 04, 2022 11:04:16 AM edu.yu.cs.com3800.stage5.LeaderGatewayReceiver run
INFO: Received message from localhost8888
Oct 04, 2022 11:04:16 AM edu.yu.cs.com3800.stage5.LeaderGatewayReceiver run
FINE: Success inserting request ID and socket to map
Oct 04, 2022 11:04:16 AM edu.yu.cs.com3800.stage5.LeaderGatewayReceiver run
FINE: attempting to insert request in leader receiver queue
Oct 04, 2022 11:04:16 AM edu.yu.cs.com3800.stage5.LeaderGatewayReceiver run
INFO: successfully passed message to leader
Oct 04, 2022 11:04:16 AM edu.yu.cs.com3800.stage5.LeaderGatewayReceiver run
FINE: Attempting to accept a gatewayConnection
Oct 04, 2022 11:04:16 AM edu.yu.cs.com3800.stage5.LeaderGatewayReceiver run
FINE: Success. Attempting to read gatewayRequest
Oct 04, 2022 11:04:16 AM edu.yu.cs.com3800.stage5.LeaderGatewayReceiver run
INFO: Received message from localhost8888
Oct 04, 2022 11:04:16 AM edu.yu.cs.com3800.stage5.LeaderGatewayReceiver run
FINE: Success inserting request ID and socket to map
Oct 04, 2022 11:04:16 AM edu.yu.cs.com3800.stage5.LeaderGatewayReceiver run
FINE: attempting to insert request in leader receiver queue
Oct 04, 2022 11:04:16 AM edu.yu.cs.com3800.stage5.LeaderGatewayReceiver run
INFO: successfully passed message to leader
Oct 04, 2022 11:04:16 AM edu.yu.cs.com3800.stage5.LeaderGatewayReceiver run
FINE: Attempting to accept a gatewayConnection
