Oct 04, 2022 11:01:33 AM edu.yu.cs.com3800.LoggingServer fileHandler
INFO: Logging to file begins:
Oct 04, 2022 11:01:33 AM edu.yu.cs.com3800.stage5.LeaderClusterCommunication run
INFO: sending requestID 6 to localhost/127.0.0.130022
Oct 04, 2022 11:01:33 AM edu.yu.cs.com3800.stage5.LeaderClusterCommunication run
FINEST: Attempting to open socket
Oct 04, 2022 11:01:33 AM edu.yu.cs.com3800.stage5.LeaderClusterCommunication run
FINEST: Opened Socket successfully, getting output stream
Oct 04, 2022 11:01:33 AM edu.yu.cs.com3800.stage5.LeaderClusterCommunication run
FINEST: Got output stream successfully, writing
Oct 04, 2022 11:01:33 AM edu.yu.cs.com3800.stage5.LeaderClusterCommunication run
FINEST: Sent work successfully, awaiting response from follower
Oct 04, 2022 11:01:36 AM edu.yu.cs.com3800.stage5.LeaderClusterCommunication run
FINEST: received response for 6, sending to gateway
Oct 04, 2022 11:01:36 AM edu.yu.cs.com3800.stage5.LeaderClusterCommunication run
FINEST: Got output stream successfully, writing
Oct 04, 2022 11:01:36 AM edu.yu.cs.com3800.stage5.LeaderClusterCommunication run
INFO: Sent response for requestID 6
Oct 04, 2022 11:01:36 AM edu.yu.cs.com3800.stage5.LeaderClusterCommunication run
INFO: sending requestID 14 to localhost/127.0.0.130072
Oct 04, 2022 11:01:36 AM edu.yu.cs.com3800.stage5.LeaderClusterCommunication run
FINEST: Attempting to open socket
Oct 04, 2022 11:01:36 AM edu.yu.cs.com3800.stage5.LeaderClusterCommunication run
FINEST: Opened Socket successfully, getting output stream
Oct 04, 2022 11:01:36 AM edu.yu.cs.com3800.stage5.LeaderClusterCommunication run
FINEST: Got output stream successfully, writing
Oct 04, 2022 11:01:36 AM edu.yu.cs.com3800.stage5.LeaderClusterCommunication run
FINEST: Sent work successfully, awaiting response from follower
Oct 04, 2022 11:01:36 AM edu.yu.cs.com3800.stage5.LeaderClusterCommunication run
FINEST: received response for 14, sending to gateway
Oct 04, 2022 11:01:36 AM edu.yu.cs.com3800.stage5.LeaderClusterCommunication run
FINEST: Got output stream successfully, writing
Oct 04, 2022 11:01:36 AM edu.yu.cs.com3800.stage5.LeaderClusterCommunication run
INFO: Sent response for requestID 14
Oct 04, 2022 11:02:27 AM edu.yu.cs.com3800.stage5.LeaderClusterCommunication run
INFO: sending requestID 18 to localhost/127.0.0.130042
Oct 04, 2022 11:02:27 AM edu.yu.cs.com3800.stage5.LeaderClusterCommunication run
FINEST: Attempting to open socket
Oct 04, 2022 11:02:27 AM edu.yu.cs.com3800.stage5.LeaderClusterCommunication run
FINEST: Opened Socket successfully, getting output stream
Oct 04, 2022 11:02:27 AM edu.yu.cs.com3800.stage5.LeaderClusterCommunication run
FINEST: Got output stream successfully, writing
Oct 04, 2022 11:02:27 AM edu.yu.cs.com3800.stage5.LeaderClusterCommunication run
FINEST: Sent work successfully, awaiting response from follower
Oct 04, 2022 11:02:28 AM edu.yu.cs.com3800.stage5.LeaderClusterCommunication run
FINEST: received response for 18, sending to gateway
Oct 04, 2022 11:02:28 AM edu.yu.cs.com3800.stage5.LeaderClusterCommunication run
FINEST: Got output stream successfully, writing
Oct 04, 2022 11:02:28 AM edu.yu.cs.com3800.stage5.LeaderClusterCommunication run
INFO: Sent response for requestID 18
Oct 04, 2022 11:02:28 AM edu.yu.cs.com3800.stage5.LeaderClusterCommunication run
INFO: sending requestID 28 to localhost/127.0.0.130032
Oct 04, 2022 11:02:28 AM edu.yu.cs.com3800.stage5.LeaderClusterCommunication run
FINEST: Attempting to open socket
Oct 04, 2022 11:02:28 AM edu.yu.cs.com3800.stage5.LeaderClusterCommunication run
FINEST: Opened Socket successfully, getting output stream
Oct 04, 2022 11:02:28 AM edu.yu.cs.com3800.stage5.LeaderClusterCommunication run
FINEST: Got output stream successfully, writing
Oct 04, 2022 11:02:28 AM edu.yu.cs.com3800.stage5.LeaderClusterCommunication run
FINEST: Sent work successfully, awaiting response from follower
Oct 04, 2022 11:02:28 AM edu.yu.cs.com3800.stage5.LeaderClusterCommunication run
FINEST: received response for 28, sending to gateway
Oct 04, 2022 11:02:28 AM edu.yu.cs.com3800.stage5.LeaderClusterCommunication run
FINEST: Got output stream successfully, writing
Oct 04, 2022 11:02:28 AM edu.yu.cs.com3800.stage5.LeaderClusterCommunication run
INFO: Sent response for requestID 28
Oct 04, 2022 11:02:31 AM edu.yu.cs.com3800.stage5.LeaderClusterCommunication run
INFO: sending requestID 36 to localhost/127.0.0.130052
Oct 04, 2022 11:02:31 AM edu.yu.cs.com3800.stage5.LeaderClusterCommunication run
FINEST: Attempting to open socket
Oct 04, 2022 11:02:31 AM edu.yu.cs.com3800.stage5.LeaderClusterCommunication run
FINEST: Opened Socket successfully, getting output stream
Oct 04, 2022 11:02:31 AM edu.yu.cs.com3800.stage5.LeaderClusterCommunication run
FINEST: Got output stream successfully, writing
Oct 04, 2022 11:02:31 AM edu.yu.cs.com3800.stage5.LeaderClusterCommunication run
FINEST: Sent work successfully, awaiting response from follower
Oct 04, 2022 11:02:32 AM edu.yu.cs.com3800.stage5.LeaderClusterCommunication run
FINEST: received response for 36, sending to gateway
Oct 04, 2022 11:02:32 AM edu.yu.cs.com3800.stage5.LeaderClusterCommunication run
FINEST: Got output stream successfully, writing
Oct 04, 2022 11:02:32 AM edu.yu.cs.com3800.stage5.LeaderClusterCommunication run
INFO: Sent response for requestID 36
Oct 04, 2022 11:02:32 AM edu.yu.cs.com3800.stage5.LeaderClusterCommunication run
INFO: sending requestID 45 to localhost/127.0.0.130072
Oct 04, 2022 11:02:32 AM edu.yu.cs.com3800.stage5.LeaderClusterCommunication run
FINEST: Attempting to open socket
Oct 04, 2022 11:02:32 AM edu.yu.cs.com3800.stage5.LeaderClusterCommunication run
FINEST: Opened Socket successfully, getting output stream
Oct 04, 2022 11:02:32 AM edu.yu.cs.com3800.stage5.LeaderClusterCommunication run
FINEST: Got output stream successfully, writing
Oct 04, 2022 11:02:32 AM edu.yu.cs.com3800.stage5.LeaderClusterCommunication run
FINEST: Sent work successfully, awaiting response from follower
Oct 04, 2022 11:02:33 AM edu.yu.cs.com3800.stage5.LeaderClusterCommunication run
FINEST: received response for 45, sending to gateway
Oct 04, 2022 11:02:33 AM edu.yu.cs.com3800.stage5.LeaderClusterCommunication run
FINEST: Got output stream successfully, writing
Oct 04, 2022 11:02:33 AM edu.yu.cs.com3800.stage5.LeaderClusterCommunication run
INFO: Sent response for requestID 45
Oct 04, 2022 11:02:41 AM edu.yu.cs.com3800.stage5.LeaderClusterCommunication run
INFO: sending requestID 55 to localhost/127.0.0.130062
Oct 04, 2022 11:02:41 AM edu.yu.cs.com3800.stage5.LeaderClusterCommunication run
FINEST: Attempting to open socket
Oct 04, 2022 11:02:41 AM edu.yu.cs.com3800.stage5.LeaderClusterCommunication run
FINEST: Opened Socket successfully, getting output stream
Oct 04, 2022 11:02:41 AM edu.yu.cs.com3800.stage5.LeaderClusterCommunication run
FINEST: Got output stream successfully, writing
Oct 04, 2022 11:02:41 AM edu.yu.cs.com3800.stage5.LeaderClusterCommunication run
FINEST: Sent work successfully, awaiting response from follower
Oct 04, 2022 11:02:42 AM edu.yu.cs.com3800.stage5.LeaderClusterCommunication run
FINEST: received response for 55, sending to gateway
Oct 04, 2022 11:02:42 AM edu.yu.cs.com3800.stage5.LeaderClusterCommunication run
FINEST: Got output stream successfully, writing
Oct 04, 2022 11:02:42 AM edu.yu.cs.com3800.stage5.LeaderClusterCommunication run
INFO: Sent response for requestID 55
