Oct 04, 2022 11:05:48 AM edu.yu.cs.com3800.LoggingServer fileHandler
INFO: Logging to file begins:
Oct 04, 2022 11:05:48 AM edu.yu.cs.com3800.stage5.GatewayServer$ServerHttpHandler handle
INFO: Server received request on /compileandrun from port 33888
Oct 04, 2022 11:05:48 AM edu.yu.cs.com3800.stage5.GatewayServer$ServerHttpHandler handle
INFO: Request body: package edu.yu.cs.fall2019.com3800.stage1;

public class HelloWorld
{
    public String run()
    {
        return Thread.currentThread().getName();
    }
}

Oct 04, 2022 11:05:48 AM edu.yu.cs.com3800.stage5.GatewayServer$ServerHttpHandler handle
INFO: leader is localhost/127.0.0.1:30080
Oct 04, 2022 11:05:48 AM edu.yu.cs.com3800.stage5.GatewayServer$ServerHttpHandler sendAndGetResponse
INFO: Waiting for leader
Oct 04, 2022 11:05:48 AM edu.yu.cs.com3800.stage5.GatewayServer$ServerHttpHandler sendAndGetResponse
INFO: Leader found localhost/127.0.0.1:30080
Oct 04, 2022 11:05:48 AM edu.yu.cs.com3800.stage5.GatewayServer$ServerHttpHandler sendAndGetResponse
INFO: assigned request ID of 8
Oct 04, 2022 11:05:48 AM edu.yu.cs.com3800.stage5.GatewayServer$ServerHttpHandler sendAndGetResponse
INFO: Attempting to read leader response for requestID 8
Oct 04, 2022 11:05:51 AM edu.yu.cs.com3800.stage5.GatewayServer$ServerHttpHandler handle
INFO: Got response for 8
Oct 04, 2022 11:05:51 AM edu.yu.cs.com3800.stage5.GatewayServer$ServerHttpHandler handle
INFO: Attempting to send response headers for requestID 8
Oct 04, 2022 11:05:51 AM edu.yu.cs.com3800.stage5.GatewayServer$ServerHttpHandler handle
INFO: Response headers should be: 200 10
Oct 04, 2022 11:05:51 AM edu.yu.cs.com3800.stage5.GatewayServer$ServerHttpHandler handle
INFO: Attempting to write response body for requestID: 8
Oct 04, 2022 11:05:51 AM edu.yu.cs.com3800.stage5.GatewayServer$ServerHttpHandler handle
INFO: Response headers should be: 4 Follower
Oct 04, 2022 11:05:51 AM edu.yu.cs.com3800.stage5.GatewayServer$ServerHttpHandler handle
INFO: Finished processing requestId: 8
Oct 04, 2022 11:06:51 AM edu.yu.cs.com3800.stage5.GatewayServer$ServerHttpHandler handle
INFO: Server received request on /compileandrun from port 33982
Oct 04, 2022 11:06:51 AM edu.yu.cs.com3800.stage5.GatewayServer$ServerHttpHandler handle
INFO: Request body: package edu.yu.cs.fall2019.com3800.stage1;

public class HelloWorld
{
    public String run()
    {
        return Thread.currentThread().getName();
    }
}

Oct 04, 2022 11:06:51 AM edu.yu.cs.com3800.stage5.GatewayServer$ServerHttpHandler handle
INFO: leader is localhost/127.0.0.1:30080
Oct 04, 2022 11:06:51 AM edu.yu.cs.com3800.stage5.GatewayServer$ServerHttpHandler sendAndGetResponse
INFO: Waiting for leader
Oct 04, 2022 11:06:51 AM edu.yu.cs.com3800.stage5.GatewayServer$ServerHttpHandler sendAndGetResponse
INFO: Leader found localhost/127.0.0.1:30080
Oct 04, 2022 11:06:51 AM edu.yu.cs.com3800.stage5.GatewayServer$ServerHttpHandler sendAndGetResponse
INFO: assigned request ID of 29
Oct 04, 2022 11:06:51 AM edu.yu.cs.com3800.stage5.GatewayServer$ServerHttpHandler sendAndGetResponse
INFO: Attempting to read leader response for requestID 29
Oct 04, 2022 11:06:53 AM edu.yu.cs.com3800.stage5.GatewayServer$ServerHttpHandler handle
INFO: Got response for 29
Oct 04, 2022 11:06:53 AM edu.yu.cs.com3800.stage5.GatewayServer$ServerHttpHandler handle
INFO: Attempting to send response headers for requestID 29
Oct 04, 2022 11:06:53 AM edu.yu.cs.com3800.stage5.GatewayServer$ServerHttpHandler handle
INFO: Response headers should be: 200 10
Oct 04, 2022 11:06:53 AM edu.yu.cs.com3800.stage5.GatewayServer$ServerHttpHandler handle
INFO: Attempting to write response body for requestID: 29
Oct 04, 2022 11:06:53 AM edu.yu.cs.com3800.stage5.GatewayServer$ServerHttpHandler handle
INFO: Response headers should be: 6 Follower
Oct 04, 2022 11:06:53 AM edu.yu.cs.com3800.stage5.GatewayServer$ServerHttpHandler handle
INFO: Finished processing requestId: 29
Oct 04, 2022 11:06:56 AM edu.yu.cs.com3800.stage5.GatewayServer$ServerHttpHandler handle
INFO: Server received request on /compileandrun from port 34082
Oct 04, 2022 11:06:56 AM edu.yu.cs.com3800.stage5.GatewayServer$ServerHttpHandler handle
INFO: Request body: package edu.yu.cs.fall2019.com3800.stage1;

public class HelloWorld
{
    public String run()
    {
        return "1";
    }
}

Oct 04, 2022 11:06:56 AM edu.yu.cs.com3800.stage5.GatewayServer$ServerHttpHandler handle
INFO: leader is localhost/127.0.0.1:30080
Oct 04, 2022 11:06:56 AM edu.yu.cs.com3800.stage5.GatewayServer$ServerHttpHandler sendAndGetResponse
INFO: Waiting for leader
Oct 04, 2022 11:06:56 AM edu.yu.cs.com3800.stage5.GatewayServer$ServerHttpHandler sendAndGetResponse
INFO: Leader found localhost/127.0.0.1:30080
Oct 04, 2022 11:06:56 AM edu.yu.cs.com3800.stage5.GatewayServer$ServerHttpHandler sendAndGetResponse
INFO: assigned request ID of 34
Oct 04, 2022 11:06:56 AM edu.yu.cs.com3800.stage5.GatewayServer$ServerHttpHandler sendAndGetResponse
INFO: Attempting to read leader response for requestID 34
Oct 04, 2022 11:06:56 AM edu.yu.cs.com3800.stage5.GatewayServer$ServerHttpHandler handle
INFO: Got response for 34
Oct 04, 2022 11:06:56 AM edu.yu.cs.com3800.stage5.GatewayServer$ServerHttpHandler handle
INFO: Attempting to send response headers for requestID 34
Oct 04, 2022 11:06:56 AM edu.yu.cs.com3800.stage5.GatewayServer$ServerHttpHandler handle
INFO: Response headers should be: 200 1
Oct 04, 2022 11:06:56 AM edu.yu.cs.com3800.stage5.GatewayServer$ServerHttpHandler handle
INFO: Attempting to write response body for requestID: 34
Oct 04, 2022 11:06:56 AM edu.yu.cs.com3800.stage5.GatewayServer$ServerHttpHandler handle
INFO: Response headers should be: 1
Oct 04, 2022 11:06:56 AM edu.yu.cs.com3800.stage5.GatewayServer$ServerHttpHandler handle
INFO: Finished processing requestId: 34
Oct 04, 2022 11:06:56 AM edu.yu.cs.com3800.stage5.GatewayServer$ServerHttpHandler handle
INFO: Server received request on /compileandrun from port 34088
Oct 04, 2022 11:06:56 AM edu.yu.cs.com3800.stage5.GatewayServer$ServerHttpHandler handle
INFO: Request body: package edu.yu.cs.fall2019.com3800.stage1;

public class HelloWorld
{
    public String run()
    {
        return "4";
    }
}

Oct 04, 2022 11:06:56 AM edu.yu.cs.com3800.stage5.GatewayServer$ServerHttpHandler handle
INFO: leader is localhost/127.0.0.1:30080
Oct 04, 2022 11:06:56 AM edu.yu.cs.com3800.stage5.GatewayServer$ServerHttpHandler sendAndGetResponse
INFO: Waiting for leader
Oct 04, 2022 11:06:56 AM edu.yu.cs.com3800.stage5.GatewayServer$ServerHttpHandler sendAndGetResponse
INFO: Leader found localhost/127.0.0.1:30080
Oct 04, 2022 11:06:56 AM edu.yu.cs.com3800.stage5.GatewayServer$ServerHttpHandler sendAndGetResponse
INFO: assigned request ID of 36
Oct 04, 2022 11:06:56 AM edu.yu.cs.com3800.stage5.GatewayServer$ServerHttpHandler sendAndGetResponse
INFO: Attempting to read leader response for requestID 36
Oct 04, 2022 11:06:57 AM edu.yu.cs.com3800.stage5.GatewayServer$ServerHttpHandler handle
INFO: Got response for 36
Oct 04, 2022 11:06:57 AM edu.yu.cs.com3800.stage5.GatewayServer$ServerHttpHandler handle
INFO: Attempting to send response headers for requestID 36
Oct 04, 2022 11:06:57 AM edu.yu.cs.com3800.stage5.GatewayServer$ServerHttpHandler handle
INFO: Response headers should be: 200 1
Oct 04, 2022 11:06:57 AM edu.yu.cs.com3800.stage5.GatewayServer$ServerHttpHandler handle
INFO: Attempting to write response body for requestID: 36
Oct 04, 2022 11:06:57 AM edu.yu.cs.com3800.stage5.GatewayServer$ServerHttpHandler handle
INFO: Response headers should be: 4
Oct 04, 2022 11:06:57 AM edu.yu.cs.com3800.stage5.GatewayServer$ServerHttpHandler handle
INFO: Finished processing requestId: 36
