Oct 04, 2022 11:10:06 AM edu.yu.cs.com3800.LoggingServer fileHandler
INFO: Logging to file begins:
Oct 04, 2022 11:10:06 AM edu.yu.cs.com3800.stage5.GossipThread run
INFO: Received at: Oct 04, 2022 11:10:06
Message Type: GOSSIP
Sender Host: localhost
Sender port: 30010
Receiver Host: localhost
Receiver port: 30000
Request ID: -1
Error Occurred: false
Message Contents: 
Gossip Payload:
	ID:-1 Heartbeat:-1
	ID:1 Heartbeat:-1
	ID:2 Heartbeat:1
	ID:3 Heartbeat:-1
	ID:4 Heartbeat:-1
	ID:5 Heartbeat:-1
	ID:6 Heartbeat:-1
	ID:7 Heartbeat:-1
	ID:8 Heartbeat:-1
	ID:9 Heartbeat:-1
Oct 04, 2022 11:10:15 AM edu.yu.cs.com3800.stage5.GossipThread run
INFO: Received at: Oct 04, 2022 11:10:15
Message Type: GOSSIP
Sender Host: localhost
Sender port: 30050
Receiver Host: localhost
Receiver port: 30000
Request ID: -1
Error Occurred: false
Message Contents: 
Gossip Payload:
	ID:-1 Heartbeat:-1
	ID:1 Heartbeat:-1
	ID:2 Heartbeat:2
	ID:3 Heartbeat:1
	ID:4 Heartbeat:-1
	ID:5 Heartbeat:-1
	ID:6 Heartbeat:4
	ID:7 Heartbeat:1
	ID:8 Heartbeat:2
	ID:9 Heartbeat:-1
Oct 04, 2022 11:10:18 AM edu.yu.cs.com3800.stage5.GossipThread run
INFO: Received at: Oct 04, 2022 11:10:18
Message Type: GOSSIP
Sender Host: localhost
Sender port: 30070
Receiver Host: localhost
Receiver port: 30000
Request ID: -1
Error Occurred: false
Message Contents: 
Gossip Payload:
	ID:-1 Heartbeat:-1
	ID:1 Heartbeat:3
	ID:2 Heartbeat:1
	ID:3 Heartbeat:1
	ID:4 Heartbeat:-1
	ID:5 Heartbeat:2
	ID:6 Heartbeat:1
	ID:7 Heartbeat:-1
	ID:8 Heartbeat:4
	ID:9 Heartbeat:-1
Oct 04, 2022 11:10:21 AM edu.yu.cs.com3800.stage5.GossipThread run
INFO: Received at: Oct 04, 2022 11:10:21
Message Type: GOSSIP
Sender Host: localhost
Sender port: 30040
Receiver Host: localhost
Receiver port: 30000
Request ID: -1
Error Occurred: false
Message Contents: 
Gossip Payload:
	ID:-1 Heartbeat:2
	ID:1 Heartbeat:1
	ID:2 Heartbeat:-1
	ID:3 Heartbeat:-1
	ID:4 Heartbeat:3
	ID:5 Heartbeat:5
	ID:6 Heartbeat:1
	ID:7 Heartbeat:2
	ID:8 Heartbeat:-1
	ID:9 Heartbeat:1
