Oct 04, 2022 11:05:47 AM edu.yu.cs.com3800.LoggingServer fileHandler
INFO: Logging to file begins:
Oct 04, 2022 11:05:47 AM edu.yu.cs.com3800.stage5.LeaderGatewayReceiver run
INFO: Attempting to create serverSocket to listen for gateway connections
Oct 04, 2022 11:05:47 AM edu.yu.cs.com3800.stage5.LeaderGatewayReceiver run
FINE: Attempting to accept a gatewayConnection
Oct 04, 2022 11:05:48 AM edu.yu.cs.com3800.stage5.LeaderGatewayReceiver run
FINE: Success. Attempting to read gatewayRequest
Oct 04, 2022 11:05:48 AM edu.yu.cs.com3800.stage5.LeaderGatewayReceiver run
INFO: Received message from localhost8888
Oct 04, 2022 11:05:48 AM edu.yu.cs.com3800.stage5.LeaderGatewayReceiver run
FINE: Success inserting request ID and socket to map
Oct 04, 2022 11:05:48 AM edu.yu.cs.com3800.stage5.LeaderGatewayReceiver run
FINE: attempting to insert request in leader receiver queue
Oct 04, 2022 11:05:48 AM edu.yu.cs.com3800.stage5.LeaderGatewayReceiver run
INFO: successfully passed message to leader
Oct 04, 2022 11:05:48 AM edu.yu.cs.com3800.stage5.LeaderGatewayReceiver run
FINE: Attempting to accept a gatewayConnection
Oct 04, 2022 11:05:48 AM edu.yu.cs.com3800.stage5.LeaderGatewayReceiver run
FINE: Success. Attempting to read gatewayRequest
Oct 04, 2022 11:05:48 AM edu.yu.cs.com3800.stage5.LeaderGatewayReceiver run
INFO: Received message from localhost8888
Oct 04, 2022 11:05:48 AM edu.yu.cs.com3800.stage5.LeaderGatewayReceiver run
FINE: Success inserting request ID and socket to map
Oct 04, 2022 11:05:48 AM edu.yu.cs.com3800.stage5.LeaderGatewayReceiver run
FINE: attempting to insert request in leader receiver queue
Oct 04, 2022 11:05:48 AM edu.yu.cs.com3800.stage5.LeaderGatewayReceiver run
INFO: successfully passed message to leader
Oct 04, 2022 11:05:48 AM edu.yu.cs.com3800.stage5.LeaderGatewayReceiver run
FINE: Attempting to accept a gatewayConnection
Oct 04, 2022 11:05:48 AM edu.yu.cs.com3800.stage5.LeaderGatewayReceiver run
FINE: Success. Attempting to read gatewayRequest
Oct 04, 2022 11:05:48 AM edu.yu.cs.com3800.stage5.LeaderGatewayReceiver run
INFO: Received message from localhost8888
Oct 04, 2022 11:05:48 AM edu.yu.cs.com3800.stage5.LeaderGatewayReceiver run
FINE: Success inserting request ID and socket to map
Oct 04, 2022 11:05:48 AM edu.yu.cs.com3800.stage5.LeaderGatewayReceiver run
FINE: attempting to insert request in leader receiver queue
Oct 04, 2022 11:05:48 AM edu.yu.cs.com3800.stage5.LeaderGatewayReceiver run
INFO: successfully passed message to leader
Oct 04, 2022 11:05:48 AM edu.yu.cs.com3800.stage5.LeaderGatewayReceiver run
FINE: Attempting to accept a gatewayConnection
Oct 04, 2022 11:05:48 AM edu.yu.cs.com3800.stage5.LeaderGatewayReceiver run
FINE: Success. Attempting to read gatewayRequest
Oct 04, 2022 11:05:48 AM edu.yu.cs.com3800.stage5.LeaderGatewayReceiver run
INFO: Received message from localhost8888
Oct 04, 2022 11:05:48 AM edu.yu.cs.com3800.stage5.LeaderGatewayReceiver run
FINE: Success inserting request ID and socket to map
Oct 04, 2022 11:05:48 AM edu.yu.cs.com3800.stage5.LeaderGatewayReceiver run
FINE: attempting to insert request in leader receiver queue
Oct 04, 2022 11:05:48 AM edu.yu.cs.com3800.stage5.LeaderGatewayReceiver run
INFO: successfully passed message to leader
Oct 04, 2022 11:05:48 AM edu.yu.cs.com3800.stage5.LeaderGatewayReceiver run
FINE: Attempting to accept a gatewayConnection
Oct 04, 2022 11:05:48 AM edu.yu.cs.com3800.stage5.LeaderGatewayReceiver run
FINE: Success. Attempting to read gatewayRequest
Oct 04, 2022 11:05:48 AM edu.yu.cs.com3800.stage5.LeaderGatewayReceiver run
INFO: Received message from localhost8888
Oct 04, 2022 11:05:48 AM edu.yu.cs.com3800.stage5.LeaderGatewayReceiver run
FINE: Success inserting request ID and socket to map
Oct 04, 2022 11:05:48 AM edu.yu.cs.com3800.stage5.LeaderGatewayReceiver run
FINE: attempting to insert request in leader receiver queue
Oct 04, 2022 11:05:48 AM edu.yu.cs.com3800.stage5.LeaderGatewayReceiver run
INFO: successfully passed message to leader
Oct 04, 2022 11:05:48 AM edu.yu.cs.com3800.stage5.LeaderGatewayReceiver run
FINE: Attempting to accept a gatewayConnection
Oct 04, 2022 11:05:48 AM edu.yu.cs.com3800.stage5.LeaderGatewayReceiver run
FINE: Success. Attempting to read gatewayRequest
Oct 04, 2022 11:05:48 AM edu.yu.cs.com3800.stage5.LeaderGatewayReceiver run
INFO: Received message from localhost8888
Oct 04, 2022 11:05:48 AM edu.yu.cs.com3800.stage5.LeaderGatewayReceiver run
FINE: Success inserting request ID and socket to map
Oct 04, 2022 11:05:48 AM edu.yu.cs.com3800.stage5.LeaderGatewayReceiver run
FINE: attempting to insert request in leader receiver queue
Oct 04, 2022 11:05:48 AM edu.yu.cs.com3800.stage5.LeaderGatewayReceiver run
INFO: successfully passed message to leader
Oct 04, 2022 11:05:48 AM edu.yu.cs.com3800.stage5.LeaderGatewayReceiver run
FINE: Attempting to accept a gatewayConnection
Oct 04, 2022 11:05:48 AM edu.yu.cs.com3800.stage5.LeaderGatewayReceiver run
FINE: Success. Attempting to read gatewayRequest
Oct 04, 2022 11:05:48 AM edu.yu.cs.com3800.stage5.LeaderGatewayReceiver run
INFO: Received message from localhost8888
Oct 04, 2022 11:05:48 AM edu.yu.cs.com3800.stage5.LeaderGatewayReceiver run
FINE: Success inserting request ID and socket to map
Oct 04, 2022 11:05:48 AM edu.yu.cs.com3800.stage5.LeaderGatewayReceiver run
FINE: attempting to insert request in leader receiver queue
Oct 04, 2022 11:05:48 AM edu.yu.cs.com3800.stage5.LeaderGatewayReceiver run
INFO: successfully passed message to leader
Oct 04, 2022 11:05:48 AM edu.yu.cs.com3800.stage5.LeaderGatewayReceiver run
FINE: Attempting to accept a gatewayConnection
Oct 04, 2022 11:05:48 AM edu.yu.cs.com3800.stage5.LeaderGatewayReceiver run
FINE: Success. Attempting to read gatewayRequest
Oct 04, 2022 11:05:48 AM edu.yu.cs.com3800.stage5.LeaderGatewayReceiver run
INFO: Received message from localhost8888
Oct 04, 2022 11:05:48 AM edu.yu.cs.com3800.stage5.LeaderGatewayReceiver run
FINE: Success inserting request ID and socket to map
Oct 04, 2022 11:05:48 AM edu.yu.cs.com3800.stage5.LeaderGatewayReceiver run
FINE: attempting to insert request in leader receiver queue
Oct 04, 2022 11:05:48 AM edu.yu.cs.com3800.stage5.LeaderGatewayReceiver run
INFO: successfully passed message to leader
Oct 04, 2022 11:05:48 AM edu.yu.cs.com3800.stage5.LeaderGatewayReceiver run
FINE: Attempting to accept a gatewayConnection
Oct 04, 2022 11:05:48 AM edu.yu.cs.com3800.stage5.LeaderGatewayReceiver run
FINE: Success. Attempting to read gatewayRequest
Oct 04, 2022 11:05:48 AM edu.yu.cs.com3800.stage5.LeaderGatewayReceiver run
INFO: Received message from localhost8888
Oct 04, 2022 11:05:48 AM edu.yu.cs.com3800.stage5.LeaderGatewayReceiver run
FINE: Success inserting request ID and socket to map
Oct 04, 2022 11:05:48 AM edu.yu.cs.com3800.stage5.LeaderGatewayReceiver run
FINE: attempting to insert request in leader receiver queue
Oct 04, 2022 11:05:48 AM edu.yu.cs.com3800.stage5.LeaderGatewayReceiver run
INFO: successfully passed message to leader
Oct 04, 2022 11:05:48 AM edu.yu.cs.com3800.stage5.LeaderGatewayReceiver run
FINE: Attempting to accept a gatewayConnection
Oct 04, 2022 11:05:48 AM edu.yu.cs.com3800.stage5.LeaderGatewayReceiver run
FINE: Success. Attempting to read gatewayRequest
Oct 04, 2022 11:05:48 AM edu.yu.cs.com3800.stage5.LeaderGatewayReceiver run
INFO: Received message from localhost8888
Oct 04, 2022 11:05:48 AM edu.yu.cs.com3800.stage5.LeaderGatewayReceiver run
FINE: Success inserting request ID and socket to map
Oct 04, 2022 11:05:48 AM edu.yu.cs.com3800.stage5.LeaderGatewayReceiver run
FINE: attempting to insert request in leader receiver queue
Oct 04, 2022 11:05:48 AM edu.yu.cs.com3800.stage5.LeaderGatewayReceiver run
INFO: successfully passed message to leader
Oct 04, 2022 11:05:48 AM edu.yu.cs.com3800.stage5.LeaderGatewayReceiver run
FINE: Attempting to accept a gatewayConnection
Oct 04, 2022 11:05:48 AM edu.yu.cs.com3800.stage5.LeaderGatewayReceiver run
FINE: Success. Attempting to read gatewayRequest
Oct 04, 2022 11:05:48 AM edu.yu.cs.com3800.stage5.LeaderGatewayReceiver run
INFO: Received message from localhost8888
Oct 04, 2022 11:05:48 AM edu.yu.cs.com3800.stage5.LeaderGatewayReceiver run
FINE: Success inserting request ID and socket to map
Oct 04, 2022 11:05:48 AM edu.yu.cs.com3800.stage5.LeaderGatewayReceiver run
FINE: attempting to insert request in leader receiver queue
Oct 04, 2022 11:05:48 AM edu.yu.cs.com3800.stage5.LeaderGatewayReceiver run
INFO: successfully passed message to leader
Oct 04, 2022 11:05:48 AM edu.yu.cs.com3800.stage5.LeaderGatewayReceiver run
FINE: Attempting to accept a gatewayConnection
Oct 04, 2022 11:05:48 AM edu.yu.cs.com3800.stage5.LeaderGatewayReceiver run
FINE: Success. Attempting to read gatewayRequest
Oct 04, 2022 11:05:48 AM edu.yu.cs.com3800.stage5.LeaderGatewayReceiver run
INFO: Received message from localhost8888
Oct 04, 2022 11:05:48 AM edu.yu.cs.com3800.stage5.LeaderGatewayReceiver run
FINE: Success inserting request ID and socket to map
Oct 04, 2022 11:05:48 AM edu.yu.cs.com3800.stage5.LeaderGatewayReceiver run
FINE: attempting to insert request in leader receiver queue
Oct 04, 2022 11:05:48 AM edu.yu.cs.com3800.stage5.LeaderGatewayReceiver run
INFO: successfully passed message to leader
Oct 04, 2022 11:05:48 AM edu.yu.cs.com3800.stage5.LeaderGatewayReceiver run
FINE: Attempting to accept a gatewayConnection
Oct 04, 2022 11:05:48 AM edu.yu.cs.com3800.stage5.LeaderGatewayReceiver run
FINE: Success. Attempting to read gatewayRequest
Oct 04, 2022 11:05:48 AM edu.yu.cs.com3800.stage5.LeaderGatewayReceiver run
INFO: Received message from localhost8888
Oct 04, 2022 11:05:48 AM edu.yu.cs.com3800.stage5.LeaderGatewayReceiver run
FINE: Success inserting request ID and socket to map
Oct 04, 2022 11:05:48 AM edu.yu.cs.com3800.stage5.LeaderGatewayReceiver run
FINE: attempting to insert request in leader receiver queue
Oct 04, 2022 11:05:48 AM edu.yu.cs.com3800.stage5.LeaderGatewayReceiver run
INFO: successfully passed message to leader
Oct 04, 2022 11:05:48 AM edu.yu.cs.com3800.stage5.LeaderGatewayReceiver run
FINE: Attempting to accept a gatewayConnection
Oct 04, 2022 11:05:48 AM edu.yu.cs.com3800.stage5.LeaderGatewayReceiver run
FINE: Success. Attempting to read gatewayRequest
Oct 04, 2022 11:05:48 AM edu.yu.cs.com3800.stage5.LeaderGatewayReceiver run
INFO: Received message from localhost8888
Oct 04, 2022 11:05:48 AM edu.yu.cs.com3800.stage5.LeaderGatewayReceiver run
FINE: Success inserting request ID and socket to map
Oct 04, 2022 11:05:48 AM edu.yu.cs.com3800.stage5.LeaderGatewayReceiver run
FINE: attempting to insert request in leader receiver queue
Oct 04, 2022 11:05:48 AM edu.yu.cs.com3800.stage5.LeaderGatewayReceiver run
INFO: successfully passed message to leader
Oct 04, 2022 11:05:48 AM edu.yu.cs.com3800.stage5.LeaderGatewayReceiver run
FINE: Attempting to accept a gatewayConnection
Oct 04, 2022 11:05:48 AM edu.yu.cs.com3800.stage5.LeaderGatewayReceiver run
FINE: Success. Attempting to read gatewayRequest
Oct 04, 2022 11:05:48 AM edu.yu.cs.com3800.stage5.LeaderGatewayReceiver run
INFO: Received message from localhost8888
Oct 04, 2022 11:05:48 AM edu.yu.cs.com3800.stage5.LeaderGatewayReceiver run
FINE: Success inserting request ID and socket to map
Oct 04, 2022 11:05:48 AM edu.yu.cs.com3800.stage5.LeaderGatewayReceiver run
FINE: attempting to insert request in leader receiver queue
Oct 04, 2022 11:05:48 AM edu.yu.cs.com3800.stage5.LeaderGatewayReceiver run
INFO: successfully passed message to leader
Oct 04, 2022 11:05:48 AM edu.yu.cs.com3800.stage5.LeaderGatewayReceiver run
FINE: Attempting to accept a gatewayConnection
Oct 04, 2022 11:06:51 AM edu.yu.cs.com3800.stage5.LeaderGatewayReceiver run
FINE: Success. Attempting to read gatewayRequest
Oct 04, 2022 11:06:51 AM edu.yu.cs.com3800.stage5.LeaderGatewayReceiver run
INFO: Received message from localhost8888
Oct 04, 2022 11:06:51 AM edu.yu.cs.com3800.stage5.LeaderGatewayReceiver run
FINE: Success inserting request ID and socket to map
Oct 04, 2022 11:06:51 AM edu.yu.cs.com3800.stage5.LeaderGatewayReceiver run
FINE: attempting to insert request in leader receiver queue
Oct 04, 2022 11:06:51 AM edu.yu.cs.com3800.stage5.LeaderGatewayReceiver run
INFO: successfully passed message to leader
Oct 04, 2022 11:06:51 AM edu.yu.cs.com3800.stage5.LeaderGatewayReceiver run
FINE: Attempting to accept a gatewayConnection
Oct 04, 2022 11:06:51 AM edu.yu.cs.com3800.stage5.LeaderGatewayReceiver run
FINE: Success. Attempting to read gatewayRequest
Oct 04, 2022 11:06:51 AM edu.yu.cs.com3800.stage5.LeaderGatewayReceiver run
INFO: Received message from localhost8888
Oct 04, 2022 11:06:51 AM edu.yu.cs.com3800.stage5.LeaderGatewayReceiver run
FINE: Success inserting request ID and socket to map
Oct 04, 2022 11:06:51 AM edu.yu.cs.com3800.stage5.LeaderGatewayReceiver run
FINE: attempting to insert request in leader receiver queue
Oct 04, 2022 11:06:51 AM edu.yu.cs.com3800.stage5.LeaderGatewayReceiver run
INFO: successfully passed message to leader
Oct 04, 2022 11:06:51 AM edu.yu.cs.com3800.stage5.LeaderGatewayReceiver run
FINE: Attempting to accept a gatewayConnection
Oct 04, 2022 11:06:51 AM edu.yu.cs.com3800.stage5.LeaderGatewayReceiver run
FINE: Success. Attempting to read gatewayRequest
Oct 04, 2022 11:06:51 AM edu.yu.cs.com3800.stage5.LeaderGatewayReceiver run
INFO: Received message from localhost8888
Oct 04, 2022 11:06:51 AM edu.yu.cs.com3800.stage5.LeaderGatewayReceiver run
FINE: Success inserting request ID and socket to map
Oct 04, 2022 11:06:51 AM edu.yu.cs.com3800.stage5.LeaderGatewayReceiver run
FINE: attempting to insert request in leader receiver queue
Oct 04, 2022 11:06:51 AM edu.yu.cs.com3800.stage5.LeaderGatewayReceiver run
INFO: successfully passed message to leader
Oct 04, 2022 11:06:51 AM edu.yu.cs.com3800.stage5.LeaderGatewayReceiver run
FINE: Attempting to accept a gatewayConnection
Oct 04, 2022 11:06:51 AM edu.yu.cs.com3800.stage5.LeaderGatewayReceiver run
FINE: Success. Attempting to read gatewayRequest
Oct 04, 2022 11:06:51 AM edu.yu.cs.com3800.stage5.LeaderGatewayReceiver run
INFO: Received message from localhost8888
Oct 04, 2022 11:06:51 AM edu.yu.cs.com3800.stage5.LeaderGatewayReceiver run
FINE: Success inserting request ID and socket to map
Oct 04, 2022 11:06:51 AM edu.yu.cs.com3800.stage5.LeaderGatewayReceiver run
FINE: attempting to insert request in leader receiver queue
Oct 04, 2022 11:06:51 AM edu.yu.cs.com3800.stage5.LeaderGatewayReceiver run
INFO: successfully passed message to leader
Oct 04, 2022 11:06:51 AM edu.yu.cs.com3800.stage5.LeaderGatewayReceiver run
FINE: Attempting to accept a gatewayConnection
Oct 04, 2022 11:06:51 AM edu.yu.cs.com3800.stage5.LeaderGatewayReceiver run
FINE: Success. Attempting to read gatewayRequest
Oct 04, 2022 11:06:51 AM edu.yu.cs.com3800.stage5.LeaderGatewayReceiver run
INFO: Received message from localhost8888
Oct 04, 2022 11:06:51 AM edu.yu.cs.com3800.stage5.LeaderGatewayReceiver run
FINE: Success inserting request ID and socket to map
Oct 04, 2022 11:06:51 AM edu.yu.cs.com3800.stage5.LeaderGatewayReceiver run
FINE: attempting to insert request in leader receiver queue
Oct 04, 2022 11:06:51 AM edu.yu.cs.com3800.stage5.LeaderGatewayReceiver run
INFO: successfully passed message to leader
Oct 04, 2022 11:06:51 AM edu.yu.cs.com3800.stage5.LeaderGatewayReceiver run
FINE: Attempting to accept a gatewayConnection
Oct 04, 2022 11:06:51 AM edu.yu.cs.com3800.stage5.LeaderGatewayReceiver run
FINE: Success. Attempting to read gatewayRequest
Oct 04, 2022 11:06:51 AM edu.yu.cs.com3800.stage5.LeaderGatewayReceiver run
INFO: Received message from localhost8888
Oct 04, 2022 11:06:51 AM edu.yu.cs.com3800.stage5.LeaderGatewayReceiver run
FINE: Success inserting request ID and socket to map
Oct 04, 2022 11:06:51 AM edu.yu.cs.com3800.stage5.LeaderGatewayReceiver run
FINE: attempting to insert request in leader receiver queue
Oct 04, 2022 11:06:51 AM edu.yu.cs.com3800.stage5.LeaderGatewayReceiver run
INFO: successfully passed message to leader
Oct 04, 2022 11:06:51 AM edu.yu.cs.com3800.stage5.LeaderGatewayReceiver run
FINE: Attempting to accept a gatewayConnection
Oct 04, 2022 11:06:51 AM edu.yu.cs.com3800.stage5.LeaderGatewayReceiver run
FINE: Success. Attempting to read gatewayRequest
Oct 04, 2022 11:06:51 AM edu.yu.cs.com3800.stage5.LeaderGatewayReceiver run
INFO: Received message from localhost8888
Oct 04, 2022 11:06:51 AM edu.yu.cs.com3800.stage5.LeaderGatewayReceiver run
FINE: Success inserting request ID and socket to map
Oct 04, 2022 11:06:51 AM edu.yu.cs.com3800.stage5.LeaderGatewayReceiver run
FINE: attempting to insert request in leader receiver queue
Oct 04, 2022 11:06:51 AM edu.yu.cs.com3800.stage5.LeaderGatewayReceiver run
INFO: successfully passed message to leader
Oct 04, 2022 11:06:51 AM edu.yu.cs.com3800.stage5.LeaderGatewayReceiver run
FINE: Attempting to accept a gatewayConnection
Oct 04, 2022 11:06:51 AM edu.yu.cs.com3800.stage5.LeaderGatewayReceiver run
FINE: Success. Attempting to read gatewayRequest
Oct 04, 2022 11:06:51 AM edu.yu.cs.com3800.stage5.LeaderGatewayReceiver run
INFO: Received message from localhost8888
Oct 04, 2022 11:06:51 AM edu.yu.cs.com3800.stage5.LeaderGatewayReceiver run
FINE: Success inserting request ID and socket to map
Oct 04, 2022 11:06:51 AM edu.yu.cs.com3800.stage5.LeaderGatewayReceiver run
FINE: attempting to insert request in leader receiver queue
Oct 04, 2022 11:06:51 AM edu.yu.cs.com3800.stage5.LeaderGatewayReceiver run
INFO: successfully passed message to leader
Oct 04, 2022 11:06:51 AM edu.yu.cs.com3800.stage5.LeaderGatewayReceiver run
FINE: Attempting to accept a gatewayConnection
Oct 04, 2022 11:06:51 AM edu.yu.cs.com3800.stage5.LeaderGatewayReceiver run
FINE: Success. Attempting to read gatewayRequest
Oct 04, 2022 11:06:51 AM edu.yu.cs.com3800.stage5.LeaderGatewayReceiver run
INFO: Received message from localhost8888
Oct 04, 2022 11:06:51 AM edu.yu.cs.com3800.stage5.LeaderGatewayReceiver run
FINE: Success inserting request ID and socket to map
Oct 04, 2022 11:06:51 AM edu.yu.cs.com3800.stage5.LeaderGatewayReceiver run
FINE: attempting to insert request in leader receiver queue
Oct 04, 2022 11:06:51 AM edu.yu.cs.com3800.stage5.LeaderGatewayReceiver run
INFO: successfully passed message to leader
Oct 04, 2022 11:06:51 AM edu.yu.cs.com3800.stage5.LeaderGatewayReceiver run
FINE: Attempting to accept a gatewayConnection
Oct 04, 2022 11:06:51 AM edu.yu.cs.com3800.stage5.LeaderGatewayReceiver run
FINE: Success. Attempting to read gatewayRequest
Oct 04, 2022 11:06:51 AM edu.yu.cs.com3800.stage5.LeaderGatewayReceiver run
INFO: Received message from localhost8888
Oct 04, 2022 11:06:51 AM edu.yu.cs.com3800.stage5.LeaderGatewayReceiver run
FINE: Success inserting request ID and socket to map
Oct 04, 2022 11:06:51 AM edu.yu.cs.com3800.stage5.LeaderGatewayReceiver run
FINE: attempting to insert request in leader receiver queue
Oct 04, 2022 11:06:51 AM edu.yu.cs.com3800.stage5.LeaderGatewayReceiver run
INFO: successfully passed message to leader
Oct 04, 2022 11:06:51 AM edu.yu.cs.com3800.stage5.LeaderGatewayReceiver run
FINE: Attempting to accept a gatewayConnection
Oct 04, 2022 11:06:51 AM edu.yu.cs.com3800.stage5.LeaderGatewayReceiver run
FINE: Success. Attempting to read gatewayRequest
Oct 04, 2022 11:06:51 AM edu.yu.cs.com3800.stage5.LeaderGatewayReceiver run
INFO: Received message from localhost8888
Oct 04, 2022 11:06:51 AM edu.yu.cs.com3800.stage5.LeaderGatewayReceiver run
FINE: Success inserting request ID and socket to map
Oct 04, 2022 11:06:51 AM edu.yu.cs.com3800.stage5.LeaderGatewayReceiver run
FINE: attempting to insert request in leader receiver queue
Oct 04, 2022 11:06:51 AM edu.yu.cs.com3800.stage5.LeaderGatewayReceiver run
INFO: successfully passed message to leader
Oct 04, 2022 11:06:51 AM edu.yu.cs.com3800.stage5.LeaderGatewayReceiver run
FINE: Attempting to accept a gatewayConnection
Oct 04, 2022 11:06:51 AM edu.yu.cs.com3800.stage5.LeaderGatewayReceiver run
FINE: Success. Attempting to read gatewayRequest
Oct 04, 2022 11:06:51 AM edu.yu.cs.com3800.stage5.LeaderGatewayReceiver run
INFO: Received message from localhost8888
Oct 04, 2022 11:06:51 AM edu.yu.cs.com3800.stage5.LeaderGatewayReceiver run
FINE: Success inserting request ID and socket to map
Oct 04, 2022 11:06:51 AM edu.yu.cs.com3800.stage5.LeaderGatewayReceiver run
FINE: attempting to insert request in leader receiver queue
Oct 04, 2022 11:06:51 AM edu.yu.cs.com3800.stage5.LeaderGatewayReceiver run
INFO: successfully passed message to leader
Oct 04, 2022 11:06:51 AM edu.yu.cs.com3800.stage5.LeaderGatewayReceiver run
FINE: Attempting to accept a gatewayConnection
Oct 04, 2022 11:06:51 AM edu.yu.cs.com3800.stage5.LeaderGatewayReceiver run
FINE: Success. Attempting to read gatewayRequest
Oct 04, 2022 11:06:51 AM edu.yu.cs.com3800.stage5.LeaderGatewayReceiver run
INFO: Received message from localhost8888
Oct 04, 2022 11:06:51 AM edu.yu.cs.com3800.stage5.LeaderGatewayReceiver run
FINE: Success inserting request ID and socket to map
Oct 04, 2022 11:06:51 AM edu.yu.cs.com3800.stage5.LeaderGatewayReceiver run
FINE: attempting to insert request in leader receiver queue
Oct 04, 2022 11:06:51 AM edu.yu.cs.com3800.stage5.LeaderGatewayReceiver run
INFO: successfully passed message to leader
Oct 04, 2022 11:06:51 AM edu.yu.cs.com3800.stage5.LeaderGatewayReceiver run
FINE: Attempting to accept a gatewayConnection
Oct 04, 2022 11:06:51 AM edu.yu.cs.com3800.stage5.LeaderGatewayReceiver run
FINE: Success. Attempting to read gatewayRequest
Oct 04, 2022 11:06:51 AM edu.yu.cs.com3800.stage5.LeaderGatewayReceiver run
INFO: Received message from localhost8888
Oct 04, 2022 11:06:51 AM edu.yu.cs.com3800.stage5.LeaderGatewayReceiver run
FINE: Success inserting request ID and socket to map
Oct 04, 2022 11:06:51 AM edu.yu.cs.com3800.stage5.LeaderGatewayReceiver run
FINE: attempting to insert request in leader receiver queue
Oct 04, 2022 11:06:51 AM edu.yu.cs.com3800.stage5.LeaderGatewayReceiver run
INFO: successfully passed message to leader
Oct 04, 2022 11:06:51 AM edu.yu.cs.com3800.stage5.LeaderGatewayReceiver run
FINE: Attempting to accept a gatewayConnection
Oct 04, 2022 11:06:51 AM edu.yu.cs.com3800.stage5.LeaderGatewayReceiver run
FINE: Success. Attempting to read gatewayRequest
Oct 04, 2022 11:06:51 AM edu.yu.cs.com3800.stage5.LeaderGatewayReceiver run
INFO: Received message from localhost8888
Oct 04, 2022 11:06:51 AM edu.yu.cs.com3800.stage5.LeaderGatewayReceiver run
FINE: Success inserting request ID and socket to map
Oct 04, 2022 11:06:51 AM edu.yu.cs.com3800.stage5.LeaderGatewayReceiver run
FINE: attempting to insert request in leader receiver queue
Oct 04, 2022 11:06:51 AM edu.yu.cs.com3800.stage5.LeaderGatewayReceiver run
INFO: successfully passed message to leader
Oct 04, 2022 11:06:51 AM edu.yu.cs.com3800.stage5.LeaderGatewayReceiver run
FINE: Attempting to accept a gatewayConnection
Oct 04, 2022 11:06:53 AM edu.yu.cs.com3800.stage5.LeaderGatewayReceiver run
FINE: Success. Attempting to read gatewayRequest
Oct 04, 2022 11:06:53 AM edu.yu.cs.com3800.stage5.LeaderGatewayReceiver run
INFO: Received message from localhost8888
Oct 04, 2022 11:06:53 AM edu.yu.cs.com3800.stage5.LeaderGatewayReceiver run
FINE: Success inserting request ID and socket to map
Oct 04, 2022 11:06:53 AM edu.yu.cs.com3800.stage5.LeaderGatewayReceiver run
FINE: attempting to insert request in leader receiver queue
Oct 04, 2022 11:06:53 AM edu.yu.cs.com3800.stage5.LeaderGatewayReceiver run
INFO: successfully passed message to leader
Oct 04, 2022 11:06:53 AM edu.yu.cs.com3800.stage5.LeaderGatewayReceiver run
FINE: Attempting to accept a gatewayConnection
Oct 04, 2022 11:06:55 AM edu.yu.cs.com3800.stage5.LeaderGatewayReceiver run
FINE: Success. Attempting to read gatewayRequest
Oct 04, 2022 11:06:55 AM edu.yu.cs.com3800.stage5.LeaderGatewayReceiver run
INFO: Received message from localhost8888
Oct 04, 2022 11:06:55 AM edu.yu.cs.com3800.stage5.LeaderGatewayReceiver run
FINE: Success inserting request ID and socket to map
Oct 04, 2022 11:06:55 AM edu.yu.cs.com3800.stage5.LeaderGatewayReceiver run
FINE: attempting to insert request in leader receiver queue
Oct 04, 2022 11:06:55 AM edu.yu.cs.com3800.stage5.LeaderGatewayReceiver run
INFO: successfully passed message to leader
Oct 04, 2022 11:06:55 AM edu.yu.cs.com3800.stage5.LeaderGatewayReceiver run
FINE: Attempting to accept a gatewayConnection
Oct 04, 2022 11:06:56 AM edu.yu.cs.com3800.stage5.LeaderGatewayReceiver run
FINE: Success. Attempting to read gatewayRequest
Oct 04, 2022 11:06:56 AM edu.yu.cs.com3800.stage5.LeaderGatewayReceiver run
INFO: Received message from localhost8888
Oct 04, 2022 11:06:56 AM edu.yu.cs.com3800.stage5.LeaderGatewayReceiver run
FINE: Success inserting request ID and socket to map
Oct 04, 2022 11:06:56 AM edu.yu.cs.com3800.stage5.LeaderGatewayReceiver run
FINE: attempting to insert request in leader receiver queue
Oct 04, 2022 11:06:56 AM edu.yu.cs.com3800.stage5.LeaderGatewayReceiver run
INFO: successfully passed message to leader
Oct 04, 2022 11:06:56 AM edu.yu.cs.com3800.stage5.LeaderGatewayReceiver run
FINE: Attempting to accept a gatewayConnection
Oct 04, 2022 11:06:56 AM edu.yu.cs.com3800.stage5.LeaderGatewayReceiver run
FINE: Success. Attempting to read gatewayRequest
Oct 04, 2022 11:06:56 AM edu.yu.cs.com3800.stage5.LeaderGatewayReceiver run
INFO: Received message from localhost8888
Oct 04, 2022 11:06:56 AM edu.yu.cs.com3800.stage5.LeaderGatewayReceiver run
FINE: Success inserting request ID and socket to map
Oct 04, 2022 11:06:56 AM edu.yu.cs.com3800.stage5.LeaderGatewayReceiver run
FINE: attempting to insert request in leader receiver queue
Oct 04, 2022 11:06:56 AM edu.yu.cs.com3800.stage5.LeaderGatewayReceiver run
INFO: successfully passed message to leader
Oct 04, 2022 11:06:56 AM edu.yu.cs.com3800.stage5.LeaderGatewayReceiver run
FINE: Attempting to accept a gatewayConnection
Oct 04, 2022 11:06:56 AM edu.yu.cs.com3800.stage5.LeaderGatewayReceiver run
FINE: Success. Attempting to read gatewayRequest
Oct 04, 2022 11:06:56 AM edu.yu.cs.com3800.stage5.LeaderGatewayReceiver run
INFO: Received message from localhost8888
Oct 04, 2022 11:06:56 AM edu.yu.cs.com3800.stage5.LeaderGatewayReceiver run
FINE: Success inserting request ID and socket to map
Oct 04, 2022 11:06:56 AM edu.yu.cs.com3800.stage5.LeaderGatewayReceiver run
FINE: attempting to insert request in leader receiver queue
Oct 04, 2022 11:06:56 AM edu.yu.cs.com3800.stage5.LeaderGatewayReceiver run
INFO: successfully passed message to leader
Oct 04, 2022 11:06:56 AM edu.yu.cs.com3800.stage5.LeaderGatewayReceiver run
FINE: Attempting to accept a gatewayConnection
Oct 04, 2022 11:06:56 AM edu.yu.cs.com3800.stage5.LeaderGatewayReceiver run
FINE: Success. Attempting to read gatewayRequest
Oct 04, 2022 11:06:56 AM edu.yu.cs.com3800.stage5.LeaderGatewayReceiver run
INFO: Received message from localhost8888
Oct 04, 2022 11:06:56 AM edu.yu.cs.com3800.stage5.LeaderGatewayReceiver run
FINE: Success inserting request ID and socket to map
Oct 04, 2022 11:06:56 AM edu.yu.cs.com3800.stage5.LeaderGatewayReceiver run
FINE: attempting to insert request in leader receiver queue
Oct 04, 2022 11:06:56 AM edu.yu.cs.com3800.stage5.LeaderGatewayReceiver run
INFO: successfully passed message to leader
Oct 04, 2022 11:06:56 AM edu.yu.cs.com3800.stage5.LeaderGatewayReceiver run
FINE: Attempting to accept a gatewayConnection
Oct 04, 2022 11:06:56 AM edu.yu.cs.com3800.stage5.LeaderGatewayReceiver run
FINE: Success. Attempting to read gatewayRequest
Oct 04, 2022 11:06:56 AM edu.yu.cs.com3800.stage5.LeaderGatewayReceiver run
INFO: Received message from localhost8888
Oct 04, 2022 11:06:56 AM edu.yu.cs.com3800.stage5.LeaderGatewayReceiver run
FINE: Success inserting request ID and socket to map
Oct 04, 2022 11:06:56 AM edu.yu.cs.com3800.stage5.LeaderGatewayReceiver run
FINE: attempting to insert request in leader receiver queue
Oct 04, 2022 11:06:56 AM edu.yu.cs.com3800.stage5.LeaderGatewayReceiver run
INFO: successfully passed message to leader
Oct 04, 2022 11:06:56 AM edu.yu.cs.com3800.stage5.LeaderGatewayReceiver run
FINE: Attempting to accept a gatewayConnection
Oct 04, 2022 11:06:56 AM edu.yu.cs.com3800.stage5.LeaderGatewayReceiver run
FINE: Success. Attempting to read gatewayRequest
Oct 04, 2022 11:06:56 AM edu.yu.cs.com3800.stage5.LeaderGatewayReceiver run
INFO: Received message from localhost8888
Oct 04, 2022 11:06:56 AM edu.yu.cs.com3800.stage5.LeaderGatewayReceiver run
FINE: Success inserting request ID and socket to map
Oct 04, 2022 11:06:56 AM edu.yu.cs.com3800.stage5.LeaderGatewayReceiver run
FINE: attempting to insert request in leader receiver queue
Oct 04, 2022 11:06:56 AM edu.yu.cs.com3800.stage5.LeaderGatewayReceiver run
INFO: successfully passed message to leader
Oct 04, 2022 11:06:56 AM edu.yu.cs.com3800.stage5.LeaderGatewayReceiver run
FINE: Attempting to accept a gatewayConnection
Oct 04, 2022 11:06:56 AM edu.yu.cs.com3800.stage5.LeaderGatewayReceiver run
FINE: Success. Attempting to read gatewayRequest
Oct 04, 2022 11:06:56 AM edu.yu.cs.com3800.stage5.LeaderGatewayReceiver run
INFO: Received message from localhost8888
Oct 04, 2022 11:06:56 AM edu.yu.cs.com3800.stage5.LeaderGatewayReceiver run
FINE: Success inserting request ID and socket to map
Oct 04, 2022 11:06:56 AM edu.yu.cs.com3800.stage5.LeaderGatewayReceiver run
FINE: attempting to insert request in leader receiver queue
Oct 04, 2022 11:06:56 AM edu.yu.cs.com3800.stage5.LeaderGatewayReceiver run
INFO: successfully passed message to leader
Oct 04, 2022 11:06:56 AM edu.yu.cs.com3800.stage5.LeaderGatewayReceiver run
FINE: Attempting to accept a gatewayConnection
Oct 04, 2022 11:06:56 AM edu.yu.cs.com3800.stage5.LeaderGatewayReceiver run
FINE: Success. Attempting to read gatewayRequest
Oct 04, 2022 11:06:56 AM edu.yu.cs.com3800.stage5.LeaderGatewayReceiver run
INFO: Received message from localhost8888
Oct 04, 2022 11:06:56 AM edu.yu.cs.com3800.stage5.LeaderGatewayReceiver run
FINE: Success inserting request ID and socket to map
Oct 04, 2022 11:06:56 AM edu.yu.cs.com3800.stage5.LeaderGatewayReceiver run
FINE: attempting to insert request in leader receiver queue
Oct 04, 2022 11:06:56 AM edu.yu.cs.com3800.stage5.LeaderGatewayReceiver run
INFO: successfully passed message to leader
Oct 04, 2022 11:06:56 AM edu.yu.cs.com3800.stage5.LeaderGatewayReceiver run
FINE: Attempting to accept a gatewayConnection
Oct 04, 2022 11:06:56 AM edu.yu.cs.com3800.stage5.LeaderGatewayReceiver run
FINE: Success. Attempting to read gatewayRequest
Oct 04, 2022 11:06:56 AM edu.yu.cs.com3800.stage5.LeaderGatewayReceiver run
INFO: Received message from localhost8888
Oct 04, 2022 11:06:56 AM edu.yu.cs.com3800.stage5.LeaderGatewayReceiver run
FINE: Success inserting request ID and socket to map
Oct 04, 2022 11:06:56 AM edu.yu.cs.com3800.stage5.LeaderGatewayReceiver run
FINE: attempting to insert request in leader receiver queue
Oct 04, 2022 11:06:56 AM edu.yu.cs.com3800.stage5.LeaderGatewayReceiver run
INFO: successfully passed message to leader
Oct 04, 2022 11:06:56 AM edu.yu.cs.com3800.stage5.LeaderGatewayReceiver run
FINE: Attempting to accept a gatewayConnection
Oct 04, 2022 11:06:56 AM edu.yu.cs.com3800.stage5.LeaderGatewayReceiver run
FINE: Success. Attempting to read gatewayRequest
Oct 04, 2022 11:06:56 AM edu.yu.cs.com3800.stage5.LeaderGatewayReceiver run
INFO: Received message from localhost8888
Oct 04, 2022 11:06:56 AM edu.yu.cs.com3800.stage5.LeaderGatewayReceiver run
FINE: Success inserting request ID and socket to map
Oct 04, 2022 11:06:56 AM edu.yu.cs.com3800.stage5.LeaderGatewayReceiver run
FINE: attempting to insert request in leader receiver queue
Oct 04, 2022 11:06:56 AM edu.yu.cs.com3800.stage5.LeaderGatewayReceiver run
INFO: successfully passed message to leader
Oct 04, 2022 11:06:56 AM edu.yu.cs.com3800.stage5.LeaderGatewayReceiver run
FINE: Attempting to accept a gatewayConnection
Oct 04, 2022 11:06:56 AM edu.yu.cs.com3800.stage5.LeaderGatewayReceiver run
FINE: Success. Attempting to read gatewayRequest
Oct 04, 2022 11:06:56 AM edu.yu.cs.com3800.stage5.LeaderGatewayReceiver run
INFO: Received message from localhost8888
Oct 04, 2022 11:06:56 AM edu.yu.cs.com3800.stage5.LeaderGatewayReceiver run
FINE: Success inserting request ID and socket to map
Oct 04, 2022 11:06:56 AM edu.yu.cs.com3800.stage5.LeaderGatewayReceiver run
FINE: attempting to insert request in leader receiver queue
Oct 04, 2022 11:06:56 AM edu.yu.cs.com3800.stage5.LeaderGatewayReceiver run
INFO: successfully passed message to leader
Oct 04, 2022 11:06:56 AM edu.yu.cs.com3800.stage5.LeaderGatewayReceiver run
FINE: Attempting to accept a gatewayConnection
Oct 04, 2022 11:06:56 AM edu.yu.cs.com3800.stage5.LeaderGatewayReceiver run
FINE: Success. Attempting to read gatewayRequest
Oct 04, 2022 11:06:56 AM edu.yu.cs.com3800.stage5.LeaderGatewayReceiver run
INFO: Received message from localhost8888
Oct 04, 2022 11:06:56 AM edu.yu.cs.com3800.stage5.LeaderGatewayReceiver run
FINE: Success inserting request ID and socket to map
Oct 04, 2022 11:06:56 AM edu.yu.cs.com3800.stage5.LeaderGatewayReceiver run
FINE: attempting to insert request in leader receiver queue
Oct 04, 2022 11:06:56 AM edu.yu.cs.com3800.stage5.LeaderGatewayReceiver run
INFO: successfully passed message to leader
Oct 04, 2022 11:06:56 AM edu.yu.cs.com3800.stage5.LeaderGatewayReceiver run
FINE: Attempting to accept a gatewayConnection
Oct 04, 2022 11:06:56 AM edu.yu.cs.com3800.stage5.LeaderGatewayReceiver run
FINE: Success. Attempting to read gatewayRequest
Oct 04, 2022 11:06:56 AM edu.yu.cs.com3800.stage5.LeaderGatewayReceiver run
INFO: Received message from localhost8888
Oct 04, 2022 11:06:56 AM edu.yu.cs.com3800.stage5.LeaderGatewayReceiver run
FINE: Success inserting request ID and socket to map
Oct 04, 2022 11:06:56 AM edu.yu.cs.com3800.stage5.LeaderGatewayReceiver run
FINE: attempting to insert request in leader receiver queue
Oct 04, 2022 11:06:56 AM edu.yu.cs.com3800.stage5.LeaderGatewayReceiver run
INFO: successfully passed message to leader
Oct 04, 2022 11:06:56 AM edu.yu.cs.com3800.stage5.LeaderGatewayReceiver run
FINE: Attempting to accept a gatewayConnection
Oct 04, 2022 11:06:56 AM edu.yu.cs.com3800.stage5.LeaderGatewayReceiver run
FINE: Success. Attempting to read gatewayRequest
Oct 04, 2022 11:06:56 AM edu.yu.cs.com3800.stage5.LeaderGatewayReceiver run
INFO: Received message from localhost8888
Oct 04, 2022 11:06:56 AM edu.yu.cs.com3800.stage5.LeaderGatewayReceiver run
FINE: Success inserting request ID and socket to map
Oct 04, 2022 11:06:56 AM edu.yu.cs.com3800.stage5.LeaderGatewayReceiver run
FINE: attempting to insert request in leader receiver queue
Oct 04, 2022 11:06:56 AM edu.yu.cs.com3800.stage5.LeaderGatewayReceiver run
INFO: successfully passed message to leader
Oct 04, 2022 11:06:56 AM edu.yu.cs.com3800.stage5.LeaderGatewayReceiver run
FINE: Attempting to accept a gatewayConnection
Oct 04, 2022 11:06:56 AM edu.yu.cs.com3800.stage5.LeaderGatewayReceiver run
FINE: Success. Attempting to read gatewayRequest
Oct 04, 2022 11:06:56 AM edu.yu.cs.com3800.stage5.LeaderGatewayReceiver run
INFO: Received message from localhost8888
Oct 04, 2022 11:06:56 AM edu.yu.cs.com3800.stage5.LeaderGatewayReceiver run
FINE: Success inserting request ID and socket to map
Oct 04, 2022 11:06:56 AM edu.yu.cs.com3800.stage5.LeaderGatewayReceiver run
FINE: attempting to insert request in leader receiver queue
Oct 04, 2022 11:06:56 AM edu.yu.cs.com3800.stage5.LeaderGatewayReceiver run
INFO: successfully passed message to leader
Oct 04, 2022 11:06:56 AM edu.yu.cs.com3800.stage5.LeaderGatewayReceiver run
FINE: Attempting to accept a gatewayConnection
Oct 04, 2022 11:06:58 AM edu.yu.cs.com3800.stage5.LeaderGatewayReceiver run
FINE: Success. Attempting to read gatewayRequest
Oct 04, 2022 11:06:58 AM edu.yu.cs.com3800.stage5.LeaderGatewayReceiver run
INFO: Received message from localhost8888
Oct 04, 2022 11:06:58 AM edu.yu.cs.com3800.stage5.LeaderGatewayReceiver run
FINE: Success inserting request ID and socket to map
Oct 04, 2022 11:06:58 AM edu.yu.cs.com3800.stage5.LeaderGatewayReceiver run
FINE: attempting to insert request in leader receiver queue
Oct 04, 2022 11:06:58 AM edu.yu.cs.com3800.stage5.LeaderGatewayReceiver run
INFO: successfully passed message to leader
Oct 04, 2022 11:06:58 AM edu.yu.cs.com3800.stage5.LeaderGatewayReceiver run
FINE: Attempting to accept a gatewayConnection
Oct 04, 2022 11:07:00 AM edu.yu.cs.com3800.stage5.LeaderGatewayReceiver run
FINE: Success. Attempting to read gatewayRequest
Oct 04, 2022 11:07:00 AM edu.yu.cs.com3800.stage5.LeaderGatewayReceiver run
INFO: Received message from localhost8888
Oct 04, 2022 11:07:00 AM edu.yu.cs.com3800.stage5.LeaderGatewayReceiver run
FINE: Success inserting request ID and socket to map
Oct 04, 2022 11:07:00 AM edu.yu.cs.com3800.stage5.LeaderGatewayReceiver run
FINE: attempting to insert request in leader receiver queue
Oct 04, 2022 11:07:00 AM edu.yu.cs.com3800.stage5.LeaderGatewayReceiver run
INFO: successfully passed message to leader
Oct 04, 2022 11:07:00 AM edu.yu.cs.com3800.stage5.LeaderGatewayReceiver run
FINE: Attempting to accept a gatewayConnection
Oct 04, 2022 11:07:01 AM edu.yu.cs.com3800.stage5.LeaderGatewayReceiver run
FINE: Success. Attempting to read gatewayRequest
Oct 04, 2022 11:07:01 AM edu.yu.cs.com3800.stage5.LeaderGatewayReceiver run
INFO: Received message from localhost8888
Oct 04, 2022 11:07:01 AM edu.yu.cs.com3800.stage5.LeaderGatewayReceiver run
FINE: Success inserting request ID and socket to map
Oct 04, 2022 11:07:01 AM edu.yu.cs.com3800.stage5.LeaderGatewayReceiver run
FINE: attempting to insert request in leader receiver queue
Oct 04, 2022 11:07:01 AM edu.yu.cs.com3800.stage5.LeaderGatewayReceiver run
INFO: successfully passed message to leader
Oct 04, 2022 11:07:01 AM edu.yu.cs.com3800.stage5.LeaderGatewayReceiver run
FINE: Attempting to accept a gatewayConnection
Oct 04, 2022 11:07:02 AM edu.yu.cs.com3800.stage5.LeaderGatewayReceiver run
FINE: Success. Attempting to read gatewayRequest
Oct 04, 2022 11:07:02 AM edu.yu.cs.com3800.stage5.LeaderGatewayReceiver run
INFO: Received message from localhost8888
Oct 04, 2022 11:07:02 AM edu.yu.cs.com3800.stage5.LeaderGatewayReceiver run
FINE: Success inserting request ID and socket to map
Oct 04, 2022 11:07:02 AM edu.yu.cs.com3800.stage5.LeaderGatewayReceiver run
FINE: attempting to insert request in leader receiver queue
Oct 04, 2022 11:07:02 AM edu.yu.cs.com3800.stage5.LeaderGatewayReceiver run
INFO: successfully passed message to leader
Oct 04, 2022 11:07:02 AM edu.yu.cs.com3800.stage5.LeaderGatewayReceiver run
FINE: Attempting to accept a gatewayConnection
Oct 04, 2022 11:07:03 AM edu.yu.cs.com3800.stage5.LeaderGatewayReceiver run
FINE: Success. Attempting to read gatewayRequest
Oct 04, 2022 11:07:03 AM edu.yu.cs.com3800.stage5.LeaderGatewayReceiver run
INFO: Received message from localhost8888
Oct 04, 2022 11:07:03 AM edu.yu.cs.com3800.stage5.LeaderGatewayReceiver run
FINE: Success inserting request ID and socket to map
Oct 04, 2022 11:07:03 AM edu.yu.cs.com3800.stage5.LeaderGatewayReceiver run
FINE: attempting to insert request in leader receiver queue
Oct 04, 2022 11:07:03 AM edu.yu.cs.com3800.stage5.LeaderGatewayReceiver run
INFO: successfully passed message to leader
Oct 04, 2022 11:07:03 AM edu.yu.cs.com3800.stage5.LeaderGatewayReceiver run
FINE: Attempting to accept a gatewayConnection
Oct 04, 2022 11:07:04 AM edu.yu.cs.com3800.stage5.LeaderGatewayReceiver run
FINE: Success. Attempting to read gatewayRequest
Oct 04, 2022 11:07:05 AM edu.yu.cs.com3800.stage5.LeaderGatewayReceiver run
INFO: Received message from localhost8888
Oct 04, 2022 11:07:05 AM edu.yu.cs.com3800.stage5.LeaderGatewayReceiver run
FINE: Success inserting request ID and socket to map
Oct 04, 2022 11:07:05 AM edu.yu.cs.com3800.stage5.LeaderGatewayReceiver run
FINE: attempting to insert request in leader receiver queue
Oct 04, 2022 11:07:05 AM edu.yu.cs.com3800.stage5.LeaderGatewayReceiver run
INFO: successfully passed message to leader
Oct 04, 2022 11:07:05 AM edu.yu.cs.com3800.stage5.LeaderGatewayReceiver run
FINE: Attempting to accept a gatewayConnection
Oct 04, 2022 11:07:06 AM edu.yu.cs.com3800.stage5.LeaderGatewayReceiver run
FINE: Success. Attempting to read gatewayRequest
Oct 04, 2022 11:07:06 AM edu.yu.cs.com3800.stage5.LeaderGatewayReceiver run
INFO: Received message from localhost8888
Oct 04, 2022 11:07:06 AM edu.yu.cs.com3800.stage5.LeaderGatewayReceiver run
FINE: Success inserting request ID and socket to map
Oct 04, 2022 11:07:06 AM edu.yu.cs.com3800.stage5.LeaderGatewayReceiver run
FINE: attempting to insert request in leader receiver queue
Oct 04, 2022 11:07:06 AM edu.yu.cs.com3800.stage5.LeaderGatewayReceiver run
INFO: successfully passed message to leader
Oct 04, 2022 11:07:06 AM edu.yu.cs.com3800.stage5.LeaderGatewayReceiver run
FINE: Attempting to accept a gatewayConnection
Oct 04, 2022 11:07:08 AM edu.yu.cs.com3800.stage5.LeaderGatewayReceiver run
FINE: Success. Attempting to read gatewayRequest
Oct 04, 2022 11:07:08 AM edu.yu.cs.com3800.stage5.LeaderGatewayReceiver run
INFO: Received message from localhost8888
Oct 04, 2022 11:07:08 AM edu.yu.cs.com3800.stage5.LeaderGatewayReceiver run
FINE: Success inserting request ID and socket to map
Oct 04, 2022 11:07:08 AM edu.yu.cs.com3800.stage5.LeaderGatewayReceiver run
FINE: attempting to insert request in leader receiver queue
Oct 04, 2022 11:07:08 AM edu.yu.cs.com3800.stage5.LeaderGatewayReceiver run
INFO: successfully passed message to leader
Oct 04, 2022 11:07:08 AM edu.yu.cs.com3800.stage5.LeaderGatewayReceiver run
FINE: Attempting to accept a gatewayConnection
Oct 04, 2022 11:07:09 AM edu.yu.cs.com3800.stage5.LeaderGatewayReceiver run
FINE: Success. Attempting to read gatewayRequest
Oct 04, 2022 11:07:09 AM edu.yu.cs.com3800.stage5.LeaderGatewayReceiver run
INFO: Received message from localhost8888
Oct 04, 2022 11:07:09 AM edu.yu.cs.com3800.stage5.LeaderGatewayReceiver run
FINE: Success inserting request ID and socket to map
Oct 04, 2022 11:07:09 AM edu.yu.cs.com3800.stage5.LeaderGatewayReceiver run
FINE: attempting to insert request in leader receiver queue
Oct 04, 2022 11:07:09 AM edu.yu.cs.com3800.stage5.LeaderGatewayReceiver run
INFO: successfully passed message to leader
Oct 04, 2022 11:07:09 AM edu.yu.cs.com3800.stage5.LeaderGatewayReceiver run
FINE: Attempting to accept a gatewayConnection
Oct 04, 2022 11:07:09 AM edu.yu.cs.com3800.stage5.LeaderGatewayReceiver run
FINE: Success. Attempting to read gatewayRequest
Oct 04, 2022 11:07:09 AM edu.yu.cs.com3800.stage5.LeaderGatewayReceiver run
INFO: Received message from localhost8888
Oct 04, 2022 11:07:09 AM edu.yu.cs.com3800.stage5.LeaderGatewayReceiver run
FINE: Success inserting request ID and socket to map
Oct 04, 2022 11:07:09 AM edu.yu.cs.com3800.stage5.LeaderGatewayReceiver run
FINE: attempting to insert request in leader receiver queue
Oct 04, 2022 11:07:09 AM edu.yu.cs.com3800.stage5.LeaderGatewayReceiver run
INFO: successfully passed message to leader
Oct 04, 2022 11:07:09 AM edu.yu.cs.com3800.stage5.LeaderGatewayReceiver run
FINE: Attempting to accept a gatewayConnection
Oct 04, 2022 11:07:09 AM edu.yu.cs.com3800.stage5.LeaderGatewayReceiver run
FINE: Success. Attempting to read gatewayRequest
Oct 04, 2022 11:07:09 AM edu.yu.cs.com3800.stage5.LeaderGatewayReceiver run
INFO: Received message from localhost8888
Oct 04, 2022 11:07:09 AM edu.yu.cs.com3800.stage5.LeaderGatewayReceiver run
FINE: Success inserting request ID and socket to map
Oct 04, 2022 11:07:09 AM edu.yu.cs.com3800.stage5.LeaderGatewayReceiver run
FINE: attempting to insert request in leader receiver queue
Oct 04, 2022 11:07:09 AM edu.yu.cs.com3800.stage5.LeaderGatewayReceiver run
INFO: successfully passed message to leader
Oct 04, 2022 11:07:09 AM edu.yu.cs.com3800.stage5.LeaderGatewayReceiver run
FINE: Attempting to accept a gatewayConnection
Oct 04, 2022 11:07:09 AM edu.yu.cs.com3800.stage5.LeaderGatewayReceiver run
FINE: Success. Attempting to read gatewayRequest
Oct 04, 2022 11:07:09 AM edu.yu.cs.com3800.stage5.LeaderGatewayReceiver run
INFO: Received message from localhost8888
Oct 04, 2022 11:07:09 AM edu.yu.cs.com3800.stage5.LeaderGatewayReceiver run
FINE: Success inserting request ID and socket to map
Oct 04, 2022 11:07:09 AM edu.yu.cs.com3800.stage5.LeaderGatewayReceiver run
FINE: attempting to insert request in leader receiver queue
Oct 04, 2022 11:07:09 AM edu.yu.cs.com3800.stage5.LeaderGatewayReceiver run
INFO: successfully passed message to leader
Oct 04, 2022 11:07:09 AM edu.yu.cs.com3800.stage5.LeaderGatewayReceiver run
FINE: Attempting to accept a gatewayConnection
Oct 04, 2022 11:07:09 AM edu.yu.cs.com3800.stage5.LeaderGatewayReceiver run
FINE: Success. Attempting to read gatewayRequest
Oct 04, 2022 11:07:09 AM edu.yu.cs.com3800.stage5.LeaderGatewayReceiver run
INFO: Received message from localhost8888
Oct 04, 2022 11:07:09 AM edu.yu.cs.com3800.stage5.LeaderGatewayReceiver run
FINE: Success inserting request ID and socket to map
Oct 04, 2022 11:07:09 AM edu.yu.cs.com3800.stage5.LeaderGatewayReceiver run
FINE: attempting to insert request in leader receiver queue
Oct 04, 2022 11:07:09 AM edu.yu.cs.com3800.stage5.LeaderGatewayReceiver run
INFO: successfully passed message to leader
Oct 04, 2022 11:07:09 AM edu.yu.cs.com3800.stage5.LeaderGatewayReceiver run
FINE: Attempting to accept a gatewayConnection
Oct 04, 2022 11:08:42 AM edu.yu.cs.com3800.LoggingServer fileHandler
INFO: Logging to file begins:
Oct 04, 2022 11:08:42 AM edu.yu.cs.com3800.stage5.LeaderGatewayReceiver run
INFO: Attempting to create serverSocket to listen for gateway connections
Oct 04, 2022 11:08:42 AM edu.yu.cs.com3800.stage5.LeaderGatewayReceiver run
FINE: Attempting to accept a gatewayConnection
Oct 04, 2022 11:08:42 AM edu.yu.cs.com3800.stage5.LeaderGatewayReceiver run
FINE: Success. Attempting to read gatewayRequest
Oct 04, 2022 11:08:42 AM edu.yu.cs.com3800.stage5.LeaderGatewayReceiver run
INFO: Received message from localhost8888
Oct 04, 2022 11:08:42 AM edu.yu.cs.com3800.stage5.LeaderGatewayReceiver run
FINE: Success inserting request ID and socket to map
Oct 04, 2022 11:08:42 AM edu.yu.cs.com3800.stage5.LeaderGatewayReceiver run
FINE: attempting to insert request in leader receiver queue
Oct 04, 2022 11:08:42 AM edu.yu.cs.com3800.stage5.LeaderGatewayReceiver run
INFO: successfully passed message to leader
Oct 04, 2022 11:08:42 AM edu.yu.cs.com3800.stage5.LeaderGatewayReceiver run
FINE: Attempting to accept a gatewayConnection
Oct 04, 2022 11:08:42 AM edu.yu.cs.com3800.stage5.LeaderGatewayReceiver run
FINE: Success. Attempting to read gatewayRequest
Oct 04, 2022 11:08:42 AM edu.yu.cs.com3800.stage5.LeaderGatewayReceiver run
INFO: Received message from localhost8888
Oct 04, 2022 11:08:42 AM edu.yu.cs.com3800.stage5.LeaderGatewayReceiver run
FINE: Success inserting request ID and socket to map
Oct 04, 2022 11:08:42 AM edu.yu.cs.com3800.stage5.LeaderGatewayReceiver run
FINE: attempting to insert request in leader receiver queue
Oct 04, 2022 11:08:42 AM edu.yu.cs.com3800.stage5.LeaderGatewayReceiver run
INFO: successfully passed message to leader
Oct 04, 2022 11:08:42 AM edu.yu.cs.com3800.stage5.LeaderGatewayReceiver run
FINE: Attempting to accept a gatewayConnection
Oct 04, 2022 11:08:42 AM edu.yu.cs.com3800.stage5.LeaderGatewayReceiver run
FINE: Success. Attempting to read gatewayRequest
Oct 04, 2022 11:08:42 AM edu.yu.cs.com3800.stage5.LeaderGatewayReceiver run
INFO: Received message from localhost8888
Oct 04, 2022 11:08:42 AM edu.yu.cs.com3800.stage5.LeaderGatewayReceiver run
FINE: Success inserting request ID and socket to map
Oct 04, 2022 11:08:42 AM edu.yu.cs.com3800.stage5.LeaderGatewayReceiver run
FINE: attempting to insert request in leader receiver queue
Oct 04, 2022 11:08:42 AM edu.yu.cs.com3800.stage5.LeaderGatewayReceiver run
INFO: successfully passed message to leader
Oct 04, 2022 11:08:42 AM edu.yu.cs.com3800.stage5.LeaderGatewayReceiver run
FINE: Attempting to accept a gatewayConnection
Oct 04, 2022 11:08:42 AM edu.yu.cs.com3800.stage5.LeaderGatewayReceiver run
FINE: Success. Attempting to read gatewayRequest
Oct 04, 2022 11:08:42 AM edu.yu.cs.com3800.stage5.LeaderGatewayReceiver run
INFO: Received message from localhost8888
Oct 04, 2022 11:08:42 AM edu.yu.cs.com3800.stage5.LeaderGatewayReceiver run
FINE: Success inserting request ID and socket to map
Oct 04, 2022 11:08:42 AM edu.yu.cs.com3800.stage5.LeaderGatewayReceiver run
FINE: attempting to insert request in leader receiver queue
Oct 04, 2022 11:08:42 AM edu.yu.cs.com3800.stage5.LeaderGatewayReceiver run
INFO: successfully passed message to leader
Oct 04, 2022 11:08:42 AM edu.yu.cs.com3800.stage5.LeaderGatewayReceiver run
FINE: Attempting to accept a gatewayConnection
Oct 04, 2022 11:08:42 AM edu.yu.cs.com3800.stage5.LeaderGatewayReceiver run
FINE: Success. Attempting to read gatewayRequest
Oct 04, 2022 11:08:42 AM edu.yu.cs.com3800.stage5.LeaderGatewayReceiver run
INFO: Received message from localhost8888
Oct 04, 2022 11:08:42 AM edu.yu.cs.com3800.stage5.LeaderGatewayReceiver run
FINE: Success inserting request ID and socket to map
Oct 04, 2022 11:08:42 AM edu.yu.cs.com3800.stage5.LeaderGatewayReceiver run
FINE: attempting to insert request in leader receiver queue
Oct 04, 2022 11:08:42 AM edu.yu.cs.com3800.stage5.LeaderGatewayReceiver run
INFO: successfully passed message to leader
Oct 04, 2022 11:08:42 AM edu.yu.cs.com3800.stage5.LeaderGatewayReceiver run
FINE: Attempting to accept a gatewayConnection
