Oct 04, 2022 11:01:33 AM edu.yu.cs.com3800.LoggingServer fileHandler
INFO: Logging to file begins:
Oct 04, 2022 11:01:33 AM edu.yu.cs.com3800.stage5.GatewayServer$ServerHttpHandler handle
INFO: Server received request on /compileandrun from port 33482
Oct 04, 2022 11:01:33 AM edu.yu.cs.com3800.stage5.GatewayServer$ServerHttpHandler handle
INFO: Request body: package edu.yu.cs.fall2019.com3800.stage1;

public class HelloWorld
{
    public String run()
    {
        return Thread.currentThread().getName();
    }
}

Oct 04, 2022 11:01:33 AM edu.yu.cs.com3800.stage5.GatewayServer$ServerHttpHandler handle
INFO: leader is localhost/127.0.0.1:30080
Oct 04, 2022 11:01:33 AM edu.yu.cs.com3800.stage5.GatewayServer$ServerHttpHandler sendAndGetResponse
INFO: Waiting for leader
Oct 04, 2022 11:01:33 AM edu.yu.cs.com3800.stage5.GatewayServer$ServerHttpHandler sendAndGetResponse
INFO: Leader found localhost/127.0.0.1:30080
Oct 04, 2022 11:01:33 AM edu.yu.cs.com3800.stage5.GatewayServer$ServerHttpHandler sendAndGetResponse
INFO: assigned request ID of 6
Oct 04, 2022 11:01:33 AM edu.yu.cs.com3800.stage5.GatewayServer$ServerHttpHandler sendAndGetResponse
INFO: Attempting to read leader response for requestID 6
Oct 04, 2022 11:01:36 AM edu.yu.cs.com3800.stage5.GatewayServer$ServerHttpHandler handle
INFO: Got response for 6
Oct 04, 2022 11:01:36 AM edu.yu.cs.com3800.stage5.GatewayServer$ServerHttpHandler handle
INFO: Attempting to send response headers for requestID 6
Oct 04, 2022 11:01:36 AM edu.yu.cs.com3800.stage5.GatewayServer$ServerHttpHandler handle
INFO: Response headers should be: 200 10
Oct 04, 2022 11:01:36 AM edu.yu.cs.com3800.stage5.GatewayServer$ServerHttpHandler handle
INFO: Attempting to write response body for requestID: 6
Oct 04, 2022 11:01:36 AM edu.yu.cs.com3800.stage5.GatewayServer$ServerHttpHandler handle
INFO: Response headers should be: 3 Follower
Oct 04, 2022 11:01:36 AM edu.yu.cs.com3800.stage5.GatewayServer$ServerHttpHandler handle
INFO: Finished processing requestId: 6
Oct 04, 2022 11:02:27 AM edu.yu.cs.com3800.stage5.GatewayServer$ServerHttpHandler handle
INFO: Server received request on /compileandrun from port 33616
Oct 04, 2022 11:02:27 AM edu.yu.cs.com3800.stage5.GatewayServer$ServerHttpHandler handle
INFO: Request body: package edu.yu.cs.fall2019.com3800.stage1;

public class HelloWorld
{
    public String run()
    {
        return Thread.currentThread().getName();
    }
}

Oct 04, 2022 11:02:27 AM edu.yu.cs.com3800.stage5.GatewayServer$ServerHttpHandler handle
INFO: leader is localhost/127.0.0.1:30080
Oct 04, 2022 11:02:27 AM edu.yu.cs.com3800.stage5.GatewayServer$ServerHttpHandler sendAndGetResponse
INFO: Waiting for leader
Oct 04, 2022 11:02:27 AM edu.yu.cs.com3800.stage5.GatewayServer$ServerHttpHandler sendAndGetResponse
INFO: Leader found localhost/127.0.0.1:30080
Oct 04, 2022 11:02:27 AM edu.yu.cs.com3800.stage5.GatewayServer$ServerHttpHandler sendAndGetResponse
INFO: assigned request ID of 28
Oct 04, 2022 11:02:27 AM edu.yu.cs.com3800.stage5.GatewayServer$ServerHttpHandler sendAndGetResponse
INFO: Attempting to read leader response for requestID 28
Oct 04, 2022 11:02:28 AM edu.yu.cs.com3800.stage5.GatewayServer$ServerHttpHandler handle
INFO: Got response for 28
Oct 04, 2022 11:02:28 AM edu.yu.cs.com3800.stage5.GatewayServer$ServerHttpHandler handle
INFO: Attempting to send response headers for requestID 28
Oct 04, 2022 11:02:28 AM edu.yu.cs.com3800.stage5.GatewayServer$ServerHttpHandler handle
INFO: Response headers should be: 200 10
Oct 04, 2022 11:02:28 AM edu.yu.cs.com3800.stage5.GatewayServer$ServerHttpHandler handle
INFO: Attempting to write response body for requestID: 28
Oct 04, 2022 11:02:28 AM edu.yu.cs.com3800.stage5.GatewayServer$ServerHttpHandler handle
INFO: Response headers should be: 4 Follower
Oct 04, 2022 11:02:28 AM edu.yu.cs.com3800.stage5.GatewayServer$ServerHttpHandler handle
INFO: Finished processing requestId: 28
Oct 04, 2022 11:02:31 AM edu.yu.cs.com3800.stage5.GatewayServer$ServerHttpHandler handle
INFO: Server received request on /compileandrun from port 33692
Oct 04, 2022 11:02:31 AM edu.yu.cs.com3800.stage5.GatewayServer$ServerHttpHandler handle
INFO: Request body: package edu.yu.cs.fall2019.com3800.stage1;

public class HelloWorld
{
    public String run()
    {
        return "9";
    }
}

Oct 04, 2022 11:02:31 AM edu.yu.cs.com3800.stage5.GatewayServer$ServerHttpHandler handle
INFO: leader is localhost/127.0.0.1:30080
Oct 04, 2022 11:02:31 AM edu.yu.cs.com3800.stage5.GatewayServer$ServerHttpHandler sendAndGetResponse
INFO: Waiting for leader
Oct 04, 2022 11:02:31 AM edu.yu.cs.com3800.stage5.GatewayServer$ServerHttpHandler sendAndGetResponse
INFO: Leader found localhost/127.0.0.1:30080
Oct 04, 2022 11:02:31 AM edu.yu.cs.com3800.stage5.GatewayServer$ServerHttpHandler sendAndGetResponse
INFO: assigned request ID of 39
Oct 04, 2022 11:02:31 AM edu.yu.cs.com3800.stage5.GatewayServer$ServerHttpHandler sendAndGetResponse
INFO: Attempting to read leader response for requestID 39
Oct 04, 2022 11:02:32 AM edu.yu.cs.com3800.stage5.GatewayServer$ServerHttpHandler handle
INFO: Got response for 39
Oct 04, 2022 11:02:33 AM edu.yu.cs.com3800.stage5.GatewayServer$ServerHttpHandler handle
INFO: Attempting to send response headers for requestID 39
Oct 04, 2022 11:02:33 AM edu.yu.cs.com3800.stage5.GatewayServer$ServerHttpHandler handle
INFO: Response headers should be: 200 1
Oct 04, 2022 11:02:33 AM edu.yu.cs.com3800.stage5.GatewayServer$ServerHttpHandler handle
INFO: Attempting to write response body for requestID: 39
Oct 04, 2022 11:02:33 AM edu.yu.cs.com3800.stage5.GatewayServer$ServerHttpHandler handle
INFO: Response headers should be: 9
Oct 04, 2022 11:02:33 AM edu.yu.cs.com3800.stage5.GatewayServer$ServerHttpHandler handle
INFO: Finished processing requestId: 39
