Oct 04, 2022 11:01:33 AM edu.yu.cs.com3800.LoggingServer fileHandler
INFO: Logging to file begins:
Oct 04, 2022 11:01:33 AM edu.yu.cs.com3800.stage5.LeaderClusterCommunication run
INFO: sending requestID 7 to localhost/127.0.0.130042
Oct 04, 2022 11:01:33 AM edu.yu.cs.com3800.stage5.LeaderClusterCommunication run
FINEST: Attempting to open socket
Oct 04, 2022 11:01:33 AM edu.yu.cs.com3800.stage5.LeaderClusterCommunication run
FINEST: Opened Socket successfully, getting output stream
Oct 04, 2022 11:01:33 AM edu.yu.cs.com3800.stage5.LeaderClusterCommunication run
FINEST: Got output stream successfully, writing
Oct 04, 2022 11:01:33 AM edu.yu.cs.com3800.stage5.LeaderClusterCommunication run
FINEST: Sent work successfully, awaiting response from follower
Oct 04, 2022 11:01:36 AM edu.yu.cs.com3800.stage5.LeaderClusterCommunication run
FINEST: received response for 7, sending to gateway
Oct 04, 2022 11:01:36 AM edu.yu.cs.com3800.stage5.LeaderClusterCommunication run
FINEST: Got output stream successfully, writing
Oct 04, 2022 11:01:36 AM edu.yu.cs.com3800.stage5.LeaderClusterCommunication run
INFO: Sent response for requestID 7
Oct 04, 2022 11:01:36 AM edu.yu.cs.com3800.stage5.LeaderClusterCommunication run
INFO: sending requestID 15 to localhost/127.0.0.130042
Oct 04, 2022 11:01:36 AM edu.yu.cs.com3800.stage5.LeaderClusterCommunication run
FINEST: Attempting to open socket
Oct 04, 2022 11:01:36 AM edu.yu.cs.com3800.stage5.LeaderClusterCommunication run
FINEST: Opened Socket successfully, getting output stream
Oct 04, 2022 11:01:36 AM edu.yu.cs.com3800.stage5.LeaderClusterCommunication run
FINEST: Got output stream successfully, writing
Oct 04, 2022 11:01:36 AM edu.yu.cs.com3800.stage5.LeaderClusterCommunication run
FINEST: Sent work successfully, awaiting response from follower
Oct 04, 2022 11:01:36 AM edu.yu.cs.com3800.stage5.LeaderClusterCommunication run
FINEST: received response for 15, sending to gateway
Oct 04, 2022 11:01:36 AM edu.yu.cs.com3800.stage5.LeaderClusterCommunication run
FINEST: Got output stream successfully, writing
Oct 04, 2022 11:01:36 AM edu.yu.cs.com3800.stage5.LeaderClusterCommunication run
INFO: Sent response for requestID 15
Oct 04, 2022 11:02:27 AM edu.yu.cs.com3800.stage5.LeaderClusterCommunication run
INFO: sending requestID 19 to localhost/127.0.0.130012
Oct 04, 2022 11:02:27 AM edu.yu.cs.com3800.stage5.LeaderClusterCommunication run
FINEST: Attempting to open socket
Oct 04, 2022 11:02:27 AM edu.yu.cs.com3800.stage5.LeaderClusterCommunication run
FINEST: Opened Socket successfully, getting output stream
Oct 04, 2022 11:02:27 AM edu.yu.cs.com3800.stage5.LeaderClusterCommunication run
FINEST: Got output stream successfully, writing
Oct 04, 2022 11:02:27 AM edu.yu.cs.com3800.stage5.LeaderClusterCommunication run
FINEST: Sent work successfully, awaiting response from follower
Oct 04, 2022 11:02:28 AM edu.yu.cs.com3800.stage5.LeaderClusterCommunication run
FINEST: received response for 19, sending to gateway
Oct 04, 2022 11:02:28 AM edu.yu.cs.com3800.stage5.LeaderClusterCommunication run
FINEST: Got output stream successfully, writing
Oct 04, 2022 11:02:28 AM edu.yu.cs.com3800.stage5.LeaderClusterCommunication run
INFO: Sent response for requestID 19
Oct 04, 2022 11:02:31 AM edu.yu.cs.com3800.stage5.LeaderClusterCommunication run
INFO: sending requestID 33 to localhost/127.0.0.130012
Oct 04, 2022 11:02:31 AM edu.yu.cs.com3800.stage5.LeaderClusterCommunication run
FINEST: Attempting to open socket
Oct 04, 2022 11:02:31 AM edu.yu.cs.com3800.stage5.LeaderClusterCommunication run
FINEST: Opened Socket successfully, getting output stream
Oct 04, 2022 11:02:31 AM edu.yu.cs.com3800.stage5.LeaderClusterCommunication run
FINEST: Got output stream successfully, writing
Oct 04, 2022 11:02:31 AM edu.yu.cs.com3800.stage5.LeaderClusterCommunication run
FINEST: Sent work successfully, awaiting response from follower
Oct 04, 2022 11:02:32 AM edu.yu.cs.com3800.stage5.LeaderClusterCommunication run
FINEST: received response for 33, sending to gateway
Oct 04, 2022 11:02:32 AM edu.yu.cs.com3800.stage5.LeaderClusterCommunication run
FINEST: Got output stream successfully, writing
Oct 04, 2022 11:02:32 AM edu.yu.cs.com3800.stage5.LeaderClusterCommunication run
INFO: Sent response for requestID 33
Oct 04, 2022 11:02:32 AM edu.yu.cs.com3800.stage5.LeaderClusterCommunication run
INFO: sending requestID 42 to localhost/127.0.0.130052
Oct 04, 2022 11:02:32 AM edu.yu.cs.com3800.stage5.LeaderClusterCommunication run
FINEST: Attempting to open socket
Oct 04, 2022 11:02:32 AM edu.yu.cs.com3800.stage5.LeaderClusterCommunication run
FINEST: Opened Socket successfully, getting output stream
Oct 04, 2022 11:02:32 AM edu.yu.cs.com3800.stage5.LeaderClusterCommunication run
FINEST: Got output stream successfully, writing
Oct 04, 2022 11:02:32 AM edu.yu.cs.com3800.stage5.LeaderClusterCommunication run
FINEST: Sent work successfully, awaiting response from follower
Oct 04, 2022 11:02:32 AM edu.yu.cs.com3800.stage5.LeaderClusterCommunication run
FINEST: received response for 42, sending to gateway
Oct 04, 2022 11:02:32 AM edu.yu.cs.com3800.stage5.LeaderClusterCommunication run
FINEST: Got output stream successfully, writing
Oct 04, 2022 11:02:32 AM edu.yu.cs.com3800.stage5.LeaderClusterCommunication run
INFO: Sent response for requestID 42
Oct 04, 2022 11:02:38 AM edu.yu.cs.com3800.stage5.LeaderClusterCommunication run
INFO: sending requestID 52 to localhost/127.0.0.130072
Oct 04, 2022 11:02:38 AM edu.yu.cs.com3800.stage5.LeaderClusterCommunication run
FINEST: Attempting to open socket
Oct 04, 2022 11:02:38 AM edu.yu.cs.com3800.stage5.LeaderClusterCommunication run
FINEST: Opened Socket successfully, getting output stream
Oct 04, 2022 11:02:38 AM edu.yu.cs.com3800.stage5.LeaderClusterCommunication run
FINEST: Got output stream successfully, writing
Oct 04, 2022 11:02:38 AM edu.yu.cs.com3800.stage5.LeaderClusterCommunication run
FINEST: Sent work successfully, awaiting response from follower
Oct 04, 2022 11:02:39 AM edu.yu.cs.com3800.stage5.LeaderClusterCommunication run
FINEST: received response for 52, sending to gateway
Oct 04, 2022 11:02:39 AM edu.yu.cs.com3800.stage5.LeaderClusterCommunication run
FINEST: Got output stream successfully, writing
Oct 04, 2022 11:02:39 AM edu.yu.cs.com3800.stage5.LeaderClusterCommunication run
INFO: Sent response for requestID 52
