Oct 04, 2022 11:01:31 AM edu.yu.cs.com3800.LoggingServer fileHandler
INFO: Logging to file begins:
Oct 04, 2022 11:01:31 AM edu.yu.cs.com3800.stage5.GossipThread initialGossipMapLoad
INFO: Performing initial Gossip Map Load
Oct 04, 2022 11:01:31 AM edu.yu.cs.com3800.stage5.GossipThread run
INFO: Got gossip message from queue
Oct 04, 2022 11:01:31 AM edu.yu.cs.com3800.stage5.GossipThread run
INFO: Updating Map
Oct 04, 2022 11:01:31 AM edu.yu.cs.com3800.stage5.GossipThread updateGossipMap
FINE: updated server 6 with heartbeat 1
Oct 04, 2022 11:01:31 AM edu.yu.cs.com3800.stage5.GossipThread run
INFO: Marking failed nodes
Oct 04, 2022 11:01:31 AM edu.yu.cs.com3800.stage5.GossipThread run
INFO: Cleaning failed nodes
Oct 04, 2022 11:01:34 AM edu.yu.cs.com3800.stage5.GossipThread run
INFO: Got gossip message from queue
Oct 04, 2022 11:01:34 AM edu.yu.cs.com3800.stage5.GossipThread run
INFO: Updating Map
Oct 04, 2022 11:01:34 AM edu.yu.cs.com3800.stage5.GossipThread updateGossipMap
FINE: updated server 2 with heartbeat 1
Oct 04, 2022 11:01:34 AM edu.yu.cs.com3800.stage5.GossipThread run
INFO: Marking failed nodes
Oct 04, 2022 11:01:34 AM edu.yu.cs.com3800.stage5.GossipThread run
INFO: Cleaning failed nodes
Oct 04, 2022 11:01:37 AM edu.yu.cs.com3800.stage5.GossipThread run
INFO: Got gossip message from queue
Oct 04, 2022 11:01:37 AM edu.yu.cs.com3800.stage5.GossipThread run
INFO: Updating Map
Oct 04, 2022 11:01:37 AM edu.yu.cs.com3800.stage5.GossipThread updateGossipMap
FINE: updated server 3 with heartbeat 2
Oct 04, 2022 11:01:37 AM edu.yu.cs.com3800.stage5.GossipThread run
INFO: Marking failed nodes
Oct 04, 2022 11:01:37 AM edu.yu.cs.com3800.stage5.GossipThread run
INFO: Cleaning failed nodes
Oct 04, 2022 11:01:40 AM edu.yu.cs.com3800.stage5.GossipThread run
INFO: Got gossip message from queue
Oct 04, 2022 11:01:40 AM edu.yu.cs.com3800.stage5.GossipThread run
INFO: Updating Map
Oct 04, 2022 11:01:40 AM edu.yu.cs.com3800.stage5.GossipThread updateGossipMap
FINE: updated server 1 with heartbeat 1
Oct 04, 2022 11:01:40 AM edu.yu.cs.com3800.stage5.GossipThread updateGossipMap
FINE: updated server 6 with heartbeat 2
Oct 04, 2022 11:01:40 AM edu.yu.cs.com3800.stage5.GossipThread run
INFO: Marking failed nodes
Oct 04, 2022 11:01:40 AM edu.yu.cs.com3800.stage5.GossipThread run
INFO: Cleaning failed nodes
Oct 04, 2022 11:01:43 AM edu.yu.cs.com3800.stage5.GossipThread run
INFO: Got gossip message from queue
Oct 04, 2022 11:01:43 AM edu.yu.cs.com3800.stage5.GossipThread run
INFO: Updating Map
Oct 04, 2022 11:01:43 AM edu.yu.cs.com3800.stage5.GossipThread updateGossipMap
FINE: updated server 4 with heartbeat 3
Oct 04, 2022 11:01:43 AM edu.yu.cs.com3800.stage5.GossipThread updateGossipMap
FINE: updated server 8 with heartbeat 2
Oct 04, 2022 11:01:43 AM edu.yu.cs.com3800.stage5.GossipThread run
INFO: Marking failed nodes
Oct 04, 2022 11:01:43 AM edu.yu.cs.com3800.stage5.GossipThread run
INFO: Cleaning failed nodes
Oct 04, 2022 11:01:46 AM edu.yu.cs.com3800.stage5.GossipThread run
INFO: Got gossip message from queue
Oct 04, 2022 11:01:46 AM edu.yu.cs.com3800.stage5.GossipThread run
INFO: Updating Map
Oct 04, 2022 11:01:46 AM edu.yu.cs.com3800.stage5.GossipThread updateGossipMap
FINE: updated server 2 with heartbeat 4
Oct 04, 2022 11:01:46 AM edu.yu.cs.com3800.stage5.GossipThread updateGossipMap
FINE: updated server 5 with heartbeat 1
Oct 04, 2022 11:01:46 AM edu.yu.cs.com3800.stage5.GossipThread run
INFO: Marking failed nodes
Oct 04, 2022 11:01:46 AM edu.yu.cs.com3800.stage5.GossipThread run
INFO: Cleaning failed nodes
Oct 04, 2022 11:01:49 AM edu.yu.cs.com3800.stage5.GossipThread run
INFO: Got gossip message from queue
Oct 04, 2022 11:01:49 AM edu.yu.cs.com3800.stage5.GossipThread run
INFO: Updating Map
Oct 04, 2022 11:01:49 AM edu.yu.cs.com3800.stage5.GossipThread updateGossipMap
FINE: updated server 4 with heartbeat 4
Oct 04, 2022 11:01:49 AM edu.yu.cs.com3800.stage5.GossipThread updateGossipMap
FINE: updated server 5 with heartbeat 3
Oct 04, 2022 11:01:49 AM edu.yu.cs.com3800.stage5.GossipThread updateGossipMap
FINE: updated server 7 with heartbeat 1
Oct 04, 2022 11:01:49 AM edu.yu.cs.com3800.stage5.GossipThread run
INFO: Marking failed nodes
Oct 04, 2022 11:01:49 AM edu.yu.cs.com3800.stage5.GossipThread run
INFO: Cleaning failed nodes
Oct 04, 2022 11:01:52 AM edu.yu.cs.com3800.stage5.GossipThread run
INFO: Got gossip message from queue
Oct 04, 2022 11:01:52 AM edu.yu.cs.com3800.stage5.GossipThread run
INFO: Updating Map
Oct 04, 2022 11:01:52 AM edu.yu.cs.com3800.stage5.GossipThread updateGossipMap
FINE: updated server 4 with heartbeat 5
Oct 04, 2022 11:01:52 AM edu.yu.cs.com3800.stage5.GossipThread updateGossipMap
FINE: updated server 6 with heartbeat 4
Oct 04, 2022 11:01:52 AM edu.yu.cs.com3800.stage5.GossipThread run
INFO: Marking failed nodes
Oct 04, 2022 11:01:52 AM edu.yu.cs.com3800.stage5.GossipThread run
INFO: Cleaning failed nodes
Oct 04, 2022 11:01:55 AM edu.yu.cs.com3800.stage5.GossipThread run
INFO: Got gossip message from queue
Oct 04, 2022 11:01:55 AM edu.yu.cs.com3800.stage5.GossipThread run
INFO: Updating Map
Oct 04, 2022 11:01:55 AM edu.yu.cs.com3800.stage5.GossipThread updateGossipMap
FINE: updated server -1 with heartbeat 2
Oct 04, 2022 11:01:55 AM edu.yu.cs.com3800.stage5.GossipThread updateGossipMap
FINE: updated server 5 with heartbeat 7
Oct 04, 2022 11:01:55 AM edu.yu.cs.com3800.stage5.GossipThread run
INFO: Marking failed nodes
Oct 04, 2022 11:01:55 AM edu.yu.cs.com3800.stage5.GossipThread run
INFO: Cleaning failed nodes
Oct 04, 2022 11:01:58 AM edu.yu.cs.com3800.stage5.GossipThread run
INFO: Got gossip message from queue
Oct 04, 2022 11:01:58 AM edu.yu.cs.com3800.stage5.GossipThread run
INFO: Updating Map
Oct 04, 2022 11:01:58 AM edu.yu.cs.com3800.stage5.GossipThread updateGossipMap
FINE: updated server -1 with heartbeat 3
Oct 04, 2022 11:01:58 AM edu.yu.cs.com3800.stage5.GossipThread updateGossipMap
FINE: updated server 7 with heartbeat 5
Oct 04, 2022 11:01:58 AM edu.yu.cs.com3800.stage5.GossipThread run
INFO: Marking failed nodes
Oct 04, 2022 11:01:58 AM edu.yu.cs.com3800.stage5.GossipThread run
INFO: Cleaning failed nodes
Oct 04, 2022 11:02:01 AM edu.yu.cs.com3800.stage5.GossipThread run
INFO: Got gossip message from queue
Oct 04, 2022 11:02:01 AM edu.yu.cs.com3800.stage5.GossipThread run
INFO: Updating Map
Oct 04, 2022 11:02:01 AM edu.yu.cs.com3800.stage5.GossipThread updateGossipMap
FINE: updated server -1 with heartbeat 4
Oct 04, 2022 11:02:01 AM edu.yu.cs.com3800.stage5.GossipThread updateGossipMap
FINE: updated server 2 with heartbeat 5
Oct 04, 2022 11:02:01 AM edu.yu.cs.com3800.stage5.GossipThread updateGossipMap
FINE: updated server 3 with heartbeat 3
Oct 04, 2022 11:02:01 AM edu.yu.cs.com3800.stage5.GossipThread updateGossipMap
FINE: updated server 8 with heartbeat 4
Oct 04, 2022 11:02:01 AM edu.yu.cs.com3800.stage5.GossipThread run
INFO: Marking failed nodes
Oct 04, 2022 11:02:01 AM edu.yu.cs.com3800.stage5.GossipThread run
INFO: Cleaning failed nodes
Oct 04, 2022 11:02:04 AM edu.yu.cs.com3800.stage5.GossipThread run
INFO: Got gossip message from queue
Oct 04, 2022 11:02:04 AM edu.yu.cs.com3800.stage5.GossipThread run
INFO: Updating Map
Oct 04, 2022 11:02:04 AM edu.yu.cs.com3800.stage5.GossipThread updateGossipMap
FINE: updated server 5 with heartbeat 8
Oct 04, 2022 11:02:04 AM edu.yu.cs.com3800.stage5.GossipThread run
INFO: Marking failed nodes
Oct 04, 2022 11:02:04 AM edu.yu.cs.com3800.stage5.GossipThread run
INFO: Cleaning failed nodes
Oct 04, 2022 11:02:07 AM edu.yu.cs.com3800.stage5.GossipThread run
INFO: Got gossip message from queue
Oct 04, 2022 11:02:07 AM edu.yu.cs.com3800.stage5.GossipThread run
INFO: Updating Map
Oct 04, 2022 11:02:07 AM edu.yu.cs.com3800.stage5.GossipThread updateGossipMap
FINE: updated server 8 with heartbeat 5
Oct 04, 2022 11:02:07 AM edu.yu.cs.com3800.stage5.GossipThread run
INFO: Marking failed nodes
Oct 04, 2022 11:02:07 AM edu.yu.cs.com3800.stage5.GossipThread run
INFO: Cleaning failed nodes
Oct 04, 2022 11:02:10 AM edu.yu.cs.com3800.stage5.GossipThread run
INFO: Got gossip message from queue
Oct 04, 2022 11:02:10 AM edu.yu.cs.com3800.stage5.GossipThread run
INFO: Updating Map
Oct 04, 2022 11:02:10 AM edu.yu.cs.com3800.stage5.GossipThread updateGossipMap
FINE: updated server -1 with heartbeat 6
Oct 04, 2022 11:02:10 AM edu.yu.cs.com3800.stage5.GossipThread updateGossipMap
FINE: updated server 3 with heartbeat 5
Oct 04, 2022 11:02:10 AM edu.yu.cs.com3800.stage5.GossipThread run
INFO: Marking failed nodes
Oct 04, 2022 11:02:10 AM edu.yu.cs.com3800.stage5.GossipThread run
INFO: Cleaning failed nodes
Oct 04, 2022 11:02:13 AM edu.yu.cs.com3800.stage5.GossipThread run
INFO: Got gossip message from queue
Oct 04, 2022 11:02:13 AM edu.yu.cs.com3800.stage5.GossipThread run
INFO: Updating Map
Oct 04, 2022 11:02:13 AM edu.yu.cs.com3800.stage5.GossipThread updateGossipMap
FINE: updated server 2 with heartbeat 7
Oct 04, 2022 11:02:13 AM edu.yu.cs.com3800.stage5.GossipThread updateGossipMap
FINE: updated server 4 with heartbeat 8
Oct 04, 2022 11:02:13 AM edu.yu.cs.com3800.stage5.GossipThread run
INFO: Marking failed nodes
Oct 04, 2022 11:02:13 AM edu.yu.cs.com3800.stage5.GossipThread run
INFO: Cleaning failed nodes
Oct 04, 2022 11:02:16 AM edu.yu.cs.com3800.stage5.GossipThread run
INFO: Got gossip message from queue
Oct 04, 2022 11:02:16 AM edu.yu.cs.com3800.stage5.GossipThread run
INFO: Updating Map
Oct 04, 2022 11:02:16 AM edu.yu.cs.com3800.stage5.GossipThread updateGossipMap
FINE: updated server -1 with heartbeat 7
Oct 04, 2022 11:02:16 AM edu.yu.cs.com3800.stage5.GossipThread updateGossipMap
FINE: updated server 3 with heartbeat 7
Oct 04, 2022 11:02:16 AM edu.yu.cs.com3800.stage5.GossipThread run
INFO: Marking failed nodes
Oct 04, 2022 11:02:16 AM edu.yu.cs.com3800.stage5.GossipThread run
INFO: Cleaning failed nodes
Oct 04, 2022 11:02:19 AM edu.yu.cs.com3800.stage5.GossipThread run
INFO: Got gossip message from queue
Oct 04, 2022 11:02:19 AM edu.yu.cs.com3800.stage5.GossipThread run
INFO: Updating Map
Oct 04, 2022 11:02:19 AM edu.yu.cs.com3800.stage5.GossipThread updateGossipMap
FINE: updated server 7 with heartbeat 6
Oct 04, 2022 11:02:19 AM edu.yu.cs.com3800.stage5.GossipThread run
INFO: Marking failed nodes
Oct 04, 2022 11:02:19 AM edu.yu.cs.com3800.stage5.GossipThread run
INFO: Cleaning failed nodes
Oct 04, 2022 11:02:22 AM edu.yu.cs.com3800.stage5.GossipThread run
INFO: Got gossip message from queue
Oct 04, 2022 11:02:22 AM edu.yu.cs.com3800.stage5.GossipThread run
INFO: Updating Map
Oct 04, 2022 11:02:22 AM edu.yu.cs.com3800.stage5.GossipThread updateGossipMap
FINE: updated server 5 with heartbeat 11
Oct 04, 2022 11:02:22 AM edu.yu.cs.com3800.stage5.GossipThread updateGossipMap
FINE: updated server 6 with heartbeat 7
Oct 04, 2022 11:02:22 AM edu.yu.cs.com3800.stage5.GossipThread run
INFO: Marking failed nodes
Oct 04, 2022 11:02:22 AM edu.yu.cs.com3800.stage5.GossipThread run
INFO: Cleaning failed nodes
Oct 04, 2022 11:02:25 AM edu.yu.cs.com3800.stage5.GossipThread run
INFO: Got gossip message from queue
Oct 04, 2022 11:02:25 AM edu.yu.cs.com3800.stage5.GossipThread run
INFO: Updating Map
Oct 04, 2022 11:02:25 AM edu.yu.cs.com3800.stage5.GossipThread updateGossipMap
FINE: updated server 4 with heartbeat 9
Oct 04, 2022 11:02:25 AM edu.yu.cs.com3800.stage5.GossipThread updateGossipMap
FINE: updated server 6 with heartbeat 8
Oct 04, 2022 11:02:25 AM edu.yu.cs.com3800.stage5.GossipThread updateGossipMap
FINE: updated server 7 with heartbeat 9
Oct 04, 2022 11:02:25 AM edu.yu.cs.com3800.stage5.GossipThread run
INFO: Marking failed nodes
Oct 04, 2022 11:02:25 AM edu.yu.cs.com3800.stage5.GossipThread markFailedNodes
FINE: Marked failed 1
Oct 04, 2022 11:02:25 AM edu.yu.cs.com3800.stage5.GossipThread run
INFO: Cleaning failed nodes
Oct 04, 2022 11:02:28 AM edu.yu.cs.com3800.stage5.GossipThread run
INFO: Got gossip message from queue
Oct 04, 2022 11:02:28 AM edu.yu.cs.com3800.stage5.GossipThread run
INFO: Updating Map
Oct 04, 2022 11:02:28 AM edu.yu.cs.com3800.stage5.GossipThread updateGossipMap
FINE: updated server -1 with heartbeat 10
Oct 04, 2022 11:02:28 AM edu.yu.cs.com3800.stage5.GossipThread updateGossipMap
FINE: updated server 2 with heartbeat 11
Oct 04, 2022 11:02:28 AM edu.yu.cs.com3800.stage5.GossipThread updateGossipMap
FINE: updated server 7 with heartbeat 10
Oct 04, 2022 11:02:28 AM edu.yu.cs.com3800.stage5.GossipThread updateGossipMap
FINE: updated server 8 with heartbeat 6
Oct 04, 2022 11:02:28 AM edu.yu.cs.com3800.stage5.GossipThread run
INFO: Marking failed nodes
Oct 04, 2022 11:02:28 AM edu.yu.cs.com3800.stage5.GossipThread run
INFO: Cleaning failed nodes
Oct 04, 2022 11:02:31 AM edu.yu.cs.com3800.stage5.GossipThread run
INFO: Got gossip message from queue
Oct 04, 2022 11:02:31 AM edu.yu.cs.com3800.stage5.GossipThread run
INFO: Updating Map
Oct 04, 2022 11:02:31 AM edu.yu.cs.com3800.stage5.GossipThread updateGossipMap
FINE: updated server -1 with heartbeat 11
Oct 04, 2022 11:02:31 AM edu.yu.cs.com3800.stage5.GossipThread updateGossipMap
FINE: updated server 3 with heartbeat 14
Oct 04, 2022 11:02:31 AM edu.yu.cs.com3800.stage5.GossipThread updateGossipMap
FINE: updated server 4 with heartbeat 11
Oct 04, 2022 11:02:31 AM edu.yu.cs.com3800.stage5.GossipThread updateGossipMap
FINE: updated server 5 with heartbeat 12
Oct 04, 2022 11:02:31 AM edu.yu.cs.com3800.stage5.GossipThread updateGossipMap
FINE: updated server 6 with heartbeat 12
Oct 04, 2022 11:02:31 AM edu.yu.cs.com3800.stage5.GossipThread updateGossipMap
FINE: updated server 8 with heartbeat 9
Oct 04, 2022 11:02:31 AM edu.yu.cs.com3800.stage5.GossipThread run
INFO: Marking failed nodes
Oct 04, 2022 11:02:31 AM edu.yu.cs.com3800.stage5.GossipThread run
INFO: Cleaning failed nodes
Oct 04, 2022 11:02:34 AM edu.yu.cs.com3800.stage5.GossipThread run
INFO: Got gossip message from queue
Oct 04, 2022 11:02:34 AM edu.yu.cs.com3800.stage5.GossipThread run
INFO: Updating Map
Oct 04, 2022 11:02:34 AM edu.yu.cs.com3800.stage5.GossipThread updateGossipMap
FINE: updated server -1 with heartbeat 17
Oct 04, 2022 11:02:34 AM edu.yu.cs.com3800.stage5.GossipThread updateGossipMap
FINE: updated server 4 with heartbeat 14
Oct 04, 2022 11:02:34 AM edu.yu.cs.com3800.stage5.GossipThread updateGossipMap
FINE: updated server 5 with heartbeat 13
Oct 04, 2022 11:02:34 AM edu.yu.cs.com3800.stage5.GossipThread run
INFO: Marking failed nodes
Oct 04, 2022 11:02:34 AM edu.yu.cs.com3800.stage5.GossipThread run
INFO: Cleaning failed nodes
Oct 04, 2022 11:02:37 AM edu.yu.cs.com3800.stage5.GossipThread run
INFO: Got gossip message from queue
Oct 04, 2022 11:02:37 AM edu.yu.cs.com3800.stage5.GossipThread run
INFO: Updating Map
Oct 04, 2022 11:02:37 AM edu.yu.cs.com3800.stage5.GossipThread updateGossipMap
FINE: updated server 5 with heartbeat 15
Oct 04, 2022 11:02:37 AM edu.yu.cs.com3800.stage5.GossipThread updateGossipMap
FINE: updated server 6 with heartbeat 13
Oct 04, 2022 11:02:37 AM edu.yu.cs.com3800.stage5.GossipThread updateGossipMap
FINE: updated server 7 with heartbeat 13
Oct 04, 2022 11:02:37 AM edu.yu.cs.com3800.stage5.GossipThread run
INFO: Marking failed nodes
Oct 04, 2022 11:02:37 AM edu.yu.cs.com3800.stage5.GossipThread run
INFO: Cleaning failed nodes
Oct 04, 2022 11:02:40 AM edu.yu.cs.com3800.stage5.GossipThread run
INFO: Got gossip message from queue
Oct 04, 2022 11:02:40 AM edu.yu.cs.com3800.stage5.GossipThread run
INFO: Updating Map
Oct 04, 2022 11:02:40 AM edu.yu.cs.com3800.stage5.GossipThread updateGossipMap
FINE: updated server -1 with heartbeat 19
Oct 04, 2022 11:02:40 AM edu.yu.cs.com3800.stage5.GossipThread run
INFO: Marking failed nodes
Oct 04, 2022 11:02:40 AM edu.yu.cs.com3800.stage5.GossipThread run
INFO: Cleaning failed nodes
Oct 04, 2022 11:02:43 AM edu.yu.cs.com3800.stage5.GossipThread run
INFO: Got gossip message from queue
Oct 04, 2022 11:02:43 AM edu.yu.cs.com3800.stage5.GossipThread run
INFO: Updating Map
Oct 04, 2022 11:02:43 AM edu.yu.cs.com3800.stage5.GossipThread updateGossipMap
FINE: updated server 2 with heartbeat 14
Oct 04, 2022 11:02:43 AM edu.yu.cs.com3800.stage5.GossipThread updateGossipMap
FINE: updated server 4 with heartbeat 15
Oct 04, 2022 11:02:43 AM edu.yu.cs.com3800.stage5.GossipThread updateGossipMap
FINE: updated server 6 with heartbeat 17
Oct 04, 2022 11:02:43 AM edu.yu.cs.com3800.stage5.GossipThread run
INFO: Marking failed nodes
Oct 04, 2022 11:02:43 AM edu.yu.cs.com3800.stage5.GossipThread run
INFO: Cleaning failed nodes
Oct 04, 2022 11:02:46 AM edu.yu.cs.com3800.stage5.GossipThread run
INFO: Got gossip message from queue
Oct 04, 2022 11:02:46 AM edu.yu.cs.com3800.stage5.GossipThread run
INFO: Updating Map
Oct 04, 2022 11:02:46 AM edu.yu.cs.com3800.stage5.GossipThread updateGossipMap
FINE: updated server 2 with heartbeat 15
Oct 04, 2022 11:02:46 AM edu.yu.cs.com3800.stage5.GossipThread updateGossipMap
FINE: updated server 4 with heartbeat 20
Oct 04, 2022 11:02:46 AM edu.yu.cs.com3800.stage5.GossipThread updateGossipMap
FINE: updated server 5 with heartbeat 16
Oct 04, 2022 11:02:46 AM edu.yu.cs.com3800.stage5.GossipThread run
INFO: Marking failed nodes
Oct 04, 2022 11:02:46 AM edu.yu.cs.com3800.stage5.GossipThread run
INFO: Cleaning failed nodes
Oct 04, 2022 11:02:49 AM edu.yu.cs.com3800.stage5.GossipThread run
SEVERE: Shutting Down
